[ 2020-03-26T10:26:05+08:00 ] 127.0.0.1 /favicon.ico
INFO: [ app_init ] --START--
INFO: Run Behavior\BuildLiteBehavior [ RunTime:0.000004s ]
INFO: [ app_init ] --END-- [ RunTime:0.000351s ]
ERR: 无法加载模块:Favicon

[ 2020-03-26T11:49:33+08:00 ] 192.168.1.104 /upload_temp/158519456249873.jpg_200x200.jpg
INFO: [ app_init ] --START--
INFO: Run Behavior\BuildLiteBehavior [ RunTime:0.000006s ]
INFO: [ app_init ] --END-- [ RunTime:0.000324s ]
ERR: 无法加载模块:Upload_temp

[ 2020-03-26T11:49:33+08:00 ] 192.168.1.104 /upload_temp/158519456268479.jpg_200x200.jpg
INFO: [ app_init ] --START--
INFO: Run Behavior\BuildLiteBehavior [ RunTime:0.000009s ]
INFO: [ app_init ] --END-- [ RunTime:0.000756s ]
ERR: 无法加载模块:Upload_temp

[ 2020-03-26T11:49:33+08:00 ] 192.168.1.104 /upload_temp/158519456249873.jpg_200x200.jpg
INFO: [ app_init ] --START--
INFO: Run Behavior\BuildLiteBehavior [ RunTime:0.000006s ]
INFO: [ app_init ] --END-- [ RunTime:0.000449s ]
ERR: 无法加载模块:Upload_temp

[ 2020-03-26T11:49:33+08:00 ] 192.168.1.104 /upload_temp/158519456268479.jpg_200x200.jpg
INFO: [ app_init ] --START--
INFO: Run Behavior\BuildLiteBehavior [ RunTime:0.000006s ]
INFO: [ app_init ] --END-- [ RunTime:0.000356s ]
ERR: 无法加载模块:Upload_temp

[ 2020-03-26T11:49:33+08:00 ] 192.168.1.104 /upload_temp/158519456268479.jpg_200x200.jpg
INFO: [ app_init ] --START--
INFO: Run Behavior\BuildLiteBehavior [ RunTime:0.000005s ]
INFO: [ app_init ] --END-- [ RunTime:0.000299s ]
ERR: 无法加载模块:Upload_temp

[ 2020-03-26T11:49:33+08:00 ] 192.168.1.104 /upload_temp/158519456249873.jpg_200x200.jpg
INFO: [ app_init ] --START--
INFO: Run Behavior\BuildLiteBehavior [ RunTime:0.000005s ]
INFO: [ app_init ] --END-- [ RunTime:0.000329s ]
ERR: 无法加载模块:Upload_temp

[ 2020-03-26T11:49:33+08:00 ] 192.168.1.104 /upload_temp/158519456249873.jpg_200x200.jpg
INFO: [ app_init ] --START--
INFO: Run Behavior\BuildLiteBehavior [ RunTime:0.000005s ]
INFO: [ app_init ] --END-- [ RunTime:0.000377s ]
ERR: 无法加载模块:Upload_temp

[ 2020-03-26T11:49:34+08:00 ] 192.168.1.104 /upload_temp/158519456268479.jpg_200x200.jpg
INFO: [ app_init ] --START--
INFO: Run Behavior\BuildLiteBehavior [ RunTime:0.000022s ]
INFO: [ app_init ] --END-- [ RunTime:0.000482s ]
ERR: 无法加载模块:Upload_temp

[ 2020-03-26T11:49:34+08:00 ] 192.168.1.104 /upload_temp/158519456249873.jpg_200x200.jpg
INFO: [ app_init ] --START--
INFO: Run Behavior\BuildLiteBehavior [ RunTime:0.000006s ]
INFO: [ app_init ] --END-- [ RunTime:0.000335s ]
ERR: 无法加载模块:Upload_temp

[ 2020-03-26T11:49:34+08:00 ] 192.168.1.104 /upload_temp/158519456268479.jpg_200x200.jpg
INFO: [ app_init ] --START--
INFO: Run Behavior\BuildLiteBehavior [ RunTime:0.000006s ]
INFO: [ app_init ] --END-- [ RunTime:0.000419s ]
ERR: 无法加载模块:Upload_temp

[ 2020-03-26T11:49:34+08:00 ] 192.168.1.104 /upload_temp/158519456249873.jpg_200x200.jpg
INFO: [ app_init ] --START--
INFO: Run Behavior\BuildLiteBehavior [ RunTime:0.000005s ]
INFO: [ app_init ] --END-- [ RunTime:0.000309s ]
ERR: 无法加载模块:Upload_temp

[ 2020-03-26T11:49:34+08:00 ] 192.168.1.104 /upload_temp/158519456268479.jpg_200x200.jpg
INFO: [ app_init ] --START--
INFO: Run Behavior\BuildLiteBehavior [ RunTime:0.000005s ]
INFO: [ app_init ] --END-- [ RunTime:0.000298s ]
ERR: 无法加载模块:Upload_temp

[ 2020-03-26T11:49:34+08:00 ] 192.168.1.104 /upload_temp/158519456249873.jpg_200x200.jpg
INFO: [ app_init ] --START--
INFO: Run Behavior\BuildLiteBehavior [ RunTime:0.000005s ]
INFO: [ app_init ] --END-- [ RunTime:0.000349s ]
ERR: 无法加载模块:Upload_temp

[ 2020-03-26T11:49:34+08:00 ] 192.168.1.104 /upload_temp/158519456249873.jpg_200x200.jpg
INFO: [ app_init ] --START--
INFO: Run Behavior\BuildLiteBehavior [ RunTime:0.000005s ]
INFO: [ app_init ] --END-- [ RunTime:0.000403s ]
ERR: 无法加载模块:Upload_temp

[ 2020-03-26T11:49:34+08:00 ] 192.168.1.104 /upload_temp/158519456249873.jpg_200x200.jpg
INFO: [ app_init ] --START--
INFO: Run Behavior\BuildLiteBehavior [ RunTime:0.000007s ]
INFO: [ app_init ] --END-- [ RunTime:0.000458s ]
ERR: 无法加载模块:Upload_temp

[ 2020-03-26T11:49:34+08:00 ] 192.168.1.104 /upload_temp/158519456249873.jpg_200x200.jpg
INFO: [ app_init ] --START--
INFO: Run Behavior\BuildLiteBehavior [ RunTime:0.000005s ]
INFO: [ app_init ] --END-- [ RunTime:0.000291s ]
ERR: 无法加载模块:Upload_temp

[ 2020-03-26T11:49:34+08:00 ] 192.168.1.104 /upload_temp/158519456249873.jpg_200x200.jpg
INFO: [ app_init ] --START--
INFO: Run Behavior\BuildLiteBehavior [ RunTime:0.000005s ]
INFO: [ app_init ] --END-- [ RunTime:0.000324s ]
ERR: 无法加载模块:Upload_temp

[ 2020-03-26T11:49:34+08:00 ] 192.168.1.104 /upload_temp/158519456268479.jpg_200x200.jpg
INFO: [ app_init ] --START--
INFO: Run Behavior\BuildLiteBehavior [ RunTime:0.000005s ]
INFO: [ app_init ] --END-- [ RunTime:0.000328s ]
ERR: 无法加载模块:Upload_temp

[ 2020-03-26T11:49:34+08:00 ] 192.168.1.104 /upload_temp/158519456268479.jpg_200x200.jpg
INFO: [ app_init ] --START--
INFO: Run Behavior\BuildLiteBehavior [ RunTime:0.000009s ]
INFO: [ app_init ] --END-- [ RunTime:0.000370s ]
ERR: 无法加载模块:Upload_temp

[ 2020-03-26T11:49:34+08:00 ] 192.168.1.104 /upload_temp/158519456249873.jpg_200x200.jpg
INFO: [ app_init ] --START--
INFO: Run Behavior\BuildLiteBehavior [ RunTime:0.000005s ]
INFO: [ app_init ] --END-- [ RunTime:0.000351s ]
ERR: 无法加载模块:Upload_temp

[ 2020-03-26T11:49:34+08:00 ] 192.168.1.104 /upload_temp/158519456249873.jpg_200x200.jpg
INFO: [ app_init ] --START--
INFO: Run Behavior\BuildLiteBehavior [ RunTime:0.000006s ]
INFO: [ app_init ] --END-- [ RunTime:0.000304s ]
ERR: 无法加载模块:Upload_temp

[ 2020-03-26T11:49:34+08:00 ] 192.168.1.104 /upload_temp/158519456268479.jpg_200x200.jpg
INFO: [ app_init ] --START--
INFO: Run Behavior\BuildLiteBehavior [ RunTime:0.000006s ]
INFO: [ app_init ] --END-- [ RunTime:0.000399s ]
ERR: 无法加载模块:Upload_temp

[ 2020-03-26T11:49:34+08:00 ] 192.168.1.104 /upload_temp/158519456268479.jpg_200x200.jpg
INFO: [ app_init ] --START--
INFO: Run Behavior\BuildLiteBehavior [ RunTime:0.000007s ]
INFO: [ app_init ] --END-- [ RunTime:0.000440s ]
ERR: 无法加载模块:Upload_temp

[ 2020-03-26T11:49:34+08:00 ] 192.168.1.104 /upload_temp/158519456249873.jpg_200x200.jpg
INFO: [ app_init ] --START--
INFO: Run Behavior\BuildLiteBehavior [ RunTime:0.000006s ]
INFO: [ app_init ] --END-- [ RunTime:0.000418s ]
ERR: 无法加载模块:Upload_temp

[ 2020-03-26T16:20:38+08:00 ] 192.168.1.105 /upload_temp/158521083584576.jpg_200x200.jpg
INFO: [ app_init ] --START--
INFO: Run Behavior\BuildLiteBehavior [ RunTime:0.000006s ]
INFO: [ app_init ] --END-- [ RunTime:0.000331s ]
ERR: 无法加载模块:Upload_temp

[ 2020-03-26T16:20:38+08:00 ] 192.168.1.105 /upload_temp/158521083557624.jpg_200x200.jpg
INFO: [ app_init ] --START--
INFO: Run Behavior\BuildLiteBehavior [ RunTime:0.000009s ]
INFO: [ app_init ] --END-- [ RunTime:0.000579s ]
ERR: 无法加载模块:Upload_temp

[ 2020-03-26T16:20:38+08:00 ] 192.168.1.105 /upload_temp/158521083557624.jpg_200x200.jpg
INFO: [ app_init ] --START--
INFO: Run Behavior\BuildLiteBehavior [ RunTime:0.000006s ]
INFO: [ app_init ] --END-- [ RunTime:0.000444s ]
ERR: 无法加载模块:Upload_temp

[ 2020-03-26T16:20:38+08:00 ] 192.168.1.105 /upload_temp/158521083584576.jpg_200x200.jpg
INFO: [ app_init ] --START--
INFO: Run Behavior\BuildLiteBehavior [ RunTime:0.000007s ]
INFO: [ app_init ] --END-- [ RunTime:0.000514s ]
ERR: 无法加载模块:Upload_temp

[ 2020-03-26T16:20:38+08:00 ] 192.168.1.105 /upload_temp/158521083557624.jpg_200x200.jpg
INFO: [ app_init ] --START--
INFO: Run Behavior\BuildLiteBehavior [ RunTime:0.000019s ]
INFO: [ app_init ] --END-- [ RunTime:0.000427s ]
ERR: 无法加载模块:Upload_temp

[ 2020-03-26T16:20:38+08:00 ] 192.168.1.105 /upload_temp/158521083584576.jpg_200x200.jpg
INFO: [ app_init ] --START--
INFO: Run Behavior\BuildLiteBehavior [ RunTime:0.000009s ]
INFO: [ app_init ] --END-- [ RunTime:0.000552s ]
ERR: 无法加载模块:Upload_temp

[ 2020-03-26T16:20:38+08:00 ] 192.168.1.105 /upload_temp/158521083557624.jpg_200x200.jpg
INFO: [ app_init ] --START--
INFO: Run Behavior\BuildLiteBehavior [ RunTime:0.000009s ]
INFO: [ app_init ] --END-- [ RunTime:0.000451s ]
ERR: 无法加载模块:Upload_temp

[ 2020-03-26T16:20:38+08:00 ] 192.168.1.105 /upload_temp/158521083557624.jpg_200x200.jpg
INFO: [ app_init ] --START--
INFO: Run Behavior\BuildLiteBehavior [ RunTime:0.000009s ]
INFO: [ app_init ] --END-- [ RunTime:0.000549s ]
ERR: 无法加载模块:Upload_temp

[ 2020-03-26T16:20:38+08:00 ] 192.168.1.105 /upload_temp/158521083584576.jpg_200x200.jpg
INFO: [ app_init ] --START--
INFO: Run Behavior\BuildLiteBehavior [ RunTime:0.000008s ]
INFO: [ app_init ] --END-- [ RunTime:0.000503s ]
ERR: 无法加载模块:Upload_temp

[ 2020-03-26T16:20:38+08:00 ] 192.168.1.105 /upload_temp/158521083557624.jpg_200x200.jpg
INFO: [ app_init ] --START--
INFO: Run Behavior\BuildLiteBehavior [ RunTime:0.000008s ]
INFO: [ app_init ] --END-- [ RunTime:0.000392s ]
ERR: 无法加载模块:Upload_temp

[ 2020-03-26T16:20:38+08:00 ] 192.168.1.105 /upload_temp/158521083584576.jpg_200x200.jpg
INFO: [ app_init ] --START--
INFO: Run Behavior\BuildLiteBehavior [ RunTime:0.000005s ]
INFO: [ app_init ] --END-- [ RunTime:0.000336s ]
ERR: 无法加载模块:Upload_temp

[ 2020-03-26T16:20:38+08:00 ] 192.168.1.105 /upload_temp/158521083584576.jpg_200x200.jpg
INFO: [ app_init ] --START--
INFO: Run Behavior\BuildLiteBehavior [ RunTime:0.000005s ]
INFO: [ app_init ] --END-- [ RunTime:0.000311s ]
ERR: 无法加载模块:Upload_temp

[ 2020-03-26T16:20:38+08:00 ] 192.168.1.105 /upload_temp/158521083557624.jpg_200x200.jpg
INFO: [ app_init ] --START--
INFO: Run Behavior\BuildLiteBehavior [ RunTime:0.000006s ]
INFO: [ app_init ] --END-- [ RunTime:0.000485s ]
ERR: 无法加载模块:Upload_temp

[ 2020-03-26T16:20:38+08:00 ] 192.168.1.105 /upload_temp/158521083557624.jpg_200x200.jpg
INFO: [ app_init ] --START--
INFO: Run Behavior\BuildLiteBehavior [ RunTime:0.000019s ]
INFO: [ app_init ] --END-- [ RunTime:0.000365s ]
ERR: 无法加载模块:Upload_temp

[ 2020-03-26T16:20:38+08:00 ] 192.168.1.105 /upload_temp/158521083584576.jpg_200x200.jpg
INFO: [ app_init ] --START--
INFO: Run Behavior\BuildLiteBehavior [ RunTime:0.000006s ]
INFO: [ app_init ] --END-- [ RunTime:0.000347s ]
ERR: 无法加载模块:Upload_temp

[ 2020-03-26T16:20:38+08:00 ] 192.168.1.105 /upload_temp/158521083557624.jpg_200x200.jpg
INFO: [ app_init ] --START--
INFO: Run Behavior\BuildLiteBehavior [ RunTime:0.000006s ]
INFO: [ app_init ] --END-- [ RunTime:0.000395s ]
ERR: 无法加载模块:Upload_temp

[ 2020-03-26T16:20:38+08:00 ] 192.168.1.105 /upload_temp/158521083584576.jpg_200x200.jpg
INFO: [ app_init ] --START--
INFO: Run Behavior\BuildLiteBehavior [ RunTime:0.000005s ]
INFO: [ app_init ] --END-- [ RunTime:0.000408s ]
ERR: 无法加载模块:Upload_temp

[ 2020-03-26T16:20:38+08:00 ] 192.168.1.105 /upload_temp/158521083584576.jpg_200x200.jpg
INFO: [ app_init ] --START--
INFO: Run Behavior\BuildLiteBehavior [ RunTime:0.000005s ]
INFO: [ app_init ] --END-- [ RunTime:0.000300s ]
ERR: 无法加载模块:Upload_temp

[ 2020-03-26T16:20:38+08:00 ] 192.168.1.105 /upload_temp/158521083557624.jpg_200x200.jpg
INFO: [ app_init ] --START--
INFO: Run Behavior\BuildLiteBehavior [ RunTime:0.000005s ]
INFO: [ app_init ] --END-- [ RunTime:0.000299s ]
ERR: 无法加载模块:Upload_temp

[ 2020-03-26T16:20:38+08:00 ] 192.168.1.105 /upload_temp/158521083557624.jpg_200x200.jpg
INFO: [ app_init ] --START--
INFO: Run Behavior\BuildLiteBehavior [ RunTime:0.000005s ]
INFO: [ app_init ] --END-- [ RunTime:0.000331s ]
ERR: 无法加载模块:Upload_temp

[ 2020-03-26T16:20:38+08:00 ] 192.168.1.105 /upload_temp/158521083584576.jpg_200x200.jpg
INFO: [ app_init ] --START--
INFO: Run Behavior\BuildLiteBehavior [ RunTime:0.000010s ]
INFO: [ app_init ] --END-- [ RunTime:0.000306s ]
ERR: 无法加载模块:Upload_temp

[ 2020-03-26T16:20:38+08:00 ] 192.168.1.105 /upload_temp/158521083584576.jpg_200x200.jpg
INFO: [ app_init ] --START--
INFO: Run Behavior\BuildLiteBehavior [ RunTime:0.000006s ]
INFO: [ app_init ] --END-- [ RunTime:0.000328s ]
ERR: 无法加载模块:Upload_temp

[ 2020-03-26T16:20:38+08:00 ] 192.168.1.105 /upload_temp/158521083557624.jpg_200x200.jpg
INFO: [ app_init ] --START--
INFO: Run Behavior\BuildLiteBehavior [ RunTime:0.000005s ]
INFO: [ app_init ] --END-- [ RunTime:0.000306s ]
ERR: 无法加载模块:Upload_temp

[ 2020-03-26T16:21:38+08:00 ] 192.168.1.105 /upload_temp/158521083557624.jpg_200x200.jpg
INFO: [ app_init ] --START--
INFO: Run Behavior\BuildLiteBehavior [ RunTime:0.000006s ]
INFO: [ app_init ] --END-- [ RunTime:0.000345s ]
ERR: 无法加载模块:Upload_temp

[ 2020-03-26T16:21:38+08:00 ] 192.168.1.105 /upload_temp/158521083584576.jpg_200x200.jpg
INFO: [ app_init ] --START--
INFO: Run Behavior\BuildLiteBehavior [ RunTime:0.000012s ]
INFO: [ app_init ] --END-- [ RunTime:0.000698s ]
ERR: 无法加载模块:Upload_temp

[ 2020-03-26T16:21:38+08:00 ] 192.168.1.105 /upload_temp/158521083584576.jpg_200x200.jpg
INFO: [ app_init ] --START--
INFO: Run Behavior\BuildLiteBehavior [ RunTime:0.000005s ]
INFO: [ app_init ] --END-- [ RunTime:0.000346s ]
ERR: 无法加载模块:Upload_temp

[ 2020-03-26T16:21:38+08:00 ] 192.168.1.105 /upload_temp/158521083557624.jpg_200x200.jpg
INFO: [ app_init ] --START--
INFO: Run Behavior\BuildLiteBehavior [ RunTime:0.000008s ]
INFO: [ app_init ] --END-- [ RunTime:0.000543s ]
ERR: 无法加载模块:Upload_temp

[ 2020-03-26T16:21:38+08:00 ] 192.168.1.105 /upload_temp/158521083557624.jpg_200x200.jpg
INFO: [ app_init ] --START--
INFO: Run Behavior\BuildLiteBehavior [ RunTime:0.000005s ]
INFO: [ app_init ] --END-- [ RunTime:0.000304s ]
ERR: 无法加载模块:Upload_temp

[ 2020-03-26T16:21:38+08:00 ] 192.168.1.105 /upload_temp/158521083584576.jpg_200x200.jpg
INFO: [ app_init ] --START--
INFO: Run Behavior\BuildLiteBehavior [ RunTime:0.000004s ]
INFO: [ app_init ] --END-- [ RunTime:0.000319s ]
ERR: 无法加载模块:Upload_temp

[ 2020-03-26T16:21:38+08:00 ] 192.168.1.105 /upload_temp/158521083584576.jpg_200x200.jpg
INFO: [ app_init ] --START--
INFO: Run Behavior\BuildLiteBehavior [ RunTime:0.000005s ]
INFO: [ app_init ] --END-- [ RunTime:0.000380s ]
ERR: 无法加载模块:Upload_temp

[ 2020-03-26T16:21:38+08:00 ] 192.168.1.105 /upload_temp/158521083557624.jpg_200x200.jpg
INFO: [ app_init ] --START--
INFO: Run Behavior\BuildLiteBehavior [ RunTime:0.000005s ]
INFO: [ app_init ] --END-- [ RunTime:0.000431s ]
ERR: 无法加载模块:Upload_temp

[ 2020-03-26T16:21:38+08:00 ] 192.168.1.105 /upload_temp/158521083584576.jpg_200x200.jpg
INFO: [ app_init ] --START--
INFO: Run Behavior\BuildLiteBehavior [ RunTime:0.000006s ]
INFO: [ app_init ] --END-- [ RunTime:0.000345s ]
ERR: 无法加载模块:Upload_temp

[ 2020-03-26T16:21:38+08:00 ] 192.168.1.105 /upload_temp/158521083557624.jpg_200x200.jpg
INFO: [ app_init ] --START--
INFO: Run Behavior\BuildLiteBehavior [ RunTime:0.000005s ]
INFO: [ app_init ] --END-- [ RunTime:0.000333s ]
ERR: 无法加载模块:Upload_temp

[ 2020-03-26T16:21:38+08:00 ] 192.168.1.105 /upload_temp/158521083584576.jpg_200x200.jpg
INFO: [ app_init ] --START--
INFO: Run Behavior\BuildLiteBehavior [ RunTime:0.000008s ]
INFO: [ app_init ] --END-- [ RunTime:0.000350s ]
ERR: 无法加载模块:Upload_temp

[ 2020-03-26T16:21:38+08:00 ] 192.168.1.105 /upload_temp/158521083584576.jpg_200x200.jpg
INFO: [ app_init ] --START--
INFO: Run Behavior\BuildLiteBehavior [ RunTime:0.000006s ]
INFO: [ app_init ] --END-- [ RunTime:0.000393s ]
ERR: 无法加载模块:Upload_temp

[ 2020-03-26T16:21:38+08:00 ] 192.168.1.105 /upload_temp/158521083557624.jpg_200x200.jpg
INFO: [ app_init ] --START--
INFO: Run Behavior\BuildLiteBehavior [ RunTime:0.000005s ]
INFO: [ app_init ] --END-- [ RunTime:0.000317s ]
ERR: 无法加载模块:Upload_temp

[ 2020-03-26T16:21:38+08:00 ] 192.168.1.105 /upload_temp/158521083584576.jpg_200x200.jpg
INFO: [ app_init ] --START--
INFO: Run Behavior\BuildLiteBehavior [ RunTime:0.000005s ]
INFO: [ app_init ] --END-- [ RunTime:0.000333s ]
ERR: 无法加载模块:Upload_temp

[ 2020-03-26T16:21:38+08:00 ] 192.168.1.105 /upload_temp/158521083557624.jpg_200x200.jpg
INFO: [ app_init ] --START--
INFO: Run Behavior\BuildLiteBehavior [ RunTime:0.000005s ]
INFO: [ app_init ] --END-- [ RunTime:0.000350s ]
ERR: 无法加载模块:Upload_temp

[ 2020-03-26T16:21:38+08:00 ] 192.168.1.105 /upload_temp/158521083557624.jpg_200x200.jpg
INFO: [ app_init ] --START--
INFO: Run Behavior\BuildLiteBehavior [ RunTime:0.000005s ]
INFO: [ app_init ] --END-- [ RunTime:0.000375s ]
ERR: 无法加载模块:Upload_temp

[ 2020-03-26T16:21:38+08:00 ] 192.168.1.105 /upload_temp/158521083584576.jpg_200x200.jpg
INFO: [ app_init ] --START--
INFO: Run Behavior\BuildLiteBehavior [ RunTime:0.000005s ]
INFO: [ app_init ] --END-- [ RunTime:0.000299s ]
ERR: 无法加载模块:Upload_temp

[ 2020-03-26T16:21:38+08:00 ] 192.168.1.105 /upload_temp/158521083557624.jpg_200x200.jpg
INFO: [ app_init ] --START--
INFO: Run Behavior\BuildLiteBehavior [ RunTime:0.000007s ]
INFO: [ app_init ] --END-- [ RunTime:0.000373s ]
ERR: 无法加载模块:Upload_temp

[ 2020-03-26T16:21:38+08:00 ] 192.168.1.105 /upload_temp/158521083584576.jpg_200x200.jpg
INFO: [ app_init ] --START--
INFO: Run Behavior\BuildLiteBehavior [ RunTime:0.000004s ]
INFO: [ app_init ] --END-- [ RunTime:0.000305s ]
ERR: 无法加载模块:Upload_temp

[ 2020-03-26T16:21:38+08:00 ] 192.168.1.105 /upload_temp/158521083584576.jpg_200x200.jpg
INFO: [ app_init ] --START--
INFO: Run Behavior\BuildLiteBehavior [ RunTime:0.000018s ]
INFO: [ app_init ] --END-- [ RunTime:0.000446s ]
ERR: 无法加载模块:Upload_temp

[ 2020-03-26T16:21:38+08:00 ] 192.168.1.105 /upload_temp/158521083584576.jpg_200x200.jpg
INFO: [ app_init ] --START--
INFO: Run Behavior\BuildLiteBehavior [ RunTime:0.000005s ]
INFO: [ app_init ] --END-- [ RunTime:0.000294s ]
ERR: 无法加载模块:Upload_temp

[ 2020-03-26T16:21:38+08:00 ] 192.168.1.105 /upload_temp/158521083584576.jpg_200x200.jpg
INFO: [ app_init ] --START--
INFO: Run Behavior\BuildLiteBehavior [ RunTime:0.000004s ]
INFO: [ app_init ] --END-- [ RunTime:0.000291s ]
ERR: 无法加载模块:Upload_temp

[ 2020-03-26T16:21:38+08:00 ] 192.168.1.105 /upload_temp/158521083584576.jpg_200x200.jpg
INFO: [ app_init ] --START--
INFO: Run Behavior\BuildLiteBehavior [ RunTime:0.000004s ]
INFO: [ app_init ] --END-- [ RunTime:0.000288s ]
ERR: 无法加载模块:Upload_temp

[ 2020-03-26T16:21:38+08:00 ] 192.168.1.105 /upload_temp/158521083557624.jpg_200x200.jpg
INFO: [ app_init ] --START--
INFO: Run Behavior\BuildLiteBehavior [ RunTime:0.000007s ]
INFO: [ app_init ] --END-- [ RunTime:0.000534s ]
ERR: 无法加载模块:Upload_temp

[ 2020-03-26T16:21:38+08:00 ] 192.168.1.105 /upload_temp/158521083584576.jpg_200x200.jpg
INFO: [ app_init ] --START--
INFO: Run Behavior\BuildLiteBehavior [ RunTime:0.000005s ]
INFO: [ app_init ] --END-- [ RunTime:0.000396s ]
ERR: 无法加载模块:Upload_temp

[ 2020-03-26T16:21:53+08:00 ] 192.168.1.105 /upload_temp/158521083557624.jpg_200x200.jpg
INFO: [ app_init ] --START--
INFO: Run Behavior\BuildLiteBehavior [ RunTime:0.000006s ]
INFO: [ app_init ] --END-- [ RunTime:0.000405s ]
ERR: 无法加载模块:Upload_temp

[ 2020-03-26T16:21:53+08:00 ] 192.168.1.105 /upload_temp/158521083584576.jpg_200x200.jpg
INFO: [ app_init ] --START--
INFO: Run Behavior\BuildLiteBehavior [ RunTime:0.000013s ]
INFO: [ app_init ] --END-- [ RunTime:0.000507s ]
ERR: 无法加载模块:Upload_temp

[ 2020-03-26T16:21:54+08:00 ] 192.168.1.105 /upload_temp/158521083584576.jpg_200x200.jpg
INFO: [ app_init ] --START--
INFO: Run Behavior\BuildLiteBehavior [ RunTime:0.000008s ]
INFO: [ app_init ] --END-- [ RunTime:0.000601s ]
ERR: 无法加载模块:Upload_temp

[ 2020-03-26T16:21:54+08:00 ] 192.168.1.105 /upload_temp/158521083557624.jpg_200x200.jpg
INFO: [ app_init ] --START--
INFO: Run Behavior\BuildLiteBehavior [ RunTime:0.000005s ]
INFO: [ app_init ] --END-- [ RunTime:0.000337s ]
ERR: 无法加载模块:Upload_temp

[ 2020-03-26T16:21:54+08:00 ] 192.168.1.105 /upload_temp/158521083584576.jpg_200x200.jpg
INFO: [ app_init ] --START--
INFO: Run Behavior\BuildLiteBehavior [ RunTime:0.000005s ]
INFO: [ app_init ] --END-- [ RunTime:0.000345s ]
ERR: 无法加载模块:Upload_temp

[ 2020-03-26T16:21:54+08:00 ] 192.168.1.105 /upload_temp/158521083557624.jpg_200x200.jpg
INFO: [ app_init ] --START--
INFO: Run Behavior\BuildLiteBehavior [ RunTime:0.000007s ]
INFO: [ app_init ] --END-- [ RunTime:0.000371s ]
ERR: 无法加载模块:Upload_temp

[ 2020-03-26T16:21:54+08:00 ] 192.168.1.105 /upload_temp/158521083557624.jpg_200x200.jpg
INFO: [ app_init ] --START--
INFO: Run Behavior\BuildLiteBehavior [ RunTime:0.000006s ]
INFO: [ app_init ] --END-- [ RunTime:0.000435s ]
ERR: 无法加载模块:Upload_temp

[ 2020-03-26T16:21:54+08:00 ] 192.168.1.105 /upload_temp/158521083584576.jpg_200x200.jpg
INFO: [ app_init ] --START--
INFO: Run Behavior\BuildLiteBehavior [ RunTime:0.000005s ]
INFO: [ app_init ] --END-- [ RunTime:0.000323s ]
ERR: 无法加载模块:Upload_temp

[ 2020-03-26T16:21:54+08:00 ] 192.168.1.105 /upload_temp/158521083584576.jpg_200x200.jpg
INFO: [ app_init ] --START--
INFO: Run Behavior\BuildLiteBehavior [ RunTime:0.000006s ]
INFO: [ app_init ] --END-- [ RunTime:0.000380s ]
ERR: 无法加载模块:Upload_temp

[ 2020-03-26T16:21:54+08:00 ] 192.168.1.105 /upload_temp/158521083557624.jpg_200x200.jpg
INFO: [ app_init ] --START--
INFO: Run Behavior\BuildLiteBehavior [ RunTime:0.000005s ]
INFO: [ app_init ] --END-- [ RunTime:0.000332s ]
ERR: 无法加载模块:Upload_temp

[ 2020-03-26T16:21:54+08:00 ] 192.168.1.105 /upload_temp/158521083584576.jpg_200x200.jpg
INFO: [ app_init ] --START--
INFO: Run Behavior\BuildLiteBehavior [ RunTime:0.000011s ]
INFO: [ app_init ] --END-- [ RunTime:0.000541s ]
ERR: 无法加载模块:Upload_temp

[ 2020-03-26T16:21:54+08:00 ] 192.168.1.105 /upload_temp/158521083557624.jpg_200x200.jpg
INFO: [ app_init ] --START--
INFO: Run Behavior\BuildLiteBehavior [ RunTime:0.000009s ]
INFO: [ app_init ] --END-- [ RunTime:0.000490s ]
ERR: 无法加载模块:Upload_temp

[ 2020-03-26T16:21:54+08:00 ] 192.168.1.105 /upload_temp/158521083584576.jpg_200x200.jpg
INFO: [ app_init ] --START--
INFO: Run Behavior\BuildLiteBehavior [ RunTime:0.000006s ]
INFO: [ app_init ] --END-- [ RunTime:0.000392s ]
ERR: 无法加载模块:Upload_temp

[ 2020-03-26T16:21:54+08:00 ] 192.168.1.105 /upload_temp/158521083584576.jpg_200x200.jpg
INFO: [ app_init ] --START--
INFO: Run Behavior\BuildLiteBehavior [ RunTime:0.000006s ]
INFO: [ app_init ] --END-- [ RunTime:0.000365s ]
ERR: 无法加载模块:Upload_temp

[ 2020-03-26T16:21:54+08:00 ] 192.168.1.105 /upload_temp/158521083557624.jpg_200x200.jpg
INFO: [ app_init ] --START--
INFO: Run Behavior\BuildLiteBehavior [ RunTime:0.000005s ]
INFO: [ app_init ] --END-- [ RunTime:0.000585s ]
ERR: 无法加载模块:Upload_temp

[ 2020-03-26T16:21:54+08:00 ] 192.168.1.105 /upload_temp/158521083584576.jpg_200x200.jpg
INFO: [ app_init ] --START--
INFO: Run Behavior\BuildLiteBehavior [ RunTime:0.000005s ]
INFO: [ app_init ] --END-- [ RunTime:0.000401s ]
ERR: 无法加载模块:Upload_temp

[ 2020-03-26T16:21:54+08:00 ] 192.168.1.105 /upload_temp/158521083557624.jpg_200x200.jpg
INFO: [ app_init ] --START--
INFO: Run Behavior\BuildLiteBehavior [ RunTime:0.000008s ]
INFO: [ app_init ] --END-- [ RunTime:0.000513s ]
ERR: 无法加载模块:Upload_temp

[ 2020-03-26T16:21:54+08:00 ] 192.168.1.105 /upload_temp/158521083584576.jpg_200x200.jpg
INFO: [ app_init ] --START--
INFO: Run Behavior\BuildLiteBehavior [ RunTime:0.000008s ]
INFO: [ app_init ] --END-- [ RunTime:0.000523s ]
ERR: 无法加载模块:Upload_temp

[ 2020-03-26T16:21:54+08:00 ] 192.168.1.105 /upload_temp/158521083584576.jpg_200x200.jpg
INFO: [ app_init ] --START--
INFO: Run Behavior\BuildLiteBehavior [ RunTime:0.000007s ]
INFO: [ app_init ] --END-- [ RunTime:0.000459s ]
ERR: 无法加载模块:Upload_temp

[ 2020-03-26T16:21:54+08:00 ] 192.168.1.105 /upload_temp/158521083557624.jpg_200x200.jpg
INFO: [ app_init ] --START--
INFO: Run Behavior\BuildLiteBehavior [ RunTime:0.000009s ]
INFO: [ app_init ] --END-- [ RunTime:0.000497s ]
ERR: 无法加载模块:Upload_temp

[ 2020-03-26T16:21:54+08:00 ] 192.168.1.105 /upload_temp/158521083584576.jpg_200x200.jpg
INFO: [ app_init ] --START--
INFO: Run Behavior\BuildLiteBehavior [ RunTime:0.000010s ]
INFO: [ app_init ] --END-- [ RunTime:0.000647s ]
ERR: 无法加载模块:Upload_temp

[ 2020-03-26T16:21:54+08:00 ] 192.168.1.105 /upload_temp/158521083557624.jpg_200x200.jpg
INFO: [ app_init ] --START--
INFO: Run Behavior\BuildLiteBehavior [ RunTime:0.000008s ]
INFO: [ app_init ] --END-- [ RunTime:0.000522s ]
ERR: 无法加载模块:Upload_temp

[ 2020-03-26T16:21:54+08:00 ] 192.168.1.105 /upload_temp/158521083584576.jpg_200x200.jpg
INFO: [ app_init ] --START--
INFO: Run Behavior\BuildLiteBehavior [ RunTime:0.000007s ]
INFO: [ app_init ] --END-- [ RunTime:0.000610s ]
ERR: 无法加载模块:Upload_temp

[ 2020-03-26T16:21:54+08:00 ] 192.168.1.105 /upload_temp/158521083557624.jpg_200x200.jpg
INFO: [ app_init ] --START--
INFO: Run Behavior\BuildLiteBehavior [ RunTime:0.000006s ]
INFO: [ app_init ] --END-- [ RunTime:0.000470s ]
ERR: 无法加载模块:Upload_temp

[ 2020-03-26T16:21:54+08:00 ] 192.168.1.105 /upload_temp/158521083584576.jpg_200x200.jpg
INFO: [ app_init ] --START--
INFO: Run Behavior\BuildLiteBehavior [ RunTime:0.000005s ]
INFO: [ app_init ] --END-- [ RunTime:0.000310s ]
ERR: 无法加载模块:Upload_temp

[ 2020-03-26T16:21:54+08:00 ] 192.168.1.105 /upload_temp/158521083584576.jpg_200x200.jpg
INFO: [ app_init ] --START--
INFO: Run Behavior\BuildLiteBehavior [ RunTime:0.000006s ]
INFO: [ app_init ] --END-- [ RunTime:0.000341s ]
ERR: 无法加载模块:Upload_temp

[ 2020-03-26T16:22:09+08:00 ] 192.168.1.105 /upload_temp/158521083584576.jpg_200x200.jpg
INFO: [ app_init ] --START--
INFO: Run Behavior\BuildLiteBehavior [ RunTime:0.000007s ]
INFO: [ app_init ] --END-- [ RunTime:0.000482s ]
ERR: 无法加载模块:Upload_temp

[ 2020-03-26T16:22:09+08:00 ] 192.168.1.105 /upload_temp/158521083557624.jpg_200x200.jpg
INFO: [ app_init ] --START--
INFO: Run Behavior\BuildLiteBehavior [ RunTime:0.000006s ]
INFO: [ app_init ] --END-- [ RunTime:0.000419s ]
ERR: 无法加载模块:Upload_temp

[ 2020-03-26T16:22:09+08:00 ] 192.168.1.105 /upload_temp/158521083557624.jpg_200x200.jpg
INFO: [ app_init ] --START--
INFO: Run Behavior\BuildLiteBehavior [ RunTime:0.000005s ]
INFO: [ app_init ] --END-- [ RunTime:0.000334s ]
ERR: 无法加载模块:Upload_temp

[ 2020-03-26T16:22:09+08:00 ] 192.168.1.105 /upload_temp/158521083584576.jpg_200x200.jpg
INFO: [ app_init ] --START--
INFO: Run Behavior\BuildLiteBehavior [ RunTime:0.000008s ]
INFO: [ app_init ] --END-- [ RunTime:0.000453s ]
ERR: 无法加载模块:Upload_temp

[ 2020-03-26T16:22:09+08:00 ] 192.168.1.105 /upload_temp/158521083584576.jpg_200x200.jpg
INFO: [ app_init ] --START--
INFO: Run Behavior\BuildLiteBehavior [ RunTime:0.000008s ]
INFO: [ app_init ] --END-- [ RunTime:0.000509s ]
ERR: 无法加载模块:Upload_temp

[ 2020-03-26T16:22:09+08:00 ] 192.168.1.105 /upload_temp/158521083557624.jpg_200x200.jpg
INFO: [ app_init ] --START--
INFO: Run Behavior\BuildLiteBehavior [ RunTime:0.000007s ]
INFO: [ app_init ] --END-- [ RunTime:0.000549s ]
ERR: 无法加载模块:Upload_temp

[ 2020-03-26T16:22:09+08:00 ] 192.168.1.105 /upload_temp/158521083584576.jpg_200x200.jpg
INFO: [ app_init ] --START--
INFO: Run Behavior\BuildLiteBehavior [ RunTime:0.000008s ]
INFO: [ app_init ] --END-- [ RunTime:0.000498s ]
ERR: 无法加载模块:Upload_temp

[ 2020-03-26T16:22:09+08:00 ] 192.168.1.105 /upload_temp/158521083557624.jpg_200x200.jpg
INFO: [ app_init ] --START--
INFO: Run Behavior\BuildLiteBehavior [ RunTime:0.000008s ]
INFO: [ app_init ] --END-- [ RunTime:0.000561s ]
ERR: 无法加载模块:Upload_temp

[ 2020-03-26T16:22:09+08:00 ] 192.168.1.105 /upload_temp/158521083584576.jpg_200x200.jpg
INFO: [ app_init ] --START--
INFO: Run Behavior\BuildLiteBehavior [ RunTime:0.000009s ]
INFO: [ app_init ] --END-- [ RunTime:0.000588s ]
ERR: 无法加载模块:Upload_temp

[ 2020-03-26T16:22:09+08:00 ] 192.168.1.105 /upload_temp/158521083557624.jpg_200x200.jpg
INFO: [ app_init ] --START--
INFO: Run Behavior\BuildLiteBehavior [ RunTime:0.000006s ]
INFO: [ app_init ] --END-- [ RunTime:0.000342s ]
ERR: 无法加载模块:Upload_temp

[ 2020-03-26T16:22:10+08:00 ] 192.168.1.105 /upload_temp/158521083584576.jpg_200x200.jpg
INFO: [ app_init ] --START--
INFO: Run Behavior\BuildLiteBehavior [ RunTime:0.000006s ]
INFO: [ app_init ] --END-- [ RunTime:0.000394s ]
ERR: 无法加载模块:Upload_temp

[ 2020-03-26T16:22:10+08:00 ] 192.168.1.105 /upload_temp/158521083557624.jpg_200x200.jpg
INFO: [ app_init ] --START--
INFO: Run Behavior\BuildLiteBehavior [ RunTime:0.000008s ]
INFO: [ app_init ] --END-- [ RunTime:0.000436s ]
ERR: 无法加载模块:Upload_temp

[ 2020-03-26T16:22:10+08:00 ] 192.168.1.105 /upload_temp/158521083584576.jpg_200x200.jpg
INFO: [ app_init ] --START--
INFO: Run Behavior\BuildLiteBehavior [ RunTime:0.000008s ]
INFO: [ app_init ] --END-- [ RunTime:0.000478s ]
ERR: 无法加载模块:Upload_temp

[ 2020-03-26T16:22:10+08:00 ] 192.168.1.105 /upload_temp/158521083557624.jpg_200x200.jpg
INFO: [ app_init ] --START--
INFO: Run Behavior\BuildLiteBehavior [ RunTime:0.000008s ]
INFO: [ app_init ] --END-- [ RunTime:0.000465s ]
ERR: 无法加载模块:Upload_temp

[ 2020-03-26T16:22:10+08:00 ] 192.168.1.105 /upload_temp/158521083584576.jpg_200x200.jpg
INFO: [ app_init ] --START--
INFO: Run Behavior\BuildLiteBehavior [ RunTime:0.000006s ]
INFO: [ app_init ] --END-- [ RunTime:0.000369s ]
ERR: 无法加载模块:Upload_temp

[ 2020-03-26T16:22:10+08:00 ] 192.168.1.105 /upload_temp/158521083557624.jpg_200x200.jpg
INFO: [ app_init ] --START--
INFO: Run Behavior\BuildLiteBehavior [ RunTime:0.000008s ]
INFO: [ app_init ] --END-- [ RunTime:0.000499s ]
ERR: 无法加载模块:Upload_temp

[ 2020-03-26T16:22:10+08:00 ] 192.168.1.105 /upload_temp/158521083584576.jpg_200x200.jpg
INFO: [ app_init ] --START--
INFO: Run Behavior\BuildLiteBehavior [ RunTime:0.000005s ]
INFO: [ app_init ] --END-- [ RunTime:0.000443s ]
ERR: 无法加载模块:Upload_temp

[ 2020-03-26T16:22:10+08:00 ] 192.168.1.105 /upload_temp/158521083584576.jpg_200x200.jpg
INFO: [ app_init ] --START--
INFO: Run Behavior\BuildLiteBehavior [ RunTime:0.000004s ]
INFO: [ app_init ] --END-- [ RunTime:0.000326s ]
ERR: 无法加载模块:Upload_temp

[ 2020-03-26T16:22:10+08:00 ] 192.168.1.105 /upload_temp/158521083557624.jpg_200x200.jpg
INFO: [ app_init ] --START--
INFO: Run Behavior\BuildLiteBehavior [ RunTime:0.000005s ]
INFO: [ app_init ] --END-- [ RunTime:0.000528s ]
ERR: 无法加载模块:Upload_temp

[ 2020-03-26T16:22:10+08:00 ] 192.168.1.105 /upload_temp/158521083584576.jpg_200x200.jpg
INFO: [ app_init ] --START--
INFO: Run Behavior\BuildLiteBehavior [ RunTime:0.000005s ]
INFO: [ app_init ] --END-- [ RunTime:0.000412s ]
ERR: 无法加载模块:Upload_temp

[ 2020-03-26T16:22:10+08:00 ] 192.168.1.105 /upload_temp/158521083557624.jpg_200x200.jpg
INFO: [ app_init ] --START--
INFO: Run Behavior\BuildLiteBehavior [ RunTime:0.000006s ]
INFO: [ app_init ] --END-- [ RunTime:0.000370s ]
ERR: 无法加载模块:Upload_temp

[ 2020-03-26T16:22:10+08:00 ] 192.168.1.105 /upload_temp/158521083584576.jpg_200x200.jpg
INFO: [ app_init ] --START--
INFO: Run Behavior\BuildLiteBehavior [ RunTime:0.000006s ]
INFO: [ app_init ] --END-- [ RunTime:0.000339s ]
ERR: 无法加载模块:Upload_temp

[ 2020-03-26T16:22:10+08:00 ] 192.168.1.105 /upload_temp/158521083557624.jpg_200x200.jpg
INFO: [ app_init ] --START--
INFO: Run Behavior\BuildLiteBehavior [ RunTime:0.000007s ]
INFO: [ app_init ] --END-- [ RunTime:0.000424s ]
ERR: 无法加载模块:Upload_temp

[ 2020-03-26T16:22:10+08:00 ] 192.168.1.105 /upload_temp/158521083584576.jpg_200x200.jpg
INFO: [ app_init ] --START--
INFO: Run Behavior\BuildLiteBehavior [ RunTime:0.000005s ]
INFO: [ app_init ] --END-- [ RunTime:0.000307s ]
ERR: 无法加载模块:Upload_temp

[ 2020-03-26T16:22:10+08:00 ] 192.168.1.105 /upload_temp/158521083557624.jpg_200x200.jpg
INFO: [ app_init ] --START--
INFO: Run Behavior\BuildLiteBehavior [ RunTime:0.000005s ]
INFO: [ app_init ] --END-- [ RunTime:0.000347s ]
ERR: 无法加载模块:Upload_temp

[ 2020-03-26T16:22:10+08:00 ] 192.168.1.105 /upload_temp/158521083584576.jpg_200x200.jpg
INFO: [ app_init ] --START--
INFO: Run Behavior\BuildLiteBehavior [ RunTime:0.000006s ]
INFO: [ app_init ] --END-- [ RunTime:0.000391s ]
ERR: 无法加载模块:Upload_temp

[ 2020-03-26T16:22:10+08:00 ] 192.168.1.105 /upload_temp/158521083557624.jpg_200x200.jpg
INFO: [ app_init ] --START--
INFO: Run Behavior\BuildLiteBehavior [ RunTime:0.000005s ]
INFO: [ app_init ] --END-- [ RunTime:0.000340s ]
ERR: 无法加载模块:Upload_temp

