[ 2020-03-06T23:04:59+08:00 ] 192.168.1.105 /favicon.ico
INFO: [ app_init ] --START--
INFO: Run Behavior\BuildLiteBehavior [ RunTime:0.000005s ]
INFO: [ app_init ] --END-- [ RunTime:0.000348s ]
ERR: 无法加载模块:Favicon

[ 2020-03-06T23:06:38+08:00 ] 192.168.1.105 /upload_temp/158271563074259.jpg_200x200.jpg
INFO: [ app_init ] --START--
INFO: Run Behavior\BuildLiteBehavior [ RunTime:0.000009s ]
INFO: [ app_init ] --END-- [ RunTime:0.000615s ]
ERR: 无法加载模块:Upload_temp

[ 2020-03-06T23:06:38+08:00 ] 192.168.1.105 /upload_temp/158271563074259.jpg_200x200.jpg
INFO: [ app_init ] --START--
INFO: Run Behavior\BuildLiteBehavior [ RunTime:0.000009s ]
INFO: [ app_init ] --END-- [ RunTime:0.000573s ]
ERR: 无法加载模块:Upload_temp

[ 2020-03-06T23:06:38+08:00 ] 192.168.1.105 /upload_temp/158271563074259.jpg_200x200.jpg
INFO: [ app_init ] --START--
INFO: Run Behavior\BuildLiteBehavior [ RunTime:0.000005s ]
INFO: [ app_init ] --END-- [ RunTime:0.000350s ]
ERR: 无法加载模块:Upload_temp

[ 2020-03-06T23:06:38+08:00 ] 192.168.1.105 /upload_temp/158271563074259.jpg_200x200.jpg
INFO: [ app_init ] --START--
INFO: Run Behavior\BuildLiteBehavior [ RunTime:0.000009s ]
INFO: [ app_init ] --END-- [ RunTime:0.000601s ]
ERR: 无法加载模块:Upload_temp

[ 2020-03-06T23:06:38+08:00 ] 192.168.1.105 /upload_temp/158271563074259.jpg_200x200.jpg
INFO: [ app_init ] --START--
INFO: Run Behavior\BuildLiteBehavior [ RunTime:0.000004s ]
INFO: [ app_init ] --END-- [ RunTime:0.000306s ]
ERR: 无法加载模块:Upload_temp

[ 2020-03-06T23:06:38+08:00 ] 192.168.1.105 /upload_temp/158271563074259.jpg_200x200.jpg
INFO: [ app_init ] --START--
INFO: Run Behavior\BuildLiteBehavior [ RunTime:0.000008s ]
INFO: [ app_init ] --END-- [ RunTime:0.000600s ]
ERR: 无法加载模块:Upload_temp

[ 2020-03-06T23:06:38+08:00 ] 192.168.1.105 /upload_temp/158271563074259.jpg_200x200.jpg
INFO: [ app_init ] --START--
INFO: Run Behavior\BuildLiteBehavior [ RunTime:0.000008s ]
INFO: [ app_init ] --END-- [ RunTime:0.000507s ]
ERR: 无法加载模块:Upload_temp

[ 2020-03-06T23:06:38+08:00 ] 192.168.1.105 /upload_temp/158271563074259.jpg_200x200.jpg
INFO: [ app_init ] --START--
INFO: Run Behavior\BuildLiteBehavior [ RunTime:0.000008s ]
INFO: [ app_init ] --END-- [ RunTime:0.000507s ]
ERR: 无法加载模块:Upload_temp

[ 2020-03-06T23:06:39+08:00 ] 192.168.1.105 /upload_temp/158271563074259.jpg_200x200.jpg
INFO: [ app_init ] --START--
INFO: Run Behavior\BuildLiteBehavior [ RunTime:0.000004s ]
INFO: [ app_init ] --END-- [ RunTime:0.000336s ]
ERR: 无法加载模块:Upload_temp

[ 2020-03-06T23:06:39+08:00 ] 192.168.1.105 /upload_temp/158271563074259.jpg_200x200.jpg
INFO: [ app_init ] --START--
INFO: Run Behavior\BuildLiteBehavior [ RunTime:0.000004s ]
INFO: [ app_init ] --END-- [ RunTime:0.000358s ]
ERR: 无法加载模块:Upload_temp

[ 2020-03-06T23:06:39+08:00 ] 192.168.1.105 /upload_temp/158271563074259.jpg_200x200.jpg
INFO: [ app_init ] --START--
INFO: Run Behavior\BuildLiteBehavior [ RunTime:0.000005s ]
INFO: [ app_init ] --END-- [ RunTime:0.000322s ]
ERR: 无法加载模块:Upload_temp

[ 2020-03-06T23:06:39+08:00 ] 192.168.1.105 /upload_temp/158271563074259.jpg_200x200.jpg
INFO: [ app_init ] --START--
INFO: Run Behavior\BuildLiteBehavior [ RunTime:0.000005s ]
INFO: [ app_init ] --END-- [ RunTime:0.000302s ]
ERR: 无法加载模块:Upload_temp

[ 2020-03-06T23:06:39+08:00 ] 192.168.1.105 /upload_temp/158271563074259.jpg_200x200.jpg
INFO: [ app_init ] --START--
INFO: Run Behavior\BuildLiteBehavior [ RunTime:0.000008s ]
INFO: [ app_init ] --END-- [ RunTime:0.000630s ]
ERR: 无法加载模块:Upload_temp

[ 2020-03-06T23:06:39+08:00 ] 192.168.1.105 /upload_temp/158271563074259.jpg_200x200.jpg
INFO: [ app_init ] --START--
INFO: Run Behavior\BuildLiteBehavior [ RunTime:0.000010s ]
INFO: [ app_init ] --END-- [ RunTime:0.000560s ]
ERR: 无法加载模块:Upload_temp

[ 2020-03-06T23:06:39+08:00 ] 192.168.1.105 /upload_temp/158271563074259.jpg_200x200.jpg
INFO: [ app_init ] --START--
INFO: Run Behavior\BuildLiteBehavior [ RunTime:0.000004s ]
INFO: [ app_init ] --END-- [ RunTime:0.000286s ]
ERR: 无法加载模块:Upload_temp

[ 2020-03-06T23:06:39+08:00 ] 192.168.1.105 /upload_temp/158271563074259.jpg_200x200.jpg
INFO: [ app_init ] --START--
INFO: Run Behavior\BuildLiteBehavior [ RunTime:0.000005s ]
INFO: [ app_init ] --END-- [ RunTime:0.000289s ]
ERR: 无法加载模块:Upload_temp

[ 2020-03-06T23:06:40+08:00 ] 192.168.1.105 /upload_temp/158271563074259.jpg_200x200.jpg
INFO: [ app_init ] --START--
INFO: Run Behavior\BuildLiteBehavior [ RunTime:0.000005s ]
INFO: [ app_init ] --END-- [ RunTime:0.000310s ]
ERR: 无法加载模块:Upload_temp

[ 2020-03-06T23:06:40+08:00 ] 192.168.1.105 /upload_temp/158271563074259.jpg_200x200.jpg
INFO: [ app_init ] --START--
INFO: Run Behavior\BuildLiteBehavior [ RunTime:0.000006s ]
INFO: [ app_init ] --END-- [ RunTime:0.000307s ]
ERR: 无法加载模块:Upload_temp

[ 2020-03-06T23:06:40+08:00 ] 192.168.1.105 /upload_temp/158271563074259.jpg_200x200.jpg
INFO: [ app_init ] --START--
INFO: Run Behavior\BuildLiteBehavior [ RunTime:0.000021s ]
INFO: [ app_init ] --END-- [ RunTime:0.000366s ]
ERR: 无法加载模块:Upload_temp

[ 2020-03-06T23:06:40+08:00 ] 192.168.1.105 /upload_temp/158271563074259.jpg_200x200.jpg
INFO: [ app_init ] --START--
INFO: Run Behavior\BuildLiteBehavior [ RunTime:0.000004s ]
INFO: [ app_init ] --END-- [ RunTime:0.000281s ]
ERR: 无法加载模块:Upload_temp

[ 2020-03-06T23:06:40+08:00 ] 192.168.1.105 /upload_temp/158271563074259.jpg_200x200.jpg
INFO: [ app_init ] --START--
INFO: Run Behavior\BuildLiteBehavior [ RunTime:0.000004s ]
INFO: [ app_init ] --END-- [ RunTime:0.000288s ]
ERR: 无法加载模块:Upload_temp

[ 2020-03-06T23:06:40+08:00 ] 192.168.1.105 /upload_temp/158271563074259.jpg_200x200.jpg
INFO: [ app_init ] --START--
INFO: Run Behavior\BuildLiteBehavior [ RunTime:0.000007s ]
INFO: [ app_init ] --END-- [ RunTime:0.000564s ]
ERR: 无法加载模块:Upload_temp

[ 2020-03-06T23:06:40+08:00 ] 192.168.1.105 /upload_temp/158271563074259.jpg_200x200.jpg
INFO: [ app_init ] --START--
INFO: Run Behavior\BuildLiteBehavior [ RunTime:0.000009s ]
INFO: [ app_init ] --END-- [ RunTime:0.000426s ]
ERR: 无法加载模块:Upload_temp

[ 2020-03-06T23:06:40+08:00 ] 192.168.1.105 /upload_temp/158271563074259.jpg_200x200.jpg
INFO: [ app_init ] --START--
INFO: Run Behavior\BuildLiteBehavior [ RunTime:0.000008s ]
INFO: [ app_init ] --END-- [ RunTime:0.000565s ]
ERR: 无法加载模块:Upload_temp

[ 2020-03-06T23:06:41+08:00 ] 192.168.1.105 /upload_temp/158271563074259.jpg_200x200.jpg
INFO: [ app_init ] --START--
INFO: Run Behavior\BuildLiteBehavior [ RunTime:0.000005s ]
INFO: [ app_init ] --END-- [ RunTime:0.000341s ]
ERR: 无法加载模块:Upload_temp

[ 2020-03-06T23:06:41+08:00 ] 192.168.1.105 /upload_temp/158271563074259.jpg_200x200.jpg
INFO: [ app_init ] --START--
INFO: Run Behavior\BuildLiteBehavior [ RunTime:0.000009s ]
INFO: [ app_init ] --END-- [ RunTime:0.000606s ]
ERR: 无法加载模块:Upload_temp

[ 2020-03-06T23:06:41+08:00 ] 192.168.1.105 /upload_temp/158271563074259.jpg_200x200.jpg
INFO: [ app_init ] --START--
INFO: Run Behavior\BuildLiteBehavior [ RunTime:0.000004s ]
INFO: [ app_init ] --END-- [ RunTime:0.000276s ]
ERR: 无法加载模块:Upload_temp

[ 2020-03-06T23:06:41+08:00 ] 192.168.1.105 /upload_temp/158271563074259.jpg_200x200.jpg
INFO: [ app_init ] --START--
INFO: Run Behavior\BuildLiteBehavior [ RunTime:0.000010s ]
INFO: [ app_init ] --END-- [ RunTime:0.000627s ]
ERR: 无法加载模块:Upload_temp

[ 2020-03-06T23:06:41+08:00 ] 192.168.1.105 /upload_temp/158271563074259.jpg_200x200.jpg
INFO: [ app_init ] --START--
INFO: Run Behavior\BuildLiteBehavior [ RunTime:0.000004s ]
INFO: [ app_init ] --END-- [ RunTime:0.000274s ]
ERR: 无法加载模块:Upload_temp

[ 2020-03-06T23:06:41+08:00 ] 192.168.1.105 /upload_temp/158271563074259.jpg_200x200.jpg
INFO: [ app_init ] --START--
INFO: Run Behavior\BuildLiteBehavior [ RunTime:0.000005s ]
INFO: [ app_init ] --END-- [ RunTime:0.000375s ]
ERR: 无法加载模块:Upload_temp

[ 2020-03-06T23:07:22+08:00 ] 192.168.1.105 /upload_temp/158271563074259.jpg_200x200.jpg
INFO: [ app_init ] --START--
INFO: Run Behavior\BuildLiteBehavior [ RunTime:0.000017s ]
INFO: [ app_init ] --END-- [ RunTime:0.000727s ]
ERR: 无法加载模块:Upload_temp

[ 2020-03-06T23:07:23+08:00 ] 192.168.1.105 /upload_temp/158271563074259.jpg_200x200.jpg
INFO: [ app_init ] --START--
INFO: Run Behavior\BuildLiteBehavior [ RunTime:0.000005s ]
INFO: [ app_init ] --END-- [ RunTime:0.000317s ]
ERR: 无法加载模块:Upload_temp

[ 2020-03-06T23:07:23+08:00 ] 192.168.1.105 /upload_temp/158271563074259.jpg_200x200.jpg
INFO: [ app_init ] --START--
INFO: Run Behavior\BuildLiteBehavior [ RunTime:0.000009s ]
INFO: [ app_init ] --END-- [ RunTime:0.000605s ]
ERR: 无法加载模块:Upload_temp

[ 2020-03-06T23:07:23+08:00 ] 192.168.1.105 /upload_temp/158271563074259.jpg_200x200.jpg
INFO: [ app_init ] --START--
INFO: Run Behavior\BuildLiteBehavior [ RunTime:0.000007s ]
INFO: [ app_init ] --END-- [ RunTime:0.000470s ]
ERR: 无法加载模块:Upload_temp

[ 2020-03-06T23:07:23+08:00 ] 192.168.1.105 /upload_temp/158271563074259.jpg_200x200.jpg
INFO: [ app_init ] --START--
INFO: Run Behavior\BuildLiteBehavior [ RunTime:0.000007s ]
INFO: [ app_init ] --END-- [ RunTime:0.000452s ]
ERR: 无法加载模块:Upload_temp

[ 2020-03-06T23:07:23+08:00 ] 192.168.1.105 /upload_temp/158271563074259.jpg_200x200.jpg
INFO: [ app_init ] --START--
INFO: Run Behavior\BuildLiteBehavior [ RunTime:0.000010s ]
INFO: [ app_init ] --END-- [ RunTime:0.000659s ]
ERR: 无法加载模块:Upload_temp

[ 2020-03-06T23:07:24+08:00 ] 192.168.1.105 /upload_temp/158271563074259.jpg_200x200.jpg
INFO: [ app_init ] --START--
INFO: Run Behavior\BuildLiteBehavior [ RunTime:0.000005s ]
INFO: [ app_init ] --END-- [ RunTime:0.000310s ]
ERR: 无法加载模块:Upload_temp

[ 2020-03-06T23:07:25+08:00 ] 192.168.1.105 /upload_temp/158271563074259.jpg_200x200.jpg
INFO: [ app_init ] --START--
INFO: Run Behavior\BuildLiteBehavior [ RunTime:0.000004s ]
INFO: [ app_init ] --END-- [ RunTime:0.000271s ]
ERR: 无法加载模块:Upload_temp

[ 2020-03-06T23:07:27+08:00 ] 192.168.1.105 /upload_temp/158271563074259.jpg_200x200.jpg
INFO: [ app_init ] --START--
INFO: Run Behavior\BuildLiteBehavior [ RunTime:0.000009s ]
INFO: [ app_init ] --END-- [ RunTime:0.000583s ]
ERR: 无法加载模块:Upload_temp

[ 2020-03-06T23:07:27+08:00 ] 192.168.1.105 /upload_temp/158271563074259.jpg_200x200.jpg
INFO: [ app_init ] --START--
INFO: Run Behavior\BuildLiteBehavior [ RunTime:0.000005s ]
INFO: [ app_init ] --END-- [ RunTime:0.000336s ]
ERR: 无法加载模块:Upload_temp

[ 2020-03-06T23:07:27+08:00 ] 192.168.1.105 /upload_temp/158271563074259.jpg_200x200.jpg
INFO: [ app_init ] --START--
INFO: Run Behavior\BuildLiteBehavior [ RunTime:0.000015s ]
INFO: [ app_init ] --END-- [ RunTime:0.000662s ]
ERR: 无法加载模块:Upload_temp

[ 2020-03-06T23:07:27+08:00 ] 192.168.1.105 /upload_temp/158271563074259.jpg_200x200.jpg
INFO: [ app_init ] --START--
INFO: Run Behavior\BuildLiteBehavior [ RunTime:0.000005s ]
INFO: [ app_init ] --END-- [ RunTime:0.000272s ]
ERR: 无法加载模块:Upload_temp

[ 2020-03-06T23:07:27+08:00 ] 192.168.1.105 /upload_temp/158271563074259.jpg_200x200.jpg
INFO: [ app_init ] --START--
INFO: Run Behavior\BuildLiteBehavior [ RunTime:0.000005s ]
INFO: [ app_init ] --END-- [ RunTime:0.000452s ]
ERR: 无法加载模块:Upload_temp

[ 2020-03-06T23:07:28+08:00 ] 192.168.1.105 /upload_temp/158271563074259.jpg_200x200.jpg
INFO: [ app_init ] --START--
INFO: Run Behavior\BuildLiteBehavior [ RunTime:0.000005s ]
INFO: [ app_init ] --END-- [ RunTime:0.000308s ]
ERR: 无法加载模块:Upload_temp

[ 2020-03-06T23:07:28+08:00 ] 192.168.1.105 /upload_temp/158271563074259.jpg_200x200.jpg
INFO: [ app_init ] --START--
INFO: Run Behavior\BuildLiteBehavior [ RunTime:0.000010s ]
INFO: [ app_init ] --END-- [ RunTime:0.000613s ]
ERR: 无法加载模块:Upload_temp

[ 2020-03-06T23:07:28+08:00 ] 192.168.1.105 /upload_temp/158271563074259.jpg_200x200.jpg
INFO: [ app_init ] --START--
INFO: Run Behavior\BuildLiteBehavior [ RunTime:0.000009s ]
INFO: [ app_init ] --END-- [ RunTime:0.000621s ]
ERR: 无法加载模块:Upload_temp

[ 2020-03-06T23:07:28+08:00 ] 192.168.1.105 /upload_temp/158271563074259.jpg_200x200.jpg
INFO: [ app_init ] --START--
INFO: Run Behavior\BuildLiteBehavior [ RunTime:0.000009s ]
INFO: [ app_init ] --END-- [ RunTime:0.000628s ]
ERR: 无法加载模块:Upload_temp

[ 2020-03-06T23:07:28+08:00 ] 192.168.1.105 /upload_temp/158271563074259.jpg_200x200.jpg
INFO: [ app_init ] --START--
INFO: Run Behavior\BuildLiteBehavior [ RunTime:0.000006s ]
INFO: [ app_init ] --END-- [ RunTime:0.000357s ]
ERR: 无法加载模块:Upload_temp

[ 2020-03-06T23:07:29+08:00 ] 192.168.1.105 /upload_temp/158271563074259.jpg_200x200.jpg
INFO: [ app_init ] --START--
INFO: Run Behavior\BuildLiteBehavior [ RunTime:0.000010s ]
INFO: [ app_init ] --END-- [ RunTime:0.000641s ]
ERR: 无法加载模块:Upload_temp

[ 2020-03-06T23:07:30+08:00 ] 192.168.1.105 /upload_temp/158271563074259.jpg_200x200.jpg
INFO: [ app_init ] --START--
INFO: Run Behavior\BuildLiteBehavior [ RunTime:0.000008s ]
INFO: [ app_init ] --END-- [ RunTime:0.000567s ]
ERR: 无法加载模块:Upload_temp

[ 2020-03-06T23:07:30+08:00 ] 192.168.1.105 /upload_temp/158271563074259.jpg_200x200.jpg
INFO: [ app_init ] --START--
INFO: Run Behavior\BuildLiteBehavior [ RunTime:0.000010s ]
INFO: [ app_init ] --END-- [ RunTime:0.000634s ]
ERR: 无法加载模块:Upload_temp

[ 2020-03-06T23:07:30+08:00 ] 192.168.1.105 /upload_temp/158271563074259.jpg_200x200.jpg
INFO: [ app_init ] --START--
INFO: Run Behavior\BuildLiteBehavior [ RunTime:0.000004s ]
INFO: [ app_init ] --END-- [ RunTime:0.000286s ]
ERR: 无法加载模块:Upload_temp

[ 2020-03-06T23:08:58+08:00 ] 192.168.1.105 /upload_temp/158271563074259.jpg_200x200.jpg
INFO: [ app_init ] --START--
INFO: Run Behavior\BuildLiteBehavior [ RunTime:0.000007s ]
INFO: [ app_init ] --END-- [ RunTime:0.000740s ]
ERR: 无法加载模块:Upload_temp

[ 2020-03-06T23:08:58+08:00 ] 192.168.1.105 /upload_temp/158271563074259.jpg_200x200.jpg
INFO: [ app_init ] --START--
INFO: Run Behavior\BuildLiteBehavior [ RunTime:0.000009s ]
INFO: [ app_init ] --END-- [ RunTime:0.000568s ]
ERR: 无法加载模块:Upload_temp

[ 2020-03-06T23:08:58+08:00 ] 192.168.1.105 /upload_temp/158271563074259.jpg_200x200.jpg
INFO: [ app_init ] --START--
INFO: Run Behavior\BuildLiteBehavior [ RunTime:0.000009s ]
INFO: [ app_init ] --END-- [ RunTime:0.000649s ]
ERR: 无法加载模块:Upload_temp

[ 2020-03-06T23:08:58+08:00 ] 192.168.1.105 /upload_temp/158271563074259.jpg_200x200.jpg
INFO: [ app_init ] --START--
INFO: Run Behavior\BuildLiteBehavior [ RunTime:0.000008s ]
INFO: [ app_init ] --END-- [ RunTime:0.000552s ]
ERR: 无法加载模块:Upload_temp

[ 2020-03-06T23:08:58+08:00 ] 192.168.1.105 /upload_temp/158271563074259.jpg_200x200.jpg
INFO: [ app_init ] --START--
INFO: Run Behavior\BuildLiteBehavior [ RunTime:0.000004s ]
INFO: [ app_init ] --END-- [ RunTime:0.000274s ]
ERR: 无法加载模块:Upload_temp

[ 2020-03-06T23:08:58+08:00 ] 192.168.1.105 /upload_temp/158271563074259.jpg_200x200.jpg
INFO: [ app_init ] --START--
INFO: Run Behavior\BuildLiteBehavior [ RunTime:0.000005s ]
INFO: [ app_init ] --END-- [ RunTime:0.000373s ]
ERR: 无法加载模块:Upload_temp

[ 2020-03-06T23:08:58+08:00 ] 192.168.1.105 /upload_temp/158271563074259.jpg_200x200.jpg
INFO: [ app_init ] --START--
INFO: Run Behavior\BuildLiteBehavior [ RunTime:0.000010s ]
INFO: [ app_init ] --END-- [ RunTime:0.000641s ]
ERR: 无法加载模块:Upload_temp

[ 2020-03-06T23:08:58+08:00 ] 192.168.1.105 /upload_temp/158271563074259.jpg_200x200.jpg
INFO: [ app_init ] --START--
INFO: Run Behavior\BuildLiteBehavior [ RunTime:0.000009s ]
INFO: [ app_init ] --END-- [ RunTime:0.000576s ]
ERR: 无法加载模块:Upload_temp

[ 2020-03-06T23:08:59+08:00 ] 192.168.1.105 /upload_temp/158271563074259.jpg_200x200.jpg
INFO: [ app_init ] --START--
INFO: Run Behavior\BuildLiteBehavior [ RunTime:0.000009s ]
INFO: [ app_init ] --END-- [ RunTime:0.000570s ]
ERR: 无法加载模块:Upload_temp

[ 2020-03-06T23:08:59+08:00 ] 192.168.1.105 /upload_temp/158271563074259.jpg_200x200.jpg
INFO: [ app_init ] --START--
INFO: Run Behavior\BuildLiteBehavior [ RunTime:0.000010s ]
INFO: [ app_init ] --END-- [ RunTime:0.000700s ]
ERR: 无法加载模块:Upload_temp

[ 2020-03-06T23:10:08+08:00 ] 192.168.1.105 /favicon.ico
INFO: [ app_init ] --START--
INFO: Run Behavior\BuildLiteBehavior [ RunTime:0.000005s ]
INFO: [ app_init ] --END-- [ RunTime:0.000428s ]
ERR: 无法加载模块:Favicon

[ 2020-03-06T23:16:04+08:00 ] 192.168.1.105 /favicon.ico
INFO: [ app_init ] --START--
INFO: Run Behavior\BuildLiteBehavior [ RunTime:0.000007s ]
INFO: [ app_init ] --END-- [ RunTime:0.000516s ]
ERR: 无法加载模块:Favicon

