[ 2020-03-28T10:38:00+08:00 ] 127.0.0.1 /favicon.ico
INFO: [ app_init ] --START--
INFO: Run Behavior\BuildLiteBehavior [ RunTime:0.000004s ]
INFO: [ app_init ] --END-- [ RunTime:0.000292s ]
ERR: 无法加载模块:Favicon

[ 2020-03-28T16:09:30+08:00 ] 192.168.1.105 /upload_temp/158538276664115.jpg_200x200.jpg
INFO: [ app_init ] --START--
INFO: Run Behavior\BuildLiteBehavior [ RunTime:0.000015s ]
INFO: [ app_init ] --END-- [ RunTime:0.000885s ]
ERR: 无法加载模块:Upload_temp

[ 2020-03-28T16:09:30+08:00 ] 192.168.1.105 /upload_temp/158538276664115.jpg_200x200.jpg
INFO: [ app_init ] --START--
INFO: Run Behavior\BuildLiteBehavior [ RunTime:0.000009s ]
INFO: [ app_init ] --END-- [ RunTime:0.000494s ]
ERR: 无法加载模块:Upload_temp

[ 2020-03-28T16:09:30+08:00 ] 192.168.1.105 /upload_temp/158538276640010.jpg_200x200.jpg
INFO: [ app_init ] --START--
INFO: Run Behavior\BuildLiteBehavior [ RunTime:0.000012s ]
INFO: [ app_init ] --END-- [ RunTime:0.000643s ]
ERR: 无法加载模块:Upload_temp

[ 2020-03-28T16:09:30+08:00 ] 192.168.1.105 /upload_temp/158538276664115.jpg_200x200.jpg
INFO: [ app_init ] --START--
INFO: Run Behavior\BuildLiteBehavior [ RunTime:0.000009s ]
INFO: [ app_init ] --END-- [ RunTime:0.000440s ]
ERR: 无法加载模块:Upload_temp

[ 2020-03-28T16:09:30+08:00 ] 192.168.1.105 /upload_temp/158538276640010.jpg_200x200.jpg
INFO: [ app_init ] --START--
INFO: Run Behavior\BuildLiteBehavior [ RunTime:0.000012s ]
INFO: [ app_init ] --END-- [ RunTime:0.000548s ]
ERR: 无法加载模块:Upload_temp

[ 2020-03-28T16:09:30+08:00 ] 192.168.1.105 /upload_temp/158538276640010.jpg_200x200.jpg
INFO: [ app_init ] --START--
INFO: Run Behavior\BuildLiteBehavior [ RunTime:0.000009s ]
INFO: [ app_init ] --END-- [ RunTime:0.000468s ]
ERR: 无法加载模块:Upload_temp

[ 2020-03-28T16:09:30+08:00 ] 192.168.1.105 /upload_temp/158538276664115.jpg_200x200.jpg
INFO: [ app_init ] --START--
INFO: Run Behavior\BuildLiteBehavior [ RunTime:0.000010s ]
INFO: [ app_init ] --END-- [ RunTime:0.000509s ]
ERR: 无法加载模块:Upload_temp

[ 2020-03-28T16:09:30+08:00 ] 192.168.1.105 /upload_temp/158538276640010.jpg_200x200.jpg
INFO: [ app_init ] --START--
INFO: Run Behavior\BuildLiteBehavior [ RunTime:0.000009s ]
INFO: [ app_init ] --END-- [ RunTime:0.000437s ]
ERR: 无法加载模块:Upload_temp

[ 2020-03-28T16:09:30+08:00 ] 192.168.1.105 /upload_temp/158538276664115.jpg_200x200.jpg
INFO: [ app_init ] --START--
INFO: Run Behavior\BuildLiteBehavior [ RunTime:0.000009s ]
INFO: [ app_init ] --END-- [ RunTime:0.000476s ]
ERR: 无法加载模块:Upload_temp

[ 2020-03-28T16:09:30+08:00 ] 192.168.1.105 /upload_temp/158538276664115.jpg_200x200.jpg
INFO: [ app_init ] --START--
INFO: Run Behavior\BuildLiteBehavior [ RunTime:0.000008s ]
INFO: [ app_init ] --END-- [ RunTime:0.000685s ]
ERR: 无法加载模块:Upload_temp

[ 2020-03-28T16:09:30+08:00 ] 192.168.1.105 /upload_temp/158538276640010.jpg_200x200.jpg
INFO: [ app_init ] --START--
INFO: Run Behavior\BuildLiteBehavior [ RunTime:0.000008s ]
INFO: [ app_init ] --END-- [ RunTime:0.000467s ]
ERR: 无法加载模块:Upload_temp

[ 2020-03-28T16:09:30+08:00 ] 192.168.1.105 /upload_temp/158538276640010.jpg_200x200.jpg
INFO: [ app_init ] --START--
INFO: Run Behavior\BuildLiteBehavior [ RunTime:0.000006s ]
INFO: [ app_init ] --END-- [ RunTime:0.000414s ]
ERR: 无法加载模块:Upload_temp

[ 2020-03-28T16:09:30+08:00 ] 192.168.1.105 /upload_temp/158538276664115.jpg_200x200.jpg
INFO: [ app_init ] --START--
INFO: Run Behavior\BuildLiteBehavior [ RunTime:0.000005s ]
INFO: [ app_init ] --END-- [ RunTime:0.000341s ]
ERR: 无法加载模块:Upload_temp

[ 2020-03-28T16:09:30+08:00 ] 192.168.1.105 /upload_temp/158538276664115.jpg_200x200.jpg
INFO: [ app_init ] --START--
INFO: Run Behavior\BuildLiteBehavior [ RunTime:0.000006s ]
INFO: [ app_init ] --END-- [ RunTime:0.000399s ]
ERR: 无法加载模块:Upload_temp

[ 2020-03-28T16:09:30+08:00 ] 192.168.1.105 /upload_temp/158538276640010.jpg_200x200.jpg
INFO: [ app_init ] --START--
INFO: Run Behavior\BuildLiteBehavior [ RunTime:0.000010s ]
INFO: [ app_init ] --END-- [ RunTime:0.000572s ]
ERR: 无法加载模块:Upload_temp

[ 2020-03-28T16:09:30+08:00 ] 192.168.1.105 /upload_temp/158538276664115.jpg_200x200.jpg
INFO: [ app_init ] --START--
INFO: Run Behavior\BuildLiteBehavior [ RunTime:0.000005s ]
INFO: [ app_init ] --END-- [ RunTime:0.000337s ]
ERR: 无法加载模块:Upload_temp

[ 2020-03-28T16:09:30+08:00 ] 192.168.1.105 /upload_temp/158538276664115.jpg_200x200.jpg
INFO: [ app_init ] --START--
INFO: Run Behavior\BuildLiteBehavior [ RunTime:0.000007s ]
INFO: [ app_init ] --END-- [ RunTime:0.000438s ]
ERR: 无法加载模块:Upload_temp

[ 2020-03-28T16:09:30+08:00 ] 192.168.1.105 /upload_temp/158538276664115.jpg_200x200.jpg
INFO: [ app_init ] --START--
INFO: Run Behavior\BuildLiteBehavior [ RunTime:0.000006s ]
INFO: [ app_init ] --END-- [ RunTime:0.000325s ]
ERR: 无法加载模块:Upload_temp

[ 2020-03-28T16:09:30+08:00 ] 192.168.1.105 /upload_temp/158538276664115.jpg_200x200.jpg
INFO: [ app_init ] --START--
INFO: Run Behavior\BuildLiteBehavior [ RunTime:0.000005s ]
INFO: [ app_init ] --END-- [ RunTime:0.000324s ]
ERR: 无法加载模块:Upload_temp

[ 2020-03-28T16:09:30+08:00 ] 192.168.1.105 /upload_temp/158538276664115.jpg_200x200.jpg
INFO: [ app_init ] --START--
INFO: Run Behavior\BuildLiteBehavior [ RunTime:0.000005s ]
INFO: [ app_init ] --END-- [ RunTime:0.000413s ]
ERR: 无法加载模块:Upload_temp

[ 2020-03-28T16:09:30+08:00 ] 192.168.1.105 /upload_temp/158538276664115.jpg_200x200.jpg
INFO: [ app_init ] --START--
INFO: Run Behavior\BuildLiteBehavior [ RunTime:0.000004s ]
INFO: [ app_init ] --END-- [ RunTime:0.000284s ]
ERR: 无法加载模块:Upload_temp

[ 2020-03-28T16:10:02+08:00 ] 192.168.1.105 /upload_temp/158538276640010.jpg_200x200.jpg
INFO: [ app_init ] --START--
INFO: Run Behavior\BuildLiteBehavior [ RunTime:0.000006s ]
INFO: [ app_init ] --END-- [ RunTime:0.000320s ]
ERR: 无法加载模块:Upload_temp

[ 2020-03-28T16:10:02+08:00 ] 192.168.1.105 /upload_temp/158538276664115.jpg_200x200.jpg
INFO: [ app_init ] --START--
INFO: Run Behavior\BuildLiteBehavior [ RunTime:0.000005s ]
INFO: [ app_init ] --END-- [ RunTime:0.000328s ]
ERR: 无法加载模块:Upload_temp

[ 2020-03-28T16:10:02+08:00 ] 192.168.1.105 /upload_temp/158538276664115.jpg_200x200.jpg
INFO: [ app_init ] --START--
INFO: Run Behavior\BuildLiteBehavior [ RunTime:0.000005s ]
INFO: [ app_init ] --END-- [ RunTime:0.000531s ]
ERR: 无法加载模块:Upload_temp

[ 2020-03-28T16:10:02+08:00 ] 192.168.1.105 /upload_temp/158538276640010.jpg_200x200.jpg
INFO: [ app_init ] --START--
INFO: Run Behavior\BuildLiteBehavior [ RunTime:0.000007s ]
INFO: [ app_init ] --END-- [ RunTime:0.000582s ]
ERR: 无法加载模块:Upload_temp

[ 2020-03-28T16:10:02+08:00 ] 192.168.1.105 /upload_temp/158538276664115.jpg_200x200.jpg
INFO: [ app_init ] --START--
INFO: Run Behavior\BuildLiteBehavior [ RunTime:0.000011s ]
INFO: [ app_init ] --END-- [ RunTime:0.000539s ]
ERR: 无法加载模块:Upload_temp

[ 2020-03-28T16:10:02+08:00 ] 192.168.1.105 /upload_temp/158538276640010.jpg_200x200.jpg
INFO: [ app_init ] --START--
INFO: Run Behavior\BuildLiteBehavior [ RunTime:0.000008s ]
INFO: [ app_init ] --END-- [ RunTime:0.000461s ]
ERR: 无法加载模块:Upload_temp

[ 2020-03-28T16:10:02+08:00 ] 192.168.1.105 /upload_temp/158538276664115.jpg_200x200.jpg
INFO: [ app_init ] --START--
INFO: Run Behavior\BuildLiteBehavior [ RunTime:0.000007s ]
INFO: [ app_init ] --END-- [ RunTime:0.000542s ]
ERR: 无法加载模块:Upload_temp

[ 2020-03-28T16:10:02+08:00 ] 192.168.1.105 /upload_temp/158538276640010.jpg_200x200.jpg
INFO: [ app_init ] --START--
INFO: Run Behavior\BuildLiteBehavior [ RunTime:0.000009s ]
INFO: [ app_init ] --END-- [ RunTime:0.000426s ]
ERR: 无法加载模块:Upload_temp

[ 2020-03-28T16:10:02+08:00 ] 192.168.1.105 /upload_temp/158538276664115.jpg_200x200.jpg
INFO: [ app_init ] --START--
INFO: Run Behavior\BuildLiteBehavior [ RunTime:0.000007s ]
INFO: [ app_init ] --END-- [ RunTime:0.000484s ]
ERR: 无法加载模块:Upload_temp

[ 2020-03-28T16:10:02+08:00 ] 192.168.1.105 /upload_temp/158538299931553.jpg_200x200.jpg
INFO: [ app_init ] --START--
INFO: Run Behavior\BuildLiteBehavior [ RunTime:0.000005s ]
INFO: [ app_init ] --END-- [ RunTime:0.000342s ]
ERR: 无法加载模块:Upload_temp

[ 2020-03-28T16:10:02+08:00 ] 192.168.1.105 /upload_temp/158538276664115.jpg_200x200.jpg
INFO: [ app_init ] --START--
INFO: Run Behavior\BuildLiteBehavior [ RunTime:0.000006s ]
INFO: [ app_init ] --END-- [ RunTime:0.000411s ]
ERR: 无法加载模块:Upload_temp

[ 2020-03-28T16:10:02+08:00 ] 192.168.1.105 /upload_temp/158538299931553.jpg_200x200.jpg
INFO: [ app_init ] --START--
INFO: Run Behavior\BuildLiteBehavior [ RunTime:0.000007s ]
INFO: [ app_init ] --END-- [ RunTime:0.000504s ]
ERR: 无法加载模块:Upload_temp

[ 2020-03-28T16:10:02+08:00 ] 192.168.1.105 /upload_temp/158538276664115.jpg_200x200.jpg
INFO: [ app_init ] --START--
INFO: Run Behavior\BuildLiteBehavior [ RunTime:0.000005s ]
INFO: [ app_init ] --END-- [ RunTime:0.000521s ]
ERR: 无法加载模块:Upload_temp

[ 2020-03-28T16:10:02+08:00 ] 192.168.1.105 /upload_temp/158538276640010.jpg_200x200.jpg
INFO: [ app_init ] --START--
INFO: Run Behavior\BuildLiteBehavior [ RunTime:0.000004s ]
INFO: [ app_init ] --END-- [ RunTime:0.000343s ]
ERR: 无法加载模块:Upload_temp

[ 2020-03-28T16:10:02+08:00 ] 192.168.1.105 /upload_temp/158538276640010.jpg_200x200.jpg
INFO: [ app_init ] --START--
INFO: Run Behavior\BuildLiteBehavior [ RunTime:0.000009s ]
INFO: [ app_init ] --END-- [ RunTime:0.000490s ]
ERR: 无法加载模块:Upload_temp

[ 2020-03-28T16:10:02+08:00 ] 192.168.1.105 /upload_temp/158538276664115.jpg_200x200.jpg
INFO: [ app_init ] --START--
INFO: Run Behavior\BuildLiteBehavior [ RunTime:0.000009s ]
INFO: [ app_init ] --END-- [ RunTime:0.000509s ]
ERR: 无法加载模块:Upload_temp

[ 2020-03-28T16:11:11+08:00 ] 192.168.1.105 /upload_temp/158538276640010.jpg_200x200.jpg
INFO: [ app_init ] --START--
INFO: Run Behavior\BuildLiteBehavior [ RunTime:0.000010s ]
INFO: [ app_init ] --END-- [ RunTime:0.000416s ]
ERR: 无法加载模块:Upload_temp

[ 2020-03-28T16:11:11+08:00 ] 192.168.1.105 /upload_temp/158538276664115.jpg_200x200.jpg
INFO: [ app_init ] --START--
INFO: Run Behavior\BuildLiteBehavior [ RunTime:0.000016s ]
INFO: [ app_init ] --END-- [ RunTime:0.000549s ]
ERR: 无法加载模块:Upload_temp

[ 2020-03-28T16:11:11+08:00 ] 192.168.1.105 /upload_temp/158538276664115.jpg_200x200.jpg
INFO: [ app_init ] --START--
INFO: Run Behavior\BuildLiteBehavior [ RunTime:0.000005s ]
INFO: [ app_init ] --END-- [ RunTime:0.000312s ]
ERR: 无法加载模块:Upload_temp

[ 2020-03-28T16:11:11+08:00 ] 192.168.1.105 /upload_temp/158538276640010.jpg_200x200.jpg
INFO: [ app_init ] --START--
INFO: Run Behavior\BuildLiteBehavior [ RunTime:0.000008s ]
INFO: [ app_init ] --END-- [ RunTime:0.000498s ]
ERR: 无法加载模块:Upload_temp

[ 2020-03-28T16:11:11+08:00 ] 192.168.1.105 /upload_temp/158538276664115.jpg_200x200.jpg
INFO: [ app_init ] --START--
INFO: Run Behavior\BuildLiteBehavior [ RunTime:0.000006s ]
INFO: [ app_init ] --END-- [ RunTime:0.000336s ]
ERR: 无法加载模块:Upload_temp

[ 2020-03-28T16:11:11+08:00 ] 192.168.1.105 /upload_temp/158538276640010.jpg_200x200.jpg
INFO: [ app_init ] --START--
INFO: Run Behavior\BuildLiteBehavior [ RunTime:0.000007s ]
INFO: [ app_init ] --END-- [ RunTime:0.000451s ]
ERR: 无法加载模块:Upload_temp

[ 2020-03-28T16:11:11+08:00 ] 192.168.1.105 /upload_temp/158538276640010.jpg_200x200.jpg
INFO: [ app_init ] --START--
INFO: Run Behavior\BuildLiteBehavior [ RunTime:0.000006s ]
INFO: [ app_init ] --END-- [ RunTime:0.000399s ]
ERR: 无法加载模块:Upload_temp

[ 2020-03-28T16:11:11+08:00 ] 192.168.1.105 /upload_temp/158538276664115.jpg_200x200.jpg
INFO: [ app_init ] --START--
INFO: Run Behavior\BuildLiteBehavior [ RunTime:0.000006s ]
INFO: [ app_init ] --END-- [ RunTime:0.000370s ]
ERR: 无法加载模块:Upload_temp

[ 2020-03-28T16:11:11+08:00 ] 192.168.1.105 /upload_temp/158538276664115.jpg_200x200.jpg
INFO: [ app_init ] --START--
INFO: Run Behavior\BuildLiteBehavior [ RunTime:0.000006s ]
INFO: [ app_init ] --END-- [ RunTime:0.000432s ]
ERR: 无法加载模块:Upload_temp

[ 2020-03-28T16:11:11+08:00 ] 192.168.1.105 /upload_temp/158538276640010.jpg_200x200.jpg
INFO: [ app_init ] --START--
INFO: Run Behavior\BuildLiteBehavior [ RunTime:0.000006s ]
INFO: [ app_init ] --END-- [ RunTime:0.000397s ]
ERR: 无法加载模块:Upload_temp

[ 2020-03-28T16:11:11+08:00 ] 192.168.1.105 /upload_temp/158538276664115.jpg_200x200.jpg
INFO: [ app_init ] --START--
INFO: Run Behavior\BuildLiteBehavior [ RunTime:0.000005s ]
INFO: [ app_init ] --END-- [ RunTime:0.000377s ]
ERR: 无法加载模块:Upload_temp

[ 2020-03-28T16:11:11+08:00 ] 192.168.1.105 /upload_temp/158538276640010.jpg_200x200.jpg
INFO: [ app_init ] --START--
INFO: Run Behavior\BuildLiteBehavior [ RunTime:0.000005s ]
INFO: [ app_init ] --END-- [ RunTime:0.000301s ]
ERR: 无法加载模块:Upload_temp

[ 2020-03-28T16:11:11+08:00 ] 192.168.1.105 /upload_temp/158538276664115.jpg_200x200.jpg
INFO: [ app_init ] --START--
INFO: Run Behavior\BuildLiteBehavior [ RunTime:0.000005s ]
INFO: [ app_init ] --END-- [ RunTime:0.000362s ]
ERR: 无法加载模块:Upload_temp

[ 2020-03-28T16:11:11+08:00 ] 192.168.1.105 /upload_temp/158538276640010.jpg_200x200.jpg
INFO: [ app_init ] --START--
INFO: Run Behavior\BuildLiteBehavior [ RunTime:0.000019s ]
INFO: [ app_init ] --END-- [ RunTime:0.000358s ]
ERR: 无法加载模块:Upload_temp

[ 2020-03-28T16:11:11+08:00 ] 192.168.1.105 /upload_temp/158538276640010.jpg_200x200.jpg
INFO: [ app_init ] --START--
INFO: Run Behavior\BuildLiteBehavior [ RunTime:0.000011s ]
INFO: [ app_init ] --END-- [ RunTime:0.000391s ]
ERR: 无法加载模块:Upload_temp

[ 2020-03-28T16:11:11+08:00 ] 192.168.1.105 /upload_temp/158538276664115.jpg_200x200.jpg
INFO: [ app_init ] --START--
INFO: Run Behavior\BuildLiteBehavior [ RunTime:0.000005s ]
INFO: [ app_init ] --END-- [ RunTime:0.000337s ]
ERR: 无法加载模块:Upload_temp

[ 2020-03-28T16:11:11+08:00 ] 192.168.1.105 /upload_temp/158538276664115.jpg_200x200.jpg
INFO: [ app_init ] --START--
INFO: Run Behavior\BuildLiteBehavior [ RunTime:0.000005s ]
INFO: [ app_init ] --END-- [ RunTime:0.000303s ]
ERR: 无法加载模块:Upload_temp

[ 2020-03-28T16:11:11+08:00 ] 192.168.1.105 /upload_temp/158538276664115.jpg_200x200.jpg
INFO: [ app_init ] --START--
INFO: Run Behavior\BuildLiteBehavior [ RunTime:0.000004s ]
INFO: [ app_init ] --END-- [ RunTime:0.000333s ]
ERR: 无法加载模块:Upload_temp

[ 2020-03-28T16:11:11+08:00 ] 192.168.1.105 /upload_temp/158538276664115.jpg_200x200.jpg
INFO: [ app_init ] --START--
INFO: Run Behavior\BuildLiteBehavior [ RunTime:0.000005s ]
INFO: [ app_init ] --END-- [ RunTime:0.000293s ]
ERR: 无法加载模块:Upload_temp

[ 2020-03-28T16:11:11+08:00 ] 192.168.1.105 /upload_temp/158538276640010.jpg_200x200.jpg
INFO: [ app_init ] --START--
INFO: Run Behavior\BuildLiteBehavior [ RunTime:0.000005s ]
INFO: [ app_init ] --END-- [ RunTime:0.000341s ]
ERR: 无法加载模块:Upload_temp

[ 2020-03-28T16:11:11+08:00 ] 192.168.1.105 /upload_temp/158538276664115.jpg_200x200.jpg
INFO: [ app_init ] --START--
INFO: Run Behavior\BuildLiteBehavior [ RunTime:0.000004s ]
INFO: [ app_init ] --END-- [ RunTime:0.000328s ]
ERR: 无法加载模块:Upload_temp

[ 2020-03-28T16:11:11+08:00 ] 192.168.1.105 /upload_temp/158538276664115.jpg_200x200.jpg
INFO: [ app_init ] --START--
INFO: Run Behavior\BuildLiteBehavior [ RunTime:0.000004s ]
INFO: [ app_init ] --END-- [ RunTime:0.000299s ]
ERR: 无法加载模块:Upload_temp

[ 2020-03-28T16:11:11+08:00 ] 192.168.1.105 /upload_temp/158538276664115.jpg_200x200.jpg
INFO: [ app_init ] --START--
INFO: Run Behavior\BuildLiteBehavior [ RunTime:0.000004s ]
INFO: [ app_init ] --END-- [ RunTime:0.000294s ]
ERR: 无法加载模块:Upload_temp

[ 2020-03-28T16:11:11+08:00 ] 192.168.1.105 /upload_temp/158538276640010.jpg_200x200.jpg
INFO: [ app_init ] --START--
INFO: Run Behavior\BuildLiteBehavior [ RunTime:0.000005s ]
INFO: [ app_init ] --END-- [ RunTime:0.000294s ]
ERR: 无法加载模块:Upload_temp

[ 2020-03-28T16:11:11+08:00 ] 192.168.1.105 /upload_temp/158538276664115.jpg_200x200.jpg
INFO: [ app_init ] --START--
INFO: Run Behavior\BuildLiteBehavior [ RunTime:0.000004s ]
INFO: [ app_init ] --END-- [ RunTime:0.000293s ]
ERR: 无法加载模块:Upload_temp

[ 2020-03-28T16:11:11+08:00 ] 192.168.1.105 /upload_temp/158538276640010.jpg_200x200.jpg
INFO: [ app_init ] --START--
INFO: Run Behavior\BuildLiteBehavior [ RunTime:0.000024s ]
INFO: [ app_init ] --END-- [ RunTime:0.000323s ]
ERR: 无法加载模块:Upload_temp

[ 2020-03-28T16:11:11+08:00 ] 192.168.1.105 /upload_temp/158538276664115.jpg_200x200.jpg
INFO: [ app_init ] --START--
INFO: Run Behavior\BuildLiteBehavior [ RunTime:0.000005s ]
INFO: [ app_init ] --END-- [ RunTime:0.000293s ]
ERR: 无法加载模块:Upload_temp

[ 2020-03-28T16:12:06+08:00 ] 192.168.1.105 /upload_temp/158538276664115.jpg_200x200.jpg
INFO: [ app_init ] --START--
INFO: Run Behavior\BuildLiteBehavior [ RunTime:0.000007s ]
INFO: [ app_init ] --END-- [ RunTime:0.000668s ]
ERR: 无法加载模块:Upload_temp

[ 2020-03-28T16:12:06+08:00 ] 192.168.1.105 /upload_temp/158538276640010.jpg_200x200.jpg
INFO: [ app_init ] --START--
INFO: Run Behavior\BuildLiteBehavior [ RunTime:0.000006s ]
INFO: [ app_init ] --END-- [ RunTime:0.000694s ]
ERR: 无法加载模块:Upload_temp

[ 2020-03-28T16:12:06+08:00 ] 192.168.1.105 /upload_temp/158538307735309.jpg_200x200.jpg
INFO: [ app_init ] --START--
INFO: Run Behavior\BuildLiteBehavior [ RunTime:0.000005s ]
INFO: [ app_init ] --END-- [ RunTime:0.000535s ]
ERR: 无法加载模块:Upload_temp

[ 2020-03-28T16:12:06+08:00 ] 192.168.1.105 /upload_temp/158538276664115.jpg_200x200.jpg
INFO: [ app_init ] --START--
INFO: Run Behavior\BuildLiteBehavior [ RunTime:0.000010s ]
INFO: [ app_init ] --END-- [ RunTime:0.000496s ]
ERR: 无法加载模块:Upload_temp

[ 2020-03-28T16:12:06+08:00 ] 192.168.1.105 /upload_temp/158538276640010.jpg_200x200.jpg
INFO: [ app_init ] --START--
INFO: Run Behavior\BuildLiteBehavior [ RunTime:0.000008s ]
INFO: [ app_init ] --END-- [ RunTime:0.000473s ]
ERR: 无法加载模块:Upload_temp

[ 2020-03-28T16:12:06+08:00 ] 192.168.1.105 /upload_temp/158538307735309.jpg_200x200.jpg
INFO: [ app_init ] --START--
INFO: Run Behavior\BuildLiteBehavior [ RunTime:0.000007s ]
INFO: [ app_init ] --END-- [ RunTime:0.000431s ]
ERR: 无法加载模块:Upload_temp

[ 2020-03-28T16:12:06+08:00 ] 192.168.1.105 /upload_temp/158538307799913.jpg_200x200.jpg
INFO: [ app_init ] --START--
INFO: Run Behavior\BuildLiteBehavior [ RunTime:0.000006s ]
INFO: [ app_init ] --END-- [ RunTime:0.000336s ]
ERR: 无法加载模块:Upload_temp

[ 2020-03-28T16:12:06+08:00 ] 192.168.1.105 /upload_temp/158538307735309.jpg_200x200.jpg
INFO: [ app_init ] --START--
INFO: Run Behavior\BuildLiteBehavior [ RunTime:0.000006s ]
INFO: [ app_init ] --END-- [ RunTime:0.000352s ]
ERR: 无法加载模块:Upload_temp

[ 2020-03-28T16:12:06+08:00 ] 192.168.1.105 /upload_temp/158538307735309.jpg_200x200.jpg
INFO: [ app_init ] --START--
INFO: Run Behavior\BuildLiteBehavior [ RunTime:0.000014s ]
INFO: [ app_init ] --END-- [ RunTime:0.000729s ]
ERR: 无法加载模块:Upload_temp

[ 2020-03-28T16:12:06+08:00 ] 192.168.1.105 /upload_temp/158538307799913.jpg_200x200.jpg
INFO: [ app_init ] --START--
INFO: Run Behavior\BuildLiteBehavior [ RunTime:0.000007s ]
INFO: [ app_init ] --END-- [ RunTime:0.000516s ]
ERR: 无法加载模块:Upload_temp

[ 2020-03-28T16:12:07+08:00 ] 192.168.1.105 /upload_temp/158538307799913.jpg_200x200.jpg
INFO: [ app_init ] --START--
INFO: Run Behavior\BuildLiteBehavior [ RunTime:0.000015s ]
INFO: [ app_init ] --END-- [ RunTime:0.000494s ]
ERR: 无法加载模块:Upload_temp

[ 2020-03-28T16:12:07+08:00 ] 192.168.1.105 /upload_temp/158538307735309.jpg_200x200.jpg
INFO: [ app_init ] --START--
INFO: Run Behavior\BuildLiteBehavior [ RunTime:0.000010s ]
INFO: [ app_init ] --END-- [ RunTime:0.000451s ]
ERR: 无法加载模块:Upload_temp

[ 2020-03-28T16:12:07+08:00 ] 192.168.1.105 /upload_temp/158538307735309.jpg_200x200.jpg
INFO: [ app_init ] --START--
INFO: Run Behavior\BuildLiteBehavior [ RunTime:0.000009s ]
INFO: [ app_init ] --END-- [ RunTime:0.000779s ]
ERR: 无法加载模块:Upload_temp

[ 2020-03-28T16:12:07+08:00 ] 192.168.1.105 /upload_temp/158538307735309.jpg_200x200.jpg
INFO: [ app_init ] --START--
INFO: Run Behavior\BuildLiteBehavior [ RunTime:0.000006s ]
INFO: [ app_init ] --END-- [ RunTime:0.000493s ]
ERR: 无法加载模块:Upload_temp

[ 2020-03-28T16:12:07+08:00 ] 192.168.1.105 /upload_temp/158538276664115.jpg_200x200.jpg
INFO: [ app_init ] --START--
INFO: Run Behavior\BuildLiteBehavior [ RunTime:0.000005s ]
INFO: [ app_init ] --END-- [ RunTime:0.000412s ]
ERR: 无法加载模块:Upload_temp

[ 2020-03-28T16:12:07+08:00 ] 192.168.1.105 /upload_temp/158538276664115.jpg_200x200.jpg
INFO: [ app_init ] --START--
INFO: Run Behavior\BuildLiteBehavior [ RunTime:0.000005s ]
INFO: [ app_init ] --END-- [ RunTime:0.000327s ]
ERR: 无法加载模块:Upload_temp

[ 2020-03-28T16:12:07+08:00 ] 192.168.1.105 /upload_temp/158538276664115.jpg_200x200.jpg
INFO: [ app_init ] --START--
INFO: Run Behavior\BuildLiteBehavior [ RunTime:0.000006s ]
INFO: [ app_init ] --END-- [ RunTime:0.000366s ]
ERR: 无法加载模块:Upload_temp

[ 2020-03-28T16:12:07+08:00 ] 192.168.1.105 /upload_temp/158538307735309.jpg_200x200.jpg
INFO: [ app_init ] --START--
INFO: Run Behavior\BuildLiteBehavior [ RunTime:0.000006s ]
INFO: [ app_init ] --END-- [ RunTime:0.000466s ]
ERR: 无法加载模块:Upload_temp

[ 2020-03-28T16:12:07+08:00 ] 192.168.1.105 /upload_temp/158538276640010.jpg_200x200.jpg
INFO: [ app_init ] --START--
INFO: Run Behavior\BuildLiteBehavior [ RunTime:0.000006s ]
INFO: [ app_init ] --END-- [ RunTime:0.000421s ]
ERR: 无法加载模块:Upload_temp

[ 2020-03-28T16:12:07+08:00 ] 192.168.1.105 /upload_temp/158538307735309.jpg_200x200.jpg
INFO: [ app_init ] --START--
INFO: Run Behavior\BuildLiteBehavior [ RunTime:0.000020s ]
INFO: [ app_init ] --END-- [ RunTime:0.000342s ]
ERR: 无法加载模块:Upload_temp

[ 2020-03-28T16:12:07+08:00 ] 192.168.1.105 /upload_temp/158538276664115.jpg_200x200.jpg
INFO: [ app_init ] --START--
INFO: Run Behavior\BuildLiteBehavior [ RunTime:0.000005s ]
INFO: [ app_init ] --END-- [ RunTime:0.000351s ]
ERR: 无法加载模块:Upload_temp

[ 2020-03-28T16:12:07+08:00 ] 192.168.1.105 /upload_temp/158538276640010.jpg_200x200.jpg
INFO: [ app_init ] --START--
INFO: Run Behavior\BuildLiteBehavior [ RunTime:0.000005s ]
INFO: [ app_init ] --END-- [ RunTime:0.000327s ]
ERR: 无法加载模块:Upload_temp

[ 2020-03-28T16:12:07+08:00 ] 192.168.1.105 /upload_temp/158538276664115.jpg_200x200.jpg
INFO: [ app_init ] --START--
INFO: Run Behavior\BuildLiteBehavior [ RunTime:0.000004s ]
INFO: [ app_init ] --END-- [ RunTime:0.000312s ]
ERR: 无法加载模块:Upload_temp

[ 2020-03-28T16:12:07+08:00 ] 192.168.1.105 /upload_temp/158538276640010.jpg_200x200.jpg
INFO: [ app_init ] --START--
INFO: Run Behavior\BuildLiteBehavior [ RunTime:0.000005s ]
INFO: [ app_init ] --END-- [ RunTime:0.000305s ]
ERR: 无法加载模块:Upload_temp

[ 2020-03-28T16:12:07+08:00 ] 192.168.1.105 /upload_temp/158538276640010.jpg_200x200.jpg
INFO: [ app_init ] --START--
INFO: Run Behavior\BuildLiteBehavior [ RunTime:0.000005s ]
INFO: [ app_init ] --END-- [ RunTime:0.000315s ]
ERR: 无法加载模块:Upload_temp

[ 2020-03-28T16:12:07+08:00 ] 192.168.1.105 /upload_temp/158538276664115.jpg_200x200.jpg
INFO: [ app_init ] --START--
INFO: Run Behavior\BuildLiteBehavior [ RunTime:0.000004s ]
INFO: [ app_init ] --END-- [ RunTime:0.000298s ]
ERR: 无法加载模块:Upload_temp

[ 2020-03-28T16:12:07+08:00 ] 192.168.1.105 /upload_temp/158538276664115.jpg_200x200.jpg
INFO: [ app_init ] --START--
INFO: Run Behavior\BuildLiteBehavior [ RunTime:0.000006s ]
INFO: [ app_init ] --END-- [ RunTime:0.000395s ]
ERR: 无法加载模块:Upload_temp

[ 2020-03-28T16:12:07+08:00 ] 192.168.1.105 /upload_temp/158538307799913.jpg_200x200.jpg
INFO: [ app_init ] --START--
INFO: Run Behavior\BuildLiteBehavior [ RunTime:0.000007s ]
INFO: [ app_init ] --END-- [ RunTime:0.000464s ]
ERR: 无法加载模块:Upload_temp

[ 2020-03-28T16:12:07+08:00 ] 192.168.1.105 /upload_temp/158538307735309.jpg_200x200.jpg
INFO: [ app_init ] --START--
INFO: Run Behavior\BuildLiteBehavior [ RunTime:0.000020s ]
INFO: [ app_init ] --END-- [ RunTime:0.000365s ]
ERR: 无法加载模块:Upload_temp

[ 2020-03-28T16:16:58+08:00 ] 192.168.1.105 /upload_temp/158538307735309.jpg_200x200.jpg
INFO: [ app_init ] --START--
INFO: Run Behavior\BuildLiteBehavior [ RunTime:0.000029s ]
INFO: [ app_init ] --END-- [ RunTime:0.000905s ]
ERR: 无法加载模块:Upload_temp

[ 2020-03-28T16:16:58+08:00 ] 192.168.1.105 /upload_temp/158538307799913.jpg_200x200.jpg
INFO: [ app_init ] --START--
INFO: Run Behavior\BuildLiteBehavior [ RunTime:0.000007s ]
INFO: [ app_init ] --END-- [ RunTime:0.000582s ]
ERR: 无法加载模块:Upload_temp

[ 2020-03-28T16:16:58+08:00 ] 192.168.1.105 /upload_temp/158538307799913.jpg_200x200.jpg
INFO: [ app_init ] --START--
INFO: Run Behavior\BuildLiteBehavior [ RunTime:0.000008s ]
INFO: [ app_init ] --END-- [ RunTime:0.000594s ]
ERR: 无法加载模块:Upload_temp

[ 2020-03-28T16:16:58+08:00 ] 192.168.1.105 /upload_temp/158538307735309.jpg_200x200.jpg
INFO: [ app_init ] --START--
INFO: Run Behavior\BuildLiteBehavior [ RunTime:0.000005s ]
INFO: [ app_init ] --END-- [ RunTime:0.000310s ]
ERR: 无法加载模块:Upload_temp

[ 2020-03-28T16:16:58+08:00 ] 192.168.1.105 /upload_temp/158538307735309.jpg_200x200.jpg
INFO: [ app_init ] --START--
INFO: Run Behavior\BuildLiteBehavior [ RunTime:0.000005s ]
INFO: [ app_init ] --END-- [ RunTime:0.000308s ]
ERR: 无法加载模块:Upload_temp

[ 2020-03-28T16:16:58+08:00 ] 192.168.1.105 /upload_temp/158538307735309.jpg_200x200.jpg
INFO: [ app_init ] --START--
INFO: Run Behavior\BuildLiteBehavior [ RunTime:0.000005s ]
INFO: [ app_init ] --END-- [ RunTime:0.000307s ]
ERR: 无法加载模块:Upload_temp

[ 2020-03-28T16:16:58+08:00 ] 192.168.1.105 /upload_temp/158538307799913.jpg_200x200.jpg
INFO: [ app_init ] --START--
INFO: Run Behavior\BuildLiteBehavior [ RunTime:0.000007s ]
INFO: [ app_init ] --END-- [ RunTime:0.000314s ]
ERR: 无法加载模块:Upload_temp

[ 2020-03-28T16:16:58+08:00 ] 192.168.1.105 /upload_temp/158538307735309.jpg_200x200.jpg
INFO: [ app_init ] --START--
INFO: Run Behavior\BuildLiteBehavior [ RunTime:0.000005s ]
INFO: [ app_init ] --END-- [ RunTime:0.000374s ]
ERR: 无法加载模块:Upload_temp

[ 2020-03-28T16:16:58+08:00 ] 192.168.1.105 /upload_temp/158538307799913.jpg_200x200.jpg
INFO: [ app_init ] --START--
INFO: Run Behavior\BuildLiteBehavior [ RunTime:0.000005s ]
INFO: [ app_init ] --END-- [ RunTime:0.000327s ]
ERR: 无法加载模块:Upload_temp

[ 2020-03-28T16:16:58+08:00 ] 192.168.1.105 /upload_temp/158538307735309.jpg_200x200.jpg
INFO: [ app_init ] --START--
INFO: Run Behavior\BuildLiteBehavior [ RunTime:0.000005s ]
INFO: [ app_init ] --END-- [ RunTime:0.000318s ]
ERR: 无法加载模块:Upload_temp

[ 2020-03-28T16:16:58+08:00 ] 192.168.1.105 /upload_temp/158538307735309.jpg_200x200.jpg
INFO: [ app_init ] --START--
INFO: Run Behavior\BuildLiteBehavior [ RunTime:0.000004s ]
INFO: [ app_init ] --END-- [ RunTime:0.000300s ]
ERR: 无法加载模块:Upload_temp

[ 2020-03-28T16:16:58+08:00 ] 192.168.1.105 /upload_temp/158538307735309.jpg_200x200.jpg
INFO: [ app_init ] --START--
INFO: Run Behavior\BuildLiteBehavior [ RunTime:0.000004s ]
INFO: [ app_init ] --END-- [ RunTime:0.000304s ]
ERR: 无法加载模块:Upload_temp

[ 2020-03-28T16:16:58+08:00 ] 192.168.1.105 /upload_temp/158538307735309.jpg_200x200.jpg
INFO: [ app_init ] --START--
INFO: Run Behavior\BuildLiteBehavior [ RunTime:0.000005s ]
INFO: [ app_init ] --END-- [ RunTime:0.000331s ]
ERR: 无法加载模块:Upload_temp

[ 2020-03-28T16:16:58+08:00 ] 192.168.1.105 /upload_temp/158538307799913.jpg_200x200.jpg
INFO: [ app_init ] --START--
INFO: Run Behavior\BuildLiteBehavior [ RunTime:0.000004s ]
INFO: [ app_init ] --END-- [ RunTime:0.000360s ]
ERR: 无法加载模块:Upload_temp

[ 2020-03-28T16:16:58+08:00 ] 192.168.1.105 /upload_temp/158538307735309.jpg_200x200.jpg
INFO: [ app_init ] --START--
INFO: Run Behavior\BuildLiteBehavior [ RunTime:0.000004s ]
INFO: [ app_init ] --END-- [ RunTime:0.000308s ]
ERR: 无法加载模块:Upload_temp

[ 2020-03-28T16:16:58+08:00 ] 192.168.1.105 /upload_temp/158538307799913.jpg_200x200.jpg
INFO: [ app_init ] --START--
INFO: Run Behavior\BuildLiteBehavior [ RunTime:0.000004s ]
INFO: [ app_init ] --END-- [ RunTime:0.000380s ]
ERR: 无法加载模块:Upload_temp

[ 2020-03-28T16:16:58+08:00 ] 192.168.1.105 /upload_temp/158538307735309.jpg_200x200.jpg
INFO: [ app_init ] --START--
INFO: Run Behavior\BuildLiteBehavior [ RunTime:0.000005s ]
INFO: [ app_init ] --END-- [ RunTime:0.000319s ]
ERR: 无法加载模块:Upload_temp

[ 2020-03-28T16:16:58+08:00 ] 192.168.1.105 /upload_temp/158538307735309.jpg_200x200.jpg
INFO: [ app_init ] --START--
INFO: Run Behavior\BuildLiteBehavior [ RunTime:0.000006s ]
INFO: [ app_init ] --END-- [ RunTime:0.000332s ]
ERR: 无法加载模块:Upload_temp

[ 2020-03-28T16:16:58+08:00 ] 192.168.1.105 /upload_temp/158538307735309.jpg_200x200.jpg
INFO: [ app_init ] --START--
INFO: Run Behavior\BuildLiteBehavior [ RunTime:0.000005s ]
INFO: [ app_init ] --END-- [ RunTime:0.000319s ]
ERR: 无法加载模块:Upload_temp

[ 2020-03-28T16:16:58+08:00 ] 192.168.1.105 /upload_temp/158538307735309.jpg_200x200.jpg
INFO: [ app_init ] --START--
INFO: Run Behavior\BuildLiteBehavior [ RunTime:0.000006s ]
INFO: [ app_init ] --END-- [ RunTime:0.000383s ]
ERR: 无法加载模块:Upload_temp

[ 2020-03-28T16:16:58+08:00 ] 192.168.1.105 /upload_temp/158538307799913.jpg_200x200.jpg
INFO: [ app_init ] --START--
INFO: Run Behavior\BuildLiteBehavior [ RunTime:0.000010s ]
INFO: [ app_init ] --END-- [ RunTime:0.000507s ]
ERR: 无法加载模块:Upload_temp

[ 2020-03-28T16:16:58+08:00 ] 192.168.1.105 /upload_temp/158538307735309.jpg_200x200.jpg
INFO: [ app_init ] --START--
INFO: Run Behavior\BuildLiteBehavior [ RunTime:0.000011s ]
INFO: [ app_init ] --END-- [ RunTime:0.000602s ]
ERR: 无法加载模块:Upload_temp

[ 2020-03-28T16:16:58+08:00 ] 192.168.1.105 /upload_temp/158538307799913.jpg_200x200.jpg
INFO: [ app_init ] --START--
INFO: Run Behavior\BuildLiteBehavior [ RunTime:0.000009s ]
INFO: [ app_init ] --END-- [ RunTime:0.000552s ]
ERR: 无法加载模块:Upload_temp

[ 2020-03-28T16:16:58+08:00 ] 192.168.1.105 /upload_temp/158538307735309.jpg_200x200.jpg
INFO: [ app_init ] --START--
INFO: Run Behavior\BuildLiteBehavior [ RunTime:0.000011s ]
INFO: [ app_init ] --END-- [ RunTime:0.000519s ]
ERR: 无法加载模块:Upload_temp

[ 2020-03-28T16:16:58+08:00 ] 192.168.1.105 /upload_temp/158538307735309.jpg_200x200.jpg
INFO: [ app_init ] --START--
INFO: Run Behavior\BuildLiteBehavior [ RunTime:0.000012s ]
INFO: [ app_init ] --END-- [ RunTime:0.000653s ]
ERR: 无法加载模块:Upload_temp

[ 2020-03-28T16:16:59+08:00 ] 192.168.1.105 /upload_temp/158538307735309.jpg_200x200.jpg
INFO: [ app_init ] --START--
INFO: Run Behavior\BuildLiteBehavior [ RunTime:0.000005s ]
INFO: [ app_init ] --END-- [ RunTime:0.000349s ]
ERR: 无法加载模块:Upload_temp

[ 2020-03-28T16:16:59+08:00 ] 192.168.1.105 /upload_temp/158538307735309.jpg_200x200.jpg
INFO: [ app_init ] --START--
INFO: Run Behavior\BuildLiteBehavior [ RunTime:0.000006s ]
INFO: [ app_init ] --END-- [ RunTime:0.000344s ]
ERR: 无法加载模块:Upload_temp

[ 2020-03-28T16:16:59+08:00 ] 192.168.1.105 /upload_temp/158538307735309.jpg_200x200.jpg
INFO: [ app_init ] --START--
INFO: Run Behavior\BuildLiteBehavior [ RunTime:0.000004s ]
INFO: [ app_init ] --END-- [ RunTime:0.000306s ]
ERR: 无法加载模块:Upload_temp

[ 2020-03-28T16:22:50+08:00 ] 192.168.1.105 /upload_temp/158538307735309.jpg_200x200.jpg
INFO: [ app_init ] --START--
INFO: Run Behavior\BuildLiteBehavior [ RunTime:0.000012s ]
INFO: [ app_init ] --END-- [ RunTime:0.000735s ]
ERR: 无法加载模块:Upload_temp

[ 2020-03-28T16:22:50+08:00 ] 192.168.1.105 /upload_temp/158538307799913.jpg_200x200.jpg
INFO: [ app_init ] --START--
INFO: Run Behavior\BuildLiteBehavior [ RunTime:0.000009s ]
INFO: [ app_init ] --END-- [ RunTime:0.000855s ]
ERR: 无法加载模块:Upload_temp

[ 2020-03-28T16:22:50+08:00 ] 192.168.1.105 /upload_temp/158538307799913.jpg_200x200.jpg
INFO: [ app_init ] --START--
INFO: Run Behavior\BuildLiteBehavior [ RunTime:0.000006s ]
INFO: [ app_init ] --END-- [ RunTime:0.000453s ]
ERR: 无法加载模块:Upload_temp

[ 2020-03-28T16:22:50+08:00 ] 192.168.1.105 /upload_temp/158538307735309.jpg_200x200.jpg
INFO: [ app_init ] --START--
INFO: Run Behavior\BuildLiteBehavior [ RunTime:0.000007s ]
INFO: [ app_init ] --END-- [ RunTime:0.000422s ]
ERR: 无法加载模块:Upload_temp

[ 2020-03-28T16:22:50+08:00 ] 192.168.1.105 /upload_temp/158538307799913.jpg_200x200.jpg
INFO: [ app_init ] --START--
INFO: Run Behavior\BuildLiteBehavior [ RunTime:0.000008s ]
INFO: [ app_init ] --END-- [ RunTime:0.000474s ]
ERR: 无法加载模块:Upload_temp

[ 2020-03-28T16:22:50+08:00 ] 192.168.1.105 /upload_temp/158538307735309.jpg_200x200.jpg
INFO: [ app_init ] --START--
INFO: Run Behavior\BuildLiteBehavior [ RunTime:0.000006s ]
INFO: [ app_init ] --END-- [ RunTime:0.000362s ]
ERR: 无法加载模块:Upload_temp

[ 2020-03-28T16:22:50+08:00 ] 192.168.1.105 /upload_temp/158538307799913.jpg_200x200.jpg
INFO: [ app_init ] --START--
INFO: Run Behavior\BuildLiteBehavior [ RunTime:0.000005s ]
INFO: [ app_init ] --END-- [ RunTime:0.000317s ]
ERR: 无法加载模块:Upload_temp

[ 2020-03-28T16:22:50+08:00 ] 192.168.1.105 /upload_temp/158538307735309.jpg_200x200.jpg
INFO: [ app_init ] --START--
INFO: Run Behavior\BuildLiteBehavior [ RunTime:0.000005s ]
INFO: [ app_init ] --END-- [ RunTime:0.000320s ]
ERR: 无法加载模块:Upload_temp

[ 2020-03-28T16:22:50+08:00 ] 192.168.1.105 /upload_temp/158538307735309.jpg_200x200.jpg
INFO: [ app_init ] --START--
INFO: Run Behavior\BuildLiteBehavior [ RunTime:0.000006s ]
INFO: [ app_init ] --END-- [ RunTime:0.000413s ]
ERR: 无法加载模块:Upload_temp

[ 2020-03-28T16:22:50+08:00 ] 192.168.1.105 /upload_temp/158538307799913.jpg_200x200.jpg
INFO: [ app_init ] --START--
INFO: Run Behavior\BuildLiteBehavior [ RunTime:0.000007s ]
INFO: [ app_init ] --END-- [ RunTime:0.000373s ]
ERR: 无法加载模块:Upload_temp

[ 2020-03-28T16:22:50+08:00 ] 192.168.1.105 /upload_temp/158538307799913.jpg_200x200.jpg
INFO: [ app_init ] --START--
INFO: Run Behavior\BuildLiteBehavior [ RunTime:0.000005s ]
INFO: [ app_init ] --END-- [ RunTime:0.000315s ]
ERR: 无法加载模块:Upload_temp

[ 2020-03-28T16:22:50+08:00 ] 192.168.1.105 /upload_temp/158538307735309.jpg_200x200.jpg
INFO: [ app_init ] --START--
INFO: Run Behavior\BuildLiteBehavior [ RunTime:0.000004s ]
INFO: [ app_init ] --END-- [ RunTime:0.000298s ]
ERR: 无法加载模块:Upload_temp

[ 2020-03-28T16:22:50+08:00 ] 192.168.1.105 /upload_temp/158538307735309.jpg_200x200.jpg
INFO: [ app_init ] --START--
INFO: Run Behavior\BuildLiteBehavior [ RunTime:0.000005s ]
INFO: [ app_init ] --END-- [ RunTime:0.000348s ]
ERR: 无法加载模块:Upload_temp

[ 2020-03-28T16:22:50+08:00 ] 192.168.1.105 /upload_temp/158538307735309.jpg_200x200.jpg
INFO: [ app_init ] --START--
INFO: Run Behavior\BuildLiteBehavior [ RunTime:0.000008s ]
INFO: [ app_init ] --END-- [ RunTime:0.000457s ]
ERR: 无法加载模块:Upload_temp

[ 2020-03-28T16:22:50+08:00 ] 192.168.1.105 /upload_temp/158538307735309.jpg_200x200.jpg
INFO: [ app_init ] --START--
INFO: Run Behavior\BuildLiteBehavior [ RunTime:0.000007s ]
INFO: [ app_init ] --END-- [ RunTime:0.000448s ]
ERR: 无法加载模块:Upload_temp

[ 2020-03-28T16:22:50+08:00 ] 192.168.1.105 /upload_temp/158538307799913.jpg_200x200.jpg
INFO: [ app_init ] --START--
INFO: Run Behavior\BuildLiteBehavior [ RunTime:0.000053s ]
INFO: [ app_init ] --END-- [ RunTime:0.000673s ]
ERR: 无法加载模块:Upload_temp

[ 2020-03-28T16:22:50+08:00 ] 192.168.1.105 /upload_temp/158538307735309.jpg_200x200.jpg
INFO: [ app_init ] --START--
INFO: Run Behavior\BuildLiteBehavior [ RunTime:0.000005s ]
INFO: [ app_init ] --END-- [ RunTime:0.000512s ]
ERR: 无法加载模块:Upload_temp

[ 2020-03-28T16:22:50+08:00 ] 192.168.1.105 /upload_temp/158538307799913.jpg_200x200.jpg
INFO: [ app_init ] --START--
INFO: Run Behavior\BuildLiteBehavior [ RunTime:0.000005s ]
INFO: [ app_init ] --END-- [ RunTime:0.000375s ]
ERR: 无法加载模块:Upload_temp

[ 2020-03-28T16:22:50+08:00 ] 192.168.1.105 /upload_temp/158538307735309.jpg_200x200.jpg
INFO: [ app_init ] --START--
INFO: Run Behavior\BuildLiteBehavior [ RunTime:0.000004s ]
INFO: [ app_init ] --END-- [ RunTime:0.000376s ]
ERR: 无法加载模块:Upload_temp

[ 2020-03-28T16:22:50+08:00 ] 192.168.1.105 /upload_temp/158538307735309.jpg_200x200.jpg
INFO: [ app_init ] --START--
INFO: Run Behavior\BuildLiteBehavior [ RunTime:0.000005s ]
INFO: [ app_init ] --END-- [ RunTime:0.000362s ]
ERR: 无法加载模块:Upload_temp

[ 2020-03-28T16:22:50+08:00 ] 192.168.1.105 /upload_temp/158538307735309.jpg_200x200.jpg
INFO: [ app_init ] --START--
INFO: Run Behavior\BuildLiteBehavior [ RunTime:0.000006s ]
INFO: [ app_init ] --END-- [ RunTime:0.000329s ]
ERR: 无法加载模块:Upload_temp

[ 2020-03-28T16:22:50+08:00 ] 192.168.1.105 /upload_temp/158538307799913.jpg_200x200.jpg
INFO: [ app_init ] --START--
INFO: Run Behavior\BuildLiteBehavior [ RunTime:0.000004s ]
INFO: [ app_init ] --END-- [ RunTime:0.000375s ]
ERR: 无法加载模块:Upload_temp

[ 2020-03-28T16:22:51+08:00 ] 192.168.1.105 /upload_temp/158538307799913.jpg_200x200.jpg
INFO: [ app_init ] --START--
INFO: Run Behavior\BuildLiteBehavior [ RunTime:0.000005s ]
INFO: [ app_init ] --END-- [ RunTime:0.000381s ]
ERR: 无法加载模块:Upload_temp

[ 2020-03-28T16:22:51+08:00 ] 192.168.1.105 /upload_temp/158538307735309.jpg_200x200.jpg
INFO: [ app_init ] --START--
INFO: Run Behavior\BuildLiteBehavior [ RunTime:0.000005s ]
INFO: [ app_init ] --END-- [ RunTime:0.000332s ]
ERR: 无法加载模块:Upload_temp

[ 2020-03-28T16:22:51+08:00 ] 192.168.1.105 /upload_temp/158538307735309.jpg_200x200.jpg
INFO: [ app_init ] --START--
INFO: Run Behavior\BuildLiteBehavior [ RunTime:0.000005s ]
INFO: [ app_init ] --END-- [ RunTime:0.000306s ]
ERR: 无法加载模块:Upload_temp

[ 2020-03-28T16:22:51+08:00 ] 192.168.1.105 /upload_temp/158538307735309.jpg_200x200.jpg
INFO: [ app_init ] --START--
INFO: Run Behavior\BuildLiteBehavior [ RunTime:0.000005s ]
INFO: [ app_init ] --END-- [ RunTime:0.000302s ]
ERR: 无法加载模块:Upload_temp

[ 2020-03-28T16:22:51+08:00 ] 192.168.1.105 /upload_temp/158538307735309.jpg_200x200.jpg
INFO: [ app_init ] --START--
INFO: Run Behavior\BuildLiteBehavior [ RunTime:0.000013s ]
INFO: [ app_init ] --END-- [ RunTime:0.000369s ]
ERR: 无法加载模块:Upload_temp

[ 2020-03-28T16:22:51+08:00 ] 192.168.1.105 /upload_temp/158538307735309.jpg_200x200.jpg
INFO: [ app_init ] --START--
INFO: Run Behavior\BuildLiteBehavior [ RunTime:0.000005s ]
INFO: [ app_init ] --END-- [ RunTime:0.000302s ]
ERR: 无法加载模块:Upload_temp

[ 2020-03-28T16:22:51+08:00 ] 192.168.1.105 /upload_temp/158538307735309.jpg_200x200.jpg
INFO: [ app_init ] --START--
INFO: Run Behavior\BuildLiteBehavior [ RunTime:0.000004s ]
INFO: [ app_init ] --END-- [ RunTime:0.000287s ]
ERR: 无法加载模块:Upload_temp

[ 2020-03-28T16:24:56+08:00 ] 192.168.1.105 /upload_temp/158538307799913.jpg_200x200.jpg
INFO: [ app_init ] --START--
INFO: Run Behavior\BuildLiteBehavior [ RunTime:0.000013s ]
INFO: [ app_init ] --END-- [ RunTime:0.000706s ]
ERR: 无法加载模块:Upload_temp

[ 2020-03-28T16:24:56+08:00 ] 192.168.1.105 /upload_temp/158538307735309.jpg_200x200.jpg
INFO: [ app_init ] --START--
INFO: Run Behavior\BuildLiteBehavior [ RunTime:0.000009s ]
INFO: [ app_init ] --END-- [ RunTime:0.000800s ]
ERR: 无法加载模块:Upload_temp

[ 2020-03-28T16:24:56+08:00 ] 192.168.1.105 /upload_temp/158538307735309.jpg_200x200.jpg
INFO: [ app_init ] --START--
INFO: Run Behavior\BuildLiteBehavior [ RunTime:0.000008s ]
INFO: [ app_init ] --END-- [ RunTime:0.000421s ]
ERR: 无法加载模块:Upload_temp

[ 2020-03-28T16:24:56+08:00 ] 192.168.1.105 /upload_temp/158538307799913.jpg_200x200.jpg
INFO: [ app_init ] --START--
INFO: Run Behavior\BuildLiteBehavior [ RunTime:0.000008s ]
INFO: [ app_init ] --END-- [ RunTime:0.000439s ]
ERR: 无法加载模块:Upload_temp

[ 2020-03-28T16:24:56+08:00 ] 192.168.1.105 /upload_temp/158538307735309.jpg_200x200.jpg
INFO: [ app_init ] --START--
INFO: Run Behavior\BuildLiteBehavior [ RunTime:0.000005s ]
INFO: [ app_init ] --END-- [ RunTime:0.000347s ]
ERR: 无法加载模块:Upload_temp

[ 2020-03-28T16:24:56+08:00 ] 192.168.1.105 /upload_temp/158538307799913.jpg_200x200.jpg
INFO: [ app_init ] --START--
INFO: Run Behavior\BuildLiteBehavior [ RunTime:0.000005s ]
INFO: [ app_init ] --END-- [ RunTime:0.000307s ]
ERR: 无法加载模块:Upload_temp

[ 2020-03-28T16:24:56+08:00 ] 192.168.1.105 /upload_temp/158538307799913.jpg_200x200.jpg
INFO: [ app_init ] --START--
INFO: Run Behavior\BuildLiteBehavior [ RunTime:0.000005s ]
INFO: [ app_init ] --END-- [ RunTime:0.000397s ]
ERR: 无法加载模块:Upload_temp

[ 2020-03-28T16:24:56+08:00 ] 192.168.1.105 /upload_temp/158538307735309.jpg_200x200.jpg
INFO: [ app_init ] --START--
INFO: Run Behavior\BuildLiteBehavior [ RunTime:0.000005s ]
INFO: [ app_init ] --END-- [ RunTime:0.000418s ]
ERR: 无法加载模块:Upload_temp

[ 2020-03-28T16:24:56+08:00 ] 192.168.1.105 /upload_temp/158538307735309.jpg_200x200.jpg
INFO: [ app_init ] --START--
INFO: Run Behavior\BuildLiteBehavior [ RunTime:0.000005s ]
INFO: [ app_init ] --END-- [ RunTime:0.000321s ]
ERR: 无法加载模块:Upload_temp

[ 2020-03-28T16:24:56+08:00 ] 192.168.1.105 /upload_temp/158538307799913.jpg_200x200.jpg
INFO: [ app_init ] --START--
INFO: Run Behavior\BuildLiteBehavior [ RunTime:0.000005s ]
INFO: [ app_init ] --END-- [ RunTime:0.000308s ]
ERR: 无法加载模块:Upload_temp

[ 2020-03-28T16:24:56+08:00 ] 192.168.1.105 /upload_temp/158538307799913.jpg_200x200.jpg
INFO: [ app_init ] --START--
INFO: Run Behavior\BuildLiteBehavior [ RunTime:0.000006s ]
INFO: [ app_init ] --END-- [ RunTime:0.000417s ]
ERR: 无法加载模块:Upload_temp

[ 2020-03-28T16:24:56+08:00 ] 192.168.1.105 /upload_temp/158538307735309.jpg_200x200.jpg
INFO: [ app_init ] --START--
INFO: Run Behavior\BuildLiteBehavior [ RunTime:0.000006s ]
INFO: [ app_init ] --END-- [ RunTime:0.000500s ]
ERR: 无法加载模块:Upload_temp

[ 2020-03-28T16:24:56+08:00 ] 192.168.1.105 /upload_temp/158538307735309.jpg_200x200.jpg
INFO: [ app_init ] --START--
INFO: Run Behavior\BuildLiteBehavior [ RunTime:0.000006s ]
INFO: [ app_init ] --END-- [ RunTime:0.000407s ]
ERR: 无法加载模块:Upload_temp

[ 2020-03-28T16:24:56+08:00 ] 192.168.1.105 /upload_temp/158538307735309.jpg_200x200.jpg
INFO: [ app_init ] --START--
INFO: Run Behavior\BuildLiteBehavior [ RunTime:0.000006s ]
INFO: [ app_init ] --END-- [ RunTime:0.000394s ]
ERR: 无法加载模块:Upload_temp

[ 2020-03-28T16:24:56+08:00 ] 192.168.1.105 /upload_temp/158538307799913.jpg_200x200.jpg
INFO: [ app_init ] --START--
INFO: Run Behavior\BuildLiteBehavior [ RunTime:0.000005s ]
INFO: [ app_init ] --END-- [ RunTime:0.000325s ]
ERR: 无法加载模块:Upload_temp

[ 2020-03-28T16:24:56+08:00 ] 192.168.1.105 /upload_temp/158538307735309.jpg_200x200.jpg
INFO: [ app_init ] --START--
INFO: Run Behavior\BuildLiteBehavior [ RunTime:0.000004s ]
INFO: [ app_init ] --END-- [ RunTime:0.000302s ]
ERR: 无法加载模块:Upload_temp

[ 2020-03-28T16:24:56+08:00 ] 192.168.1.105 /upload_temp/158538307799913.jpg_200x200.jpg
INFO: [ app_init ] --START--
INFO: Run Behavior\BuildLiteBehavior [ RunTime:0.000008s ]
INFO: [ app_init ] --END-- [ RunTime:0.000485s ]
ERR: 无法加载模块:Upload_temp

[ 2020-03-28T16:24:56+08:00 ] 192.168.1.105 /upload_temp/158538307735309.jpg_200x200.jpg
INFO: [ app_init ] --START--
INFO: Run Behavior\BuildLiteBehavior [ RunTime:0.000006s ]
INFO: [ app_init ] --END-- [ RunTime:0.000558s ]
ERR: 无法加载模块:Upload_temp

[ 2020-03-28T16:24:56+08:00 ] 192.168.1.105 /upload_temp/158538307735309.jpg_200x200.jpg
INFO: [ app_init ] --START--
INFO: Run Behavior\BuildLiteBehavior [ RunTime:0.000005s ]
INFO: [ app_init ] --END-- [ RunTime:0.000300s ]
ERR: 无法加载模块:Upload_temp

[ 2020-03-28T16:24:56+08:00 ] 192.168.1.105 /upload_temp/158538307735309.jpg_200x200.jpg
INFO: [ app_init ] --START--
INFO: Run Behavior\BuildLiteBehavior [ RunTime:0.000009s ]
INFO: [ app_init ] --END-- [ RunTime:0.000381s ]
ERR: 无法加载模块:Upload_temp

[ 2020-03-28T16:24:56+08:00 ] 192.168.1.105 /upload_temp/158538307735309.jpg_200x200.jpg
INFO: [ app_init ] --START--
INFO: Run Behavior\BuildLiteBehavior [ RunTime:0.000005s ]
INFO: [ app_init ] --END-- [ RunTime:0.000317s ]
ERR: 无法加载模块:Upload_temp

[ 2020-03-28T16:24:56+08:00 ] 192.168.1.105 /upload_temp/158538307735309.jpg_200x200.jpg
INFO: [ app_init ] --START--
INFO: Run Behavior\BuildLiteBehavior [ RunTime:0.000004s ]
INFO: [ app_init ] --END-- [ RunTime:0.000328s ]
ERR: 无法加载模块:Upload_temp

[ 2020-03-28T16:24:56+08:00 ] 192.168.1.105 /upload_temp/158538307799913.jpg_200x200.jpg
INFO: [ app_init ] --START--
INFO: Run Behavior\BuildLiteBehavior [ RunTime:0.000005s ]
INFO: [ app_init ] --END-- [ RunTime:0.000347s ]
ERR: 无法加载模块:Upload_temp

[ 2020-03-28T16:24:56+08:00 ] 192.168.1.105 /upload_temp/158538307735309.jpg_200x200.jpg
INFO: [ app_init ] --START--
INFO: Run Behavior\BuildLiteBehavior [ RunTime:0.000004s ]
INFO: [ app_init ] --END-- [ RunTime:0.000299s ]
ERR: 无法加载模块:Upload_temp

[ 2020-03-28T16:24:56+08:00 ] 192.168.1.105 /upload_temp/158538307735309.jpg_200x200.jpg
INFO: [ app_init ] --START--
INFO: Run Behavior\BuildLiteBehavior [ RunTime:0.000006s ]
INFO: [ app_init ] --END-- [ RunTime:0.000315s ]
ERR: 无法加载模块:Upload_temp

[ 2020-03-28T16:24:56+08:00 ] 192.168.1.105 /upload_temp/158538307799913.jpg_200x200.jpg
INFO: [ app_init ] --START--
INFO: Run Behavior\BuildLiteBehavior [ RunTime:0.000004s ]
INFO: [ app_init ] --END-- [ RunTime:0.000335s ]
ERR: 无法加载模块:Upload_temp

[ 2020-03-28T16:24:56+08:00 ] 192.168.1.105 /upload_temp/158538307735309.jpg_200x200.jpg
INFO: [ app_init ] --START--
INFO: Run Behavior\BuildLiteBehavior [ RunTime:0.000005s ]
INFO: [ app_init ] --END-- [ RunTime:0.000346s ]
ERR: 无法加载模块:Upload_temp

[ 2020-03-28T16:26:21+08:00 ] 192.168.1.105 /upload_temp/158538307735309.jpg_200x200.jpg
INFO: [ app_init ] --START--
INFO: Run Behavior\BuildLiteBehavior [ RunTime:0.000006s ]
INFO: [ app_init ] --END-- [ RunTime:0.000421s ]
ERR: 无法加载模块:Upload_temp

[ 2020-03-28T16:26:21+08:00 ] 192.168.1.105 /upload_temp/158538307799913.jpg_200x200.jpg
INFO: [ app_init ] --START--
INFO: Run Behavior\BuildLiteBehavior [ RunTime:0.000007s ]
INFO: [ app_init ] --END-- [ RunTime:0.000686s ]
ERR: 无法加载模块:Upload_temp

[ 2020-03-28T16:26:21+08:00 ] 192.168.1.105 /upload_temp/158538307735309.jpg_200x200.jpg
INFO: [ app_init ] --START--
INFO: Run Behavior\BuildLiteBehavior [ RunTime:0.000006s ]
INFO: [ app_init ] --END-- [ RunTime:0.000331s ]
ERR: 无法加载模块:Upload_temp

[ 2020-03-28T16:26:21+08:00 ] 192.168.1.105 /upload_temp/158538307799913.jpg_200x200.jpg
INFO: [ app_init ] --START--
INFO: Run Behavior\BuildLiteBehavior [ RunTime:0.000006s ]
INFO: [ app_init ] --END-- [ RunTime:0.000467s ]
ERR: 无法加载模块:Upload_temp

[ 2020-03-28T16:26:21+08:00 ] 192.168.1.105 /upload_temp/158538307799913.jpg_200x200.jpg
INFO: [ app_init ] --START--
INFO: Run Behavior\BuildLiteBehavior [ RunTime:0.000005s ]
INFO: [ app_init ] --END-- [ RunTime:0.000358s ]
ERR: 无法加载模块:Upload_temp

[ 2020-03-28T16:26:21+08:00 ] 192.168.1.105 /upload_temp/158538307735309.jpg_200x200.jpg
INFO: [ app_init ] --START--
INFO: Run Behavior\BuildLiteBehavior [ RunTime:0.000006s ]
INFO: [ app_init ] --END-- [ RunTime:0.000349s ]
ERR: 无法加载模块:Upload_temp

[ 2020-03-28T16:26:21+08:00 ] 192.168.1.105 /upload_temp/158538307799913.jpg_200x200.jpg
INFO: [ app_init ] --START--
INFO: Run Behavior\BuildLiteBehavior [ RunTime:0.000005s ]
INFO: [ app_init ] --END-- [ RunTime:0.000306s ]
ERR: 无法加载模块:Upload_temp

[ 2020-03-28T16:26:21+08:00 ] 192.168.1.105 /upload_temp/158538307735309.jpg_200x200.jpg
INFO: [ app_init ] --START--
INFO: Run Behavior\BuildLiteBehavior [ RunTime:0.000005s ]
INFO: [ app_init ] --END-- [ RunTime:0.000354s ]
ERR: 无法加载模块:Upload_temp

[ 2020-03-28T16:26:21+08:00 ] 192.168.1.105 /upload_temp/158538307799913.jpg_200x200.jpg
INFO: [ app_init ] --START--
INFO: Run Behavior\BuildLiteBehavior [ RunTime:0.000019s ]
INFO: [ app_init ] --END-- [ RunTime:0.000430s ]
ERR: 无法加载模块:Upload_temp

[ 2020-03-28T16:26:21+08:00 ] 192.168.1.105 /upload_temp/158538307735309.jpg_200x200.jpg
INFO: [ app_init ] --START--
INFO: Run Behavior\BuildLiteBehavior [ RunTime:0.000006s ]
INFO: [ app_init ] --END-- [ RunTime:0.000332s ]
ERR: 无法加载模块:Upload_temp

[ 2020-03-28T16:26:21+08:00 ] 192.168.1.105 /upload_temp/158538307799913.jpg_200x200.jpg
INFO: [ app_init ] --START--
INFO: Run Behavior\BuildLiteBehavior [ RunTime:0.000005s ]
INFO: [ app_init ] --END-- [ RunTime:0.000382s ]
ERR: 无法加载模块:Upload_temp

[ 2020-03-28T16:26:21+08:00 ] 192.168.1.105 /upload_temp/158538307735309.jpg_200x200.jpg
INFO: [ app_init ] --START--
INFO: Run Behavior\BuildLiteBehavior [ RunTime:0.000005s ]
INFO: [ app_init ] --END-- [ RunTime:0.000367s ]
ERR: 无法加载模块:Upload_temp

[ 2020-03-28T16:26:21+08:00 ] 192.168.1.105 /upload_temp/158538307735309.jpg_200x200.jpg
INFO: [ app_init ] --START--
INFO: Run Behavior\BuildLiteBehavior [ RunTime:0.000005s ]
INFO: [ app_init ] --END-- [ RunTime:0.000362s ]
ERR: 无法加载模块:Upload_temp

[ 2020-03-28T16:26:21+08:00 ] 192.168.1.105 /upload_temp/158538307735309.jpg_200x200.jpg
INFO: [ app_init ] --START--
INFO: Run Behavior\BuildLiteBehavior [ RunTime:0.000004s ]
INFO: [ app_init ] --END-- [ RunTime:0.000299s ]
ERR: 无法加载模块:Upload_temp

[ 2020-03-28T16:26:21+08:00 ] 192.168.1.105 /upload_temp/158538307735309.jpg_200x200.jpg
INFO: [ app_init ] --START--
INFO: Run Behavior\BuildLiteBehavior [ RunTime:0.000005s ]
INFO: [ app_init ] --END-- [ RunTime:0.000310s ]
ERR: 无法加载模块:Upload_temp

[ 2020-03-28T16:26:21+08:00 ] 192.168.1.105 /upload_temp/158538307735309.jpg_200x200.jpg
INFO: [ app_init ] --START--
INFO: Run Behavior\BuildLiteBehavior [ RunTime:0.000004s ]
INFO: [ app_init ] --END-- [ RunTime:0.000299s ]
ERR: 无法加载模块:Upload_temp

[ 2020-03-28T16:26:21+08:00 ] 192.168.1.105 /upload_temp/158538307735309.jpg_200x200.jpg
INFO: [ app_init ] --START--
INFO: Run Behavior\BuildLiteBehavior [ RunTime:0.000005s ]
INFO: [ app_init ] --END-- [ RunTime:0.000307s ]
ERR: 无法加载模块:Upload_temp

[ 2020-03-28T16:26:21+08:00 ] 192.168.1.105 /upload_temp/158538307735309.jpg_200x200.jpg
INFO: [ app_init ] --START--
INFO: Run Behavior\BuildLiteBehavior [ RunTime:0.000024s ]
INFO: [ app_init ] --END-- [ RunTime:0.000378s ]
ERR: 无法加载模块:Upload_temp

[ 2020-03-28T16:26:55+08:00 ] 192.168.1.105 /upload_temp/158538307735309.jpg_200x200.jpg
INFO: [ app_init ] --START--
INFO: Run Behavior\BuildLiteBehavior [ RunTime:0.000005s ]
INFO: [ app_init ] --END-- [ RunTime:0.000386s ]
ERR: 无法加载模块:Upload_temp

[ 2020-03-28T16:26:55+08:00 ] 192.168.1.105 /upload_temp/158538307799913.jpg_200x200.jpg
INFO: [ app_init ] --START--
INFO: Run Behavior\BuildLiteBehavior [ RunTime:0.000006s ]
INFO: [ app_init ] --END-- [ RunTime:0.000432s ]
ERR: 无法加载模块:Upload_temp

[ 2020-03-28T16:26:55+08:00 ] 192.168.1.105 /upload_temp/158538307799913.jpg_200x200.jpg
INFO: [ app_init ] --START--
INFO: Run Behavior\BuildLiteBehavior [ RunTime:0.000005s ]
INFO: [ app_init ] --END-- [ RunTime:0.000332s ]
ERR: 无法加载模块:Upload_temp

[ 2020-03-28T16:26:55+08:00 ] 192.168.1.105 /upload_temp/158538307735309.jpg_200x200.jpg
INFO: [ app_init ] --START--
INFO: Run Behavior\BuildLiteBehavior [ RunTime:0.000005s ]
INFO: [ app_init ] --END-- [ RunTime:0.000313s ]
ERR: 无法加载模块:Upload_temp

[ 2020-03-28T16:26:55+08:00 ] 192.168.1.105 /upload_temp/158538307799913.jpg_200x200.jpg
INFO: [ app_init ] --START--
INFO: Run Behavior\BuildLiteBehavior [ RunTime:0.000005s ]
INFO: [ app_init ] --END-- [ RunTime:0.000354s ]
ERR: 无法加载模块:Upload_temp

[ 2020-03-28T16:26:55+08:00 ] 192.168.1.105 /upload_temp/158538307735309.jpg_200x200.jpg
INFO: [ app_init ] --START--
INFO: Run Behavior\BuildLiteBehavior [ RunTime:0.000004s ]
INFO: [ app_init ] --END-- [ RunTime:0.000357s ]
ERR: 无法加载模块:Upload_temp

[ 2020-03-28T16:26:55+08:00 ] 192.168.1.105 /upload_temp/158538307799913.jpg_200x200.jpg
INFO: [ app_init ] --START--
INFO: Run Behavior\BuildLiteBehavior [ RunTime:0.000004s ]
INFO: [ app_init ] --END-- [ RunTime:0.000296s ]
ERR: 无法加载模块:Upload_temp

[ 2020-03-28T16:26:55+08:00 ] 192.168.1.105 /upload_temp/158538307799913.jpg_200x200.jpg
INFO: [ app_init ] --START--
INFO: Run Behavior\BuildLiteBehavior [ RunTime:0.000005s ]
INFO: [ app_init ] --END-- [ RunTime:0.000315s ]
ERR: 无法加载模块:Upload_temp

[ 2020-03-28T16:26:55+08:00 ] 192.168.1.105 /upload_temp/158538307735309.jpg_200x200.jpg
INFO: [ app_init ] --START--
INFO: Run Behavior\BuildLiteBehavior [ RunTime:0.000005s ]
INFO: [ app_init ] --END-- [ RunTime:0.000418s ]
ERR: 无法加载模块:Upload_temp

[ 2020-03-28T16:26:55+08:00 ] 192.168.1.105 /upload_temp/158538307799913.jpg_200x200.jpg
INFO: [ app_init ] --START--
INFO: Run Behavior\BuildLiteBehavior [ RunTime:0.000005s ]
INFO: [ app_init ] --END-- [ RunTime:0.000297s ]
ERR: 无法加载模块:Upload_temp

[ 2020-03-28T16:26:55+08:00 ] 192.168.1.105 /upload_temp/158538307735309.jpg_200x200.jpg
INFO: [ app_init ] --START--
INFO: Run Behavior\BuildLiteBehavior [ RunTime:0.000004s ]
INFO: [ app_init ] --END-- [ RunTime:0.000364s ]
ERR: 无法加载模块:Upload_temp

[ 2020-03-28T16:26:55+08:00 ] 192.168.1.105 /upload_temp/158538307735309.jpg_200x200.jpg
INFO: [ app_init ] --START--
INFO: Run Behavior\BuildLiteBehavior [ RunTime:0.000005s ]
INFO: [ app_init ] --END-- [ RunTime:0.000311s ]
ERR: 无法加载模块:Upload_temp

[ 2020-03-28T16:26:55+08:00 ] 192.168.1.105 /upload_temp/158538307799913.jpg_200x200.jpg
INFO: [ app_init ] --START--
INFO: Run Behavior\BuildLiteBehavior [ RunTime:0.000005s ]
INFO: [ app_init ] --END-- [ RunTime:0.000305s ]
ERR: 无法加载模块:Upload_temp

[ 2020-03-28T16:26:55+08:00 ] 192.168.1.105 /upload_temp/158538307735309.jpg_200x200.jpg
INFO: [ app_init ] --START--
INFO: Run Behavior\BuildLiteBehavior [ RunTime:0.000006s ]
INFO: [ app_init ] --END-- [ RunTime:0.000298s ]
ERR: 无法加载模块:Upload_temp

[ 2020-03-28T16:27:16+08:00 ] 192.168.1.105 /upload_temp/158538307799913.jpg_200x200.jpg
INFO: [ app_init ] --START--
INFO: Run Behavior\BuildLiteBehavior [ RunTime:0.000006s ]
INFO: [ app_init ] --END-- [ RunTime:0.000337s ]
ERR: 无法加载模块:Upload_temp

[ 2020-03-28T16:27:16+08:00 ] 192.168.1.105 /upload_temp/158538307735309.jpg_200x200.jpg
INFO: [ app_init ] --START--
INFO: Run Behavior\BuildLiteBehavior [ RunTime:0.000009s ]
INFO: [ app_init ] --END-- [ RunTime:0.000728s ]
ERR: 无法加载模块:Upload_temp

[ 2020-03-28T16:27:16+08:00 ] 192.168.1.105 /upload_temp/158538307799913.jpg_200x200.jpg
INFO: [ app_init ] --START--
INFO: Run Behavior\BuildLiteBehavior [ RunTime:0.000009s ]
INFO: [ app_init ] --END-- [ RunTime:0.000515s ]
ERR: 无法加载模块:Upload_temp

[ 2020-03-28T16:27:16+08:00 ] 192.168.1.105 /upload_temp/158538307735309.jpg_200x200.jpg
INFO: [ app_init ] --START--
INFO: Run Behavior\BuildLiteBehavior [ RunTime:0.000006s ]
INFO: [ app_init ] --END-- [ RunTime:0.000417s ]
ERR: 无法加载模块:Upload_temp

[ 2020-03-28T16:27:16+08:00 ] 192.168.1.105 /upload_temp/158538307799913.jpg_200x200.jpg
INFO: [ app_init ] --START--
INFO: Run Behavior\BuildLiteBehavior [ RunTime:0.000005s ]
INFO: [ app_init ] --END-- [ RunTime:0.000330s ]
ERR: 无法加载模块:Upload_temp

[ 2020-03-28T16:27:16+08:00 ] 192.168.1.105 /upload_temp/158538307735309.jpg_200x200.jpg
INFO: [ app_init ] --START--
INFO: Run Behavior\BuildLiteBehavior [ RunTime:0.000009s ]
INFO: [ app_init ] --END-- [ RunTime:0.000518s ]
ERR: 无法加载模块:Upload_temp

[ 2020-03-28T16:27:16+08:00 ] 192.168.1.105 /upload_temp/158538307799913.jpg_200x200.jpg
INFO: [ app_init ] --START--
INFO: Run Behavior\BuildLiteBehavior [ RunTime:0.000006s ]
INFO: [ app_init ] --END-- [ RunTime:0.000375s ]
ERR: 无法加载模块:Upload_temp

[ 2020-03-28T16:27:16+08:00 ] 192.168.1.105 /upload_temp/158538307735309.jpg_200x200.jpg
INFO: [ app_init ] --START--
INFO: Run Behavior\BuildLiteBehavior [ RunTime:0.000009s ]
INFO: [ app_init ] --END-- [ RunTime:0.000598s ]
ERR: 无法加载模块:Upload_temp

[ 2020-03-28T16:27:16+08:00 ] 192.168.1.105 /upload_temp/158538307799913.jpg_200x200.jpg
INFO: [ app_init ] --START--
INFO: Run Behavior\BuildLiteBehavior [ RunTime:0.000005s ]
INFO: [ app_init ] --END-- [ RunTime:0.000299s ]
ERR: 无法加载模块:Upload_temp

[ 2020-03-28T16:27:16+08:00 ] 192.168.1.105 /upload_temp/158538307735309.jpg_200x200.jpg
INFO: [ app_init ] --START--
INFO: Run Behavior\BuildLiteBehavior [ RunTime:0.000022s ]
INFO: [ app_init ] --END-- [ RunTime:0.000441s ]
ERR: 无法加载模块:Upload_temp

[ 2020-03-28T16:27:16+08:00 ] 192.168.1.105 /upload_temp/158538307799913.jpg_200x200.jpg
INFO: [ app_init ] --START--
INFO: Run Behavior\BuildLiteBehavior [ RunTime:0.000007s ]
INFO: [ app_init ] --END-- [ RunTime:0.000354s ]
ERR: 无法加载模块:Upload_temp

[ 2020-03-28T16:27:16+08:00 ] 192.168.1.105 /upload_temp/158538307799913.jpg_200x200.jpg
INFO: [ app_init ] --START--
INFO: Run Behavior\BuildLiteBehavior [ RunTime:0.000004s ]
INFO: [ app_init ] --END-- [ RunTime:0.000291s ]
ERR: 无法加载模块:Upload_temp

[ 2020-03-28T16:40:19+08:00 ] 192.168.1.105 /upload_temp/158538481026938.jpg_200x200.jpg
INFO: [ app_init ] --START--
INFO: Run Behavior\BuildLiteBehavior [ RunTime:0.000010s ]
INFO: [ app_init ] --END-- [ RunTime:0.000906s ]
ERR: 无法加载模块:Upload_temp

[ 2020-03-28T16:40:19+08:00 ] 192.168.1.105 /upload_temp/158538481010383.jpg_200x200.jpg
INFO: [ app_init ] --START--
INFO: Run Behavior\BuildLiteBehavior [ RunTime:0.000010s ]
INFO: [ app_init ] --END-- [ RunTime:0.000697s ]
ERR: 无法加载模块:Upload_temp

[ 2020-03-28T16:40:19+08:00 ] 192.168.1.105 /upload_temp/158538481026938.jpg_200x200.jpg
INFO: [ app_init ] --START--
INFO: Run Behavior\BuildLiteBehavior [ RunTime:0.000009s ]
INFO: [ app_init ] --END-- [ RunTime:0.000477s ]
ERR: 无法加载模块:Upload_temp

[ 2020-03-28T16:40:19+08:00 ] 192.168.1.105 /upload_temp/158538481010383.jpg_200x200.jpg
INFO: [ app_init ] --START--
INFO: Run Behavior\BuildLiteBehavior [ RunTime:0.000006s ]
INFO: [ app_init ] --END-- [ RunTime:0.000394s ]
ERR: 无法加载模块:Upload_temp

[ 2020-03-28T16:40:19+08:00 ] 192.168.1.105 /upload_temp/158538481026938.jpg_200x200.jpg
INFO: [ app_init ] --START--
INFO: Run Behavior\BuildLiteBehavior [ RunTime:0.000008s ]
INFO: [ app_init ] --END-- [ RunTime:0.000496s ]
ERR: 无法加载模块:Upload_temp

[ 2020-03-28T16:40:19+08:00 ] 192.168.1.105 /upload_temp/158538481010383.jpg_200x200.jpg
INFO: [ app_init ] --START--
INFO: Run Behavior\BuildLiteBehavior [ RunTime:0.000008s ]
INFO: [ app_init ] --END-- [ RunTime:0.000436s ]
ERR: 无法加载模块:Upload_temp

[ 2020-03-28T16:40:19+08:00 ] 192.168.1.105 /upload_temp/158538481026938.jpg_200x200.jpg
INFO: [ app_init ] --START--
INFO: Run Behavior\BuildLiteBehavior [ RunTime:0.000006s ]
INFO: [ app_init ] --END-- [ RunTime:0.000376s ]
ERR: 无法加载模块:Upload_temp

[ 2020-03-28T16:40:19+08:00 ] 192.168.1.105 /upload_temp/158538481010383.jpg_200x200.jpg
INFO: [ app_init ] --START--
INFO: Run Behavior\BuildLiteBehavior [ RunTime:0.000008s ]
INFO: [ app_init ] --END-- [ RunTime:0.000445s ]
ERR: 无法加载模块:Upload_temp

[ 2020-03-28T16:40:19+08:00 ] 192.168.1.105 /upload_temp/158538481026938.jpg_200x200.jpg
INFO: [ app_init ] --START--
INFO: Run Behavior\BuildLiteBehavior [ RunTime:0.000010s ]
INFO: [ app_init ] --END-- [ RunTime:0.000567s ]
ERR: 无法加载模块:Upload_temp

[ 2020-03-28T16:40:19+08:00 ] 192.168.1.105 /upload_temp/158538481010383.jpg_200x200.jpg
INFO: [ app_init ] --START--
INFO: Run Behavior\BuildLiteBehavior [ RunTime:0.000012s ]
INFO: [ app_init ] --END-- [ RunTime:0.000572s ]
ERR: 无法加载模块:Upload_temp

[ 2020-03-28T16:40:19+08:00 ] 192.168.1.105 /upload_temp/158538481026938.jpg_200x200.jpg
INFO: [ app_init ] --START--
INFO: Run Behavior\BuildLiteBehavior [ RunTime:0.000010s ]
INFO: [ app_init ] --END-- [ RunTime:0.000510s ]
ERR: 无法加载模块:Upload_temp

[ 2020-03-28T16:40:19+08:00 ] 192.168.1.105 /upload_temp/158538481010383.jpg_200x200.jpg
INFO: [ app_init ] --START--
INFO: Run Behavior\BuildLiteBehavior [ RunTime:0.000013s ]
INFO: [ app_init ] --END-- [ RunTime:0.000416s ]
ERR: 无法加载模块:Upload_temp

[ 2020-03-28T16:40:19+08:00 ] 192.168.1.105 /upload_temp/158538481026938.jpg_200x200.jpg
INFO: [ app_init ] --START--
INFO: Run Behavior\BuildLiteBehavior [ RunTime:0.000008s ]
INFO: [ app_init ] --END-- [ RunTime:0.000341s ]
ERR: 无法加载模块:Upload_temp

[ 2020-03-28T16:40:19+08:00 ] 192.168.1.105 /upload_temp/158538481010383.jpg_200x200.jpg
INFO: [ app_init ] --START--
INFO: Run Behavior\BuildLiteBehavior [ RunTime:0.000005s ]
INFO: [ app_init ] --END-- [ RunTime:0.000359s ]
ERR: 无法加载模块:Upload_temp

[ 2020-03-28T16:40:19+08:00 ] 192.168.1.105 /upload_temp/158538481010383.jpg_200x200.jpg
INFO: [ app_init ] --START--
INFO: Run Behavior\BuildLiteBehavior [ RunTime:0.000006s ]
INFO: [ app_init ] --END-- [ RunTime:0.000446s ]
ERR: 无法加载模块:Upload_temp

[ 2020-03-28T16:40:19+08:00 ] 192.168.1.105 /upload_temp/158538481026938.jpg_200x200.jpg
INFO: [ app_init ] --START--
INFO: Run Behavior\BuildLiteBehavior [ RunTime:0.000007s ]
INFO: [ app_init ] --END-- [ RunTime:0.000443s ]
ERR: 无法加载模块:Upload_temp

[ 2020-03-28T16:40:19+08:00 ] 192.168.1.105 /upload_temp/158538481026938.jpg_200x200.jpg
INFO: [ app_init ] --START--
INFO: Run Behavior\BuildLiteBehavior [ RunTime:0.000006s ]
INFO: [ app_init ] --END-- [ RunTime:0.000302s ]
ERR: 无法加载模块:Upload_temp

[ 2020-03-28T16:40:19+08:00 ] 192.168.1.105 /upload_temp/158538481010383.jpg_200x200.jpg
INFO: [ app_init ] --START--
INFO: Run Behavior\BuildLiteBehavior [ RunTime:0.000008s ]
INFO: [ app_init ] --END-- [ RunTime:0.000452s ]
ERR: 无法加载模块:Upload_temp

[ 2020-03-28T16:40:19+08:00 ] 192.168.1.105 /upload_temp/158538481026938.jpg_200x200.jpg
INFO: [ app_init ] --START--
INFO: Run Behavior\BuildLiteBehavior [ RunTime:0.000005s ]
INFO: [ app_init ] --END-- [ RunTime:0.000365s ]
ERR: 无法加载模块:Upload_temp

[ 2020-03-28T16:40:19+08:00 ] 192.168.1.105 /upload_temp/158538481010383.jpg_200x200.jpg
INFO: [ app_init ] --START--
INFO: Run Behavior\BuildLiteBehavior [ RunTime:0.000007s ]
INFO: [ app_init ] --END-- [ RunTime:0.000418s ]
ERR: 无法加载模块:Upload_temp

[ 2020-03-28T16:40:19+08:00 ] 192.168.1.105 /upload_temp/158538481026938.jpg_200x200.jpg
INFO: [ app_init ] --START--
INFO: Run Behavior\BuildLiteBehavior [ RunTime:0.000005s ]
INFO: [ app_init ] --END-- [ RunTime:0.000494s ]
ERR: 无法加载模块:Upload_temp

[ 2020-03-28T16:40:19+08:00 ] 192.168.1.105 /upload_temp/158538481010383.jpg_200x200.jpg
INFO: [ app_init ] --START--
INFO: Run Behavior\BuildLiteBehavior [ RunTime:0.000005s ]
INFO: [ app_init ] --END-- [ RunTime:0.000372s ]
ERR: 无法加载模块:Upload_temp

[ 2020-03-28T16:40:19+08:00 ] 192.168.1.105 /upload_temp/158538481026938.jpg_200x200.jpg
INFO: [ app_init ] --START--
INFO: Run Behavior\BuildLiteBehavior [ RunTime:0.000005s ]
INFO: [ app_init ] --END-- [ RunTime:0.000333s ]
ERR: 无法加载模块:Upload_temp

[ 2020-03-28T16:40:19+08:00 ] 192.168.1.105 /upload_temp/158538481026938.jpg_200x200.jpg
INFO: [ app_init ] --START--
INFO: Run Behavior\BuildLiteBehavior [ RunTime:0.000005s ]
INFO: [ app_init ] --END-- [ RunTime:0.000400s ]
ERR: 无法加载模块:Upload_temp

[ 2020-03-28T16:40:19+08:00 ] 192.168.1.105 /upload_temp/158538481026938.jpg_200x200.jpg
INFO: [ app_init ] --START--
INFO: Run Behavior\BuildLiteBehavior [ RunTime:0.000005s ]
INFO: [ app_init ] --END-- [ RunTime:0.000311s ]
ERR: 无法加载模块:Upload_temp

[ 2020-03-28T16:40:20+08:00 ] 192.168.1.105 /upload_temp/158538481026938.jpg_200x200.jpg
INFO: [ app_init ] --START--
INFO: Run Behavior\BuildLiteBehavior [ RunTime:0.000005s ]
INFO: [ app_init ] --END-- [ RunTime:0.000307s ]
ERR: 无法加载模块:Upload_temp

[ 2020-03-28T16:40:20+08:00 ] 192.168.1.105 /upload_temp/158538481026938.jpg_200x200.jpg
INFO: [ app_init ] --START--
INFO: Run Behavior\BuildLiteBehavior [ RunTime:0.000006s ]
INFO: [ app_init ] --END-- [ RunTime:0.000402s ]
ERR: 无法加载模块:Upload_temp

[ 2020-03-28T16:40:20+08:00 ] 192.168.1.105 /upload_temp/158538481026938.jpg_200x200.jpg
INFO: [ app_init ] --START--
INFO: Run Behavior\BuildLiteBehavior [ RunTime:0.000006s ]
INFO: [ app_init ] --END-- [ RunTime:0.000309s ]
ERR: 无法加载模块:Upload_temp

[ 2020-03-28T16:40:20+08:00 ] 192.168.1.105 /upload_temp/158538481026938.jpg_200x200.jpg
INFO: [ app_init ] --START--
INFO: Run Behavior\BuildLiteBehavior [ RunTime:0.000010s ]
INFO: [ app_init ] --END-- [ RunTime:0.000504s ]
ERR: 无法加载模块:Upload_temp

[ 2020-03-28T16:40:20+08:00 ] 192.168.1.105 /upload_temp/158538481010383.jpg_200x200.jpg
INFO: [ app_init ] --START--
INFO: Run Behavior\BuildLiteBehavior [ RunTime:0.000005s ]
INFO: [ app_init ] --END-- [ RunTime:0.000305s ]
ERR: 无法加载模块:Upload_temp

[ 2020-03-28T16:40:20+08:00 ] 192.168.1.105 /upload_temp/158538481026938.jpg_200x200.jpg
INFO: [ app_init ] --START--
INFO: Run Behavior\BuildLiteBehavior [ RunTime:0.000004s ]
INFO: [ app_init ] --END-- [ RunTime:0.000338s ]
ERR: 无法加载模块:Upload_temp

[ 2020-03-28T16:40:20+08:00 ] 192.168.1.105 /upload_temp/158538481026938.jpg_200x200.jpg
INFO: [ app_init ] --START--
INFO: Run Behavior\BuildLiteBehavior [ RunTime:0.000005s ]
INFO: [ app_init ] --END-- [ RunTime:0.000302s ]
ERR: 无法加载模块:Upload_temp

[ 2020-03-28T16:40:20+08:00 ] 192.168.1.105 /upload_temp/158538481026938.jpg_200x200.jpg
INFO: [ app_init ] --START--
INFO: Run Behavior\BuildLiteBehavior [ RunTime:0.000005s ]
INFO: [ app_init ] --END-- [ RunTime:0.000390s ]
ERR: 无法加载模块:Upload_temp

[ 2020-03-28T16:40:20+08:00 ] 192.168.1.105 /upload_temp/158538481026938.jpg_200x200.jpg
INFO: [ app_init ] --START--
INFO: Run Behavior\BuildLiteBehavior [ RunTime:0.000005s ]
INFO: [ app_init ] --END-- [ RunTime:0.000336s ]
ERR: 无法加载模块:Upload_temp

[ 2020-03-28T16:40:30+08:00 ] 192.168.1.105 /upload_temp/158538481026938.jpg_200x200.jpg
INFO: [ app_init ] --START--
INFO: Run Behavior\BuildLiteBehavior [ RunTime:0.000005s ]
INFO: [ app_init ] --END-- [ RunTime:0.000475s ]
ERR: 无法加载模块:Upload_temp

[ 2020-03-28T16:40:30+08:00 ] 192.168.1.105 /upload_temp/158538481010383.jpg_200x200.jpg
INFO: [ app_init ] --START--
INFO: Run Behavior\BuildLiteBehavior [ RunTime:0.000007s ]
INFO: [ app_init ] --END-- [ RunTime:0.000711s ]
ERR: 无法加载模块:Upload_temp

[ 2020-03-28T16:40:30+08:00 ] 192.168.1.105 /upload_temp/158538481026938.jpg_200x200.jpg
INFO: [ app_init ] --START--
INFO: Run Behavior\BuildLiteBehavior [ RunTime:0.000007s ]
INFO: [ app_init ] --END-- [ RunTime:0.000434s ]
ERR: 无法加载模块:Upload_temp

[ 2020-03-28T16:40:30+08:00 ] 192.168.1.105 /upload_temp/158538481010383.jpg_200x200.jpg
INFO: [ app_init ] --START--
INFO: Run Behavior\BuildLiteBehavior [ RunTime:0.000010s ]
INFO: [ app_init ] --END-- [ RunTime:0.000546s ]
ERR: 无法加载模块:Upload_temp

[ 2020-03-28T16:40:30+08:00 ] 192.168.1.105 /upload_temp/158538481010383.jpg_200x200.jpg
INFO: [ app_init ] --START--
INFO: Run Behavior\BuildLiteBehavior [ RunTime:0.000005s ]
INFO: [ app_init ] --END-- [ RunTime:0.000364s ]
ERR: 无法加载模块:Upload_temp

[ 2020-03-28T16:40:30+08:00 ] 192.168.1.105 /upload_temp/158538481026938.jpg_200x200.jpg
INFO: [ app_init ] --START--
INFO: Run Behavior\BuildLiteBehavior [ RunTime:0.000006s ]
INFO: [ app_init ] --END-- [ RunTime:0.000461s ]
ERR: 无法加载模块:Upload_temp

[ 2020-03-28T16:40:30+08:00 ] 192.168.1.105 /upload_temp/158538481026938.jpg_200x200.jpg
INFO: [ app_init ] --START--
INFO: Run Behavior\BuildLiteBehavior [ RunTime:0.000009s ]
INFO: [ app_init ] --END-- [ RunTime:0.000492s ]
ERR: 无法加载模块:Upload_temp

[ 2020-03-28T16:40:30+08:00 ] 192.168.1.105 /upload_temp/158538481010383.jpg_200x200.jpg
INFO: [ app_init ] --START--
INFO: Run Behavior\BuildLiteBehavior [ RunTime:0.000007s ]
INFO: [ app_init ] --END-- [ RunTime:0.000523s ]
ERR: 无法加载模块:Upload_temp

[ 2020-03-28T16:40:30+08:00 ] 192.168.1.105 /upload_temp/158538481026938.jpg_200x200.jpg
INFO: [ app_init ] --START--
INFO: Run Behavior\BuildLiteBehavior [ RunTime:0.000011s ]
INFO: [ app_init ] --END-- [ RunTime:0.000631s ]
ERR: 无法加载模块:Upload_temp

[ 2020-03-28T16:40:30+08:00 ] 192.168.1.105 /upload_temp/158538481026938.jpg_200x200.jpg
INFO: [ app_init ] --START--
INFO: Run Behavior\BuildLiteBehavior [ RunTime:0.000009s ]
INFO: [ app_init ] --END-- [ RunTime:0.000472s ]
ERR: 无法加载模块:Upload_temp

[ 2020-03-28T16:40:30+08:00 ] 192.168.1.105 /upload_temp/158538481010383.jpg_200x200.jpg
INFO: [ app_init ] --START--
INFO: Run Behavior\BuildLiteBehavior [ RunTime:0.000024s ]
INFO: [ app_init ] --END-- [ RunTime:0.000467s ]
ERR: 无法加载模块:Upload_temp

[ 2020-03-28T16:40:30+08:00 ] 192.168.1.105 /upload_temp/158538481010383.jpg_200x200.jpg
INFO: [ app_init ] --START--
INFO: Run Behavior\BuildLiteBehavior [ RunTime:0.000005s ]
INFO: [ app_init ] --END-- [ RunTime:0.000309s ]
ERR: 无法加载模块:Upload_temp

[ 2020-03-28T16:40:30+08:00 ] 192.168.1.105 /upload_temp/158538481026938.jpg_200x200.jpg
INFO: [ app_init ] --START--
INFO: Run Behavior\BuildLiteBehavior [ RunTime:0.000008s ]
INFO: [ app_init ] --END-- [ RunTime:0.000492s ]
ERR: 无法加载模块:Upload_temp

[ 2020-03-28T16:40:30+08:00 ] 192.168.1.105 /upload_temp/158538481010383.jpg_200x200.jpg
INFO: [ app_init ] --START--
INFO: Run Behavior\BuildLiteBehavior [ RunTime:0.000008s ]
INFO: [ app_init ] --END-- [ RunTime:0.000440s ]
ERR: 无法加载模块:Upload_temp

[ 2020-03-28T16:40:30+08:00 ] 192.168.1.105 /upload_temp/158538481026938.jpg_200x200.jpg
INFO: [ app_init ] --START--
INFO: Run Behavior\BuildLiteBehavior [ RunTime:0.000006s ]
INFO: [ app_init ] --END-- [ RunTime:0.000451s ]
ERR: 无法加载模块:Upload_temp

[ 2020-03-28T16:40:30+08:00 ] 192.168.1.105 /upload_temp/158538481026938.jpg_200x200.jpg
INFO: [ app_init ] --START--
INFO: Run Behavior\BuildLiteBehavior [ RunTime:0.000029s ]
INFO: [ app_init ] --END-- [ RunTime:0.000364s ]
ERR: 无法加载模块:Upload_temp

[ 2020-03-28T16:40:30+08:00 ] 192.168.1.105 /upload_temp/158538481010383.jpg_200x200.jpg
INFO: [ app_init ] --START--
INFO: Run Behavior\BuildLiteBehavior [ RunTime:0.000006s ]
INFO: [ app_init ] --END-- [ RunTime:0.000362s ]
ERR: 无法加载模块:Upload_temp

[ 2020-03-28T16:40:30+08:00 ] 192.168.1.105 /upload_temp/158538481010383.jpg_200x200.jpg
INFO: [ app_init ] --START--
INFO: Run Behavior\BuildLiteBehavior [ RunTime:0.000005s ]
INFO: [ app_init ] --END-- [ RunTime:0.000326s ]
ERR: 无法加载模块:Upload_temp

[ 2020-03-28T16:40:30+08:00 ] 192.168.1.105 /upload_temp/158538481026938.jpg_200x200.jpg
INFO: [ app_init ] --START--
INFO: Run Behavior\BuildLiteBehavior [ RunTime:0.000004s ]
INFO: [ app_init ] --END-- [ RunTime:0.000349s ]
ERR: 无法加载模块:Upload_temp

[ 2020-03-28T16:40:30+08:00 ] 192.168.1.105 /upload_temp/158538481026938.jpg_200x200.jpg
INFO: [ app_init ] --START--
INFO: Run Behavior\BuildLiteBehavior [ RunTime:0.000006s ]
INFO: [ app_init ] --END-- [ RunTime:0.000369s ]
ERR: 无法加载模块:Upload_temp

[ 2020-03-28T16:40:30+08:00 ] 192.168.1.105 /upload_temp/158538481026938.jpg_200x200.jpg
INFO: [ app_init ] --START--
INFO: Run Behavior\BuildLiteBehavior [ RunTime:0.000005s ]
INFO: [ app_init ] --END-- [ RunTime:0.000310s ]
ERR: 无法加载模块:Upload_temp

[ 2020-03-28T16:40:30+08:00 ] 192.168.1.105 /upload_temp/158538481010383.jpg_200x200.jpg
INFO: [ app_init ] --START--
INFO: Run Behavior\BuildLiteBehavior [ RunTime:0.000005s ]
INFO: [ app_init ] --END-- [ RunTime:0.000296s ]
ERR: 无法加载模块:Upload_temp

[ 2020-03-28T16:40:30+08:00 ] 192.168.1.105 /upload_temp/158538481026938.jpg_200x200.jpg
INFO: [ app_init ] --START--
INFO: Run Behavior\BuildLiteBehavior [ RunTime:0.000007s ]
INFO: [ app_init ] --END-- [ RunTime:0.000313s ]
ERR: 无法加载模块:Upload_temp

[ 2020-03-28T16:40:30+08:00 ] 192.168.1.105 /upload_temp/158538481010383.jpg_200x200.jpg
INFO: [ app_init ] --START--
INFO: Run Behavior\BuildLiteBehavior [ RunTime:0.000004s ]
INFO: [ app_init ] --END-- [ RunTime:0.000308s ]
ERR: 无法加载模块:Upload_temp

[ 2020-03-28T16:40:30+08:00 ] 192.168.1.105 /upload_temp/158538481026938.jpg_200x200.jpg
INFO: [ app_init ] --START--
INFO: Run Behavior\BuildLiteBehavior [ RunTime:0.000004s ]
INFO: [ app_init ] --END-- [ RunTime:0.000293s ]
ERR: 无法加载模块:Upload_temp

[ 2020-03-28T16:40:31+08:00 ] 192.168.1.105 /upload_temp/158538481026938.jpg_200x200.jpg
INFO: [ app_init ] --START--
INFO: Run Behavior\BuildLiteBehavior [ RunTime:0.000005s ]
INFO: [ app_init ] --END-- [ RunTime:0.000335s ]
ERR: 无法加载模块:Upload_temp

[ 2020-03-28T16:40:31+08:00 ] 192.168.1.105 /upload_temp/158538481026938.jpg_200x200.jpg
INFO: [ app_init ] --START--
INFO: Run Behavior\BuildLiteBehavior [ RunTime:0.000008s ]
INFO: [ app_init ] --END-- [ RunTime:0.000588s ]
ERR: 无法加载模块:Upload_temp

[ 2020-03-28T16:40:31+08:00 ] 192.168.1.105 /upload_temp/158538481026938.jpg_200x200.jpg
INFO: [ app_init ] --START--
INFO: Run Behavior\BuildLiteBehavior [ RunTime:0.000008s ]
INFO: [ app_init ] --END-- [ RunTime:0.000565s ]
ERR: 无法加载模块:Upload_temp

[ 2020-03-28T16:40:31+08:00 ] 192.168.1.105 /upload_temp/158538481026938.jpg_200x200.jpg
INFO: [ app_init ] --START--
INFO: Run Behavior\BuildLiteBehavior [ RunTime:0.000005s ]
INFO: [ app_init ] --END-- [ RunTime:0.000387s ]
ERR: 无法加载模块:Upload_temp

[ 2020-03-28T16:40:31+08:00 ] 192.168.1.105 /upload_temp/158538481026938.jpg_200x200.jpg
INFO: [ app_init ] --START--
INFO: Run Behavior\BuildLiteBehavior [ RunTime:0.000004s ]
INFO: [ app_init ] --END-- [ RunTime:0.000311s ]
ERR: 无法加载模块:Upload_temp

[ 2020-03-28T16:40:31+08:00 ] 192.168.1.105 /upload_temp/158538481026938.jpg_200x200.jpg
INFO: [ app_init ] --START--
INFO: Run Behavior\BuildLiteBehavior [ RunTime:0.000008s ]
INFO: [ app_init ] --END-- [ RunTime:0.000415s ]
ERR: 无法加载模块:Upload_temp

[ 2020-03-28T16:40:31+08:00 ] 192.168.1.105 /upload_temp/158538481010383.jpg_200x200.jpg
INFO: [ app_init ] --START--
INFO: Run Behavior\BuildLiteBehavior [ RunTime:0.000008s ]
INFO: [ app_init ] --END-- [ RunTime:0.000447s ]
ERR: 无法加载模块:Upload_temp

[ 2020-03-28T16:40:31+08:00 ] 192.168.1.105 /upload_temp/158538481026938.jpg_200x200.jpg
INFO: [ app_init ] --START--
INFO: Run Behavior\BuildLiteBehavior [ RunTime:0.000008s ]
INFO: [ app_init ] --END-- [ RunTime:0.000542s ]
ERR: 无法加载模块:Upload_temp

[ 2020-03-28T16:40:31+08:00 ] 192.168.1.105 /upload_temp/158538481010383.jpg_200x200.jpg
INFO: [ app_init ] --START--
INFO: Run Behavior\BuildLiteBehavior [ RunTime:0.000005s ]
INFO: [ app_init ] --END-- [ RunTime:0.000319s ]
ERR: 无法加载模块:Upload_temp

[ 2020-03-28T16:40:31+08:00 ] 192.168.1.105 /upload_temp/158538481026938.jpg_200x200.jpg
INFO: [ app_init ] --START--
INFO: Run Behavior\BuildLiteBehavior [ RunTime:0.000010s ]
INFO: [ app_init ] --END-- [ RunTime:0.000558s ]
ERR: 无法加载模块:Upload_temp

[ 2020-03-28T16:40:31+08:00 ] 192.168.1.105 /upload_temp/158538481026938.jpg_200x200.jpg
INFO: [ app_init ] --START--
INFO: Run Behavior\BuildLiteBehavior [ RunTime:0.000005s ]
INFO: [ app_init ] --END-- [ RunTime:0.000301s ]
ERR: 无法加载模块:Upload_temp

[ 2020-03-28T16:40:31+08:00 ] 192.168.1.105 /upload_temp/158538481026938.jpg_200x200.jpg
INFO: [ app_init ] --START--
INFO: Run Behavior\BuildLiteBehavior [ RunTime:0.000011s ]
INFO: [ app_init ] --END-- [ RunTime:0.000337s ]
ERR: 无法加载模块:Upload_temp

[ 2020-03-28T16:40:31+08:00 ] 192.168.1.105 /upload_temp/158538481026938.jpg_200x200.jpg
INFO: [ app_init ] --START--
INFO: Run Behavior\BuildLiteBehavior [ RunTime:0.000008s ]
INFO: [ app_init ] --END-- [ RunTime:0.000478s ]
ERR: 无法加载模块:Upload_temp

