[ 2020-03-25T22:26:21+08:00 ] 192.168.1.104 /upload_temp/158514637183230.jpg_200x200.jpg
INFO: [ app_init ] --START--
INFO: Run Behavior\BuildLiteBehavior [ RunTime:0.000020s ]
INFO: [ app_init ] --END-- [ RunTime:0.000528s ]
ERR: 无法加载模块:Upload_temp

[ 2020-03-25T22:26:21+08:00 ] 192.168.1.104 /upload_temp/158514637125192.jpg_200x200.jpg
INFO: [ app_init ] --START--
INFO: Run Behavior\BuildLiteBehavior [ RunTime:0.000009s ]
INFO: [ app_init ] --END-- [ RunTime:0.000492s ]
ERR: 无法加载模块:Upload_temp

[ 2020-03-25T22:26:21+08:00 ] 192.168.1.104 /upload_temp/158514637183230.jpg_200x200.jpg
INFO: [ app_init ] --START--
INFO: Run Behavior\BuildLiteBehavior [ RunTime:0.000008s ]
INFO: [ app_init ] --END-- [ RunTime:0.000453s ]
ERR: 无法加载模块:Upload_temp

[ 2020-03-25T22:26:21+08:00 ] 192.168.1.104 /upload_temp/158514637183230.jpg_200x200.jpg
INFO: [ app_init ] --START--
INFO: Run Behavior\BuildLiteBehavior [ RunTime:0.000019s ]
INFO: [ app_init ] --END-- [ RunTime:0.000425s ]
ERR: 无法加载模块:Upload_temp

[ 2020-03-25T22:26:21+08:00 ] 192.168.1.104 /upload_temp/158514637125192.jpg_200x200.jpg
INFO: [ app_init ] --START--
INFO: Run Behavior\BuildLiteBehavior [ RunTime:0.000007s ]
INFO: [ app_init ] --END-- [ RunTime:0.000447s ]
ERR: 无法加载模块:Upload_temp

[ 2020-03-25T22:26:21+08:00 ] 192.168.1.104 /upload_temp/158514637125192.jpg_200x200.jpg
INFO: [ app_init ] --START--
INFO: Run Behavior\BuildLiteBehavior [ RunTime:0.000007s ]
INFO: [ app_init ] --END-- [ RunTime:0.000461s ]
ERR: 无法加载模块:Upload_temp

[ 2020-03-25T22:26:21+08:00 ] 192.168.1.104 /upload_temp/158514637183230.jpg_200x200.jpg
INFO: [ app_init ] --START--
INFO: Run Behavior\BuildLiteBehavior [ RunTime:0.000008s ]
INFO: [ app_init ] --END-- [ RunTime:0.000536s ]
ERR: 无法加载模块:Upload_temp

[ 2020-03-25T22:26:21+08:00 ] 192.168.1.104 /upload_temp/158514637125192.jpg_200x200.jpg
INFO: [ app_init ] --START--
INFO: Run Behavior\BuildLiteBehavior [ RunTime:0.000008s ]
INFO: [ app_init ] --END-- [ RunTime:0.000476s ]
ERR: 无法加载模块:Upload_temp

[ 2020-03-25T22:26:21+08:00 ] 192.168.1.104 /upload_temp/158514637125192.jpg_200x200.jpg
INFO: [ app_init ] --START--
INFO: Run Behavior\BuildLiteBehavior [ RunTime:0.000008s ]
INFO: [ app_init ] --END-- [ RunTime:0.000523s ]
ERR: 无法加载模块:Upload_temp

[ 2020-03-25T22:26:21+08:00 ] 192.168.1.104 /upload_temp/158514637125192.jpg_200x200.jpg
INFO: [ app_init ] --START--
INFO: Run Behavior\BuildLiteBehavior [ RunTime:0.000006s ]
INFO: [ app_init ] --END-- [ RunTime:0.000379s ]
ERR: 无法加载模块:Upload_temp

[ 2020-03-25T22:26:21+08:00 ] 192.168.1.104 /upload_temp/158514637183230.jpg_200x200.jpg
INFO: [ app_init ] --START--
INFO: Run Behavior\BuildLiteBehavior [ RunTime:0.000008s ]
INFO: [ app_init ] --END-- [ RunTime:0.000431s ]
ERR: 无法加载模块:Upload_temp

[ 2020-03-25T22:26:21+08:00 ] 192.168.1.104 /upload_temp/158514637125192.jpg_200x200.jpg
INFO: [ app_init ] --START--
INFO: Run Behavior\BuildLiteBehavior [ RunTime:0.000011s ]
INFO: [ app_init ] --END-- [ RunTime:0.000499s ]
ERR: 无法加载模块:Upload_temp

[ 2020-03-25T22:26:21+08:00 ] 192.168.1.104 /upload_temp/158514637183230.jpg_200x200.jpg
INFO: [ app_init ] --START--
INFO: Run Behavior\BuildLiteBehavior [ RunTime:0.000007s ]
INFO: [ app_init ] --END-- [ RunTime:0.000483s ]
ERR: 无法加载模块:Upload_temp

[ 2020-03-25T22:26:21+08:00 ] 192.168.1.104 /upload_temp/158514637183230.jpg_200x200.jpg
INFO: [ app_init ] --START--
INFO: Run Behavior\BuildLiteBehavior [ RunTime:0.000008s ]
INFO: [ app_init ] --END-- [ RunTime:0.000456s ]
ERR: 无法加载模块:Upload_temp

[ 2020-03-25T22:26:21+08:00 ] 192.168.1.104 /upload_temp/158514637125192.jpg_200x200.jpg
INFO: [ app_init ] --START--
INFO: Run Behavior\BuildLiteBehavior [ RunTime:0.000005s ]
INFO: [ app_init ] --END-- [ RunTime:0.000479s ]
ERR: 无法加载模块:Upload_temp

[ 2020-03-25T22:26:21+08:00 ] 192.168.1.104 /upload_temp/158514637125192.jpg_200x200.jpg
INFO: [ app_init ] --START--
INFO: Run Behavior\BuildLiteBehavior [ RunTime:0.000006s ]
INFO: [ app_init ] --END-- [ RunTime:0.000446s ]
ERR: 无法加载模块:Upload_temp

[ 2020-03-25T22:26:21+08:00 ] 192.168.1.104 /upload_temp/158514637183230.jpg_200x200.jpg
INFO: [ app_init ] --START--
INFO: Run Behavior\BuildLiteBehavior [ RunTime:0.000005s ]
INFO: [ app_init ] --END-- [ RunTime:0.000303s ]
ERR: 无法加载模块:Upload_temp

[ 2020-03-25T22:26:21+08:00 ] 192.168.1.104 /upload_temp/158514637125192.jpg_200x200.jpg
INFO: [ app_init ] --START--
INFO: Run Behavior\BuildLiteBehavior [ RunTime:0.000005s ]
INFO: [ app_init ] --END-- [ RunTime:0.000429s ]
ERR: 无法加载模块:Upload_temp

[ 2020-03-25T22:26:21+08:00 ] 192.168.1.104 /upload_temp/158514637125192.jpg_200x200.jpg
INFO: [ app_init ] --START--
INFO: Run Behavior\BuildLiteBehavior [ RunTime:0.000007s ]
INFO: [ app_init ] --END-- [ RunTime:0.000443s ]
ERR: 无法加载模块:Upload_temp

[ 2020-03-25T22:26:21+08:00 ] 192.168.1.104 /upload_temp/158514637125192.jpg_200x200.jpg
INFO: [ app_init ] --START--
INFO: Run Behavior\BuildLiteBehavior [ RunTime:0.000005s ]
INFO: [ app_init ] --END-- [ RunTime:0.000308s ]
ERR: 无法加载模块:Upload_temp

[ 2020-03-25T22:26:21+08:00 ] 192.168.1.104 /upload_temp/158514637125192.jpg_200x200.jpg
INFO: [ app_init ] --START--
INFO: Run Behavior\BuildLiteBehavior [ RunTime:0.000006s ]
INFO: [ app_init ] --END-- [ RunTime:0.000458s ]
ERR: 无法加载模块:Upload_temp

[ 2020-03-25T22:26:21+08:00 ] 192.168.1.104 /upload_temp/158514637125192.jpg_200x200.jpg
INFO: [ app_init ] --START--
INFO: Run Behavior\BuildLiteBehavior [ RunTime:0.000008s ]
INFO: [ app_init ] --END-- [ RunTime:0.000504s ]
ERR: 无法加载模块:Upload_temp

[ 2020-03-25T22:26:21+08:00 ] 192.168.1.104 /upload_temp/158514637183230.jpg_200x200.jpg
INFO: [ app_init ] --START--
INFO: Run Behavior\BuildLiteBehavior [ RunTime:0.000007s ]
INFO: [ app_init ] --END-- [ RunTime:0.000481s ]
ERR: 无法加载模块:Upload_temp

