[ 2020-02-18T11:21:05+08:00 ] 127.0.0.1 /api/user/reg
INFO: [ app_init ] --START--
INFO: Run Behavior\BuildLiteBehavior [ RunTime:0.000007s ]
INFO: [ app_init ] --END-- [ RunTime:0.000803s ]
INFO: [ app_begin ] --START--
INFO: Run Behavior\ReadHtmlCacheBehavior [ RunTime:0.000758s ]
INFO: [ app_begin ] --END-- [ RunTime:0.000783s ]
NOTIC: [2] Declaration of Admin\Logic\UserLogic::delete($uid) should be compatible with Think\Model::delete($options = Array) D:\360\www2\xianyu\Application\Admin\Logic\UserLogic.class.php 第 6 行.
NOTIC: [2] Declaration of Admin\Logic\UserLogic::find($uid) should be compatible with Think\Model::find($options = Array) D:\360\www2\xianyu\Application\Admin\Logic\UserLogic.class.php 第 6 行.
SQL: SHOW COLUMNS FROM `tp_user` [ RunTime:0.0131s ]
SQL: SHOW COLUMNS FROM `tp_user` [ RunTime:0.0094s ]
SQL: SELECT COUNT(*) AS tp_count FROM `tp_user` WHERE `username` = '123' LIMIT 1   [ RunTime:0.0003s ]
INFO: [ app_end ] --START--
INFO: Run Behavior\ShowPageTraceBehavior [ RunTime:0.000879s ]
INFO: [ app_end ] --END-- [ RunTime:0.000897s ]

[ 2020-02-18T11:21:25+08:00 ] 127.0.0.1 /api/user/reg
INFO: [ app_init ] --START--
INFO: Run Behavior\BuildLiteBehavior [ RunTime:0.000006s ]
INFO: [ app_init ] --END-- [ RunTime:0.000308s ]
INFO: [ app_begin ] --START--
INFO: Run Behavior\ReadHtmlCacheBehavior [ RunTime:0.000393s ]
INFO: [ app_begin ] --END-- [ RunTime:0.000411s ]
NOTIC: [2] Declaration of Admin\Logic\UserLogic::delete($uid) should be compatible with Think\Model::delete($options = Array) D:\360\www2\xianyu\Application\Admin\Logic\UserLogic.class.php 第 6 行.
NOTIC: [2] Declaration of Admin\Logic\UserLogic::find($uid) should be compatible with Think\Model::find($options = Array) D:\360\www2\xianyu\Application\Admin\Logic\UserLogic.class.php 第 6 行.
SQL: SHOW COLUMNS FROM `tp_user` [ RunTime:0.0165s ]
SQL: SHOW COLUMNS FROM `tp_user` [ RunTime:0.0091s ]
SQL: SELECT COUNT(*) AS tp_count FROM `tp_user` WHERE `username` = '13' LIMIT 1   [ RunTime:0.0004s ]
SQL: SELECT COUNT(*) AS tp_count FROM `tp_user` WHERE `tel` = '123' LIMIT 1   [ RunTime:0.0002s ]
INFO: [ app_end ] --START--
INFO: Run Behavior\ShowPageTraceBehavior [ RunTime:0.000966s ]
INFO: [ app_end ] --END-- [ RunTime:0.001023s ]

[ 2020-02-18T11:21:52+08:00 ] 127.0.0.1 /api/user/reg
INFO: [ app_init ] --START--
INFO: Run Behavior\BuildLiteBehavior [ RunTime:0.000010s ]
INFO: [ app_init ] --END-- [ RunTime:0.000859s ]
INFO: [ app_begin ] --START--
INFO: Run Behavior\ReadHtmlCacheBehavior [ RunTime:0.000544s ]
INFO: [ app_begin ] --END-- [ RunTime:0.000575s ]
NOTIC: [2] Declaration of Admin\Logic\UserLogic::delete($uid) should be compatible with Think\Model::delete($options = Array) D:\360\www2\xianyu\Application\Admin\Logic\UserLogic.class.php 第 6 行.
NOTIC: [2] Declaration of Admin\Logic\UserLogic::find($uid) should be compatible with Think\Model::find($options = Array) D:\360\www2\xianyu\Application\Admin\Logic\UserLogic.class.php 第 6 行.
SQL: SHOW COLUMNS FROM `tp_user` [ RunTime:0.0156s ]
SQL: SHOW COLUMNS FROM `tp_user` [ RunTime:0.0057s ]
SQL: SELECT COUNT(*) AS tp_count FROM `tp_user` WHERE `username` = '13' LIMIT 1   [ RunTime:0.0005s ]
SQL: SELECT COUNT(*) AS tp_count FROM `tp_user` WHERE `tel` = '23' LIMIT 1   [ RunTime:0.0004s ]
SQL: SHOW COLUMNS FROM `tp_user` [ RunTime:0.0047s ]
NOTIC: [8] Undefined index: validate D:\360\www2\xianyu\ThinkPHP\Library\Think\Model.class.php 第 1185 行.
NOTIC: [8] Undefined index: auto D:\360\www2\xianyu\ThinkPHP\Library\Think\Model.class.php 第 1128 行.
SQL: INSERT INTO `tp_user` (`username`,`tel`,`password`) VALUES ('13','23','2123') [ RunTime:0.3275s ]
INFO: [ app_end ] --START--
INFO: Run Behavior\ShowPageTraceBehavior [ RunTime:0.000962s ]
INFO: [ app_end ] --END-- [ RunTime:0.001000s ]

[ 2020-02-18T11:25:14+08:00 ] 127.0.0.1 /api/user/reg
INFO: [ app_init ] --START--
INFO: Run Behavior\BuildLiteBehavior [ RunTime:0.000009s ]
INFO: [ app_init ] --END-- [ RunTime:0.000524s ]
INFO: [ app_begin ] --START--
INFO: Run Behavior\ReadHtmlCacheBehavior [ RunTime:0.000742s ]
INFO: [ app_begin ] --END-- [ RunTime:0.000764s ]
NOTIC: [2] Declaration of Admin\Logic\UserLogic::delete($uid) should be compatible with Think\Model::delete($options = Array) D:\360\www2\xianyu\Application\Admin\Logic\UserLogic.class.php 第 6 行.
NOTIC: [2] Declaration of Admin\Logic\UserLogic::find($uid) should be compatible with Think\Model::find($options = Array) D:\360\www2\xianyu\Application\Admin\Logic\UserLogic.class.php 第 6 行.
SQL: SHOW COLUMNS FROM `tp_user` [ RunTime:0.0143s ]
SQL: SHOW COLUMNS FROM `tp_user` [ RunTime:0.0145s ]
SQL: SELECT COUNT(*) AS tp_count FROM `tp_user` WHERE `username` = '13' LIMIT 1   [ RunTime:0.0004s ]
SQL: SELECT COUNT(*) AS tp_count FROM `tp_user` WHERE `tel` = '23' LIMIT 1   [ RunTime:0.0003s ]
SQL: SHOW COLUMNS FROM `tp_user` [ RunTime:0.0052s ]
NOTIC: [8] Undefined index: validate D:\360\www2\xianyu\ThinkPHP\Library\Think\Model.class.php 第 1185 行.
NOTIC: [8] Undefined index: auto D:\360\www2\xianyu\ThinkPHP\Library\Think\Model.class.php 第 1128 行.
SQL: INSERT INTO `tp_user` (`username`,`tel`,`password`,`created`) VALUES ('13','23','2123','1581996314') [ RunTime:0.0711s ]
INFO: [ app_end ] --START--
INFO: Run Behavior\ShowPageTraceBehavior [ RunTime:0.000917s ]
INFO: [ app_end ] --END-- [ RunTime:0.000935s ]

[ 2020-02-18T11:37:12+08:00 ] 127.0.0.1 /api/user/reg
INFO: [ app_init ] --START--
INFO: Run Behavior\BuildLiteBehavior [ RunTime:0.000011s ]
INFO: [ app_init ] --END-- [ RunTime:0.000984s ]
INFO: [ app_begin ] --START--
INFO: Run Behavior\ReadHtmlCacheBehavior [ RunTime:0.001242s ]
INFO: [ app_begin ] --END-- [ RunTime:0.001273s ]
NOTIC: [2] Declaration of Admin\Logic\UserLogic::delete($uid) should be compatible with Think\Model::delete($options = Array) D:\360\www2\xianyu\Application\Admin\Logic\UserLogic.class.php 第 6 行.
NOTIC: [2] Declaration of Admin\Logic\UserLogic::find($uid) should be compatible with Think\Model::find($options = Array) D:\360\www2\xianyu\Application\Admin\Logic\UserLogic.class.php 第 6 行.
SQL: SHOW COLUMNS FROM `tp_user` [ RunTime:0.0190s ]
SQL: SHOW COLUMNS FROM `tp_user` [ RunTime:0.0048s ]
SQL: SELECT COUNT(*) AS tp_count FROM `tp_user` WHERE `username` = '13' LIMIT 1   [ RunTime:0.0003s ]
SQL: SELECT COUNT(*) AS tp_count FROM `tp_user` WHERE `tel` = '23' LIMIT 1   [ RunTime:0.0003s ]
SQL: SHOW COLUMNS FROM `tp_user` [ RunTime:0.0064s ]
NOTIC: [8] Undefined index: validate D:\360\www2\xianyu\ThinkPHP\Library\Think\Model.class.php 第 1185 行.
NOTIC: [8] Undefined index: auto D:\360\www2\xianyu\ThinkPHP\Library\Think\Model.class.php 第 1128 行.
SQL: INSERT INTO `tp_user` (`username`,`tel`,`password`,`created`) VALUES ('13','23','2123','1581997031') [ RunTime:0.3442s ]
INFO: [ app_end ] --START--
INFO: Run Behavior\ShowPageTraceBehavior [ RunTime:0.002468s ]
INFO: [ app_end ] --END-- [ RunTime:0.002554s ]

[ 2020-02-18T11:37:17+08:00 ] 127.0.0.1 /api/user/reg
INFO: [ app_init ] --START--
INFO: Run Behavior\BuildLiteBehavior [ RunTime:0.000005s ]
INFO: [ app_init ] --END-- [ RunTime:0.000288s ]
INFO: [ app_begin ] --START--
INFO: Run Behavior\ReadHtmlCacheBehavior [ RunTime:0.000377s ]
INFO: [ app_begin ] --END-- [ RunTime:0.000397s ]
NOTIC: [2] Declaration of Admin\Logic\UserLogic::delete($uid) should be compatible with Think\Model::delete($options = Array) D:\360\www2\xianyu\Application\Admin\Logic\UserLogic.class.php 第 6 行.
NOTIC: [2] Declaration of Admin\Logic\UserLogic::find($uid) should be compatible with Think\Model::find($options = Array) D:\360\www2\xianyu\Application\Admin\Logic\UserLogic.class.php 第 6 行.
SQL: SHOW COLUMNS FROM `tp_user` [ RunTime:0.0137s ]
SQL: SHOW COLUMNS FROM `tp_user` [ RunTime:0.0065s ]
SQL: SELECT COUNT(*) AS tp_count FROM `tp_user` WHERE `username` = '13' LIMIT 1   [ RunTime:0.0003s ]
INFO: [ app_end ] --START--
INFO: Run Behavior\ShowPageTraceBehavior [ RunTime:0.000512s ]
INFO: [ app_end ] --END-- [ RunTime:0.000529s ]

[ 2020-02-18T11:37:24+08:00 ] 127.0.0.1 /api/user/reg
INFO: [ app_init ] --START--
INFO: Run Behavior\BuildLiteBehavior [ RunTime:0.000004s ]
INFO: [ app_init ] --END-- [ RunTime:0.000290s ]
INFO: [ app_begin ] --START--
INFO: Run Behavior\ReadHtmlCacheBehavior [ RunTime:0.000479s ]
INFO: [ app_begin ] --END-- [ RunTime:0.000506s ]
NOTIC: [2] Declaration of Admin\Logic\UserLogic::delete($uid) should be compatible with Think\Model::delete($options = Array) D:\360\www2\xianyu\Application\Admin\Logic\UserLogic.class.php 第 6 行.
NOTIC: [2] Declaration of Admin\Logic\UserLogic::find($uid) should be compatible with Think\Model::find($options = Array) D:\360\www2\xianyu\Application\Admin\Logic\UserLogic.class.php 第 6 行.
SQL: SHOW COLUMNS FROM `tp_user` [ RunTime:0.0202s ]
SQL: SHOW COLUMNS FROM `tp_user` [ RunTime:0.0046s ]
SQL: SELECT COUNT(*) AS tp_count FROM `tp_user` WHERE `username` = '3' LIMIT 1   [ RunTime:0.0003s ]
SQL: SELECT COUNT(*) AS tp_count FROM `tp_user` WHERE `tel` = '123' LIMIT 1   [ RunTime:0.0003s ]
INFO: [ app_end ] --START--
INFO: Run Behavior\ShowPageTraceBehavior [ RunTime:0.000500s ]
INFO: [ app_end ] --END-- [ RunTime:0.000520s ]

[ 2020-02-18T11:37:30+08:00 ] 127.0.0.1 /api/user/reg
INFO: [ app_init ] --START--
INFO: Run Behavior\BuildLiteBehavior [ RunTime:0.000006s ]
INFO: [ app_init ] --END-- [ RunTime:0.000392s ]
INFO: [ app_begin ] --START--
INFO: Run Behavior\ReadHtmlCacheBehavior [ RunTime:0.000414s ]
INFO: [ app_begin ] --END-- [ RunTime:0.000435s ]
NOTIC: [2] Declaration of Admin\Logic\UserLogic::delete($uid) should be compatible with Think\Model::delete($options = Array) D:\360\www2\xianyu\Application\Admin\Logic\UserLogic.class.php 第 6 行.
NOTIC: [2] Declaration of Admin\Logic\UserLogic::find($uid) should be compatible with Think\Model::find($options = Array) D:\360\www2\xianyu\Application\Admin\Logic\UserLogic.class.php 第 6 行.
SQL: SHOW COLUMNS FROM `tp_user` [ RunTime:0.0140s ]
SQL: SHOW COLUMNS FROM `tp_user` [ RunTime:0.0056s ]
SQL: SELECT COUNT(*) AS tp_count FROM `tp_user` WHERE `username` = '3' LIMIT 1   [ RunTime:0.0003s ]
SQL: SELECT COUNT(*) AS tp_count FROM `tp_user` WHERE `tel` = '13' LIMIT 1   [ RunTime:0.0003s ]
SQL: SHOW COLUMNS FROM `tp_user` [ RunTime:0.0049s ]
NOTIC: [8] Undefined index: validate D:\360\www2\xianyu\ThinkPHP\Library\Think\Model.class.php 第 1185 行.
NOTIC: [8] Undefined index: auto D:\360\www2\xianyu\ThinkPHP\Library\Think\Model.class.php 第 1128 行.
SQL: INSERT INTO `tp_user` (`username`,`tel`,`password`,`created`) VALUES ('3','13','2123','1581997050') [ RunTime:0.0636s ]
INFO: [ app_end ] --START--
INFO: Run Behavior\ShowPageTraceBehavior [ RunTime:0.000580s ]
INFO: [ app_end ] --END-- [ RunTime:0.000600s ]

[ 2020-02-18T11:59:58+08:00 ] 127.0.0.1 /api/item/post
INFO: [ app_init ] --START--
INFO: Run Behavior\BuildLiteBehavior [ RunTime:0.000006s ]
INFO: [ app_init ] --END-- [ RunTime:0.000745s ]
INFO: [ app_begin ] --START--
INFO: Run Behavior\ReadHtmlCacheBehavior [ RunTime:0.000725s ]
INFO: [ app_begin ] --END-- [ RunTime:0.000748s ]
NOTIC: [2] Declaration of Admin\Logic\ItemLogic::delete($id) should be compatible with Think\Model::delete($options = Array) D:\360\www2\xianyu\Application\Admin\Logic\ItemLogic.class.php 第 6 行.
NOTIC: [2] Declaration of Admin\Logic\ItemLogic::find($id) should be compatible with Think\Model::find($options = Array) D:\360\www2\xianyu\Application\Admin\Logic\ItemLogic.class.php 第 6 行.
SQL: SHOW COLUMNS FROM `tp_item` [ RunTime:0.0242s ]
SQL: SHOW COLUMNS FROM `tp_item` [ RunTime:0.0143s ]
NOTIC: [8] Undefined index: validate D:\360\www2\xianyu\ThinkPHP\Library\Think\Model.class.php 第 1185 行.
NOTIC: [8] Undefined index: auto D:\360\www2\xianyu\ThinkPHP\Library\Think\Model.class.php 第 1128 行.
SQL: INSERT INTO `tp_item` (`title`,`content`,`price`,`cateId1`,`cateId2`,`uid`,`username`) VALUES ('测试商品','测试内容','120','1','6','1','123') [ RunTime:0.0557s ]
INFO: [ app_end ] --START--
INFO: Run Behavior\ShowPageTraceBehavior [ RunTime:0.001141s ]
INFO: [ app_end ] --END-- [ RunTime:0.001162s ]

[ 2020-02-18T12:02:18+08:00 ] 127.0.0.1 /api/item/post
INFO: [ app_init ] --START--
INFO: Run Behavior\BuildLiteBehavior [ RunTime:0.000005s ]
INFO: [ app_init ] --END-- [ RunTime:0.000444s ]
INFO: [ app_begin ] --START--
INFO: Run Behavior\ReadHtmlCacheBehavior [ RunTime:0.000655s ]
INFO: [ app_begin ] --END-- [ RunTime:0.000675s ]
NOTIC: [2] Declaration of Admin\Logic\ItemLogic::delete($id) should be compatible with Think\Model::delete($options = Array) D:\360\www2\xianyu\Application\Admin\Logic\ItemLogic.class.php 第 6 行.
NOTIC: [2] Declaration of Admin\Logic\ItemLogic::find($id) should be compatible with Think\Model::find($options = Array) D:\360\www2\xianyu\Application\Admin\Logic\ItemLogic.class.php 第 6 行.
SQL: SHOW COLUMNS FROM `tp_item` [ RunTime:0.0159s ]
SQL: SHOW COLUMNS FROM `tp_item` [ RunTime:0.0048s ]
NOTIC: [8] Undefined index: validate D:\360\www2\xianyu\ThinkPHP\Library\Think\Model.class.php 第 1185 行.
NOTIC: [8] Undefined index: auto D:\360\www2\xianyu\ThinkPHP\Library\Think\Model.class.php 第 1128 行.
SQL: INSERT INTO `tp_item` (`title`,`content`,`price`,`cateId1`,`cateId2`,`uid`,`username`) VALUES ('测试商品','测试内容','120','1','6','1','123') [ RunTime:0.0938s ]
INFO: [ app_end ] --START--
INFO: Run Behavior\ShowPageTraceBehavior [ RunTime:0.001244s ]
INFO: [ app_end ] --END-- [ RunTime:0.001274s ]

[ 2020-02-18T12:07:30+08:00 ] 127.0.0.1 /api/item/post
INFO: [ app_init ] --START--
INFO: Run Behavior\BuildLiteBehavior [ RunTime:0.000006s ]
INFO: [ app_init ] --END-- [ RunTime:0.000683s ]
INFO: [ app_begin ] --START--
INFO: Run Behavior\ReadHtmlCacheBehavior [ RunTime:0.000817s ]
INFO: [ app_begin ] --END-- [ RunTime:0.000839s ]
NOTIC: [2] Declaration of Admin\Logic\ItemLogic::delete($id) should be compatible with Think\Model::delete($options = Array) D:\360\www2\xianyu\Application\Admin\Logic\ItemLogic.class.php 第 6 行.
NOTIC: [2] Declaration of Admin\Logic\ItemLogic::find($id) should be compatible with Think\Model::find($options = Array) D:\360\www2\xianyu\Application\Admin\Logic\ItemLogic.class.php 第 6 行.
SQL: SHOW COLUMNS FROM `tp_item` [ RunTime:0.0205s ]
SQL: SHOW COLUMNS FROM `tp_item` [ RunTime:0.0060s ]
NOTIC: [8] Undefined index: validate D:\360\www2\xianyu\ThinkPHP\Library\Think\Model.class.php 第 1185 行.
NOTIC: [8] Undefined index: auto D:\360\www2\xianyu\ThinkPHP\Library\Think\Model.class.php 第 1128 行.
SQL: INSERT INTO `tp_item` (`title`,`content`,`price`,`cateId1`,`cateId2`,`uid`,`username`,`created`) VALUES ('测试商品','测试内容','120','1','6','1','123','1581998850') [ RunTime:0.0470s ]
INFO: [ app_end ] --START--
INFO: Run Behavior\ShowPageTraceBehavior [ RunTime:0.001706s ]
INFO: [ app_end ] --END-- [ RunTime:0.001738s ]

[ 2020-02-18T12:08:05+08:00 ] 127.0.0.1 /api/item/post
INFO: [ app_init ] --START--
INFO: Run Behavior\BuildLiteBehavior [ RunTime:0.000004s ]
INFO: [ app_init ] --END-- [ RunTime:0.000287s ]
INFO: [ app_begin ] --START--
INFO: Run Behavior\ReadHtmlCacheBehavior [ RunTime:0.000486s ]
INFO: [ app_begin ] --END-- [ RunTime:0.000507s ]
NOTIC: [2] Declaration of Admin\Logic\ItemLogic::delete($id) should be compatible with Think\Model::delete($options = Array) D:\360\www2\xianyu\Application\Admin\Logic\ItemLogic.class.php 第 6 行.
NOTIC: [2] Declaration of Admin\Logic\ItemLogic::find($id) should be compatible with Think\Model::find($options = Array) D:\360\www2\xianyu\Application\Admin\Logic\ItemLogic.class.php 第 6 行.
SQL: SHOW COLUMNS FROM `tp_item` [ RunTime:0.0140s ]
SQL: SHOW COLUMNS FROM `tp_item` [ RunTime:0.0561s ]
NOTIC: [8] Undefined index: validate D:\360\www2\xianyu\ThinkPHP\Library\Think\Model.class.php 第 1185 行.
NOTIC: [8] Undefined index: auto D:\360\www2\xianyu\ThinkPHP\Library\Think\Model.class.php 第 1128 行.
SQL: INSERT INTO `tp_item` (`title`,`content`,`price`,`cateId1`,`cateId2`,`uid`,`username`,`created`) VALUES ('测试商品','测试内容','120','1','6','1','123','1581998885') [ RunTime:0.0491s ]
INFO: [ app_end ] --START--
INFO: Run Behavior\ShowPageTraceBehavior [ RunTime:0.000855s ]
INFO: [ app_end ] --END-- [ RunTime:0.000890s ]

[ 2020-02-18T12:08:08+08:00 ] 127.0.0.1 /api/item/post
INFO: [ app_init ] --START--
INFO: Run Behavior\BuildLiteBehavior [ RunTime:0.000006s ]
INFO: [ app_init ] --END-- [ RunTime:0.000399s ]
INFO: [ app_begin ] --START--
INFO: Run Behavior\ReadHtmlCacheBehavior [ RunTime:0.000453s ]
INFO: [ app_begin ] --END-- [ RunTime:0.000473s ]
NOTIC: [2] Declaration of Admin\Logic\ItemLogic::delete($id) should be compatible with Think\Model::delete($options = Array) D:\360\www2\xianyu\Application\Admin\Logic\ItemLogic.class.php 第 6 行.
NOTIC: [2] Declaration of Admin\Logic\ItemLogic::find($id) should be compatible with Think\Model::find($options = Array) D:\360\www2\xianyu\Application\Admin\Logic\ItemLogic.class.php 第 6 行.
SQL: SHOW COLUMNS FROM `tp_item` [ RunTime:0.0159s ]
SQL: SHOW COLUMNS FROM `tp_item` [ RunTime:0.0050s ]
NOTIC: [8] Undefined index: validate D:\360\www2\xianyu\ThinkPHP\Library\Think\Model.class.php 第 1185 行.
NOTIC: [8] Undefined index: auto D:\360\www2\xianyu\ThinkPHP\Library\Think\Model.class.php 第 1128 行.
SQL: INSERT INTO `tp_item` (`title`,`content`,`price`,`cateId1`,`cateId2`,`uid`,`username`,`created`) VALUES ('测试商品','测试内容','120','1','6','1','123','1581998888') [ RunTime:0.0884s ]
INFO: [ app_end ] --START--
INFO: Run Behavior\ShowPageTraceBehavior [ RunTime:0.001221s ]
INFO: [ app_end ] --END-- [ RunTime:0.001266s ]

[ 2020-02-18T12:20:31+08:00 ] 127.0.0.1 /api/user/login
INFO: [ app_init ] --START--
INFO: Run Behavior\BuildLiteBehavior [ RunTime:0.000008s ]
INFO: [ app_init ] --END-- [ RunTime:0.000577s ]
INFO: [ app_begin ] --START--
INFO: Run Behavior\ReadHtmlCacheBehavior [ RunTime:0.000714s ]
INFO: [ app_begin ] --END-- [ RunTime:0.000738s ]
NOTIC: [2] Declaration of Admin\Logic\UserLogic::delete($uid) should be compatible with Think\Model::delete($options = Array) D:\360\www2\xianyu\Application\Admin\Logic\UserLogic.class.php 第 6 行.
NOTIC: [2] Declaration of Admin\Logic\UserLogic::find($uid) should be compatible with Think\Model::find($options = Array) D:\360\www2\xianyu\Application\Admin\Logic\UserLogic.class.php 第 6 行.
SQL: SHOW COLUMNS FROM `tp_user` [ RunTime:0.0147s ]
SQL: SHOW COLUMNS FROM `tp_user` [ RunTime:0.0067s ]
SQL: SELECT `uid`,`email`,`username` FROM `tp_user` WHERE ( `username` = 'bradway' OR `tel` = 'bradway' ) AND `password` = '123' LIMIT 1   [ RunTime:0.0004s ]

[ 2020-02-18T12:22:50+08:00 ] 127.0.0.1 /api/user/login
INFO: [ app_init ] --START--
INFO: Run Behavior\BuildLiteBehavior [ RunTime:0.000029s ]
INFO: [ app_init ] --END-- [ RunTime:0.000885s ]
INFO: [ app_begin ] --START--
INFO: Run Behavior\ReadHtmlCacheBehavior [ RunTime:0.001276s ]
INFO: [ app_begin ] --END-- [ RunTime:0.001308s ]
NOTIC: [2] Declaration of Admin\Logic\UserLogic::delete($uid) should be compatible with Think\Model::delete($options = Array) D:\360\www2\xianyu\Application\Admin\Logic\UserLogic.class.php 第 6 行.
NOTIC: [2] Declaration of Admin\Logic\UserLogic::find($uid) should be compatible with Think\Model::find($options = Array) D:\360\www2\xianyu\Application\Admin\Logic\UserLogic.class.php 第 6 行.
SQL: SHOW COLUMNS FROM `tp_user` [ RunTime:0.0157s ]
SQL: SHOW COLUMNS FROM `tp_user` [ RunTime:0.0048s ]
SQL: SELECT `uid`,`email`,`username` FROM `tp_user` WHERE ( `username` = 'bradway' OR `tel` = 'bradway' ) AND `password` = '123' LIMIT 1   [ RunTime:0.0003s ]
SQL: UPDATE `tp_user` SET `uid`='3',`email`='123@qq.com',`username`='bradway' WHERE ( `username` = 'bradway' OR `tel` = 'bradway' ) [ RunTime:0.0818s ]
INFO: [ app_end ] --START--
INFO: Run Behavior\ShowPageTraceBehavior [ RunTime:0.001201s ]
INFO: [ app_end ] --END-- [ RunTime:0.001232s ]

[ 2020-02-18T12:23:12+08:00 ] 127.0.0.1 /api/user/login
INFO: [ app_init ] --START--
INFO: Run Behavior\BuildLiteBehavior [ RunTime:0.000005s ]
INFO: [ app_init ] --END-- [ RunTime:0.000282s ]
INFO: [ app_begin ] --START--
INFO: Run Behavior\ReadHtmlCacheBehavior [ RunTime:0.000359s ]
INFO: [ app_begin ] --END-- [ RunTime:0.000376s ]
NOTIC: [2] Declaration of Admin\Logic\UserLogic::delete($uid) should be compatible with Think\Model::delete($options = Array) D:\360\www2\xianyu\Application\Admin\Logic\UserLogic.class.php 第 6 行.
NOTIC: [2] Declaration of Admin\Logic\UserLogic::find($uid) should be compatible with Think\Model::find($options = Array) D:\360\www2\xianyu\Application\Admin\Logic\UserLogic.class.php 第 6 行.
SQL: SHOW COLUMNS FROM `tp_user` [ RunTime:0.0133s ]
SQL: SHOW COLUMNS FROM `tp_user` [ RunTime:0.0066s ]
SQL: SELECT `uid`,`email`,`username` FROM `tp_user` WHERE ( `username` = '12345' OR `tel` = '12345' ) AND `password` = '123' LIMIT 1   [ RunTime:0.0003s ]
SQL: UPDATE `tp_user` SET `uid`='2',`email`='',`username`='bradwey' WHERE ( `username` = '12345' OR `tel` = '12345' ) [ RunTime:0.1199s ]
INFO: [ app_end ] --START--
INFO: Run Behavior\ShowPageTraceBehavior [ RunTime:0.001003s ]
INFO: [ app_end ] --END-- [ RunTime:0.001039s ]

[ 2020-02-18T12:23:28+08:00 ] 127.0.0.1 /api/user/login
INFO: [ app_init ] --START--
INFO: Run Behavior\BuildLiteBehavior [ RunTime:0.000008s ]
INFO: [ app_init ] --END-- [ RunTime:0.000677s ]
INFO: [ app_begin ] --START--
INFO: Run Behavior\ReadHtmlCacheBehavior [ RunTime:0.000601s ]
INFO: [ app_begin ] --END-- [ RunTime:0.000657s ]
NOTIC: [2] Declaration of Admin\Logic\UserLogic::delete($uid) should be compatible with Think\Model::delete($options = Array) D:\360\www2\xianyu\Application\Admin\Logic\UserLogic.class.php 第 6 行.
NOTIC: [2] Declaration of Admin\Logic\UserLogic::find($uid) should be compatible with Think\Model::find($options = Array) D:\360\www2\xianyu\Application\Admin\Logic\UserLogic.class.php 第 6 行.
SQL: SHOW COLUMNS FROM `tp_user` [ RunTime:0.0140s ]
SQL: SHOW COLUMNS FROM `tp_user` [ RunTime:0.0056s ]
SQL: SELECT `uid`,`email`,`username` FROM `tp_user` WHERE ( `username` = 'bradway' OR `tel` = 'bradway' ) AND `password` = '123' LIMIT 1   [ RunTime:0.0003s ]
SQL: UPDATE `tp_user` SET `uid`='3',`email`='123@qq.com',`username`='bradway' WHERE ( `username` = 'bradway' OR `tel` = 'bradway' ) [ RunTime:0.1092s ]
INFO: [ app_end ] --START--
INFO: Run Behavior\ShowPageTraceBehavior [ RunTime:0.001089s ]
INFO: [ app_end ] --END-- [ RunTime:0.001142s ]

[ 2020-02-18T12:23:38+08:00 ] 127.0.0.1 /api/user/login
INFO: [ app_init ] --START--
INFO: Run Behavior\BuildLiteBehavior [ RunTime:0.000005s ]
INFO: [ app_init ] --END-- [ RunTime:0.000291s ]
INFO: [ app_begin ] --START--
INFO: Run Behavior\ReadHtmlCacheBehavior [ RunTime:0.000370s ]
INFO: [ app_begin ] --END-- [ RunTime:0.000389s ]
NOTIC: [2] Declaration of Admin\Logic\UserLogic::delete($uid) should be compatible with Think\Model::delete($options = Array) D:\360\www2\xianyu\Application\Admin\Logic\UserLogic.class.php 第 6 行.
NOTIC: [2] Declaration of Admin\Logic\UserLogic::find($uid) should be compatible with Think\Model::find($options = Array) D:\360\www2\xianyu\Application\Admin\Logic\UserLogic.class.php 第 6 行.
SQL: SHOW COLUMNS FROM `tp_user` [ RunTime:0.0170s ]
SQL: SHOW COLUMNS FROM `tp_user` [ RunTime:0.0049s ]
SQL: SELECT `uid`,`email`,`username` FROM `tp_user` WHERE ( `username` = '12344' OR `tel` = '12344' ) AND `password` = '123' LIMIT 1   [ RunTime:0.0003s ]
NOTIC: [2] count(): Parameter must be an array or an object that implements Countable D:\360\www2\xianyu\Application\Admin\Logic\UserLogic.class.php 第 32 行.
INFO: [ app_end ] --START--
INFO: Run Behavior\ShowPageTraceBehavior [ RunTime:0.000753s ]
INFO: [ app_end ] --END-- [ RunTime:0.000805s ]

[ 2020-02-18T12:24:30+08:00 ] 127.0.0.1 /api/user/login
INFO: [ app_init ] --START--
INFO: Run Behavior\BuildLiteBehavior [ RunTime:0.000004s ]
INFO: [ app_init ] --END-- [ RunTime:0.000290s ]
INFO: [ app_begin ] --START--
INFO: Run Behavior\ReadHtmlCacheBehavior [ RunTime:0.000379s ]
INFO: [ app_begin ] --END-- [ RunTime:0.000398s ]
NOTIC: [2] Declaration of Admin\Logic\UserLogic::delete($uid) should be compatible with Think\Model::delete($options = Array) D:\360\www2\xianyu\Application\Admin\Logic\UserLogic.class.php 第 6 行.
NOTIC: [2] Declaration of Admin\Logic\UserLogic::find($uid) should be compatible with Think\Model::find($options = Array) D:\360\www2\xianyu\Application\Admin\Logic\UserLogic.class.php 第 6 行.
SQL: SHOW COLUMNS FROM `tp_user` [ RunTime:0.0157s ]
SQL: SHOW COLUMNS FROM `tp_user` [ RunTime:0.0070s ]
SQL: SELECT `uid`,`email`,`username` FROM `tp_user` WHERE ( `username` = '123456' OR `tel` = '123456' ) AND `password` = '123' LIMIT 1   [ RunTime:0.0004s ]
SQL: UPDATE `tp_user` SET `uid`='3',`email`='123@qq.com',`username`='bradway' WHERE ( `username` = '123456' OR `tel` = '123456' ) [ RunTime:0.0761s ]
INFO: [ app_end ] --START--
INFO: Run Behavior\ShowPageTraceBehavior [ RunTime:0.001461s ]
INFO: [ app_end ] --END-- [ RunTime:0.001512s ]

[ 2020-02-18T12:29:34+08:00 ] 127.0.0.1 /api/user/reg
INFO: [ app_init ] --START--
INFO: Run Behavior\BuildLiteBehavior [ RunTime:0.000005s ]
INFO: [ app_init ] --END-- [ RunTime:0.000518s ]
INFO: [ app_begin ] --START--
INFO: Run Behavior\ReadHtmlCacheBehavior [ RunTime:0.000731s ]
INFO: [ app_begin ] --END-- [ RunTime:0.000752s ]
NOTIC: [2] Declaration of Admin\Logic\UserLogic::delete($uid) should be compatible with Think\Model::delete($options = Array) D:\360\www2\xianyu\Application\Admin\Logic\UserLogic.class.php 第 6 行.
NOTIC: [2] Declaration of Admin\Logic\UserLogic::find($uid) should be compatible with Think\Model::find($options = Array) D:\360\www2\xianyu\Application\Admin\Logic\UserLogic.class.php 第 6 行.
SQL: SHOW COLUMNS FROM `tp_user` [ RunTime:0.0159s ]
SQL: SHOW COLUMNS FROM `tp_user` [ RunTime:0.0050s ]
SQL: SELECT COUNT(*) AS tp_count FROM `tp_user` WHERE `username` = 'bradway' LIMIT 1   [ RunTime:0.0004s ]
INFO: [ app_end ] --START--
INFO: Run Behavior\ShowPageTraceBehavior [ RunTime:0.001145s ]
INFO: [ app_end ] --END-- [ RunTime:0.001166s ]

[ 2020-02-18T12:29:37+08:00 ] 127.0.0.1 /api/user/reg
INFO: [ app_init ] --START--
INFO: Run Behavior\BuildLiteBehavior [ RunTime:0.000006s ]
INFO: [ app_init ] --END-- [ RunTime:0.000396s ]
INFO: [ app_begin ] --START--
INFO: Run Behavior\ReadHtmlCacheBehavior [ RunTime:0.000403s ]
INFO: [ app_begin ] --END-- [ RunTime:0.000423s ]
NOTIC: [2] Declaration of Admin\Logic\UserLogic::delete($uid) should be compatible with Think\Model::delete($options = Array) D:\360\www2\xianyu\Application\Admin\Logic\UserLogic.class.php 第 6 行.
NOTIC: [2] Declaration of Admin\Logic\UserLogic::find($uid) should be compatible with Think\Model::find($options = Array) D:\360\www2\xianyu\Application\Admin\Logic\UserLogic.class.php 第 6 行.
SQL: SHOW COLUMNS FROM `tp_user` [ RunTime:0.0138s ]
SQL: SHOW COLUMNS FROM `tp_user` [ RunTime:0.0052s ]
SQL: SELECT COUNT(*) AS tp_count FROM `tp_user` WHERE `username` = 'bradway1' LIMIT 1   [ RunTime:0.0005s ]
SQL: SELECT COUNT(*) AS tp_count FROM `tp_user` WHERE `tel` = '123' LIMIT 1   [ RunTime:0.0004s ]
SQL: SHOW COLUMNS FROM `tp_user` [ RunTime:0.0071s ]
NOTIC: [8] Undefined index: validate D:\360\www2\xianyu\ThinkPHP\Library\Think\Model.class.php 第 1185 行.
NOTIC: [8] Undefined index: auto D:\360\www2\xianyu\ThinkPHP\Library\Think\Model.class.php 第 1128 行.
SQL: INSERT INTO `tp_user` (`username`,`tel`,`password`,`created`) VALUES ('bradway1','123','123','1582000177') [ RunTime:0.0549s ]
INFO: [ app_end ] --START--
INFO: Run Behavior\ShowPageTraceBehavior [ RunTime:0.000638s ]
INFO: [ app_end ] --END-- [ RunTime:0.000660s ]

[ 2020-02-18T12:29:47+08:00 ] 127.0.0.1 /api/user/reg
INFO: [ app_init ] --START--
INFO: Run Behavior\BuildLiteBehavior [ RunTime:0.000005s ]
INFO: [ app_init ] --END-- [ RunTime:0.000297s ]
INFO: [ app_begin ] --START--
INFO: Run Behavior\ReadHtmlCacheBehavior [ RunTime:0.000391s ]
INFO: [ app_begin ] --END-- [ RunTime:0.000412s ]
NOTIC: [2] Declaration of Admin\Logic\UserLogic::delete($uid) should be compatible with Think\Model::delete($options = Array) D:\360\www2\xianyu\Application\Admin\Logic\UserLogic.class.php 第 6 行.
NOTIC: [2] Declaration of Admin\Logic\UserLogic::find($uid) should be compatible with Think\Model::find($options = Array) D:\360\www2\xianyu\Application\Admin\Logic\UserLogic.class.php 第 6 行.
SQL: SHOW COLUMNS FROM `tp_user` [ RunTime:0.0134s ]
SQL: SHOW COLUMNS FROM `tp_user` [ RunTime:0.0070s ]
SQL: SELECT COUNT(*) AS tp_count FROM `tp_user` WHERE `username` = 'brad1way1' LIMIT 1   [ RunTime:0.0003s ]
SQL: SELECT COUNT(*) AS tp_count FROM `tp_user` WHERE `tel` = '123' LIMIT 1   [ RunTime:0.0003s ]
INFO: [ app_end ] --START--
INFO: Run Behavior\ShowPageTraceBehavior [ RunTime:0.000504s ]
INFO: [ app_end ] --END-- [ RunTime:0.000539s ]

[ 2020-02-18T12:43:53+08:00 ] 127.0.0.1 /api/item/del
INFO: [ app_init ] --START--
INFO: Run Behavior\BuildLiteBehavior [ RunTime:0.000008s ]
INFO: [ app_init ] --END-- [ RunTime:0.000754s ]
INFO: [ app_begin ] --START--
INFO: Run Behavior\ReadHtmlCacheBehavior [ RunTime:0.000742s ]
INFO: [ app_begin ] --END-- [ RunTime:0.000761s ]
NOTIC: [2] Declaration of Admin\Logic\ItemLogic::delete($id) should be compatible with Think\Model::delete($options = Array) D:\360\www2\xianyu\Application\Admin\Logic\ItemLogic.class.php 第 6 行.
NOTIC: [2] Declaration of Admin\Logic\ItemLogic::find($id) should be compatible with Think\Model::find($options = Array) D:\360\www2\xianyu\Application\Admin\Logic\ItemLogic.class.php 第 6 行.
SQL: SHOW COLUMNS FROM `tp_item` [ RunTime:0.0154s ]
SQL: SHOW COLUMNS FROM `tp_item` [ RunTime:0.0076s ]
INFO: [ app_end ] --START--
INFO: Run Behavior\ShowPageTraceBehavior [ RunTime:0.000903s ]
INFO: [ app_end ] --END-- [ RunTime:0.000920s ]

[ 2020-02-18T12:44:13+08:00 ] 127.0.0.1 /api/item/del
INFO: [ app_init ] --START--
INFO: Run Behavior\BuildLiteBehavior [ RunTime:0.000006s ]
INFO: [ app_init ] --END-- [ RunTime:0.000457s ]
INFO: [ app_begin ] --START--
INFO: Run Behavior\ReadHtmlCacheBehavior [ RunTime:0.000500s ]
INFO: [ app_begin ] --END-- [ RunTime:0.000519s ]
NOTIC: [2] Declaration of Admin\Logic\ItemLogic::delete($id) should be compatible with Think\Model::delete($options = Array) D:\360\www2\xianyu\Application\Admin\Logic\ItemLogic.class.php 第 6 行.
NOTIC: [2] Declaration of Admin\Logic\ItemLogic::find($id) should be compatible with Think\Model::find($options = Array) D:\360\www2\xianyu\Application\Admin\Logic\ItemLogic.class.php 第 6 行.
SQL: SHOW COLUMNS FROM `tp_item` [ RunTime:0.0135s ]
SQL: SHOW COLUMNS FROM `tp_item` [ RunTime:0.0070s ]
INFO: [ app_end ] --START--
INFO: Run Behavior\ShowPageTraceBehavior [ RunTime:0.000496s ]
INFO: [ app_end ] --END-- [ RunTime:0.000514s ]

[ 2020-02-18T12:44:41+08:00 ] 127.0.0.1 /api/item/del?id=8
INFO: [ app_init ] --START--
INFO: Run Behavior\BuildLiteBehavior [ RunTime:0.000008s ]
INFO: [ app_init ] --END-- [ RunTime:0.000684s ]
INFO: [ app_begin ] --START--
INFO: Run Behavior\ReadHtmlCacheBehavior [ RunTime:0.000685s ]
INFO: [ app_begin ] --END-- [ RunTime:0.000740s ]
NOTIC: [2] Declaration of Admin\Logic\ItemLogic::delete($id) should be compatible with Think\Model::delete($options = Array) D:\360\www2\xianyu\Application\Admin\Logic\ItemLogic.class.php 第 6 行.
NOTIC: [2] Declaration of Admin\Logic\ItemLogic::find($id) should be compatible with Think\Model::find($options = Array) D:\360\www2\xianyu\Application\Admin\Logic\ItemLogic.class.php 第 6 行.
SQL: SHOW COLUMNS FROM `tp_item` [ RunTime:0.0133s ]
SQL: SHOW COLUMNS FROM `tp_item` [ RunTime:0.0068s ]
SQL: DELETE FROM `tp_item` WHERE `id` = 8 [ RunTime:0.1200s ]
INFO: [ app_end ] --START--
INFO: Run Behavior\ShowPageTraceBehavior [ RunTime:0.001021s ]
INFO: [ app_end ] --END-- [ RunTime:0.001057s ]

[ 2020-02-18T12:49:47+08:00 ] 127.0.0.1 /api/item/edit
INFO: [ app_init ] --START--
INFO: Run Behavior\BuildLiteBehavior [ RunTime:0.000006s ]
INFO: [ app_init ] --END-- [ RunTime:0.000551s ]
INFO: [ app_begin ] --START--
INFO: Run Behavior\ReadHtmlCacheBehavior [ RunTime:0.001455s ]
INFO: [ app_begin ] --END-- [ RunTime:0.001494s ]
NOTIC: [2] Declaration of Admin\Logic\ItemLogic::delete($id) should be compatible with Think\Model::delete($options = Array) D:\360\www2\xianyu\Application\Admin\Logic\ItemLogic.class.php 第 6 行.
NOTIC: [2] Declaration of Admin\Logic\ItemLogic::find($id) should be compatible with Think\Model::find($options = Array) D:\360\www2\xianyu\Application\Admin\Logic\ItemLogic.class.php 第 6 行.
SQL: SHOW COLUMNS FROM `tp_item` [ RunTime:0.0162s ]
SQL: SHOW COLUMNS FROM `tp_item` [ RunTime:0.0067s ]
NOTIC: [8] Undefined index: validate D:\360\www2\xianyu\ThinkPHP\Library\Think\Model.class.php 第 1185 行.
NOTIC: [8] Undefined index: auto D:\360\www2\xianyu\ThinkPHP\Library\Think\Model.class.php 第 1128 行.
SQL: UPDATE `tp_item` SET `title`='修改后的标题',`content`='新内容',`price`='350',`created`='1582001387' WHERE `id` = 4 [ RunTime:0.1237s ]
INFO: [ app_end ] --START--
INFO: Run Behavior\ShowPageTraceBehavior [ RunTime:0.001086s ]
INFO: [ app_end ] --END-- [ RunTime:0.001109s ]

[ 2020-02-18T17:04:06+08:00 ] 127.0.0.1 /api/item/myItem?account=bradway
INFO: [ app_init ] --START--
INFO: Run Behavior\BuildLiteBehavior [ RunTime:0.000101s ]
INFO: [ app_init ] --END-- [ RunTime:0.020139s ]
INFO: [ app_begin ] --START--
INFO: Run Behavior\ReadHtmlCacheBehavior [ RunTime:0.028302s ]
INFO: [ app_begin ] --END-- [ RunTime:0.028338s ]
NOTIC: [2] Declaration of Admin\Logic\ItemLogic::delete($id) should be compatible with Think\Model::delete($options = Array) D:\360\www2\xianyu\Application\Admin\Logic\ItemLogic.class.php 第 6 行.
NOTIC: [2] Declaration of Admin\Logic\ItemLogic::find($id) should be compatible with Think\Model::find($options = Array) D:\360\www2\xianyu\Application\Admin\Logic\ItemLogic.class.php 第 6 行.
SQL: SHOW COLUMNS FROM `tp_item` [ RunTime:0.0451s ]
SQL: SHOW COLUMNS FROM `tp_user` [ RunTime:0.0153s ]
SQL: SELECT * FROM `tp_user` WHERE ( `uid` = 'bradway' OR `username` = 'bradway' OR `tel` = 'bradway' )  [ RunTime:0.0009s ]
INFO: [ app_end ] --START--
INFO: Run Behavior\ShowPageTraceBehavior [ RunTime:0.020421s ]
INFO: [ app_end ] --END-- [ RunTime:0.020467s ]

[ 2020-02-18T17:18:54+08:00 ] 127.0.0.1 /api/item/myItem?account=bradway
INFO: [ app_init ] --START--
INFO: Run Behavior\BuildLiteBehavior [ RunTime:0.000016s ]
INFO: [ app_init ] --END-- [ RunTime:0.000931s ]
INFO: [ app_begin ] --START--
INFO: Run Behavior\ReadHtmlCacheBehavior [ RunTime:0.000822s ]
INFO: [ app_begin ] --END-- [ RunTime:0.000857s ]
NOTIC: [2] Declaration of Admin\Logic\ItemLogic::delete($id) should be compatible with Think\Model::delete($options = Array) D:\360\www2\xianyu\Application\Admin\Logic\ItemLogic.class.php 第 6 行.
NOTIC: [2] Declaration of Admin\Logic\ItemLogic::find($id) should be compatible with Think\Model::find($options = Array) D:\360\www2\xianyu\Application\Admin\Logic\ItemLogic.class.php 第 6 行.
SQL: SHOW COLUMNS FROM `tp_item` [ RunTime:0.0256s ]
SQL: SHOW COLUMNS FROM `tp_item` [ RunTime:0.0095s ]
SQL: SELECT COUNT(*) AS tp_count FROM `tp_item` WHERE ( `uid` = 'bradway' OR `username` = 'bradway' ) LIMIT 1   [ RunTime:0.0076s ]
SQL: SELECT * FROM `tp_item` WHERE ( `uid` = 'bradway' OR `username` = 'bradway' ) ORDER BY id LIMIT 0,10   [ RunTime:0.0005s ]
INFO: [ app_end ] --START--
INFO: Run Behavior\ShowPageTraceBehavior [ RunTime:0.000901s ]
INFO: [ app_end ] --END-- [ RunTime:0.000922s ]

[ 2020-02-18T17:27:12+08:00 ] 127.0.0.1 /api/item/myItem?account=bradway
INFO: [ app_init ] --START--
INFO: Run Behavior\BuildLiteBehavior [ RunTime:0.000009s ]
INFO: [ app_init ] --END-- [ RunTime:0.000761s ]
INFO: [ app_begin ] --START--
INFO: Run Behavior\ReadHtmlCacheBehavior [ RunTime:0.000978s ]
INFO: [ app_begin ] --END-- [ RunTime:0.001009s ]
NOTIC: [2] Declaration of Admin\Logic\ItemLogic::delete($id) should be compatible with Think\Model::delete($options = Array) D:\360\www2\xianyu\Application\Admin\Logic\ItemLogic.class.php 第 6 行.
NOTIC: [2] Declaration of Admin\Logic\ItemLogic::find($id) should be compatible with Think\Model::find($options = Array) D:\360\www2\xianyu\Application\Admin\Logic\ItemLogic.class.php 第 6 行.
SQL: SHOW COLUMNS FROM `tp_item` [ RunTime:0.0352s ]
SQL: SHOW COLUMNS FROM `tp_item` [ RunTime:0.0100s ]
SQL: SELECT COUNT(*) AS tp_count FROM `tp_item` WHERE ( `uid` = 'bradway' OR `username` = 'bradway' ) LIMIT 1   [ RunTime:0.0005s ]
SQL: SELECT * FROM `tp_item` WHERE ( `uid` = 'bradway' OR `username` = 'bradway' ) ORDER BY id LIMIT 0,10   [ RunTime:0.0009s ]
INFO: [ app_end ] --START--
INFO: Run Behavior\ShowPageTraceBehavior [ RunTime:0.002033s ]
INFO: [ app_end ] --END-- [ RunTime:0.002109s ]

[ 2020-02-18T17:32:22+08:00 ] 127.0.0.1 /api/item/myItem?account=bradway
INFO: [ app_init ] --START--
INFO: Run Behavior\BuildLiteBehavior [ RunTime:0.000012s ]
INFO: [ app_init ] --END-- [ RunTime:0.001604s ]
INFO: [ app_begin ] --START--
INFO: Run Behavior\ReadHtmlCacheBehavior [ RunTime:0.000980s ]
INFO: [ app_begin ] --END-- [ RunTime:0.001010s ]
NOTIC: [2] Declaration of Admin\Logic\ItemLogic::delete($id) should be compatible with Think\Model::delete($options = Array) D:\360\www2\xianyu\Application\Admin\Logic\ItemLogic.class.php 第 6 行.
NOTIC: [2] Declaration of Admin\Logic\ItemLogic::find($id) should be compatible with Think\Model::find($options = Array) D:\360\www2\xianyu\Application\Admin\Logic\ItemLogic.class.php 第 6 行.
SQL: SHOW COLUMNS FROM `tp_item` [ RunTime:0.0325s ]
SQL: SHOW COLUMNS FROM `tp_item` [ RunTime:0.0133s ]
SQL: SELECT COUNT(*) AS tp_count FROM `tp_item` WHERE ( `uid` = 'bradway' OR `username` = 'bradway' ) LIMIT 1   [ RunTime:0.0005s ]
SQL: SELECT * FROM `tp_item` WHERE ( `uid` = 'bradway' OR `username` = 'bradway' ) ORDER BY id LIMIT 0,1   [ RunTime:0.0006s ]
INFO: [ app_end ] --START--
INFO: Run Behavior\ShowPageTraceBehavior [ RunTime:0.001497s ]
INFO: [ app_end ] --END-- [ RunTime:0.001552s ]

[ 2020-02-18T17:34:37+08:00 ] 127.0.0.1 /api/item/myItem?account=bradway
INFO: [ app_init ] --START--
INFO: Run Behavior\BuildLiteBehavior [ RunTime:0.000011s ]
INFO: [ app_init ] --END-- [ RunTime:0.000730s ]
INFO: [ app_begin ] --START--
INFO: Run Behavior\ReadHtmlCacheBehavior [ RunTime:0.001514s ]
INFO: [ app_begin ] --END-- [ RunTime:0.001589s ]
NOTIC: [2] Declaration of Admin\Logic\ItemLogic::delete($id) should be compatible with Think\Model::delete($options = Array) D:\360\www2\xianyu\Application\Admin\Logic\ItemLogic.class.php 第 6 行.
NOTIC: [2] Declaration of Admin\Logic\ItemLogic::find($id) should be compatible with Think\Model::find($options = Array) D:\360\www2\xianyu\Application\Admin\Logic\ItemLogic.class.php 第 6 行.
SQL: SHOW COLUMNS FROM `tp_item` [ RunTime:0.0313s ]
SQL: SHOW COLUMNS FROM `tp_item` [ RunTime:0.0140s ]
SQL: SELECT COUNT(*) AS tp_count FROM `tp_item` WHERE ( `uid` = 'bradway' OR `username` = 'bradway' ) LIMIT 1   [ RunTime:0.0004s ]
SQL: SELECT * FROM `tp_item` WHERE ( `uid` = 'bradway' OR `username` = 'bradway' ) ORDER BY id LIMIT 0,1   [ RunTime:0.0008s ]
INFO: [ app_end ] --START--
INFO: Run Behavior\ShowPageTraceBehavior [ RunTime:0.001330s ]
INFO: [ app_end ] --END-- [ RunTime:0.001364s ]

[ 2020-02-18T17:34:50+08:00 ] 127.0.0.1 /api/item/myItem?account=123
INFO: [ app_init ] --START--
INFO: Run Behavior\BuildLiteBehavior [ RunTime:0.000008s ]
INFO: [ app_init ] --END-- [ RunTime:0.000475s ]
INFO: [ app_begin ] --START--
INFO: Run Behavior\ReadHtmlCacheBehavior [ RunTime:0.000665s ]
INFO: [ app_begin ] --END-- [ RunTime:0.000701s ]
NOTIC: [2] Declaration of Admin\Logic\ItemLogic::delete($id) should be compatible with Think\Model::delete($options = Array) D:\360\www2\xianyu\Application\Admin\Logic\ItemLogic.class.php 第 6 行.
NOTIC: [2] Declaration of Admin\Logic\ItemLogic::find($id) should be compatible with Think\Model::find($options = Array) D:\360\www2\xianyu\Application\Admin\Logic\ItemLogic.class.php 第 6 行.
SQL: SHOW COLUMNS FROM `tp_item` [ RunTime:0.0249s ]
SQL: SHOW COLUMNS FROM `tp_item` [ RunTime:0.0140s ]
SQL: SELECT COUNT(*) AS tp_count FROM `tp_item` WHERE ( `uid` = '123' OR `username` = '123' ) LIMIT 1   [ RunTime:0.0003s ]
SQL: SELECT * FROM `tp_item` WHERE ( `uid` = '123' OR `username` = '123' ) ORDER BY id LIMIT 0,1   [ RunTime:0.0003s ]
INFO: [ app_end ] --START--
INFO: Run Behavior\ShowPageTraceBehavior [ RunTime:0.000593s ]
INFO: [ app_end ] --END-- [ RunTime:0.000616s ]

[ 2020-02-18T17:35:14+08:00 ] 127.0.0.1 /api/item/myItem?account=123&p=2
INFO: [ app_init ] --START--
INFO: Run Behavior\BuildLiteBehavior [ RunTime:0.000008s ]
INFO: [ app_init ] --END-- [ RunTime:0.000463s ]
INFO: [ app_begin ] --START--
INFO: Run Behavior\ReadHtmlCacheBehavior [ RunTime:0.000454s ]
INFO: [ app_begin ] --END-- [ RunTime:0.000475s ]
NOTIC: [2] Declaration of Admin\Logic\ItemLogic::delete($id) should be compatible with Think\Model::delete($options = Array) D:\360\www2\xianyu\Application\Admin\Logic\ItemLogic.class.php 第 6 行.
NOTIC: [2] Declaration of Admin\Logic\ItemLogic::find($id) should be compatible with Think\Model::find($options = Array) D:\360\www2\xianyu\Application\Admin\Logic\ItemLogic.class.php 第 6 行.
SQL: SHOW COLUMNS FROM `tp_item` [ RunTime:0.0641s ]
SQL: SHOW COLUMNS FROM `tp_item` [ RunTime:0.0099s ]
SQL: SELECT COUNT(*) AS tp_count FROM `tp_item` WHERE ( `uid` = '123' OR `username` = '123' ) LIMIT 1   [ RunTime:0.0004s ]
SQL: SELECT * FROM `tp_item` WHERE ( `uid` = '123' OR `username` = '123' ) ORDER BY id LIMIT 1,1   [ RunTime:0.0003s ]
INFO: [ app_end ] --START--
INFO: Run Behavior\ShowPageTraceBehavior [ RunTime:0.000509s ]
INFO: [ app_end ] --END-- [ RunTime:0.000529s ]

[ 2020-02-18T17:35:27+08:00 ] 127.0.0.1 /api/item/myItem?account=123&p=1
INFO: [ app_init ] --START--
INFO: Run Behavior\BuildLiteBehavior [ RunTime:0.000009s ]
INFO: [ app_init ] --END-- [ RunTime:0.000536s ]
INFO: [ app_begin ] --START--
INFO: Run Behavior\ReadHtmlCacheBehavior [ RunTime:0.000582s ]
INFO: [ app_begin ] --END-- [ RunTime:0.000618s ]
NOTIC: [2] Declaration of Admin\Logic\ItemLogic::delete($id) should be compatible with Think\Model::delete($options = Array) D:\360\www2\xianyu\Application\Admin\Logic\ItemLogic.class.php 第 6 行.
NOTIC: [2] Declaration of Admin\Logic\ItemLogic::find($id) should be compatible with Think\Model::find($options = Array) D:\360\www2\xianyu\Application\Admin\Logic\ItemLogic.class.php 第 6 行.
SQL: SHOW COLUMNS FROM `tp_item` [ RunTime:0.0213s ]
SQL: SHOW COLUMNS FROM `tp_item` [ RunTime:0.0100s ]
SQL: SELECT COUNT(*) AS tp_count FROM `tp_item` WHERE ( `uid` = '123' OR `username` = '123' ) LIMIT 1   [ RunTime:0.0004s ]
SQL: SELECT * FROM `tp_item` WHERE ( `uid` = '123' OR `username` = '123' ) ORDER BY id LIMIT 0,1   [ RunTime:0.0005s ]
INFO: [ app_end ] --START--
INFO: Run Behavior\ShowPageTraceBehavior [ RunTime:0.000640s ]
INFO: [ app_end ] --END-- [ RunTime:0.000664s ]

[ 2020-02-18T17:35:30+08:00 ] 127.0.0.1 /api/item/myItem?account=123&p=2
INFO: [ app_init ] --START--
INFO: Run Behavior\BuildLiteBehavior [ RunTime:0.000006s ]
INFO: [ app_init ] --END-- [ RunTime:0.000533s ]
INFO: [ app_begin ] --START--
INFO: Run Behavior\ReadHtmlCacheBehavior [ RunTime:0.000504s ]
INFO: [ app_begin ] --END-- [ RunTime:0.000528s ]
NOTIC: [2] Declaration of Admin\Logic\ItemLogic::delete($id) should be compatible with Think\Model::delete($options = Array) D:\360\www2\xianyu\Application\Admin\Logic\ItemLogic.class.php 第 6 行.
NOTIC: [2] Declaration of Admin\Logic\ItemLogic::find($id) should be compatible with Think\Model::find($options = Array) D:\360\www2\xianyu\Application\Admin\Logic\ItemLogic.class.php 第 6 行.
SQL: SHOW COLUMNS FROM `tp_item` [ RunTime:0.0435s ]
SQL: SHOW COLUMNS FROM `tp_item` [ RunTime:0.0096s ]
SQL: SELECT COUNT(*) AS tp_count FROM `tp_item` WHERE ( `uid` = '123' OR `username` = '123' ) LIMIT 1   [ RunTime:0.0003s ]
SQL: SELECT * FROM `tp_item` WHERE ( `uid` = '123' OR `username` = '123' ) ORDER BY id LIMIT 1,1   [ RunTime:0.0004s ]
INFO: [ app_end ] --START--
INFO: Run Behavior\ShowPageTraceBehavior [ RunTime:0.000643s ]
INFO: [ app_end ] --END-- [ RunTime:0.000667s ]

[ 2020-02-18T17:36:38+08:00 ] 127.0.0.1 /api/item/myItem?account=123&p=2
INFO: [ app_init ] --START--
INFO: Run Behavior\BuildLiteBehavior [ RunTime:0.000011s ]
INFO: [ app_init ] --END-- [ RunTime:0.000913s ]
INFO: [ app_begin ] --START--
INFO: Run Behavior\ReadHtmlCacheBehavior [ RunTime:0.001576s ]
INFO: [ app_begin ] --END-- [ RunTime:0.001625s ]
NOTIC: [2] Declaration of Admin\Logic\ItemLogic::delete($id) should be compatible with Think\Model::delete($options = Array) D:\360\www2\xianyu\Application\Admin\Logic\ItemLogic.class.php 第 6 行.
NOTIC: [2] Declaration of Admin\Logic\ItemLogic::find($id) should be compatible with Think\Model::find($options = Array) D:\360\www2\xianyu\Application\Admin\Logic\ItemLogic.class.php 第 6 行.
SQL: SHOW COLUMNS FROM `tp_item` [ RunTime:0.0287s ]
SQL: SHOW COLUMNS FROM `tp_item` [ RunTime:0.0096s ]
SQL: SELECT COUNT(*) AS tp_count FROM `tp_item` WHERE ( `uid` = '123' OR `username` = '123' ) LIMIT 1   [ RunTime:0.0005s ]
SQL: SELECT * FROM `tp_item` WHERE ( `uid` = '123' OR `username` = '123' ) ORDER BY id LIMIT 10,10   [ RunTime:0.0008s ]
INFO: [ app_end ] --START--
INFO: Run Behavior\ShowPageTraceBehavior [ RunTime:0.001620s ]
INFO: [ app_end ] --END-- [ RunTime:0.001654s ]

[ 2020-02-18T17:36:53+08:00 ] 127.0.0.1 /api/item/myItem?account=123
INFO: [ app_init ] --START--
INFO: Run Behavior\BuildLiteBehavior [ RunTime:0.000007s ]
INFO: [ app_init ] --END-- [ RunTime:0.000438s ]
INFO: [ app_begin ] --START--
INFO: Run Behavior\ReadHtmlCacheBehavior [ RunTime:0.000653s ]
INFO: [ app_begin ] --END-- [ RunTime:0.000699s ]
NOTIC: [2] Declaration of Admin\Logic\ItemLogic::delete($id) should be compatible with Think\Model::delete($options = Array) D:\360\www2\xianyu\Application\Admin\Logic\ItemLogic.class.php 第 6 行.
NOTIC: [2] Declaration of Admin\Logic\ItemLogic::find($id) should be compatible with Think\Model::find($options = Array) D:\360\www2\xianyu\Application\Admin\Logic\ItemLogic.class.php 第 6 行.
SQL: SHOW COLUMNS FROM `tp_item` [ RunTime:0.0251s ]
SQL: SHOW COLUMNS FROM `tp_item` [ RunTime:0.0105s ]
SQL: SELECT COUNT(*) AS tp_count FROM `tp_item` WHERE ( `uid` = '123' OR `username` = '123' ) LIMIT 1   [ RunTime:0.0003s ]
SQL: SELECT * FROM `tp_item` WHERE ( `uid` = '123' OR `username` = '123' ) ORDER BY id LIMIT 0,10   [ RunTime:0.0004s ]
INFO: [ app_end ] --START--
INFO: Run Behavior\ShowPageTraceBehavior [ RunTime:0.000824s ]
INFO: [ app_end ] --END-- [ RunTime:0.000858s ]

[ 2020-02-18T17:37:04+08:00 ] 127.0.0.1 /api/item/myItem?account=123
INFO: [ app_init ] --START--
INFO: Run Behavior\BuildLiteBehavior [ RunTime:0.000014s ]
INFO: [ app_init ] --END-- [ RunTime:0.000706s ]
INFO: [ app_begin ] --START--
INFO: Run Behavior\ReadHtmlCacheBehavior [ RunTime:0.000935s ]
INFO: [ app_begin ] --END-- [ RunTime:0.001003s ]
NOTIC: [2] Declaration of Admin\Logic\ItemLogic::delete($id) should be compatible with Think\Model::delete($options = Array) D:\360\www2\xianyu\Application\Admin\Logic\ItemLogic.class.php 第 6 行.
NOTIC: [2] Declaration of Admin\Logic\ItemLogic::find($id) should be compatible with Think\Model::find($options = Array) D:\360\www2\xianyu\Application\Admin\Logic\ItemLogic.class.php 第 6 行.
SQL: SHOW COLUMNS FROM `tp_item` [ RunTime:0.0234s ]
SQL: SHOW COLUMNS FROM `tp_item` [ RunTime:0.0074s ]
SQL: SELECT COUNT(*) AS tp_count FROM `tp_item` WHERE ( `uid` = '123' OR `username` = '123' ) LIMIT 1   [ RunTime:0.0005s ]
SQL: SELECT * FROM `tp_item` WHERE ( `uid` = '123' OR `username` = '123' ) ORDER BY id LIMIT 0,1   [ RunTime:0.0006s ]
INFO: [ app_end ] --START--
INFO: Run Behavior\ShowPageTraceBehavior [ RunTime:0.001116s ]
INFO: [ app_end ] --END-- [ RunTime:0.001169s ]

[ 2020-02-18T17:37:12+08:00 ] 127.0.0.1 /api/item/myItem?account=123&p=2
INFO: [ app_init ] --START--
INFO: Run Behavior\BuildLiteBehavior [ RunTime:0.000006s ]
INFO: [ app_init ] --END-- [ RunTime:0.000369s ]
INFO: [ app_begin ] --START--
INFO: Run Behavior\ReadHtmlCacheBehavior [ RunTime:0.000662s ]
INFO: [ app_begin ] --END-- [ RunTime:0.000687s ]
NOTIC: [2] Declaration of Admin\Logic\ItemLogic::delete($id) should be compatible with Think\Model::delete($options = Array) D:\360\www2\xianyu\Application\Admin\Logic\ItemLogic.class.php 第 6 行.
NOTIC: [2] Declaration of Admin\Logic\ItemLogic::find($id) should be compatible with Think\Model::find($options = Array) D:\360\www2\xianyu\Application\Admin\Logic\ItemLogic.class.php 第 6 行.
SQL: SHOW COLUMNS FROM `tp_item` [ RunTime:0.0171s ]
SQL: SHOW COLUMNS FROM `tp_item` [ RunTime:0.0103s ]
SQL: SELECT COUNT(*) AS tp_count FROM `tp_item` WHERE ( `uid` = '123' OR `username` = '123' ) LIMIT 1   [ RunTime:0.0004s ]
SQL: SELECT * FROM `tp_item` WHERE ( `uid` = '123' OR `username` = '123' ) ORDER BY id LIMIT 1,1   [ RunTime:0.0004s ]
INFO: [ app_end ] --START--
INFO: Run Behavior\ShowPageTraceBehavior [ RunTime:0.000793s ]
INFO: [ app_end ] --END-- [ RunTime:0.000824s ]

[ 2020-02-18T17:50:10+08:00 ] 127.0.0.1 /api/item/favourItem?uid=1&itemId=1
INFO: [ app_init ] --START--
INFO: Run Behavior\BuildLiteBehavior [ RunTime:0.000006s ]
INFO: [ app_init ] --END-- [ RunTime:0.000443s ]
INFO: [ app_begin ] --START--
INFO: Run Behavior\ReadHtmlCacheBehavior [ RunTime:0.000648s ]
INFO: [ app_begin ] --END-- [ RunTime:0.000666s ]
NOTIC: [2] Declaration of Admin\Logic\ItemLogic::delete($id) should be compatible with Think\Model::delete($options = Array) D:\360\www2\xianyu\Application\Admin\Logic\ItemLogic.class.php 第 6 行.
NOTIC: [2] Declaration of Admin\Logic\ItemLogic::find($id) should be compatible with Think\Model::find($options = Array) D:\360\www2\xianyu\Application\Admin\Logic\ItemLogic.class.php 第 6 行.
SQL: SHOW COLUMNS FROM `tp_item` [ RunTime:0.0129s ]
SQL: SHOW COLUMNS FROM `tp_collection_item` [ RunTime:0.0103s ]
SQL: INSERT INTO `tp_collection_item` (`uid`,`itemId`) VALUES ('1','1') [ RunTime:0.0600s ]
INFO: [ app_end ] --START--
INFO: Run Behavior\ShowPageTraceBehavior [ RunTime:0.001766s ]
INFO: [ app_end ] --END-- [ RunTime:0.001798s ]

[ 2020-02-18T17:52:16+08:00 ] 127.0.0.1 /api/item/favourItem?uid=1&itemId=1
INFO: [ app_init ] --START--
INFO: Run Behavior\BuildLiteBehavior [ RunTime:0.000005s ]
INFO: [ app_init ] --END-- [ RunTime:0.000491s ]
INFO: [ app_begin ] --START--
INFO: Run Behavior\ReadHtmlCacheBehavior [ RunTime:0.000745s ]
INFO: [ app_begin ] --END-- [ RunTime:0.000764s ]
NOTIC: [2] Declaration of Admin\Logic\ItemLogic::delete($id) should be compatible with Think\Model::delete($options = Array) D:\360\www2\xianyu\Application\Admin\Logic\ItemLogic.class.php 第 6 行.
NOTIC: [2] Declaration of Admin\Logic\ItemLogic::find($id) should be compatible with Think\Model::find($options = Array) D:\360\www2\xianyu\Application\Admin\Logic\ItemLogic.class.php 第 6 行.
SQL: SHOW COLUMNS FROM `tp_item` [ RunTime:0.0182s ]
SQL: SHOW COLUMNS FROM `tp_collection_item` [ RunTime:0.0089s ]
ERR: 1062:Duplicate entry '1-1' for key 'PRIMARY'
 [ SQL语句 ] : INSERT INTO `tp_collection_item` (`uid`,`itemId`) VALUES ('1','1')
ERR: 1062:Duplicate entry '1-1' for key 'PRIMARY'
 [ SQL语句 ] : INSERT INTO `tp_collection_item` (`uid`,`itemId`) VALUES ('1','1')

[ 2020-02-18T17:54:31+08:00 ] 127.0.0.1 /api/item/favourItem?uid=1&itemId=1
INFO: [ app_init ] --START--
INFO: Run Behavior\BuildLiteBehavior [ RunTime:0.000008s ]
INFO: [ app_init ] --END-- [ RunTime:0.000932s ]
INFO: [ app_begin ] --START--
INFO: Run Behavior\ReadHtmlCacheBehavior [ RunTime:0.001066s ]
INFO: [ app_begin ] --END-- [ RunTime:0.001109s ]
NOTIC: [2] Declaration of Admin\Logic\ItemLogic::delete($id) should be compatible with Think\Model::delete($options = Array) D:\360\www2\xianyu\Application\Admin\Logic\ItemLogic.class.php 第 6 行.
NOTIC: [2] Declaration of Admin\Logic\ItemLogic::find($id) should be compatible with Think\Model::find($options = Array) D:\360\www2\xianyu\Application\Admin\Logic\ItemLogic.class.php 第 6 行.
SQL: SHOW COLUMNS FROM `tp_item` [ RunTime:0.0162s ]
SQL: SHOW COLUMNS FROM `tp_collection_item` [ RunTime:0.0110s ]
ERR: 1062:Duplicate entry '1-1' for key 'PRIMARY'
 [ SQL语句 ] : INSERT INTO `tp_collection_item` (`uid`,`itemId`) VALUES ('1','1')
ERR: 1062:Duplicate entry '1-1' for key 'PRIMARY'
 [ SQL语句 ] : INSERT INTO `tp_collection_item` (`uid`,`itemId`) VALUES ('1','1')

[ 2020-02-18T17:54:57+08:00 ] 127.0.0.1 /api/item/favourItem?uid=1&itemId=1
INFO: [ app_init ] --START--
INFO: Run Behavior\BuildLiteBehavior [ RunTime:0.000004s ]
INFO: [ app_init ] --END-- [ RunTime:0.000335s ]
INFO: [ app_begin ] --START--
INFO: Run Behavior\ReadHtmlCacheBehavior [ RunTime:0.000470s ]
INFO: [ app_begin ] --END-- [ RunTime:0.000491s ]
NOTIC: [2] Declaration of Admin\Logic\ItemLogic::delete($id) should be compatible with Think\Model::delete($options = Array) D:\360\www2\xianyu\Application\Admin\Logic\ItemLogic.class.php 第 6 行.
NOTIC: [2] Declaration of Admin\Logic\ItemLogic::find($id) should be compatible with Think\Model::find($options = Array) D:\360\www2\xianyu\Application\Admin\Logic\ItemLogic.class.php 第 6 行.
SQL: SHOW COLUMNS FROM `tp_item` [ RunTime:0.0121s ]
SQL: SHOW COLUMNS FROM `tp_collection_item` [ RunTime:0.0119s ]
ERR: 1062:Duplicate entry '1-1' for key 'PRIMARY'
 [ SQL语句 ] : INSERT INTO `tp_collection_item` (`uid`,`itemId`) VALUES ('1','1')
NOTIC: [8] Undefined variable: pk D:\360\www2\xianyu\Application\Api\Controller\ItemController.class.php 第 63 行.
INFO: [ app_end ] --START--
INFO: Run Behavior\ShowPageTraceBehavior [ RunTime:0.000803s ]
INFO: [ app_end ] --END-- [ RunTime:0.000821s ]

[ 2020-02-18T17:55:45+08:00 ] 127.0.0.1 /api/item/favourItem?uid=1&itemId=1
INFO: [ app_init ] --START--
INFO: Run Behavior\BuildLiteBehavior [ RunTime:0.000006s ]
INFO: [ app_init ] --END-- [ RunTime:0.000326s ]
INFO: [ app_begin ] --START--
INFO: Run Behavior\ReadHtmlCacheBehavior [ RunTime:0.000479s ]
INFO: [ app_begin ] --END-- [ RunTime:0.000499s ]
NOTIC: [2] Declaration of Admin\Logic\ItemLogic::delete($id) should be compatible with Think\Model::delete($options = Array) D:\360\www2\xianyu\Application\Admin\Logic\ItemLogic.class.php 第 6 行.
NOTIC: [2] Declaration of Admin\Logic\ItemLogic::find($id) should be compatible with Think\Model::find($options = Array) D:\360\www2\xianyu\Application\Admin\Logic\ItemLogic.class.php 第 6 行.
SQL: SHOW COLUMNS FROM `tp_item` [ RunTime:0.0534s ]
SQL: SHOW COLUMNS FROM `tp_collection_item` [ RunTime:0.0113s ]
SQL: INSERT INTO `tp_collection_item` (`uid`,`itemId`) VALUES ('1','1') [ RunTime:0.0426s ]
INFO: [ app_end ] --START--
INFO: Run Behavior\ShowPageTraceBehavior [ RunTime:0.000578s ]
INFO: [ app_end ] --END-- [ RunTime:0.000599s ]

[ 2020-02-18T17:59:13+08:00 ] 127.0.0.1 /api/item/delFavourItem?uid=1&itemId=1
INFO: [ app_init ] --START--
INFO: Run Behavior\BuildLiteBehavior [ RunTime:0.000005s ]
INFO: [ app_init ] --END-- [ RunTime:0.000498s ]
INFO: [ app_begin ] --START--
INFO: Run Behavior\ReadHtmlCacheBehavior [ RunTime:0.000705s ]
INFO: [ app_begin ] --END-- [ RunTime:0.000723s ]
NOTIC: [2] Declaration of Admin\Logic\ItemLogic::delete($id) should be compatible with Think\Model::delete($options = Array) D:\360\www2\xianyu\Application\Admin\Logic\ItemLogic.class.php 第 6 行.
NOTIC: [2] Declaration of Admin\Logic\ItemLogic::find($id) should be compatible with Think\Model::find($options = Array) D:\360\www2\xianyu\Application\Admin\Logic\ItemLogic.class.php 第 6 行.
SQL: SHOW COLUMNS FROM `tp_item` [ RunTime:0.0638s ]
SQL: SHOW COLUMNS FROM `tp_collection_item` [ RunTime:0.0092s ]
NOTIC: [2] Illegal offset type in isset or empty D:\360\www2\xianyu\ThinkPHP\Library\Think\Model.class.php 第 511 行.
SQL: DELETE FROM `tp_collection_item` WHERE `uid` = 1 AND `itemId` = 1 [ RunTime:0.0454s ]
INFO: [ app_end ] --START--
INFO: Run Behavior\ShowPageTraceBehavior [ RunTime:0.000886s ]
INFO: [ app_end ] --END-- [ RunTime:0.000921s ]

[ 2020-02-18T17:59:28+08:00 ] 127.0.0.1 /api/item/delFavourItem?uid=1&itemId=1
INFO: [ app_init ] --START--
INFO: Run Behavior\BuildLiteBehavior [ RunTime:0.000005s ]
INFO: [ app_init ] --END-- [ RunTime:0.000471s ]
INFO: [ app_begin ] --START--
INFO: Run Behavior\ReadHtmlCacheBehavior [ RunTime:0.000775s ]
INFO: [ app_begin ] --END-- [ RunTime:0.000840s ]
NOTIC: [2] Declaration of Admin\Logic\ItemLogic::delete($id) should be compatible with Think\Model::delete($options = Array) D:\360\www2\xianyu\Application\Admin\Logic\ItemLogic.class.php 第 6 行.
NOTIC: [2] Declaration of Admin\Logic\ItemLogic::find($id) should be compatible with Think\Model::find($options = Array) D:\360\www2\xianyu\Application\Admin\Logic\ItemLogic.class.php 第 6 行.
SQL: SHOW COLUMNS FROM `tp_item` [ RunTime:0.0134s ]
SQL: SHOW COLUMNS FROM `tp_collection_item` [ RunTime:0.0102s ]
NOTIC: [2] Illegal offset type in isset or empty D:\360\www2\xianyu\ThinkPHP\Library\Think\Model.class.php 第 511 行.
SQL: DELETE FROM `tp_collection_item` WHERE `uid` = 1 AND `itemId` = 1 [ RunTime:0.0267s ]
INFO: [ app_end ] --START--
INFO: Run Behavior\ShowPageTraceBehavior [ RunTime:0.000692s ]
INFO: [ app_end ] --END-- [ RunTime:0.000714s ]

[ 2020-02-18T17:59:34+08:00 ] 127.0.0.1 /api/item/delFavourItem?uid=1&itemId=1
INFO: [ app_init ] --START--
INFO: Run Behavior\BuildLiteBehavior [ RunTime:0.000009s ]
INFO: [ app_init ] --END-- [ RunTime:0.000507s ]
INFO: [ app_begin ] --START--
INFO: Run Behavior\ReadHtmlCacheBehavior [ RunTime:0.000713s ]
INFO: [ app_begin ] --END-- [ RunTime:0.000747s ]
NOTIC: [2] Declaration of Admin\Logic\ItemLogic::delete($id) should be compatible with Think\Model::delete($options = Array) D:\360\www2\xianyu\Application\Admin\Logic\ItemLogic.class.php 第 6 行.
NOTIC: [2] Declaration of Admin\Logic\ItemLogic::find($id) should be compatible with Think\Model::find($options = Array) D:\360\www2\xianyu\Application\Admin\Logic\ItemLogic.class.php 第 6 行.
SQL: SHOW COLUMNS FROM `tp_item` [ RunTime:0.0152s ]
SQL: SHOW COLUMNS FROM `tp_collection_item` [ RunTime:0.0092s ]
NOTIC: [2] Illegal offset type in isset or empty D:\360\www2\xianyu\ThinkPHP\Library\Think\Model.class.php 第 511 行.
SQL: DELETE FROM `tp_collection_item` WHERE `uid` = 1 AND `itemId` = 1 [ RunTime:0.0004s ]
INFO: [ app_end ] --START--
INFO: Run Behavior\ShowPageTraceBehavior [ RunTime:0.000492s ]
INFO: [ app_end ] --END-- [ RunTime:0.000509s ]

[ 2020-02-18T18:08:51+08:00 ] 127.0.0.1 /api/item/myFavourItem?uid=1
INFO: [ app_init ] --START--
INFO: Run Behavior\BuildLiteBehavior [ RunTime:0.000006s ]
INFO: [ app_init ] --END-- [ RunTime:0.000474s ]
INFO: [ app_begin ] --START--
INFO: Run Behavior\ReadHtmlCacheBehavior [ RunTime:0.001309s ]
INFO: [ app_begin ] --END-- [ RunTime:0.001448s ]
NOTIC: [2] Declaration of Admin\Logic\ItemLogic::delete($id) should be compatible with Think\Model::delete($options = Array) D:\360\www2\xianyu\Application\Admin\Logic\ItemLogic.class.php 第 6 行.
NOTIC: [2] Declaration of Admin\Logic\ItemLogic::find($id) should be compatible with Think\Model::find($options = Array) D:\360\www2\xianyu\Application\Admin\Logic\ItemLogic.class.php 第 6 行.
SQL: SHOW COLUMNS FROM `tp_item` [ RunTime:0.0170s ]
SQL: SHOW COLUMNS FROM `tp_collection_item` [ RunTime:0.0117s ]
SQL: SELECT COUNT(*) AS tp_count FROM `tp_collection_item` WHERE tp_collection_item.uid = '1' LIMIT 1   [ RunTime:0.0003s ]
ERR: 1054:Unknown column 'tp_item.itemId' in 'on clause'
 [ SQL语句 ] : SELECT tp_item.title,tp_item.content,tp_item.pic FROM `tp_collection_item` INNER JOIN tp_item ON tp_item.itemId=tp_collection_item.itemId  WHERE tp_collection_item.uid = '1' ORDER BY tp_collection_item.id LIMIT 0,10  
ERR: 1054:Unknown column 'tp_item.itemId' in 'on clause'
 [ SQL语句 ] : SELECT tp_item.title,tp_item.content,tp_item.pic FROM `tp_collection_item` INNER JOIN tp_item ON tp_item.itemId=tp_collection_item.itemId  WHERE tp_collection_item.uid = '1' ORDER BY tp_collection_item.id LIMIT 0,10  

[ 2020-02-18T18:10:08+08:00 ] 127.0.0.1 /api/item/myFavourItem?uid=1
INFO: [ app_init ] --START--
INFO: Run Behavior\BuildLiteBehavior [ RunTime:0.000005s ]
INFO: [ app_init ] --END-- [ RunTime:0.000319s ]
INFO: [ app_begin ] --START--
INFO: Run Behavior\ReadHtmlCacheBehavior [ RunTime:0.000443s ]
INFO: [ app_begin ] --END-- [ RunTime:0.000461s ]
NOTIC: [2] Declaration of Admin\Logic\ItemLogic::delete($id) should be compatible with Think\Model::delete($options = Array) D:\360\www2\xianyu\Application\Admin\Logic\ItemLogic.class.php 第 6 行.
NOTIC: [2] Declaration of Admin\Logic\ItemLogic::find($id) should be compatible with Think\Model::find($options = Array) D:\360\www2\xianyu\Application\Admin\Logic\ItemLogic.class.php 第 6 行.
SQL: SHOW COLUMNS FROM `tp_item` [ RunTime:0.0148s ]
SQL: SHOW COLUMNS FROM `tp_collection_item` [ RunTime:0.0117s ]
SQL: SELECT COUNT(*) AS tp_count FROM `tp_collection_item` WHERE tp_collection_item.uid = '1' LIMIT 1   [ RunTime:0.0003s ]
SQL: SELECT tp_item.title,tp_item.content,tp_item.pic FROM `tp_collection_item` INNER JOIN tp_item ON tp_item.id=tp_collection_item.itemId  WHERE tp_collection_item.uid = '1' LIMIT 0,10   [ RunTime:0.0003s ]
INFO: [ app_end ] --START--
INFO: Run Behavior\ShowPageTraceBehavior [ RunTime:0.000783s ]
INFO: [ app_end ] --END-- [ RunTime:0.000801s ]

[ 2020-02-18T18:10:52+08:00 ] 127.0.0.1 /api/item/myFavourItem?uid=1
INFO: [ app_init ] --START--
INFO: Run Behavior\BuildLiteBehavior [ RunTime:0.000005s ]
INFO: [ app_init ] --END-- [ RunTime:0.000429s ]
INFO: [ app_begin ] --START--
INFO: Run Behavior\ReadHtmlCacheBehavior [ RunTime:0.000644s ]
INFO: [ app_begin ] --END-- [ RunTime:0.000663s ]
NOTIC: [2] Declaration of Admin\Logic\ItemLogic::delete($id) should be compatible with Think\Model::delete($options = Array) D:\360\www2\xianyu\Application\Admin\Logic\ItemLogic.class.php 第 6 行.
NOTIC: [2] Declaration of Admin\Logic\ItemLogic::find($id) should be compatible with Think\Model::find($options = Array) D:\360\www2\xianyu\Application\Admin\Logic\ItemLogic.class.php 第 6 行.
SQL: SHOW COLUMNS FROM `tp_item` [ RunTime:0.0153s ]
SQL: SHOW COLUMNS FROM `tp_collection_item` [ RunTime:0.0102s ]
SQL: SELECT COUNT(*) AS tp_count FROM `tp_collection_item` WHERE tp_collection_item.uid = '1' LIMIT 1   [ RunTime:0.0004s ]
SQL: SELECT tp_item.title,tp_item.content,tp_item.pic FROM `tp_collection_item` INNER JOIN tp_item ON tp_item.id=tp_collection_item.itemId  WHERE tp_collection_item.uid = '1' LIMIT 0,10   [ RunTime:0.0004s ]
INFO: [ app_end ] --START--
INFO: Run Behavior\ShowPageTraceBehavior [ RunTime:0.000463s ]
INFO: [ app_end ] --END-- [ RunTime:0.000479s ]

[ 2020-02-18T18:12:14+08:00 ] 127.0.0.1 /api/item/myFavourItem?uid=1
INFO: [ app_init ] --START--
INFO: Run Behavior\BuildLiteBehavior [ RunTime:0.000009s ]
INFO: [ app_init ] --END-- [ RunTime:0.000430s ]
INFO: [ app_begin ] --START--
INFO: Run Behavior\ReadHtmlCacheBehavior [ RunTime:0.000832s ]
INFO: [ app_begin ] --END-- [ RunTime:0.000861s ]
NOTIC: [2] Declaration of Admin\Logic\ItemLogic::delete($id) should be compatible with Think\Model::delete($options = Array) D:\360\www2\xianyu\Application\Admin\Logic\ItemLogic.class.php 第 6 行.
NOTIC: [2] Declaration of Admin\Logic\ItemLogic::find($id) should be compatible with Think\Model::find($options = Array) D:\360\www2\xianyu\Application\Admin\Logic\ItemLogic.class.php 第 6 行.
SQL: SHOW COLUMNS FROM `tp_item` [ RunTime:0.0147s ]
SQL: SHOW COLUMNS FROM `tp_collection_item` [ RunTime:0.0104s ]
SQL: SELECT COUNT(*) AS tp_count FROM `tp_collection_item` WHERE tp_collection_item.uid = '1' LIMIT 1   [ RunTime:0.0003s ]
SQL: SELECT tp_item.title,tp_item.content,tp_item.pic FROM `tp_collection_item` INNER JOIN tp_item ON tp_item.id=tp_collection_item.itemId  WHERE tp_collection_item.uid = '1' LIMIT 0,1   [ RunTime:0.0004s ]
INFO: [ app_end ] --START--
INFO: Run Behavior\ShowPageTraceBehavior [ RunTime:0.000856s ]
INFO: [ app_end ] --END-- [ RunTime:0.000873s ]

[ 2020-02-18T18:12:22+08:00 ] 127.0.0.1 /api/item/myFavourItem?uid=1&p=2
INFO: [ app_init ] --START--
INFO: Run Behavior\BuildLiteBehavior [ RunTime:0.000006s ]
INFO: [ app_init ] --END-- [ RunTime:0.000368s ]
INFO: [ app_begin ] --START--
INFO: Run Behavior\ReadHtmlCacheBehavior [ RunTime:0.000415s ]
INFO: [ app_begin ] --END-- [ RunTime:0.000432s ]
NOTIC: [2] Declaration of Admin\Logic\ItemLogic::delete($id) should be compatible with Think\Model::delete($options = Array) D:\360\www2\xianyu\Application\Admin\Logic\ItemLogic.class.php 第 6 行.
NOTIC: [2] Declaration of Admin\Logic\ItemLogic::find($id) should be compatible with Think\Model::find($options = Array) D:\360\www2\xianyu\Application\Admin\Logic\ItemLogic.class.php 第 6 行.
SQL: SHOW COLUMNS FROM `tp_item` [ RunTime:0.0162s ]
SQL: SHOW COLUMNS FROM `tp_collection_item` [ RunTime:0.0105s ]
SQL: SELECT COUNT(*) AS tp_count FROM `tp_collection_item` WHERE tp_collection_item.uid = '1' LIMIT 1   [ RunTime:0.0003s ]
SQL: SELECT tp_item.title,tp_item.content,tp_item.pic FROM `tp_collection_item` INNER JOIN tp_item ON tp_item.id=tp_collection_item.itemId  WHERE tp_collection_item.uid = '1' LIMIT 1,1   [ RunTime:0.0003s ]
INFO: [ app_end ] --START--
INFO: Run Behavior\ShowPageTraceBehavior [ RunTime:0.000474s ]
INFO: [ app_end ] --END-- [ RunTime:0.000491s ]

[ 2020-02-18T18:15:49+08:00 ] 127.0.0.1 /api/item/delFavourItem?uid=1&itemId=1
INFO: [ app_init ] --START--
INFO: Run Behavior\BuildLiteBehavior [ RunTime:0.000006s ]
INFO: [ app_init ] --END-- [ RunTime:0.000442s ]
INFO: [ app_begin ] --START--
INFO: Run Behavior\ReadHtmlCacheBehavior [ RunTime:0.000697s ]
INFO: [ app_begin ] --END-- [ RunTime:0.000721s ]
NOTIC: [2] Declaration of Admin\Logic\ItemLogic::delete($id) should be compatible with Think\Model::delete($options = Array) D:\360\www2\xianyu\Application\Admin\Logic\ItemLogic.class.php 第 6 行.
NOTIC: [2] Declaration of Admin\Logic\ItemLogic::find($id) should be compatible with Think\Model::find($options = Array) D:\360\www2\xianyu\Application\Admin\Logic\ItemLogic.class.php 第 6 行.
SQL: SHOW COLUMNS FROM `tp_item` [ RunTime:0.0503s ]
SQL: SHOW COLUMNS FROM `tp_collection_item` [ RunTime:0.0126s ]
NOTIC: [2] Illegal offset type in isset or empty D:\360\www2\xianyu\ThinkPHP\Library\Think\Model.class.php 第 511 行.
SQL: DELETE FROM `tp_collection_item` WHERE `uid` = 1 AND `itemId` = 1 [ RunTime:0.0387s ]
INFO: [ app_end ] --START--
INFO: Run Behavior\ShowPageTraceBehavior [ RunTime:0.001127s ]
INFO: [ app_end ] --END-- [ RunTime:0.001163s ]

[ 2020-02-18T18:17:26+08:00 ] 127.0.0.1 /api/item/myFavourItem?uid=1
INFO: [ app_init ] --START--
INFO: Run Behavior\BuildLiteBehavior [ RunTime:0.000005s ]
INFO: [ app_init ] --END-- [ RunTime:0.000315s ]
INFO: [ app_begin ] --START--
INFO: Run Behavior\ReadHtmlCacheBehavior [ RunTime:0.000409s ]
INFO: [ app_begin ] --END-- [ RunTime:0.000426s ]
NOTIC: [2] Declaration of Admin\Logic\ItemLogic::delete($id) should be compatible with Think\Model::delete($options = Array) D:\360\www2\xianyu\Application\Admin\Logic\ItemLogic.class.php 第 6 行.
NOTIC: [2] Declaration of Admin\Logic\ItemLogic::find($id) should be compatible with Think\Model::find($options = Array) D:\360\www2\xianyu\Application\Admin\Logic\ItemLogic.class.php 第 6 行.
SQL: SHOW COLUMNS FROM `tp_item` [ RunTime:0.0158s ]
SQL: SHOW COLUMNS FROM `tp_collection_item` [ RunTime:0.0096s ]
SQL: SELECT COUNT(*) AS tp_count FROM `tp_collection_item` WHERE tp_collection_item.uid = '1' LIMIT 1   [ RunTime:0.0003s ]
SQL: SELECT tp_item.title,tp_item.content,tp_item.pic FROM `tp_collection_item` INNER JOIN tp_item ON tp_item.id=tp_collection_item.itemId  WHERE tp_collection_item.uid = '1' LIMIT 0,10   [ RunTime:0.0004s ]
INFO: [ app_end ] --START--
INFO: Run Behavior\ShowPageTraceBehavior [ RunTime:0.000678s ]
INFO: [ app_end ] --END-- [ RunTime:0.000702s ]

[ 2020-02-18T18:30:03+08:00 ] 127.0.0.1 /api/item/search?kw=%E6%89%8B%E6%9C%BA
INFO: [ app_init ] --START--
INFO: Run Behavior\BuildLiteBehavior [ RunTime:0.000007s ]
INFO: [ app_init ] --END-- [ RunTime:0.000788s ]
INFO: [ app_begin ] --START--
INFO: Run Behavior\ReadHtmlCacheBehavior [ RunTime:0.000924s ]
INFO: [ app_begin ] --END-- [ RunTime:0.000952s ]
NOTIC: [2] Declaration of Admin\Logic\ItemLogic::delete($id) should be compatible with Think\Model::delete($options = Array) D:\360\www2\xianyu\Application\Admin\Logic\ItemLogic.class.php 第 6 行.
NOTIC: [2] Declaration of Admin\Logic\ItemLogic::find($id) should be compatible with Think\Model::find($options = Array) D:\360\www2\xianyu\Application\Admin\Logic\ItemLogic.class.php 第 6 行.
SQL: SHOW COLUMNS FROM `tp_item` [ RunTime:0.0188s ]
SQL: SHOW COLUMNS FROM `tp_item` [ RunTime:0.0084s ]
SQL: SELECT COUNT(*) AS tp_count FROM `tp_item` WHERE `title` LIKE '%手机%' LIMIT 1   [ RunTime:0.0003s ]
SQL: SELECT * FROM `tp_item` WHERE `title` LIKE '%手机%' ORDER BY id LIMIT 0,12   [ RunTime:0.0004s ]
INFO: [ app_end ] --START--
INFO: Run Behavior\ShowPageTraceBehavior [ RunTime:0.000978s ]
INFO: [ app_end ] --END-- [ RunTime:0.001000s ]

[ 2020-02-18T18:30:28+08:00 ] 127.0.0.1 /api/item/search?kw=%E6%89%8B%E6%9C%BA
INFO: [ app_init ] --START--
INFO: Run Behavior\BuildLiteBehavior [ RunTime:0.000006s ]
INFO: [ app_init ] --END-- [ RunTime:0.000400s ]
INFO: [ app_begin ] --START--
INFO: Run Behavior\ReadHtmlCacheBehavior [ RunTime:0.000887s ]
INFO: [ app_begin ] --END-- [ RunTime:0.000920s ]
NOTIC: [2] Declaration of Admin\Logic\ItemLogic::delete($id) should be compatible with Think\Model::delete($options = Array) D:\360\www2\xianyu\Application\Admin\Logic\ItemLogic.class.php 第 6 行.
NOTIC: [2] Declaration of Admin\Logic\ItemLogic::find($id) should be compatible with Think\Model::find($options = Array) D:\360\www2\xianyu\Application\Admin\Logic\ItemLogic.class.php 第 6 行.
SQL: SHOW COLUMNS FROM `tp_item` [ RunTime:0.0180s ]
SQL: SHOW COLUMNS FROM `tp_item` [ RunTime:0.0060s ]
SQL: SELECT COUNT(*) AS tp_count FROM `tp_item` WHERE `title` LIKE '%手机%' LIMIT 1   [ RunTime:0.0002s ]
SQL: SELECT * FROM `tp_item` WHERE `title` LIKE '%手机%' ORDER BY id LIMIT 0,12   [ RunTime:0.0003s ]
INFO: [ app_end ] --START--
INFO: Run Behavior\ShowPageTraceBehavior [ RunTime:0.000574s ]
INFO: [ app_end ] --END-- [ RunTime:0.000593s ]

[ 2020-02-18T18:30:41+08:00 ] 127.0.0.1 /api/item/search?kw=%E6%B5%8B%E8%AF%95
INFO: [ app_init ] --START--
INFO: Run Behavior\BuildLiteBehavior [ RunTime:0.000007s ]
INFO: [ app_init ] --END-- [ RunTime:0.000579s ]
INFO: [ app_begin ] --START--
INFO: Run Behavior\ReadHtmlCacheBehavior [ RunTime:0.000572s ]
INFO: [ app_begin ] --END-- [ RunTime:0.000595s ]
NOTIC: [2] Declaration of Admin\Logic\ItemLogic::delete($id) should be compatible with Think\Model::delete($options = Array) D:\360\www2\xianyu\Application\Admin\Logic\ItemLogic.class.php 第 6 行.
NOTIC: [2] Declaration of Admin\Logic\ItemLogic::find($id) should be compatible with Think\Model::find($options = Array) D:\360\www2\xianyu\Application\Admin\Logic\ItemLogic.class.php 第 6 行.
SQL: SHOW COLUMNS FROM `tp_item` [ RunTime:0.0190s ]
SQL: SHOW COLUMNS FROM `tp_item` [ RunTime:0.0074s ]
SQL: SELECT COUNT(*) AS tp_count FROM `tp_item` WHERE `title` LIKE '%测试%' LIMIT 1   [ RunTime:0.0003s ]
SQL: SELECT * FROM `tp_item` WHERE `title` LIKE '%测试%' ORDER BY id LIMIT 0,12   [ RunTime:0.0004s ]
INFO: [ app_end ] --START--
INFO: Run Behavior\ShowPageTraceBehavior [ RunTime:0.000579s ]
INFO: [ app_end ] --END-- [ RunTime:0.000597s ]

