[ 2020-02-18T11:18:59+08:00 ] 127.0.0.1 /Admin/User/all/p/2
INFO: [ app_init ] --START--
INFO: Run Behavior\BuildLiteBehavior [ RunTime:0.000010s ]
INFO: [ app_init ] --END-- [ RunTime:0.012635s ]
INFO: [ app_begin ] --START--
INFO: Run Behavior\ReadHtmlCacheBehavior [ RunTime:0.015722s ]
INFO: [ app_begin ] --END-- [ RunTime:0.015783s ]
NOTIC: [2] Declaration of Admin\Logic\UserLogic::delete($uid) should be compatible with Think\Model::delete($options = Array) D:\360\www2\xianyu\Application\Admin\Logic\UserLogic.class.php 第 6 行.
NOTIC: [2] Declaration of Admin\Logic\UserLogic::find($uid) should be compatible with Think\Model::find($options = Array) D:\360\www2\xianyu\Application\Admin\Logic\UserLogic.class.php 第 6 行.
SQL: SHOW COLUMNS FROM `tp_user` [ RunTime:0.0174s ]

[ 2020-02-18T11:18:59+08:00 ] 127.0.0.1 /Admin/user/login
INFO: [ app_init ] --START--
INFO: Run Behavior\BuildLiteBehavior [ RunTime:0.000006s ]
INFO: [ app_init ] --END-- [ RunTime:0.000397s ]
INFO: [ app_begin ] --START--
INFO: Run Behavior\ReadHtmlCacheBehavior [ RunTime:0.000574s ]
INFO: [ app_begin ] --END-- [ RunTime:0.000595s ]
NOTIC: [2] Declaration of Admin\Logic\UserLogic::delete($uid) should be compatible with Think\Model::delete($options = Array) D:\360\www2\xianyu\Application\Admin\Logic\UserLogic.class.php 第 6 行.
NOTIC: [2] Declaration of Admin\Logic\UserLogic::find($uid) should be compatible with Think\Model::find($options = Array) D:\360\www2\xianyu\Application\Admin\Logic\UserLogic.class.php 第 6 行.
SQL: SHOW COLUMNS FROM `tp_user` [ RunTime:0.0063s ]
INFO: [ view_parse ] --START--
INFO: [ template_filter ] --START--
INFO: Run Behavior\ContentReplaceBehavior [ RunTime:0.000101s ]
INFO: [ template_filter ] --END-- [ RunTime:0.000140s ]
NOTIC: [8] Undefined variable: message D:\360\www2\xianyu\Application\Runtime\Cache\Admin\1076b913512e165070eac03bb8b572df.php 第 53 行.
INFO: Run Behavior\ParseTemplateBehavior [ RunTime:0.110229s ]
INFO: [ view_parse ] --END-- [ RunTime:0.110251s ]
INFO: [ view_filter ] --START--
INFO: Run Behavior\WriteHtmlCacheBehavior [ RunTime:0.011809s ]
INFO: [ view_filter ] --END-- [ RunTime:0.011833s ]
INFO: [ app_end ] --START--
INFO: Run Behavior\ShowPageTraceBehavior [ RunTime:0.011600s ]
INFO: [ app_end ] --END-- [ RunTime:0.011624s ]

[ 2020-02-18T12:09:47+08:00 ] 127.0.0.1 /Admin/User/login
INFO: [ app_init ] --START--
INFO: Run Behavior\BuildLiteBehavior [ RunTime:0.000028s ]
INFO: [ app_init ] --END-- [ RunTime:0.001156s ]
INFO: [ app_begin ] --START--
INFO: Run Behavior\ReadHtmlCacheBehavior [ RunTime:0.000999s ]
INFO: [ app_begin ] --END-- [ RunTime:0.001043s ]
NOTIC: [2] Declaration of Admin\Logic\UserLogic::delete($uid) should be compatible with Think\Model::delete($options = Array) D:\360\www2\xianyu\Application\Admin\Logic\UserLogic.class.php 第 6 行.
NOTIC: [2] Declaration of Admin\Logic\UserLogic::find($uid) should be compatible with Think\Model::find($options = Array) D:\360\www2\xianyu\Application\Admin\Logic\UserLogic.class.php 第 6 行.
SQL: SHOW COLUMNS FROM `tp_user` [ RunTime:0.0178s ]
SQL: SHOW COLUMNS FROM `tp_user` [ RunTime:0.0072s ]
SQL: SELECT `uid`,`email`,`username` FROM `tp_user` WHERE `username` = '123' AND `password` = '123' LIMIT 1   [ RunTime:0.0003s ]
SQL: UPDATE `tp_user` SET `uid`='1',`email`='12334@qq.com',`username`='123' WHERE `username` = '123' [ RunTime:0.0802s ]

[ 2020-02-18T12:09:47+08:00 ] 127.0.0.1 /Admin/index/index
INFO: [ app_init ] --START--
INFO: Run Behavior\BuildLiteBehavior [ RunTime:0.000005s ]
INFO: [ app_init ] --END-- [ RunTime:0.000310s ]
INFO: [ app_begin ] --START--
INFO: Run Behavior\ReadHtmlCacheBehavior [ RunTime:0.000387s ]
INFO: [ app_begin ] --END-- [ RunTime:0.000406s ]
SQL: SHOW COLUMNS FROM `tp_item` [ RunTime:0.0096s ]
SQL: SHOW COLUMNS FROM `tp_comment` [ RunTime:0.0106s ]
SQL: SHOW COLUMNS FROM `tp_user` [ RunTime:0.0050s ]
SQL: SELECT COUNT(*) AS tp_count FROM `tp_item` LIMIT 1   [ RunTime:0.0003s ]
SQL: SELECT COUNT(*) AS tp_count FROM `tp_comment` LIMIT 1   [ RunTime:0.0002s ]
SQL: SELECT COUNT(*) AS tp_count FROM `tp_user` LIMIT 1   [ RunTime:0.0003s ]
SQL: SELECT * FROM `tp_item` ORDER BY id desc LIMIT 5   [ RunTime:0.0002s ]
INFO: [ view_parse ] --START--
INFO: [ template_filter ] --START--
INFO: Run Behavior\ContentReplaceBehavior [ RunTime:0.000041s ]
INFO: [ template_filter ] --END-- [ RunTime:0.000059s ]
INFO: Run Behavior\ParseTemplateBehavior [ RunTime:0.061289s ]
INFO: [ view_parse ] --END-- [ RunTime:0.061320s ]
INFO: [ view_filter ] --START--
INFO: Run Behavior\WriteHtmlCacheBehavior [ RunTime:0.000577s ]
INFO: [ view_filter ] --END-- [ RunTime:0.000593s ]
INFO: [ app_end ] --START--
INFO: Run Behavior\ShowPageTraceBehavior [ RunTime:0.000742s ]
INFO: [ app_end ] --END-- [ RunTime:0.000758s ]

[ 2020-02-18T12:09:49+08:00 ] 127.0.0.1 /Admin/item/all
INFO: [ app_init ] --START--
INFO: Run Behavior\BuildLiteBehavior [ RunTime:0.000007s ]
INFO: [ app_init ] --END-- [ RunTime:0.000436s ]
INFO: [ app_begin ] --START--
INFO: Run Behavior\ReadHtmlCacheBehavior [ RunTime:0.001005s ]
INFO: [ app_begin ] --END-- [ RunTime:0.001064s ]
NOTIC: [2] Declaration of Admin\Logic\ItemLogic::delete($id) should be compatible with Think\Model::delete($options = Array) D:\360\www2\xianyu\Application\Admin\Logic\ItemLogic.class.php 第 6 行.
NOTIC: [2] Declaration of Admin\Logic\ItemLogic::find($id) should be compatible with Think\Model::find($options = Array) D:\360\www2\xianyu\Application\Admin\Logic\ItemLogic.class.php 第 6 行.
SQL: SHOW COLUMNS FROM `tp_item` [ RunTime:0.0223s ]
SQL: SHOW COLUMNS FROM `tp_item` [ RunTime:0.0151s ]
SQL: SELECT COUNT(*) AS tp_count FROM `tp_item` WHERE `title` LIKE '%%' LIMIT 1   [ RunTime:0.0003s ]
SQL: SELECT * FROM `tp_item` WHERE `title` LIKE '%%' ORDER BY id LIMIT 0,12   [ RunTime:0.0004s ]
INFO: [ view_parse ] --START--
INFO: [ template_filter ] --START--
INFO: Run Behavior\ContentReplaceBehavior [ RunTime:0.000053s ]
INFO: [ template_filter ] --END-- [ RunTime:0.000072s ]
NOTIC: [8] Undefined index: kw D:\360\www2\xianyu\Application\Runtime\Cache\Admin\998512fefe810a0711e724b97a86868a.php 第 117 行.
INFO: Run Behavior\ParseTemplateBehavior [ RunTime:0.040831s ]
INFO: [ view_parse ] --END-- [ RunTime:0.040870s ]
INFO: [ view_filter ] --START--
INFO: Run Behavior\WriteHtmlCacheBehavior [ RunTime:0.000644s ]
INFO: [ view_filter ] --END-- [ RunTime:0.000661s ]
INFO: [ app_end ] --START--
INFO: Run Behavior\ShowPageTraceBehavior [ RunTime:0.001221s ]
INFO: [ app_end ] --END-- [ RunTime:0.001240s ]

[ 2020-02-18T12:09:49+08:00 ] 127.0.0.1 /Admin/item/_200x200.jpg
INFO: [ app_init ] --START--
INFO: Run Behavior\BuildLiteBehavior [ RunTime:0.000008s ]
INFO: [ app_init ] --END-- [ RunTime:0.000401s ]

[ 2020-02-18T12:50:22+08:00 ] 127.0.0.1 /Admin/item/all
INFO: [ app_init ] --START--
INFO: Run Behavior\BuildLiteBehavior [ RunTime:0.000005s ]
INFO: [ app_init ] --END-- [ RunTime:0.000480s ]
INFO: [ app_begin ] --START--
INFO: Run Behavior\ReadHtmlCacheBehavior [ RunTime:0.000611s ]
INFO: [ app_begin ] --END-- [ RunTime:0.000633s ]
NOTIC: [2] Declaration of Admin\Logic\ItemLogic::delete($id) should be compatible with Think\Model::delete($options = Array) D:\360\www2\xianyu\Application\Admin\Logic\ItemLogic.class.php 第 6 行.
NOTIC: [2] Declaration of Admin\Logic\ItemLogic::find($id) should be compatible with Think\Model::find($options = Array) D:\360\www2\xianyu\Application\Admin\Logic\ItemLogic.class.php 第 6 行.
SQL: SHOW COLUMNS FROM `tp_item` [ RunTime:0.0125s ]
SQL: SHOW COLUMNS FROM `tp_item` [ RunTime:0.0061s ]
SQL: SELECT COUNT(*) AS tp_count FROM `tp_item` WHERE `title` LIKE '%%' LIMIT 1   [ RunTime:0.0003s ]
SQL: SELECT * FROM `tp_item` WHERE `title` LIKE '%%' ORDER BY id LIMIT 0,12   [ RunTime:0.0003s ]
INFO: [ view_parse ] --START--
INFO: [ template_filter ] --START--
INFO: Run Behavior\ContentReplaceBehavior [ RunTime:0.000060s ]
INFO: [ template_filter ] --END-- [ RunTime:0.000080s ]
NOTIC: [8] Undefined index: kw D:\360\www2\xianyu\Application\Runtime\Cache\Admin\998512fefe810a0711e724b97a86868a.php 第 117 行.
INFO: Run Behavior\ParseTemplateBehavior [ RunTime:0.033841s ]
INFO: [ view_parse ] --END-- [ RunTime:0.033869s ]
INFO: [ view_filter ] --START--
INFO: Run Behavior\WriteHtmlCacheBehavior [ RunTime:0.000769s ]
INFO: [ view_filter ] --END-- [ RunTime:0.000794s ]
INFO: [ app_end ] --START--
INFO: Run Behavior\ShowPageTraceBehavior [ RunTime:0.000593s ]
INFO: [ app_end ] --END-- [ RunTime:0.000614s ]

