[ 2020-03-23T16:18:14+08:00 ] 127.0.0.1 /Admin/user/all
INFO: [ app_init ] --START--
INFO: Run Behavior\BuildLiteBehavior [ RunTime:0.000009s ]
INFO: [ app_init ] --END-- [ RunTime:0.010259s ]
INFO: [ app_begin ] --START--
INFO: Run Behavior\ReadHtmlCacheBehavior [ RunTime:0.015380s ]
INFO: [ app_begin ] --END-- [ RunTime:0.015407s ]
NOTIC: [2] Declaration of Admin\Logic\UserLogic::delete($uid) should be compatible with Think\Model::delete($options = Array) D:\360\www2\xianyu\Application\Admin\Logic\UserLogic.class.php 第 6 行.
NOTIC: [2] Declaration of Admin\Logic\UserLogic::find($uid) should be compatible with Think\Model::find($options = Array) D:\360\www2\xianyu\Application\Admin\Logic\UserLogic.class.php 第 6 行.
SQL: SHOW COLUMNS FROM `tp_user` [ RunTime:0.1130s ]

[ 2020-03-23T16:18:15+08:00 ] 127.0.0.1 /Admin/user/login
INFO: [ app_init ] --START--
INFO: Run Behavior\BuildLiteBehavior [ RunTime:0.000006s ]
INFO: [ app_init ] --END-- [ RunTime:0.000379s ]
INFO: [ app_begin ] --START--
INFO: Run Behavior\ReadHtmlCacheBehavior [ RunTime:0.000503s ]
INFO: [ app_begin ] --END-- [ RunTime:0.000527s ]
NOTIC: [2] Declaration of Admin\Logic\UserLogic::delete($uid) should be compatible with Think\Model::delete($options = Array) D:\360\www2\xianyu\Application\Admin\Logic\UserLogic.class.php 第 6 行.
NOTIC: [2] Declaration of Admin\Logic\UserLogic::find($uid) should be compatible with Think\Model::find($options = Array) D:\360\www2\xianyu\Application\Admin\Logic\UserLogic.class.php 第 6 行.
SQL: SHOW COLUMNS FROM `tp_user` [ RunTime:0.0044s ]
INFO: [ view_parse ] --START--
INFO: [ template_filter ] --START--
INFO: Run Behavior\ContentReplaceBehavior [ RunTime:0.000058s ]
INFO: [ template_filter ] --END-- [ RunTime:0.000080s ]
NOTIC: [8] Undefined variable: message D:\360\www2\xianyu\Application\Runtime\Cache\Admin\1076b913512e165070eac03bb8b572df.php 第 53 行.
INFO: Run Behavior\ParseTemplateBehavior [ RunTime:0.129521s ]
INFO: [ view_parse ] --END-- [ RunTime:0.129557s ]
INFO: [ view_filter ] --START--
INFO: Run Behavior\WriteHtmlCacheBehavior [ RunTime:0.011433s ]
INFO: [ view_filter ] --END-- [ RunTime:0.011504s ]
INFO: [ app_end ] --START--
INFO: Run Behavior\ShowPageTraceBehavior [ RunTime:0.018174s ]
INFO: [ app_end ] --END-- [ RunTime:0.018200s ]

[ 2020-03-23T16:18:20+08:00 ] 127.0.0.1 /Admin/User/login
INFO: [ app_init ] --START--
INFO: Run Behavior\BuildLiteBehavior [ RunTime:0.000025s ]
INFO: [ app_init ] --END-- [ RunTime:0.000340s ]
INFO: [ app_begin ] --START--
INFO: Run Behavior\ReadHtmlCacheBehavior [ RunTime:0.000362s ]
INFO: [ app_begin ] --END-- [ RunTime:0.000379s ]
NOTIC: [2] Declaration of Admin\Logic\UserLogic::delete($uid) should be compatible with Think\Model::delete($options = Array) D:\360\www2\xianyu\Application\Admin\Logic\UserLogic.class.php 第 6 行.
NOTIC: [2] Declaration of Admin\Logic\UserLogic::find($uid) should be compatible with Think\Model::find($options = Array) D:\360\www2\xianyu\Application\Admin\Logic\UserLogic.class.php 第 6 行.
SQL: SHOW COLUMNS FROM `tp_user` [ RunTime:0.0140s ]
SQL: SHOW COLUMNS FROM `tp_user` [ RunTime:0.0116s ]
SQL: SELECT `uid`,`tel`,`username` FROM `tp_user` WHERE ( `username` = '123' OR `tel` = '123' ) AND `password` = '123' LIMIT 1   [ RunTime:0.0005s ]

[ 2020-03-23T16:18:20+08:00 ] 127.0.0.1 /Admin/index/index
INFO: [ app_init ] --START--
INFO: Run Behavior\BuildLiteBehavior [ RunTime:0.000005s ]
INFO: [ app_init ] --END-- [ RunTime:0.000331s ]
INFO: [ app_begin ] --START--
INFO: Run Behavior\ReadHtmlCacheBehavior [ RunTime:0.000435s ]
INFO: [ app_begin ] --END-- [ RunTime:0.000453s ]
SQL: SHOW COLUMNS FROM `tp_item` [ RunTime:0.0438s ]
SQL: SHOW COLUMNS FROM `tp_comment` [ RunTime:0.0374s ]
SQL: SHOW COLUMNS FROM `tp_user` [ RunTime:0.0047s ]
SQL: SELECT COUNT(*) AS tp_count FROM `tp_item` LIMIT 1   [ RunTime:0.0008s ]
SQL: SELECT COUNT(*) AS tp_count FROM `tp_comment` LIMIT 1   [ RunTime:0.0006s ]
SQL: SELECT COUNT(*) AS tp_count FROM `tp_user` LIMIT 1   [ RunTime:0.0119s ]
SQL: SELECT * FROM `tp_item` ORDER BY id desc LIMIT 5   [ RunTime:0.0004s ]
INFO: [ view_parse ] --START--
INFO: [ template_filter ] --START--
INFO: Run Behavior\ContentReplaceBehavior [ RunTime:0.000085s ]
INFO: [ template_filter ] --END-- [ RunTime:0.000124s ]
INFO: Run Behavior\ParseTemplateBehavior [ RunTime:0.044737s ]
INFO: [ view_parse ] --END-- [ RunTime:0.044760s ]
INFO: [ view_filter ] --START--
INFO: Run Behavior\WriteHtmlCacheBehavior [ RunTime:0.000234s ]
INFO: [ view_filter ] --END-- [ RunTime:0.000248s ]
INFO: [ app_end ] --START--
INFO: Run Behavior\ShowPageTraceBehavior [ RunTime:0.000457s ]
INFO: [ app_end ] --END-- [ RunTime:0.000471s ]

[ 2020-03-23T16:19:05+08:00 ] 127.0.0.1 /Admin/user/all
INFO: [ app_init ] --START--
INFO: Run Behavior\BuildLiteBehavior [ RunTime:0.000007s ]
INFO: [ app_init ] --END-- [ RunTime:0.000580s ]
INFO: [ app_begin ] --START--
INFO: Run Behavior\ReadHtmlCacheBehavior [ RunTime:0.000680s ]
INFO: [ app_begin ] --END-- [ RunTime:0.000699s ]
NOTIC: [2] Declaration of Admin\Logic\UserLogic::delete($uid) should be compatible with Think\Model::delete($options = Array) D:\360\www2\xianyu\Application\Admin\Logic\UserLogic.class.php 第 6 行.
NOTIC: [2] Declaration of Admin\Logic\UserLogic::find($uid) should be compatible with Think\Model::find($options = Array) D:\360\www2\xianyu\Application\Admin\Logic\UserLogic.class.php 第 6 行.
SQL: SHOW COLUMNS FROM `tp_user` [ RunTime:0.0130s ]
SQL: SHOW COLUMNS FROM `tp_user` [ RunTime:0.0043s ]
SQL: SELECT COUNT(*) AS tp_count FROM `tp_user` LIMIT 1   [ RunTime:0.0003s ]
SQL: SELECT * FROM `tp_user` ORDER BY uid LIMIT 0,10   [ RunTime:0.0005s ]
INFO: [ view_parse ] --START--
INFO: [ template_filter ] --START--
INFO: Run Behavior\ContentReplaceBehavior [ RunTime:0.000055s ]
INFO: [ template_filter ] --END-- [ RunTime:0.000074s ]
INFO: Run Behavior\ParseTemplateBehavior [ RunTime:0.054657s ]
INFO: [ view_parse ] --END-- [ RunTime:0.054681s ]
INFO: [ view_filter ] --START--
INFO: Run Behavior\WriteHtmlCacheBehavior [ RunTime:0.001318s ]
INFO: [ view_filter ] --END-- [ RunTime:0.001367s ]
INFO: [ app_end ] --START--
INFO: Run Behavior\ShowPageTraceBehavior [ RunTime:0.001453s ]
INFO: [ app_end ] --END-- [ RunTime:0.001502s ]

[ 2020-03-23T16:19:08+08:00 ] 127.0.0.1 /Admin/user/edit?uid=0
INFO: [ app_init ] --START--
INFO: Run Behavior\BuildLiteBehavior [ RunTime:0.000005s ]
INFO: [ app_init ] --END-- [ RunTime:0.000278s ]
INFO: [ app_begin ] --START--
INFO: Run Behavior\ReadHtmlCacheBehavior [ RunTime:0.000359s ]
INFO: [ app_begin ] --END-- [ RunTime:0.000376s ]
NOTIC: [2] Declaration of Admin\Logic\UserLogic::delete($uid) should be compatible with Think\Model::delete($options = Array) D:\360\www2\xianyu\Application\Admin\Logic\UserLogic.class.php 第 6 行.
NOTIC: [2] Declaration of Admin\Logic\UserLogic::find($uid) should be compatible with Think\Model::find($options = Array) D:\360\www2\xianyu\Application\Admin\Logic\UserLogic.class.php 第 6 行.
SQL: SHOW COLUMNS FROM `tp_user` [ RunTime:0.0132s ]
SQL: SHOW COLUMNS FROM `tp_user` [ RunTime:0.0048s ]
SQL: SELECT * FROM `tp_user` WHERE `uid` = 0 LIMIT 1   [ RunTime:0.0008s ]
INFO: [ view_parse ] --START--
INFO: [ template_filter ] --START--
INFO: Run Behavior\ContentReplaceBehavior [ RunTime:0.000052s ]
INFO: [ template_filter ] --END-- [ RunTime:0.000071s ]
NOTIC: [8] Undefined variable: msg D:\360\www2\xianyu\Application\Runtime\Cache\Admin\2204e6294b763305a3a8417b7f6eca3b.php 第 133 行.
INFO: Run Behavior\ParseTemplateBehavior [ RunTime:0.034179s ]
INFO: [ view_parse ] --END-- [ RunTime:0.034203s ]
INFO: [ view_filter ] --START--
INFO: Run Behavior\WriteHtmlCacheBehavior [ RunTime:0.000241s ]
INFO: [ view_filter ] --END-- [ RunTime:0.000255s ]
INFO: [ app_end ] --START--
INFO: Run Behavior\ShowPageTraceBehavior [ RunTime:0.000564s ]
INFO: [ app_end ] --END-- [ RunTime:0.000581s ]

[ 2020-03-23T16:19:48+08:00 ] 127.0.0.1 /Admin/user/all
INFO: [ app_init ] --START--
INFO: Run Behavior\BuildLiteBehavior [ RunTime:0.000004s ]
INFO: [ app_init ] --END-- [ RunTime:0.000380s ]
INFO: [ app_begin ] --START--
INFO: Run Behavior\ReadHtmlCacheBehavior [ RunTime:0.000431s ]
INFO: [ app_begin ] --END-- [ RunTime:0.000451s ]
NOTIC: [2] Declaration of Admin\Logic\UserLogic::delete($uid) should be compatible with Think\Model::delete($options = Array) D:\360\www2\xianyu\Application\Admin\Logic\UserLogic.class.php 第 6 行.
NOTIC: [2] Declaration of Admin\Logic\UserLogic::find($uid) should be compatible with Think\Model::find($options = Array) D:\360\www2\xianyu\Application\Admin\Logic\UserLogic.class.php 第 6 行.
SQL: SHOW COLUMNS FROM `tp_user` [ RunTime:0.0098s ]
SQL: SHOW COLUMNS FROM `tp_user` [ RunTime:0.0054s ]
SQL: SELECT COUNT(*) AS tp_count FROM `tp_user` LIMIT 1   [ RunTime:0.0002s ]
SQL: SELECT * FROM `tp_user` ORDER BY uid LIMIT 0,10   [ RunTime:0.0002s ]
INFO: [ view_parse ] --START--
INFO: [ template_filter ] --START--
INFO: Run Behavior\ContentReplaceBehavior [ RunTime:0.000053s ]
INFO: [ template_filter ] --END-- [ RunTime:0.000071s ]
INFO: Run Behavior\ParseTemplateBehavior [ RunTime:0.020939s ]
INFO: [ view_parse ] --END-- [ RunTime:0.020963s ]
INFO: [ view_filter ] --START--
INFO: Run Behavior\WriteHtmlCacheBehavior [ RunTime:0.000257s ]
INFO: [ view_filter ] --END-- [ RunTime:0.000272s ]
INFO: [ app_end ] --START--
INFO: Run Behavior\ShowPageTraceBehavior [ RunTime:0.000454s ]
INFO: [ app_end ] --END-- [ RunTime:0.000472s ]

[ 2020-03-23T16:22:45+08:00 ] 127.0.0.1 /Admin/user/edit?uid=0
INFO: [ app_init ] --START--
INFO: Run Behavior\BuildLiteBehavior [ RunTime:0.000010s ]
INFO: [ app_init ] --END-- [ RunTime:0.000718s ]
INFO: [ app_begin ] --START--
INFO: Run Behavior\ReadHtmlCacheBehavior [ RunTime:0.001184s ]
INFO: [ app_begin ] --END-- [ RunTime:0.001236s ]
NOTIC: [2] Declaration of Admin\Logic\UserLogic::delete($uid) should be compatible with Think\Model::delete($options = Array) D:\360\www2\xianyu\Application\Admin\Logic\UserLogic.class.php 第 6 行.
NOTIC: [2] Declaration of Admin\Logic\UserLogic::find($uid) should be compatible with Think\Model::find($options = Array) D:\360\www2\xianyu\Application\Admin\Logic\UserLogic.class.php 第 6 行.
SQL: SHOW COLUMNS FROM `tp_user` [ RunTime:0.0329s ]
SQL: SHOW COLUMNS FROM `tp_user` [ RunTime:0.0049s ]
SQL: SELECT * FROM `tp_user` WHERE `uid` = 0 LIMIT 1   [ RunTime:0.0003s ]
INFO: [ view_parse ] --START--
INFO: [ template_filter ] --START--
INFO: Run Behavior\ContentReplaceBehavior [ RunTime:0.000064s ]
INFO: [ template_filter ] --END-- [ RunTime:0.000089s ]
NOTIC: [8] Undefined variable: msg D:\360\www2\xianyu\Application\Runtime\Cache\Admin\2204e6294b763305a3a8417b7f6eca3b.php 第 133 行.
INFO: Run Behavior\ParseTemplateBehavior [ RunTime:0.022190s ]
INFO: [ view_parse ] --END-- [ RunTime:0.022249s ]
INFO: [ view_filter ] --START--
INFO: Run Behavior\WriteHtmlCacheBehavior [ RunTime:0.000836s ]
INFO: [ view_filter ] --END-- [ RunTime:0.000874s ]
INFO: [ app_end ] --START--
INFO: Run Behavior\ShowPageTraceBehavior [ RunTime:0.001509s ]
INFO: [ app_end ] --END-- [ RunTime:0.001553s ]

[ 2020-03-23T16:22:50+08:00 ] 127.0.0.1 /Admin/user/all
INFO: [ app_init ] --START--
INFO: Run Behavior\BuildLiteBehavior [ RunTime:0.000005s ]
INFO: [ app_init ] --END-- [ RunTime:0.000308s ]
INFO: [ app_begin ] --START--
INFO: Run Behavior\ReadHtmlCacheBehavior [ RunTime:0.000383s ]
INFO: [ app_begin ] --END-- [ RunTime:0.000400s ]
NOTIC: [2] Declaration of Admin\Logic\UserLogic::delete($uid) should be compatible with Think\Model::delete($options = Array) D:\360\www2\xianyu\Application\Admin\Logic\UserLogic.class.php 第 6 行.
NOTIC: [2] Declaration of Admin\Logic\UserLogic::find($uid) should be compatible with Think\Model::find($options = Array) D:\360\www2\xianyu\Application\Admin\Logic\UserLogic.class.php 第 6 行.
SQL: SHOW COLUMNS FROM `tp_user` [ RunTime:0.0103s ]
SQL: SHOW COLUMNS FROM `tp_user` [ RunTime:0.0055s ]
SQL: SELECT COUNT(*) AS tp_count FROM `tp_user` LIMIT 1   [ RunTime:0.0002s ]
SQL: SELECT * FROM `tp_user` ORDER BY uid LIMIT 0,10   [ RunTime:0.0003s ]
INFO: [ view_parse ] --START--
INFO: [ template_filter ] --START--
INFO: Run Behavior\ContentReplaceBehavior [ RunTime:0.000053s ]
INFO: [ template_filter ] --END-- [ RunTime:0.000069s ]
INFO: Run Behavior\ParseTemplateBehavior [ RunTime:0.019695s ]
INFO: [ view_parse ] --END-- [ RunTime:0.019720s ]
INFO: [ view_filter ] --START--
INFO: Run Behavior\WriteHtmlCacheBehavior [ RunTime:0.000240s ]
INFO: [ view_filter ] --END-- [ RunTime:0.000255s ]
INFO: [ app_end ] --START--
INFO: Run Behavior\ShowPageTraceBehavior [ RunTime:0.000507s ]
INFO: [ app_end ] --END-- [ RunTime:0.000524s ]

[ 2020-03-23T16:25:26+08:00 ] 127.0.0.1 /Admin/cate/all
INFO: [ app_init ] --START--
INFO: Run Behavior\BuildLiteBehavior [ RunTime:0.000005s ]
INFO: [ app_init ] --END-- [ RunTime:0.000502s ]
INFO: [ app_begin ] --START--
INFO: Run Behavior\ReadHtmlCacheBehavior [ RunTime:0.000657s ]
INFO: [ app_begin ] --END-- [ RunTime:0.000675s ]
NOTIC: [2] Declaration of Admin\Logic\CateLogic::delete($id) should be compatible with Think\Model::delete($options = Array) D:\360\www2\xianyu\Application\Admin\Logic\CateLogic.class.php 第 6 行.
NOTIC: [2] Declaration of Admin\Logic\CateLogic::find($id) should be compatible with Think\Model::find($options = Array) D:\360\www2\xianyu\Application\Admin\Logic\CateLogic.class.php 第 6 行.
SQL: SHOW COLUMNS FROM `tp_cate` [ RunTime:0.0432s ]
SQL: SHOW COLUMNS FROM `tp_cate` [ RunTime:0.0046s ]
SQL: SELECT * FROM `tp_cate` WHERE ( tid=0 )  [ RunTime:0.0003s ]
SQL: SELECT * FROM `tp_cate` WHERE ( tid=1 )  [ RunTime:0.0003s ]
SQL: SELECT * FROM `tp_cate` WHERE ( tid=2 )  [ RunTime:0.0002s ]
SQL: SELECT * FROM `tp_cate` WHERE ( tid=3 )  [ RunTime:0.0002s ]
SQL: SELECT * FROM `tp_cate` WHERE ( tid=4 )  [ RunTime:0.0003s ]
INFO: [ view_parse ] --START--
INFO: [ template_filter ] --START--
INFO: Run Behavior\ContentReplaceBehavior [ RunTime:0.000054s ]
INFO: [ template_filter ] --END-- [ RunTime:0.000072s ]
NOTIC: [8] Undefined variable: count D:\360\www2\xianyu\Application\Runtime\Cache\Admin\03307506721e8bbfb8d5fcfe621c1fe3.php 第 146 行.
NOTIC: [8] Undefined variable: msg D:\360\www2\xianyu\Application\Runtime\Cache\Admin\03307506721e8bbfb8d5fcfe621c1fe3.php 第 146 行.
NOTIC: [8] Undefined variable: pageBar D:\360\www2\xianyu\Application\Runtime\Cache\Admin\03307506721e8bbfb8d5fcfe621c1fe3.php 第 150 行.
NOTIC: [8] Undefined variable: show D:\360\www2\xianyu\Application\Runtime\Cache\Admin\03307506721e8bbfb8d5fcfe621c1fe3.php 第 170 行.
INFO: Run Behavior\ParseTemplateBehavior [ RunTime:0.056502s ]
INFO: [ view_parse ] --END-- [ RunTime:0.056525s ]
INFO: [ view_filter ] --START--
INFO: Run Behavior\WriteHtmlCacheBehavior [ RunTime:0.000616s ]
INFO: [ view_filter ] --END-- [ RunTime:0.000632s ]
INFO: [ app_end ] --START--
INFO: Run Behavior\ShowPageTraceBehavior [ RunTime:0.000818s ]
INFO: [ app_end ] --END-- [ RunTime:0.000836s ]

[ 2020-03-23T16:28:57+08:00 ] 127.0.0.1 /Admin/item/all
INFO: [ app_init ] --START--
INFO: Run Behavior\BuildLiteBehavior [ RunTime:0.000005s ]
INFO: [ app_init ] --END-- [ RunTime:0.000560s ]
INFO: [ app_begin ] --START--
INFO: Run Behavior\ReadHtmlCacheBehavior [ RunTime:0.000786s ]
INFO: [ app_begin ] --END-- [ RunTime:0.000805s ]
NOTIC: [2] Declaration of Admin\Logic\ItemLogic::delete($id) should be compatible with Think\Model::delete($options = Array) D:\360\www2\xianyu\Application\Admin\Logic\ItemLogic.class.php 第 6 行.
NOTIC: [2] Declaration of Admin\Logic\ItemLogic::find($id) should be compatible with Think\Model::find($options = Array) D:\360\www2\xianyu\Application\Admin\Logic\ItemLogic.class.php 第 6 行.
SQL: SHOW COLUMNS FROM `tp_item` [ RunTime:0.0296s ]
SQL: SHOW COLUMNS FROM `tp_item` [ RunTime:0.0043s ]
SQL: SELECT COUNT(*) AS tp_count FROM `tp_item` WHERE `title` LIKE '%%' LIMIT 1   [ RunTime:0.0004s ]
SQL: SELECT `id`,`username`,`title`,`pic`,`price`,from_unixtime(created) created,`comments`,`collections`,`content`,`city`,(select 0) as flag FROM `tp_item` WHERE `title` LIKE '%%'  [ RunTime:0.0004s ]
SQL: SHOW COLUMNS FROM `tp_pic` [ RunTime:0.0536s ]
SQL: SELECT concat(url,'_200x200.jpg') url,concat(url,'') urlBig FROM `tp_pic` WHERE ( itemId=1 )  [ RunTime:0.0011s ]
SQL: SELECT concat(url,'_200x200.jpg') url,concat(url,'') urlBig FROM `tp_pic` WHERE ( itemId=4 )  [ RunTime:0.0005s ]
SQL: SELECT concat(url,'_200x200.jpg') url,concat(url,'') urlBig FROM `tp_pic` WHERE ( itemId=10 )  [ RunTime:0.0004s ]
SQL: SELECT concat(url,'_200x200.jpg') url,concat(url,'') urlBig FROM `tp_pic` WHERE ( itemId=36 )  [ RunTime:0.0004s ]
SQL: SELECT concat(url,'_200x200.jpg') url,concat(url,'') urlBig FROM `tp_pic` WHERE ( itemId=41 )  [ RunTime:0.0004s ]
SQL: SELECT concat(url,'_200x200.jpg') url,concat(url,'') urlBig FROM `tp_pic` WHERE ( itemId=45 )  [ RunTime:0.0004s ]
NOTIC: [8] Undefined index: pageBar D:\360\www2\xianyu\Application\Admin\Controller\ItemController.class.php 第 14 行.
NOTIC: [8] Undefined index: count D:\360\www2\xianyu\Application\Admin\Controller\ItemController.class.php 第 16 行.
INFO: [ view_parse ] --START--
INFO: [ template_filter ] --START--
INFO: Run Behavior\ContentReplaceBehavior [ RunTime:0.000129s ]
INFO: [ template_filter ] --END-- [ RunTime:0.000171s ]
NOTIC: [8] Undefined index: kw D:\360\www2\xianyu\Application\Runtime\Cache\Admin\998512fefe810a0711e724b97a86868a.php 第 117 行.
NOTIC: [8] A non well formed numeric value encountered D:\360\www2\xianyu\Application\Runtime\Cache\Admin\998512fefe810a0711e724b97a86868a.php 第 134 行.
NOTIC: [8] A non well formed numeric value encountered D:\360\www2\xianyu\Application\Runtime\Cache\Admin\998512fefe810a0711e724b97a86868a.php 第 134 行.
NOTIC: [8] A non well formed numeric value encountered D:\360\www2\xianyu\Application\Runtime\Cache\Admin\998512fefe810a0711e724b97a86868a.php 第 134 行.
NOTIC: [8] A non well formed numeric value encountered D:\360\www2\xianyu\Application\Runtime\Cache\Admin\998512fefe810a0711e724b97a86868a.php 第 134 行.
NOTIC: [8] A non well formed numeric value encountered D:\360\www2\xianyu\Application\Runtime\Cache\Admin\998512fefe810a0711e724b97a86868a.php 第 134 行.
NOTIC: [8] A non well formed numeric value encountered D:\360\www2\xianyu\Application\Runtime\Cache\Admin\998512fefe810a0711e724b97a86868a.php 第 134 行.
INFO: Run Behavior\ParseTemplateBehavior [ RunTime:0.069764s ]
INFO: [ view_parse ] --END-- [ RunTime:0.069803s ]
INFO: [ view_filter ] --START--
INFO: Run Behavior\WriteHtmlCacheBehavior [ RunTime:0.001319s ]
INFO: [ view_filter ] --END-- [ RunTime:0.001354s ]
INFO: [ app_end ] --START--
INFO: Run Behavior\ShowPageTraceBehavior [ RunTime:0.001110s ]
INFO: [ app_end ] --END-- [ RunTime:0.001137s ]

[ 2020-03-23T16:29:01+08:00 ] 127.0.0.1 /Admin/user/add
INFO: [ app_init ] --START--
INFO: Run Behavior\BuildLiteBehavior [ RunTime:0.000005s ]
INFO: [ app_init ] --END-- [ RunTime:0.000299s ]
INFO: [ app_begin ] --START--
INFO: Run Behavior\ReadHtmlCacheBehavior [ RunTime:0.000385s ]
INFO: [ app_begin ] --END-- [ RunTime:0.000402s ]
NOTIC: [2] Declaration of Admin\Logic\UserLogic::delete($uid) should be compatible with Think\Model::delete($options = Array) D:\360\www2\xianyu\Application\Admin\Logic\UserLogic.class.php 第 6 行.
NOTIC: [2] Declaration of Admin\Logic\UserLogic::find($uid) should be compatible with Think\Model::find($options = Array) D:\360\www2\xianyu\Application\Admin\Logic\UserLogic.class.php 第 6 行.
SQL: SHOW COLUMNS FROM `tp_user` [ RunTime:0.0111s ]
INFO: [ view_parse ] --START--
INFO: [ template_filter ] --START--
INFO: Run Behavior\ContentReplaceBehavior [ RunTime:0.000047s ]
INFO: [ template_filter ] --END-- [ RunTime:0.000064s ]
NOTIC: [8] Undefined variable: msg D:\360\www2\xianyu\Application\Runtime\Cache\Admin\2204e6294b763305a3a8417b7f6eca3b.php 第 133 行.
NOTIC: [8] Undefined variable: vo D:\360\www2\xianyu\Application\Runtime\Cache\Admin\2204e6294b763305a3a8417b7f6eca3b.php 第 138 行.
NOTIC: [8] Undefined variable: vo D:\360\www2\xianyu\Application\Runtime\Cache\Admin\2204e6294b763305a3a8417b7f6eca3b.php 第 146 行.
NOTIC: [8] Undefined variable: vo D:\360\www2\xianyu\Application\Runtime\Cache\Admin\2204e6294b763305a3a8417b7f6eca3b.php 第 154 行.
NOTIC: [8] Undefined variable: vo D:\360\www2\xianyu\Application\Runtime\Cache\Admin\2204e6294b763305a3a8417b7f6eca3b.php 第 161 行.
NOTIC: [8] Undefined variable: vo D:\360\www2\xianyu\Application\Runtime\Cache\Admin\2204e6294b763305a3a8417b7f6eca3b.php 第 170 行.
NOTIC: [8] Undefined variable: vo D:\360\www2\xianyu\Application\Runtime\Cache\Admin\2204e6294b763305a3a8417b7f6eca3b.php 第 177 行.
INFO: Run Behavior\ParseTemplateBehavior [ RunTime:0.011573s ]
INFO: [ view_parse ] --END-- [ RunTime:0.011594s ]
INFO: [ view_filter ] --START--
INFO: Run Behavior\WriteHtmlCacheBehavior [ RunTime:0.000251s ]
INFO: [ view_filter ] --END-- [ RunTime:0.000265s ]
INFO: [ app_end ] --START--
INFO: Run Behavior\ShowPageTraceBehavior [ RunTime:0.000464s ]
INFO: [ app_end ] --END-- [ RunTime:0.000480s ]

[ 2020-03-23T16:29:02+08:00 ] 127.0.0.1 /Admin/item/all
INFO: [ app_init ] --START--
INFO: Run Behavior\BuildLiteBehavior [ RunTime:0.000005s ]
INFO: [ app_init ] --END-- [ RunTime:0.000278s ]
INFO: [ app_begin ] --START--
INFO: Run Behavior\ReadHtmlCacheBehavior [ RunTime:0.000358s ]
INFO: [ app_begin ] --END-- [ RunTime:0.000376s ]
NOTIC: [2] Declaration of Admin\Logic\ItemLogic::delete($id) should be compatible with Think\Model::delete($options = Array) D:\360\www2\xianyu\Application\Admin\Logic\ItemLogic.class.php 第 6 行.
NOTIC: [2] Declaration of Admin\Logic\ItemLogic::find($id) should be compatible with Think\Model::find($options = Array) D:\360\www2\xianyu\Application\Admin\Logic\ItemLogic.class.php 第 6 行.
SQL: SHOW COLUMNS FROM `tp_item` [ RunTime:0.0124s ]
SQL: SHOW COLUMNS FROM `tp_item` [ RunTime:0.0046s ]
SQL: SELECT COUNT(*) AS tp_count FROM `tp_item` WHERE `title` LIKE '%%' LIMIT 1   [ RunTime:0.0003s ]
SQL: SELECT `id`,`username`,`title`,`pic`,`price`,from_unixtime(created) created,`comments`,`collections`,`content`,`city`,(select 0) as flag FROM `tp_item` WHERE `title` LIKE '%%'  [ RunTime:0.0003s ]
SQL: SHOW COLUMNS FROM `tp_pic` [ RunTime:0.0082s ]
SQL: SELECT concat(url,'_200x200.jpg') url,concat(url,'') urlBig FROM `tp_pic` WHERE ( itemId=1 )  [ RunTime:0.0003s ]
SQL: SELECT concat(url,'_200x200.jpg') url,concat(url,'') urlBig FROM `tp_pic` WHERE ( itemId=4 )  [ RunTime:0.0003s ]
SQL: SELECT concat(url,'_200x200.jpg') url,concat(url,'') urlBig FROM `tp_pic` WHERE ( itemId=10 )  [ RunTime:0.0003s ]
SQL: SELECT concat(url,'_200x200.jpg') url,concat(url,'') urlBig FROM `tp_pic` WHERE ( itemId=36 )  [ RunTime:0.0003s ]
SQL: SELECT concat(url,'_200x200.jpg') url,concat(url,'') urlBig FROM `tp_pic` WHERE ( itemId=41 )  [ RunTime:0.0003s ]
SQL: SELECT concat(url,'_200x200.jpg') url,concat(url,'') urlBig FROM `tp_pic` WHERE ( itemId=45 )  [ RunTime:0.0003s ]
NOTIC: [8] Undefined index: pageBar D:\360\www2\xianyu\Application\Admin\Controller\ItemController.class.php 第 14 行.
NOTIC: [8] Undefined index: count D:\360\www2\xianyu\Application\Admin\Controller\ItemController.class.php 第 16 行.
INFO: [ view_parse ] --START--
INFO: [ template_filter ] --START--
INFO: Run Behavior\ContentReplaceBehavior [ RunTime:0.000053s ]
INFO: [ template_filter ] --END-- [ RunTime:0.000068s ]
NOTIC: [8] Undefined index: kw D:\360\www2\xianyu\Application\Runtime\Cache\Admin\998512fefe810a0711e724b97a86868a.php 第 117 行.
NOTIC: [8] A non well formed numeric value encountered D:\360\www2\xianyu\Application\Runtime\Cache\Admin\998512fefe810a0711e724b97a86868a.php 第 134 行.
NOTIC: [8] A non well formed numeric value encountered D:\360\www2\xianyu\Application\Runtime\Cache\Admin\998512fefe810a0711e724b97a86868a.php 第 134 行.
NOTIC: [8] A non well formed numeric value encountered D:\360\www2\xianyu\Application\Runtime\Cache\Admin\998512fefe810a0711e724b97a86868a.php 第 134 行.
NOTIC: [8] A non well formed numeric value encountered D:\360\www2\xianyu\Application\Runtime\Cache\Admin\998512fefe810a0711e724b97a86868a.php 第 134 行.
NOTIC: [8] A non well formed numeric value encountered D:\360\www2\xianyu\Application\Runtime\Cache\Admin\998512fefe810a0711e724b97a86868a.php 第 134 行.
NOTIC: [8] A non well formed numeric value encountered D:\360\www2\xianyu\Application\Runtime\Cache\Admin\998512fefe810a0711e724b97a86868a.php 第 134 行.
INFO: Run Behavior\ParseTemplateBehavior [ RunTime:0.020607s ]
INFO: [ view_parse ] --END-- [ RunTime:0.020624s ]
INFO: [ view_filter ] --START--
INFO: Run Behavior\WriteHtmlCacheBehavior [ RunTime:0.000248s ]
INFO: [ view_filter ] --END-- [ RunTime:0.000262s ]
INFO: [ app_end ] --START--
INFO: Run Behavior\ShowPageTraceBehavior [ RunTime:0.000538s ]
INFO: [ app_end ] --END-- [ RunTime:0.000555s ]

[ 2020-03-23T16:29:09+08:00 ] 127.0.0.1 /Admin/item/view?id=1
INFO: [ app_init ] --START--
INFO: Run Behavior\BuildLiteBehavior [ RunTime:0.000005s ]
INFO: [ app_init ] --END-- [ RunTime:0.000318s ]
INFO: [ app_begin ] --START--
INFO: Run Behavior\ReadHtmlCacheBehavior [ RunTime:0.000465s ]
INFO: [ app_begin ] --END-- [ RunTime:0.000486s ]
NOTIC: [2] Declaration of Admin\Logic\ItemLogic::delete($id) should be compatible with Think\Model::delete($options = Array) D:\360\www2\xianyu\Application\Admin\Logic\ItemLogic.class.php 第 6 行.
NOTIC: [2] Declaration of Admin\Logic\ItemLogic::find($id) should be compatible with Think\Model::find($options = Array) D:\360\www2\xianyu\Application\Admin\Logic\ItemLogic.class.php 第 6 行.
SQL: SHOW COLUMNS FROM `tp_item` [ RunTime:0.0110s ]
NOTIC: [2] Declaration of Admin\Logic\PicLogic::delete($id) should be compatible with Think\Model::delete($options = Array) D:\360\www2\xianyu\Application\Admin\Logic\PicLogic.class.php 第 23 行.
SQL: SHOW COLUMNS FROM `tp_pic` [ RunTime:0.0085s ]
NOTIC: [2] Declaration of Admin\Logic\CommentLogic::delete($id) should be compatible with Think\Model::delete($options = Array) D:\360\www2\xianyu\Application\Admin\Logic\CommentLogic.class.php 第 56 行.
SQL: SHOW COLUMNS FROM `tp_comment` [ RunTime:0.0076s ]
SQL: SHOW COLUMNS FROM `tp_item` [ RunTime:0.0052s ]
SQL: SELECT `id`,`username`,`price`,from_unixtime(created) created,`comments`,`collections`,`content` FROM `tp_item` WHERE `id` = 1 LIMIT 1   [ RunTime:0.0003s ]
SQL: SHOW COLUMNS FROM `tp_pic` [ RunTime:0.0044s ]
SQL: SELECT COUNT(*) AS tp_count FROM `tp_pic` WHERE `itemId` = 1 LIMIT 1   [ RunTime:0.0004s ]
NOTIC: [2] Division by zero D:\360\www2\xianyu\ThinkPHP\Library\Think\Page.class.php 第 84 行.
SQL: SELECT * FROM `tp_pic` WHERE `itemId` = 1 ORDER BY id  [ RunTime:0.0003s ]
SQL: SHOW COLUMNS FROM `tp_comment` [ RunTime:0.0042s ]
SQL: SELECT COUNT(*) AS tp_count FROM `tp_comment` WHERE `itemId` = 1 LIMIT 1   [ RunTime:0.0003s ]
SQL: SELECT * FROM `tp_comment` WHERE `itemId` = 1 ORDER BY id  [ RunTime:0.0003s ]
INFO: [ view_parse ] --START--
INFO: [ template_filter ] --START--
INFO: Run Behavior\ContentReplaceBehavior [ RunTime:0.000048s ]
INFO: [ template_filter ] --END-- [ RunTime:0.000068s ]
NOTIC: [8] Undefined index: title D:\360\www2\xianyu\Application\Runtime\Cache\Admin\366b17ceea21e45320499466cc1d9653.php 第 104 行.
NOTIC: [8] A non well formed numeric value encountered D:\360\www2\xianyu\Application\Runtime\Cache\Admin\366b17ceea21e45320499466cc1d9653.php 第 105 行.
INFO: Run Behavior\ParseTemplateBehavior [ RunTime:0.046218s ]
INFO: [ view_parse ] --END-- [ RunTime:0.046240s ]
INFO: [ view_filter ] --START--
INFO: Run Behavior\WriteHtmlCacheBehavior [ RunTime:0.000393s ]
INFO: [ view_filter ] --END-- [ RunTime:0.000414s ]
INFO: [ app_end ] --START--
INFO: Run Behavior\ShowPageTraceBehavior [ RunTime:0.000672s ]
INFO: [ app_end ] --END-- [ RunTime:0.000693s ]

[ 2020-03-23T16:29:11+08:00 ] 127.0.0.1 /Admin/item/all
INFO: [ app_init ] --START--
INFO: Run Behavior\BuildLiteBehavior [ RunTime:0.000006s ]
INFO: [ app_init ] --END-- [ RunTime:0.000572s ]
INFO: [ app_begin ] --START--
INFO: Run Behavior\ReadHtmlCacheBehavior [ RunTime:0.000599s ]
INFO: [ app_begin ] --END-- [ RunTime:0.000621s ]
NOTIC: [2] Declaration of Admin\Logic\ItemLogic::delete($id) should be compatible with Think\Model::delete($options = Array) D:\360\www2\xianyu\Application\Admin\Logic\ItemLogic.class.php 第 6 行.
NOTIC: [2] Declaration of Admin\Logic\ItemLogic::find($id) should be compatible with Think\Model::find($options = Array) D:\360\www2\xianyu\Application\Admin\Logic\ItemLogic.class.php 第 6 行.
SQL: SHOW COLUMNS FROM `tp_item` [ RunTime:0.0101s ]
SQL: SHOW COLUMNS FROM `tp_item` [ RunTime:0.0054s ]
SQL: SELECT COUNT(*) AS tp_count FROM `tp_item` WHERE `title` LIKE '%%' LIMIT 1   [ RunTime:0.0003s ]
SQL: SELECT `id`,`username`,`title`,`pic`,`price`,from_unixtime(created) created,`comments`,`collections`,`content`,`city`,(select 0) as flag FROM `tp_item` WHERE `title` LIKE '%%'  [ RunTime:0.0003s ]
SQL: SHOW COLUMNS FROM `tp_pic` [ RunTime:0.0074s ]
SQL: SELECT concat(url,'_200x200.jpg') url,concat(url,'') urlBig FROM `tp_pic` WHERE ( itemId=1 )  [ RunTime:0.0004s ]
SQL: SELECT concat(url,'_200x200.jpg') url,concat(url,'') urlBig FROM `tp_pic` WHERE ( itemId=4 )  [ RunTime:0.0003s ]
SQL: SELECT concat(url,'_200x200.jpg') url,concat(url,'') urlBig FROM `tp_pic` WHERE ( itemId=10 )  [ RunTime:0.0003s ]
SQL: SELECT concat(url,'_200x200.jpg') url,concat(url,'') urlBig FROM `tp_pic` WHERE ( itemId=36 )  [ RunTime:0.0002s ]
SQL: SELECT concat(url,'_200x200.jpg') url,concat(url,'') urlBig FROM `tp_pic` WHERE ( itemId=41 )  [ RunTime:0.0003s ]
SQL: SELECT concat(url,'_200x200.jpg') url,concat(url,'') urlBig FROM `tp_pic` WHERE ( itemId=45 )  [ RunTime:0.0003s ]
NOTIC: [8] Undefined index: pageBar D:\360\www2\xianyu\Application\Admin\Controller\ItemController.class.php 第 14 行.
NOTIC: [8] Undefined index: count D:\360\www2\xianyu\Application\Admin\Controller\ItemController.class.php 第 16 行.
INFO: [ view_parse ] --START--
INFO: [ template_filter ] --START--
INFO: Run Behavior\ContentReplaceBehavior [ RunTime:0.000081s ]
INFO: [ template_filter ] --END-- [ RunTime:0.000152s ]
NOTIC: [8] Undefined index: kw D:\360\www2\xianyu\Application\Runtime\Cache\Admin\998512fefe810a0711e724b97a86868a.php 第 117 行.
NOTIC: [8] A non well formed numeric value encountered D:\360\www2\xianyu\Application\Runtime\Cache\Admin\998512fefe810a0711e724b97a86868a.php 第 134 行.
NOTIC: [8] A non well formed numeric value encountered D:\360\www2\xianyu\Application\Runtime\Cache\Admin\998512fefe810a0711e724b97a86868a.php 第 134 行.
NOTIC: [8] A non well formed numeric value encountered D:\360\www2\xianyu\Application\Runtime\Cache\Admin\998512fefe810a0711e724b97a86868a.php 第 134 行.
NOTIC: [8] A non well formed numeric value encountered D:\360\www2\xianyu\Application\Runtime\Cache\Admin\998512fefe810a0711e724b97a86868a.php 第 134 行.
NOTIC: [8] A non well formed numeric value encountered D:\360\www2\xianyu\Application\Runtime\Cache\Admin\998512fefe810a0711e724b97a86868a.php 第 134 行.
NOTIC: [8] A non well formed numeric value encountered D:\360\www2\xianyu\Application\Runtime\Cache\Admin\998512fefe810a0711e724b97a86868a.php 第 134 行.
INFO: Run Behavior\ParseTemplateBehavior [ RunTime:0.020753s ]
INFO: [ view_parse ] --END-- [ RunTime:0.020776s ]
INFO: [ view_filter ] --START--
INFO: Run Behavior\WriteHtmlCacheBehavior [ RunTime:0.000332s ]
INFO: [ view_filter ] --END-- [ RunTime:0.000348s ]
INFO: [ app_end ] --START--
INFO: Run Behavior\ShowPageTraceBehavior [ RunTime:0.001091s ]
INFO: [ app_end ] --END-- [ RunTime:0.001121s ]

[ 2020-03-23T16:38:23+08:00 ] 127.0.0.1 /Admin/item/view?id=1
INFO: [ app_init ] --START--
INFO: Run Behavior\BuildLiteBehavior [ RunTime:0.000005s ]
INFO: [ app_init ] --END-- [ RunTime:0.000430s ]
INFO: [ app_begin ] --START--
INFO: Run Behavior\ReadHtmlCacheBehavior [ RunTime:0.000906s ]
INFO: [ app_begin ] --END-- [ RunTime:0.000925s ]
NOTIC: [2] Declaration of Admin\Logic\ItemLogic::delete($id) should be compatible with Think\Model::delete($options = Array) D:\360\www2\xianyu\Application\Admin\Logic\ItemLogic.class.php 第 6 行.
NOTIC: [2] Declaration of Admin\Logic\ItemLogic::find($id) should be compatible with Think\Model::find($options = Array) D:\360\www2\xianyu\Application\Admin\Logic\ItemLogic.class.php 第 6 行.
SQL: SHOW COLUMNS FROM `tp_item` [ RunTime:0.0125s ]
NOTIC: [2] Declaration of Admin\Logic\PicLogic::delete($id) should be compatible with Think\Model::delete($options = Array) D:\360\www2\xianyu\Application\Admin\Logic\PicLogic.class.php 第 23 行.
SQL: SHOW COLUMNS FROM `tp_pic` [ RunTime:0.0070s ]
NOTIC: [2] Declaration of Admin\Logic\CommentLogic::delete($id) should be compatible with Think\Model::delete($options = Array) D:\360\www2\xianyu\Application\Admin\Logic\CommentLogic.class.php 第 56 行.
SQL: SHOW COLUMNS FROM `tp_comment` [ RunTime:0.0093s ]
SQL: SHOW COLUMNS FROM `tp_item` [ RunTime:0.0040s ]
SQL: SELECT `id`,`username`,`price`,from_unixtime(created) created,`comments`,`collections`,`content` FROM `tp_item` WHERE `id` = 1 LIMIT 1   [ RunTime:0.0004s ]
SQL: SHOW COLUMNS FROM `tp_pic` [ RunTime:0.0045s ]
SQL: SELECT COUNT(*) AS tp_count FROM `tp_pic` WHERE `itemId` = 1 LIMIT 1   [ RunTime:0.0003s ]
NOTIC: [2] Division by zero D:\360\www2\xianyu\ThinkPHP\Library\Think\Page.class.php 第 84 行.
SQL: SELECT * FROM `tp_pic` WHERE `itemId` = 1 ORDER BY id  [ RunTime:0.0005s ]
SQL: SHOW COLUMNS FROM `tp_comment` [ RunTime:0.0044s ]
SQL: SELECT COUNT(*) AS tp_count FROM `tp_comment` WHERE `itemId` = 1 LIMIT 1   [ RunTime:0.0003s ]
SQL: SELECT * FROM `tp_comment` WHERE `itemId` = 1 ORDER BY id  [ RunTime:0.0003s ]
INFO: [ view_parse ] --START--
INFO: [ template_filter ] --START--
INFO: Run Behavior\ContentReplaceBehavior [ RunTime:0.000067s ]
INFO: [ template_filter ] --END-- [ RunTime:0.000100s ]
NOTIC: [8] Undefined index: title D:\360\www2\xianyu\Application\Runtime\Cache\Admin\366b17ceea21e45320499466cc1d9653.php 第 104 行.
NOTIC: [8] A non well formed numeric value encountered D:\360\www2\xianyu\Application\Runtime\Cache\Admin\366b17ceea21e45320499466cc1d9653.php 第 105 行.
INFO: Run Behavior\ParseTemplateBehavior [ RunTime:0.006519s ]
INFO: [ view_parse ] --END-- [ RunTime:0.006538s ]
INFO: [ view_filter ] --START--
INFO: Run Behavior\WriteHtmlCacheBehavior [ RunTime:0.000593s ]
INFO: [ view_filter ] --END-- [ RunTime:0.000608s ]
INFO: [ app_end ] --START--
INFO: Run Behavior\ShowPageTraceBehavior [ RunTime:0.000848s ]
INFO: [ app_end ] --END-- [ RunTime:0.000868s ]

[ 2020-03-23T16:40:20+08:00 ] 127.0.0.1 /Admin/comment/all
INFO: [ app_init ] --START--
INFO: Run Behavior\BuildLiteBehavior [ RunTime:0.000007s ]
INFO: [ app_init ] --END-- [ RunTime:0.000447s ]
INFO: [ app_begin ] --START--
INFO: Run Behavior\ReadHtmlCacheBehavior [ RunTime:0.000486s ]
INFO: [ app_begin ] --END-- [ RunTime:0.000510s ]
NOTIC: [2] Declaration of Admin\Logic\CommentLogic::delete($id) should be compatible with Think\Model::delete($options = Array) D:\360\www2\xianyu\Application\Admin\Logic\CommentLogic.class.php 第 6 行.
SQL: SHOW COLUMNS FROM `tp_comment` [ RunTime:0.0225s ]
SQL: SHOW COLUMNS FROM `tp_comment` [ RunTime:0.0073s ]
SQL: SELECT COUNT(*) AS tp_count FROM `tp_comment` WHERE tp_comment.content LIKE '%%' LIMIT 1   [ RunTime:0.0005s ]
SQL: SELECT tp_comment.*,i.title FROM `tp_comment`  INNER JOIN tp_item i ON i.id=tp_comment.itemId  WHERE tp_comment.content LIKE '%%' ORDER BY tp_comment.id LIMIT 0,10   [ RunTime:0.0104s ]
INFO: [ view_parse ] --START--
INFO: [ template_filter ] --START--
INFO: Run Behavior\ContentReplaceBehavior [ RunTime:0.000121s ]
INFO: [ template_filter ] --END-- [ RunTime:0.000164s ]
NOTIC: [8] Undefined index: kw D:\360\www2\xianyu\Application\Runtime\Cache\Admin\d4ffc0c737eb16cf3da81aea1e0f05f8.php 第 108 行.
INFO: Run Behavior\ParseTemplateBehavior [ RunTime:0.069434s ]
INFO: [ view_parse ] --END-- [ RunTime:0.069456s ]
INFO: [ view_filter ] --START--
INFO: Run Behavior\WriteHtmlCacheBehavior [ RunTime:0.000297s ]
INFO: [ view_filter ] --END-- [ RunTime:0.000312s ]
INFO: [ app_end ] --START--
INFO: Run Behavior\ShowPageTraceBehavior [ RunTime:0.000454s ]
INFO: [ app_end ] --END-- [ RunTime:0.000472s ]

[ 2020-03-23T22:20:02+08:00 ] 127.0.0.1 /Admin/item/view?id=1
INFO: [ app_init ] --START--
INFO: Run Behavior\BuildLiteBehavior [ RunTime:0.000010s ]
INFO: [ app_init ] --END-- [ RunTime:0.012585s ]
INFO: [ app_begin ] --START--
INFO: Run Behavior\ReadHtmlCacheBehavior [ RunTime:0.015243s ]
INFO: [ app_begin ] --END-- [ RunTime:0.015270s ]
NOTIC: [2] Declaration of Admin\Logic\ItemLogic::delete($id) should be compatible with Think\Model::delete($options = Array) D:\360\www2\xianyu\Application\Admin\Logic\ItemLogic.class.php 第 6 行.
NOTIC: [2] Declaration of Admin\Logic\ItemLogic::find($id) should be compatible with Think\Model::find($options = Array) D:\360\www2\xianyu\Application\Admin\Logic\ItemLogic.class.php 第 6 行.
SQL: SHOW COLUMNS FROM `tp_item` [ RunTime:0.0596s ]
NOTIC: [2] Declaration of Admin\Logic\PicLogic::delete($id) should be compatible with Think\Model::delete($options = Array) D:\360\www2\xianyu\Application\Admin\Logic\PicLogic.class.php 第 23 行.
SQL: SHOW COLUMNS FROM `tp_pic` [ RunTime:0.0435s ]
NOTIC: [2] Declaration of Admin\Logic\CommentLogic::delete($id) should be compatible with Think\Model::delete($options = Array) D:\360\www2\xianyu\Application\Admin\Logic\CommentLogic.class.php 第 56 行.
SQL: SHOW COLUMNS FROM `tp_comment` [ RunTime:0.0717s ]
SQL: SHOW COLUMNS FROM `tp_item` [ RunTime:0.0072s ]
SQL: SELECT `id`,`username`,`price`,from_unixtime(created) created,`comments`,`collections`,`content` FROM `tp_item` WHERE `id` = 1 LIMIT 1   [ RunTime:0.0008s ]
SQL: SHOW COLUMNS FROM `tp_pic` [ RunTime:0.0071s ]
SQL: SELECT COUNT(*) AS tp_count FROM `tp_pic` WHERE `itemId` = 1 LIMIT 1   [ RunTime:0.0013s ]
NOTIC: [2] Division by zero D:\360\www2\xianyu\ThinkPHP\Library\Think\Page.class.php 第 84 行.
SQL: SELECT * FROM `tp_pic` WHERE `itemId` = 1 ORDER BY id  [ RunTime:0.0004s ]
SQL: SHOW COLUMNS FROM `tp_comment` [ RunTime:0.0051s ]
SQL: SELECT COUNT(*) AS tp_count FROM `tp_comment` WHERE `itemId` = 1 LIMIT 1   [ RunTime:0.0011s ]
SQL: SELECT * FROM `tp_comment` WHERE `itemId` = 1 ORDER BY id  [ RunTime:0.0004s ]
INFO: [ view_parse ] --START--
INFO: [ template_filter ] --START--
INFO: Run Behavior\ContentReplaceBehavior [ RunTime:0.000067s ]
INFO: [ template_filter ] --END-- [ RunTime:0.000086s ]
NOTIC: [8] Undefined index: title D:\360\www2\xianyu\Application\Runtime\Cache\Admin\366b17ceea21e45320499466cc1d9653.php 第 104 行.
NOTIC: [8] A non well formed numeric value encountered D:\360\www2\xianyu\Application\Runtime\Cache\Admin\366b17ceea21e45320499466cc1d9653.php 第 105 行.
INFO: Run Behavior\ParseTemplateBehavior [ RunTime:0.126536s ]
INFO: [ view_parse ] --END-- [ RunTime:0.126560s ]
INFO: [ view_filter ] --START--
INFO: Run Behavior\WriteHtmlCacheBehavior [ RunTime:0.019752s ]
INFO: [ view_filter ] --END-- [ RunTime:0.019775s ]
INFO: [ app_end ] --START--
INFO: Run Behavior\ShowPageTraceBehavior [ RunTime:0.025894s ]
INFO: [ app_end ] --END-- [ RunTime:0.025918s ]

[ 2020-03-23T22:20:04+08:00 ] 127.0.0.1 /Admin/
INFO: [ app_init ] --START--
INFO: Run Behavior\BuildLiteBehavior [ RunTime:0.000008s ]
INFO: [ app_init ] --END-- [ RunTime:0.000756s ]
INFO: [ app_begin ] --START--
INFO: Run Behavior\ReadHtmlCacheBehavior [ RunTime:0.000629s ]
INFO: [ app_begin ] --END-- [ RunTime:0.000655s ]
SQL: SHOW COLUMNS FROM `tp_item` [ RunTime:0.0106s ]
SQL: SHOW COLUMNS FROM `tp_comment` [ RunTime:0.0076s ]
SQL: SHOW COLUMNS FROM `tp_user` [ RunTime:0.0436s ]
SQL: SELECT COUNT(*) AS tp_count FROM `tp_item` LIMIT 1   [ RunTime:0.0084s ]
SQL: SELECT COUNT(*) AS tp_count FROM `tp_comment` LIMIT 1   [ RunTime:0.0002s ]
SQL: SELECT COUNT(*) AS tp_count FROM `tp_user` LIMIT 1   [ RunTime:0.0007s ]
SQL: SELECT * FROM `tp_item` ORDER BY id desc LIMIT 5   [ RunTime:0.0003s ]
INFO: [ view_parse ] --START--
INFO: [ template_filter ] --START--
INFO: Run Behavior\ContentReplaceBehavior [ RunTime:0.000042s ]
INFO: [ template_filter ] --END-- [ RunTime:0.000062s ]
INFO: Run Behavior\ParseTemplateBehavior [ RunTime:0.027687s ]
INFO: [ view_parse ] --END-- [ RunTime:0.027712s ]
INFO: [ view_filter ] --START--
INFO: Run Behavior\WriteHtmlCacheBehavior [ RunTime:0.000522s ]
INFO: [ view_filter ] --END-- [ RunTime:0.000536s ]
INFO: [ app_end ] --START--
INFO: Run Behavior\ShowPageTraceBehavior [ RunTime:0.000765s ]
INFO: [ app_end ] --END-- [ RunTime:0.000781s ]

[ 2020-03-23T22:37:24+08:00 ] 127.0.0.1 /Admin/item/view?id=1
INFO: [ app_init ] --START--
INFO: Run Behavior\BuildLiteBehavior [ RunTime:0.000008s ]
INFO: [ app_init ] --END-- [ RunTime:0.000734s ]
INFO: [ app_begin ] --START--
INFO: Run Behavior\ReadHtmlCacheBehavior [ RunTime:0.001325s ]
INFO: [ app_begin ] --END-- [ RunTime:0.001360s ]
NOTIC: [2] Declaration of Admin\Logic\ItemLogic::delete($id) should be compatible with Think\Model::delete($options = Array) D:\360\www2\xianyu\Application\Admin\Logic\ItemLogic.class.php 第 6 行.
NOTIC: [2] Declaration of Admin\Logic\ItemLogic::find($id) should be compatible with Think\Model::find($options = Array) D:\360\www2\xianyu\Application\Admin\Logic\ItemLogic.class.php 第 6 行.
SQL: SHOW COLUMNS FROM `tp_item` [ RunTime:0.0761s ]
NOTIC: [2] Declaration of Admin\Logic\PicLogic::delete($id) should be compatible with Think\Model::delete($options = Array) D:\360\www2\xianyu\Application\Admin\Logic\PicLogic.class.php 第 23 行.
SQL: SHOW COLUMNS FROM `tp_pic` [ RunTime:0.0441s ]
NOTIC: [2] Declaration of Admin\Logic\CommentLogic::delete($id) should be compatible with Think\Model::delete($options = Array) D:\360\www2\xianyu\Application\Admin\Logic\CommentLogic.class.php 第 56 行.
SQL: SHOW COLUMNS FROM `tp_comment` [ RunTime:0.0419s ]
SQL: SHOW COLUMNS FROM `tp_item` [ RunTime:0.0086s ]
SQL: SELECT `id`,`username`,`price`,from_unixtime(created) created,`comments`,`collections`,`content` FROM `tp_item` WHERE `id` = 1 LIMIT 1   [ RunTime:0.0003s ]
SQL: SHOW COLUMNS FROM `tp_pic` [ RunTime:0.0050s ]
SQL: SELECT COUNT(*) AS tp_count FROM `tp_pic` WHERE `itemId` = 1 LIMIT 1   [ RunTime:0.0008s ]
NOTIC: [2] Division by zero D:\360\www2\xianyu\ThinkPHP\Library\Think\Page.class.php 第 84 行.
SQL: SELECT * FROM `tp_pic` WHERE `itemId` = 1 ORDER BY id  [ RunTime:0.0003s ]
SQL: SHOW COLUMNS FROM `tp_comment` [ RunTime:0.0050s ]
SQL: SELECT COUNT(*) AS tp_count FROM `tp_comment` WHERE `itemId` = 1 LIMIT 1   [ RunTime:0.0006s ]
SQL: SELECT * FROM `tp_comment` WHERE `itemId` = 1 ORDER BY id  [ RunTime:0.0002s ]
INFO: [ view_parse ] --START--
INFO: [ template_filter ] --START--
INFO: Run Behavior\ContentReplaceBehavior [ RunTime:0.000055s ]
INFO: [ template_filter ] --END-- [ RunTime:0.000071s ]
NOTIC: [8] Undefined index: title D:\360\www2\xianyu\Application\Runtime\Cache\Admin\366b17ceea21e45320499466cc1d9653.php 第 104 行.
NOTIC: [8] A non well formed numeric value encountered D:\360\www2\xianyu\Application\Runtime\Cache\Admin\366b17ceea21e45320499466cc1d9653.php 第 105 行.
INFO: Run Behavior\ParseTemplateBehavior [ RunTime:0.007460s ]
INFO: [ view_parse ] --END-- [ RunTime:0.007480s ]
INFO: [ view_filter ] --START--
INFO: Run Behavior\WriteHtmlCacheBehavior [ RunTime:0.000543s ]
INFO: [ view_filter ] --END-- [ RunTime:0.000558s ]
INFO: [ app_end ] --START--
INFO: Run Behavior\ShowPageTraceBehavior [ RunTime:0.000773s ]
INFO: [ app_end ] --END-- [ RunTime:0.000792s ]

[ 2020-03-23T22:37:25+08:00 ] 127.0.0.1 /Admin/user/all
INFO: [ app_init ] --START--
INFO: Run Behavior\BuildLiteBehavior [ RunTime:0.000006s ]
INFO: [ app_init ] --END-- [ RunTime:0.000438s ]
INFO: [ app_begin ] --START--
INFO: Run Behavior\ReadHtmlCacheBehavior [ RunTime:0.000865s ]
INFO: [ app_begin ] --END-- [ RunTime:0.000884s ]
NOTIC: [2] Declaration of Admin\Logic\UserLogic::delete($uid) should be compatible with Think\Model::delete($options = Array) D:\360\www2\xianyu\Application\Admin\Logic\UserLogic.class.php 第 6 行.
NOTIC: [2] Declaration of Admin\Logic\UserLogic::find($uid) should be compatible with Think\Model::find($options = Array) D:\360\www2\xianyu\Application\Admin\Logic\UserLogic.class.php 第 6 行.
SQL: SHOW COLUMNS FROM `tp_user` [ RunTime:0.0334s ]
SQL: SHOW COLUMNS FROM `tp_user` [ RunTime:0.0060s ]
SQL: SELECT COUNT(*) AS tp_count FROM `tp_user` LIMIT 1   [ RunTime:0.0008s ]
SQL: SELECT * FROM `tp_user` ORDER BY uid LIMIT 0,10   [ RunTime:0.0003s ]
INFO: [ view_parse ] --START--
INFO: [ template_filter ] --START--
INFO: Run Behavior\ContentReplaceBehavior [ RunTime:0.000057s ]
INFO: [ template_filter ] --END-- [ RunTime:0.000077s ]
INFO: Run Behavior\ParseTemplateBehavior [ RunTime:0.035875s ]
INFO: [ view_parse ] --END-- [ RunTime:0.035903s ]
INFO: [ view_filter ] --START--
INFO: Run Behavior\WriteHtmlCacheBehavior [ RunTime:0.001055s ]
INFO: [ view_filter ] --END-- [ RunTime:0.001092s ]
INFO: [ app_end ] --START--
INFO: Run Behavior\ShowPageTraceBehavior [ RunTime:0.001181s ]
INFO: [ app_end ] --END-- [ RunTime:0.001206s ]

[ 2020-03-23T22:37:27+08:00 ] 127.0.0.1 /Admin/user/edit?uid=0
INFO: [ app_init ] --START--
INFO: Run Behavior\BuildLiteBehavior [ RunTime:0.000024s ]
INFO: [ app_init ] --END-- [ RunTime:0.000563s ]
INFO: [ app_begin ] --START--
INFO: Run Behavior\ReadHtmlCacheBehavior [ RunTime:0.000803s ]
INFO: [ app_begin ] --END-- [ RunTime:0.000847s ]
NOTIC: [2] Declaration of Admin\Logic\UserLogic::delete($uid) should be compatible with Think\Model::delete($options = Array) D:\360\www2\xianyu\Application\Admin\Logic\UserLogic.class.php 第 6 行.
NOTIC: [2] Declaration of Admin\Logic\UserLogic::find($uid) should be compatible with Think\Model::find($options = Array) D:\360\www2\xianyu\Application\Admin\Logic\UserLogic.class.php 第 6 行.
SQL: SHOW COLUMNS FROM `tp_user` [ RunTime:0.0116s ]
SQL: SHOW COLUMNS FROM `tp_user` [ RunTime:0.0049s ]
SQL: SELECT * FROM `tp_user` WHERE `uid` = 0 LIMIT 1   [ RunTime:0.0004s ]
INFO: [ view_parse ] --START--
INFO: [ template_filter ] --START--
INFO: Run Behavior\ContentReplaceBehavior [ RunTime:0.000053s ]
INFO: [ template_filter ] --END-- [ RunTime:0.000073s ]
NOTIC: [8] Undefined variable: msg D:\360\www2\xianyu\Application\Runtime\Cache\Admin\2204e6294b763305a3a8417b7f6eca3b.php 第 133 行.
INFO: Run Behavior\ParseTemplateBehavior [ RunTime:0.030551s ]
INFO: [ view_parse ] --END-- [ RunTime:0.030577s ]
INFO: [ view_filter ] --START--
INFO: Run Behavior\WriteHtmlCacheBehavior [ RunTime:0.000242s ]
INFO: [ view_filter ] --END-- [ RunTime:0.000256s ]
INFO: [ app_end ] --START--
INFO: Run Behavior\ShowPageTraceBehavior [ RunTime:0.000514s ]
INFO: [ app_end ] --END-- [ RunTime:0.000533s ]

