[ 2020-02-19T16:02:42+08:00 ] 127.0.0.1 /Admin/index/index
INFO: [ app_init ] --START--
INFO: Run Behavior\BuildLiteBehavior [ RunTime:0.000011s ]
INFO: [ app_init ] --END-- [ RunTime:0.000535s ]
INFO: [ app_begin ] --START--
INFO: Run Behavior\ReadHtmlCacheBehavior [ RunTime:0.001007s ]
INFO: [ app_begin ] --END-- [ RunTime:0.001073s ]

[ 2020-02-19T16:02:42+08:00 ] 127.0.0.1 /Admin/user/login
INFO: [ app_init ] --START--
INFO: Run Behavior\BuildLiteBehavior [ RunTime:0.000005s ]
INFO: [ app_init ] --END-- [ RunTime:0.000333s ]
INFO: [ app_begin ] --START--
INFO: Run Behavior\ReadHtmlCacheBehavior [ RunTime:0.000498s ]
INFO: [ app_begin ] --END-- [ RunTime:0.000519s ]
NOTIC: [2] Declaration of Admin\Logic\UserLogic::delete($uid) should be compatible with Think\Model::delete($options = Array) D:\360\www2\xianyu\Application\Admin\Logic\UserLogic.class.php 第 6 行.
NOTIC: [2] Declaration of Admin\Logic\UserLogic::find($uid) should be compatible with Think\Model::find($options = Array) D:\360\www2\xianyu\Application\Admin\Logic\UserLogic.class.php 第 6 行.
SQL: SHOW COLUMNS FROM `tp_user` [ RunTime:0.0321s ]
INFO: [ view_parse ] --START--
INFO: [ template_filter ] --START--
INFO: Run Behavior\ContentReplaceBehavior [ RunTime:0.008305s ]
INFO: [ template_filter ] --END-- [ RunTime:0.008349s ]
NOTIC: [8] Undefined variable: message D:\360\www2\xianyu\Application\Runtime\Cache\Admin\1076b913512e165070eac03bb8b572df.php 第 53 行.
INFO: Run Behavior\ParseTemplateBehavior [ RunTime:0.292986s ]
INFO: [ view_parse ] --END-- [ RunTime:0.293025s ]
INFO: [ view_filter ] --START--
INFO: Run Behavior\WriteHtmlCacheBehavior [ RunTime:0.018828s ]
INFO: [ view_filter ] --END-- [ RunTime:0.018866s ]
INFO: [ app_end ] --START--
INFO: Run Behavior\ShowPageTraceBehavior [ RunTime:0.000944s ]
INFO: [ app_end ] --END-- [ RunTime:0.000986s ]

[ 2020-02-19T16:02:45+08:00 ] 127.0.0.1 /Admin/User/login
INFO: [ app_init ] --START--
INFO: Run Behavior\BuildLiteBehavior [ RunTime:0.000022s ]
INFO: [ app_init ] --END-- [ RunTime:0.000784s ]
INFO: [ app_begin ] --START--
INFO: Run Behavior\ReadHtmlCacheBehavior [ RunTime:0.001327s ]
INFO: [ app_begin ] --END-- [ RunTime:0.001391s ]
NOTIC: [2] Declaration of Admin\Logic\UserLogic::delete($uid) should be compatible with Think\Model::delete($options = Array) D:\360\www2\xianyu\Application\Admin\Logic\UserLogic.class.php 第 6 行.
NOTIC: [2] Declaration of Admin\Logic\UserLogic::find($uid) should be compatible with Think\Model::find($options = Array) D:\360\www2\xianyu\Application\Admin\Logic\UserLogic.class.php 第 6 行.
SQL: SHOW COLUMNS FROM `tp_user` [ RunTime:0.0494s ]
SQL: SHOW COLUMNS FROM `tp_user` [ RunTime:0.0128s ]
SQL: SELECT `uid`,`email`,`username` FROM `tp_user` WHERE ( `username` = '123' OR `tel` = '123' ) AND `password` = '123' LIMIT 1   [ RunTime:0.0006s ]
ERR: 1062:Duplicate entry '1' for key 'PRIMARY'
 [ SQL语句 ] : UPDATE `tp_user` SET `uid`='1',`email`='12334@qq.com',`username`='123' WHERE ( `username` = '123' OR `tel` = '123' )
ERR: 1062:Duplicate entry '1' for key 'PRIMARY'
 [ SQL语句 ] : UPDATE `tp_user` SET `uid`='1',`email`='12334@qq.com',`username`='123' WHERE ( `username` = '123' OR `tel` = '123' )

[ 2020-02-19T16:03:01+08:00 ] 127.0.0.1 /Admin/User/login
INFO: [ app_init ] --START--
INFO: Run Behavior\BuildLiteBehavior [ RunTime:0.000005s ]
INFO: [ app_init ] --END-- [ RunTime:0.000304s ]
INFO: [ app_begin ] --START--
INFO: Run Behavior\ReadHtmlCacheBehavior [ RunTime:0.000696s ]
INFO: [ app_begin ] --END-- [ RunTime:0.000750s ]
NOTIC: [2] Declaration of Admin\Logic\UserLogic::delete($uid) should be compatible with Think\Model::delete($options = Array) D:\360\www2\xianyu\Application\Admin\Logic\UserLogic.class.php 第 6 行.
NOTIC: [2] Declaration of Admin\Logic\UserLogic::find($uid) should be compatible with Think\Model::find($options = Array) D:\360\www2\xianyu\Application\Admin\Logic\UserLogic.class.php 第 6 行.
SQL: SHOW COLUMNS FROM `tp_user` [ RunTime:0.0320s ]
SQL: SHOW COLUMNS FROM `tp_user` [ RunTime:0.0140s ]
SQL: SELECT `uid`,`email`,`username` FROM `tp_user` WHERE ( `username` = '123' OR `tel` = '123' ) AND `password` = '123' LIMIT 1   [ RunTime:0.0003s ]
ERR: 1062:Duplicate entry '1' for key 'PRIMARY'
 [ SQL语句 ] : UPDATE `tp_user` SET `uid`='1',`email`='12334@qq.com',`username`='123' WHERE ( `username` = '123' OR `tel` = '123' )
ERR: 1062:Duplicate entry '1' for key 'PRIMARY'
 [ SQL语句 ] : UPDATE `tp_user` SET `uid`='1',`email`='12334@qq.com',`username`='123' WHERE ( `username` = '123' OR `tel` = '123' )

[ 2020-02-19T16:06:21+08:00 ] 127.0.0.1 /Admin/User/login
INFO: [ app_init ] --START--
INFO: Run Behavior\BuildLiteBehavior [ RunTime:0.000009s ]
INFO: [ app_init ] --END-- [ RunTime:0.000742s ]
INFO: [ app_begin ] --START--
INFO: Run Behavior\ReadHtmlCacheBehavior [ RunTime:0.001104s ]
INFO: [ app_begin ] --END-- [ RunTime:0.001185s ]
NOTIC: [2] Declaration of Admin\Logic\UserLogic::delete($uid) should be compatible with Think\Model::delete($options = Array) D:\360\www2\xianyu\Application\Admin\Logic\UserLogic.class.php 第 6 行.
NOTIC: [2] Declaration of Admin\Logic\UserLogic::find($uid) should be compatible with Think\Model::find($options = Array) D:\360\www2\xianyu\Application\Admin\Logic\UserLogic.class.php 第 6 行.
SQL: SHOW COLUMNS FROM `tp_user` [ RunTime:0.0915s ]
SQL: SHOW COLUMNS FROM `tp_user` [ RunTime:0.0223s ]
SQL: SELECT `uid`,`email`,`username` FROM `tp_user` WHERE ( `username` = '123' OR `tel` = '123' ) AND `password` = '123' LIMIT 1   [ RunTime:0.0003s ]

[ 2020-02-19T16:06:21+08:00 ] 127.0.0.1 /Admin/index/index
INFO: [ app_init ] --START--
INFO: Run Behavior\BuildLiteBehavior [ RunTime:0.000009s ]
INFO: [ app_init ] --END-- [ RunTime:0.000514s ]
INFO: [ app_begin ] --START--
INFO: Run Behavior\ReadHtmlCacheBehavior [ RunTime:0.000693s ]
INFO: [ app_begin ] --END-- [ RunTime:0.000737s ]
SQL: SHOW COLUMNS FROM `tp_item` [ RunTime:0.0470s ]
SQL: SHOW COLUMNS FROM `tp_comment` [ RunTime:0.0345s ]
SQL: SHOW COLUMNS FROM `tp_user` [ RunTime:0.0179s ]
SQL: SELECT COUNT(*) AS tp_count FROM `tp_item` LIMIT 1   [ RunTime:0.0003s ]
SQL: SELECT COUNT(*) AS tp_count FROM `tp_comment` LIMIT 1   [ RunTime:0.0002s ]
SQL: SELECT COUNT(*) AS tp_count FROM `tp_user` LIMIT 1   [ RunTime:0.0002s ]
SQL: SELECT * FROM `tp_item` ORDER BY id desc LIMIT 5   [ RunTime:0.0004s ]
INFO: [ view_parse ] --START--
INFO: [ template_filter ] --START--
INFO: Run Behavior\ContentReplaceBehavior [ RunTime:0.000047s ]
INFO: [ template_filter ] --END-- [ RunTime:0.000068s ]
INFO: Run Behavior\ParseTemplateBehavior [ RunTime:0.127918s ]
INFO: [ view_parse ] --END-- [ RunTime:0.127957s ]
INFO: [ view_filter ] --START--
INFO: Run Behavior\WriteHtmlCacheBehavior [ RunTime:0.000787s ]
INFO: [ view_filter ] --END-- [ RunTime:0.000808s ]
INFO: [ app_end ] --START--
INFO: Run Behavior\ShowPageTraceBehavior [ RunTime:0.000882s ]
INFO: [ app_end ] --END-- [ RunTime:0.000903s ]

[ 2020-02-19T16:06:23+08:00 ] 127.0.0.1 /Admin/user/logout
INFO: [ app_init ] --START--
INFO: Run Behavior\BuildLiteBehavior [ RunTime:0.000008s ]
INFO: [ app_init ] --END-- [ RunTime:0.000530s ]
INFO: [ app_begin ] --START--
INFO: Run Behavior\ReadHtmlCacheBehavior [ RunTime:0.000653s ]
INFO: [ app_begin ] --END-- [ RunTime:0.000687s ]
NOTIC: [2] Declaration of Admin\Logic\UserLogic::delete($uid) should be compatible with Think\Model::delete($options = Array) D:\360\www2\xianyu\Application\Admin\Logic\UserLogic.class.php 第 6 行.
NOTIC: [2] Declaration of Admin\Logic\UserLogic::find($uid) should be compatible with Think\Model::find($options = Array) D:\360\www2\xianyu\Application\Admin\Logic\UserLogic.class.php 第 6 行.
SQL: SHOW COLUMNS FROM `tp_user` [ RunTime:0.0227s ]

[ 2020-02-19T16:06:23+08:00 ] 127.0.0.1 /Admin/user/login
INFO: [ app_init ] --START--
INFO: Run Behavior\BuildLiteBehavior [ RunTime:0.000006s ]
INFO: [ app_init ] --END-- [ RunTime:0.000333s ]
INFO: [ app_begin ] --START--
INFO: Run Behavior\ReadHtmlCacheBehavior [ RunTime:0.000617s ]
INFO: [ app_begin ] --END-- [ RunTime:0.000659s ]
NOTIC: [2] Declaration of Admin\Logic\UserLogic::delete($uid) should be compatible with Think\Model::delete($options = Array) D:\360\www2\xianyu\Application\Admin\Logic\UserLogic.class.php 第 6 行.
NOTIC: [2] Declaration of Admin\Logic\UserLogic::find($uid) should be compatible with Think\Model::find($options = Array) D:\360\www2\xianyu\Application\Admin\Logic\UserLogic.class.php 第 6 行.
SQL: SHOW COLUMNS FROM `tp_user` [ RunTime:0.0060s ]
INFO: [ view_parse ] --START--
INFO: [ template_filter ] --START--
INFO: Run Behavior\ContentReplaceBehavior [ RunTime:0.000085s ]
INFO: [ template_filter ] --END-- [ RunTime:0.000168s ]
NOTIC: [8] Undefined variable: message D:\360\www2\xianyu\Application\Runtime\Cache\Admin\1076b913512e165070eac03bb8b572df.php 第 53 行.
INFO: Run Behavior\ParseTemplateBehavior [ RunTime:0.009371s ]
INFO: [ view_parse ] --END-- [ RunTime:0.009403s ]
INFO: [ view_filter ] --START--
INFO: Run Behavior\WriteHtmlCacheBehavior [ RunTime:0.000429s ]
INFO: [ view_filter ] --END-- [ RunTime:0.000457s ]
INFO: [ app_end ] --START--
INFO: Run Behavior\ShowPageTraceBehavior [ RunTime:0.000703s ]
INFO: [ app_end ] --END-- [ RunTime:0.000732s ]

[ 2020-02-19T16:06:28+08:00 ] 127.0.0.1 /Admin/user/all
INFO: [ app_init ] --START--
INFO: Run Behavior\BuildLiteBehavior [ RunTime:0.000006s ]
INFO: [ app_init ] --END-- [ RunTime:0.000333s ]
INFO: [ app_begin ] --START--
INFO: Run Behavior\ReadHtmlCacheBehavior [ RunTime:0.000514s ]
INFO: [ app_begin ] --END-- [ RunTime:0.000541s ]
NOTIC: [2] Declaration of Admin\Logic\UserLogic::delete($uid) should be compatible with Think\Model::delete($options = Array) D:\360\www2\xianyu\Application\Admin\Logic\UserLogic.class.php 第 6 行.
NOTIC: [2] Declaration of Admin\Logic\UserLogic::find($uid) should be compatible with Think\Model::find($options = Array) D:\360\www2\xianyu\Application\Admin\Logic\UserLogic.class.php 第 6 行.
SQL: SHOW COLUMNS FROM `tp_user` [ RunTime:0.0216s ]

[ 2020-02-19T16:06:28+08:00 ] 127.0.0.1 /Admin/user/login
INFO: [ app_init ] --START--
INFO: Run Behavior\BuildLiteBehavior [ RunTime:0.000006s ]
INFO: [ app_init ] --END-- [ RunTime:0.000357s ]
INFO: [ app_begin ] --START--
INFO: Run Behavior\ReadHtmlCacheBehavior [ RunTime:0.000464s ]
INFO: [ app_begin ] --END-- [ RunTime:0.000488s ]
NOTIC: [2] Declaration of Admin\Logic\UserLogic::delete($uid) should be compatible with Think\Model::delete($options = Array) D:\360\www2\xianyu\Application\Admin\Logic\UserLogic.class.php 第 6 行.
NOTIC: [2] Declaration of Admin\Logic\UserLogic::find($uid) should be compatible with Think\Model::find($options = Array) D:\360\www2\xianyu\Application\Admin\Logic\UserLogic.class.php 第 6 行.
SQL: SHOW COLUMNS FROM `tp_user` [ RunTime:0.0055s ]
INFO: [ view_parse ] --START--
INFO: [ template_filter ] --START--
INFO: Run Behavior\ContentReplaceBehavior [ RunTime:0.000024s ]
INFO: [ template_filter ] --END-- [ RunTime:0.000049s ]
NOTIC: [8] Undefined variable: message D:\360\www2\xianyu\Application\Runtime\Cache\Admin\1076b913512e165070eac03bb8b572df.php 第 53 行.
INFO: Run Behavior\ParseTemplateBehavior [ RunTime:0.008748s ]
INFO: [ view_parse ] --END-- [ RunTime:0.008784s ]
INFO: [ view_filter ] --START--
INFO: Run Behavior\WriteHtmlCacheBehavior [ RunTime:0.000387s ]
INFO: [ view_filter ] --END-- [ RunTime:0.000411s ]
INFO: [ app_end ] --START--
INFO: Run Behavior\ShowPageTraceBehavior [ RunTime:0.000573s ]
INFO: [ app_end ] --END-- [ RunTime:0.000593s ]

[ 2020-02-19T16:06:30+08:00 ] 127.0.0.1 /Admin/User/login
INFO: [ app_init ] --START--
INFO: Run Behavior\BuildLiteBehavior [ RunTime:0.000016s ]
INFO: [ app_init ] --END-- [ RunTime:0.000759s ]
INFO: [ app_begin ] --START--
INFO: Run Behavior\ReadHtmlCacheBehavior [ RunTime:0.000761s ]
INFO: [ app_begin ] --END-- [ RunTime:0.000811s ]
NOTIC: [2] Declaration of Admin\Logic\UserLogic::delete($uid) should be compatible with Think\Model::delete($options = Array) D:\360\www2\xianyu\Application\Admin\Logic\UserLogic.class.php 第 6 行.
NOTIC: [2] Declaration of Admin\Logic\UserLogic::find($uid) should be compatible with Think\Model::find($options = Array) D:\360\www2\xianyu\Application\Admin\Logic\UserLogic.class.php 第 6 行.
SQL: SHOW COLUMNS FROM `tp_user` [ RunTime:0.0222s ]
SQL: SHOW COLUMNS FROM `tp_user` [ RunTime:0.0084s ]
SQL: SELECT `uid`,`email`,`username` FROM `tp_user` WHERE ( `username` = '123' OR `tel` = '123' ) AND `password` = '1232' LIMIT 1   [ RunTime:0.0003s ]
INFO: [ view_parse ] --START--
INFO: [ template_filter ] --START--
INFO: Run Behavior\ContentReplaceBehavior [ RunTime:0.000020s ]
INFO: [ template_filter ] --END-- [ RunTime:0.000044s ]
INFO: Run Behavior\ParseTemplateBehavior [ RunTime:0.007526s ]
INFO: [ view_parse ] --END-- [ RunTime:0.007560s ]
INFO: [ view_filter ] --START--
INFO: Run Behavior\WriteHtmlCacheBehavior [ RunTime:0.000426s ]
INFO: [ view_filter ] --END-- [ RunTime:0.000467s ]
INFO: [ app_end ] --START--
INFO: Run Behavior\ShowPageTraceBehavior [ RunTime:0.000858s ]
INFO: [ app_end ] --END-- [ RunTime:0.000905s ]

[ 2020-02-19T16:06:34+08:00 ] 127.0.0.1 /Admin/User/login
INFO: [ app_init ] --START--
INFO: Run Behavior\BuildLiteBehavior [ RunTime:0.000007s ]
INFO: [ app_init ] --END-- [ RunTime:0.000430s ]
INFO: [ app_begin ] --START--
INFO: Run Behavior\ReadHtmlCacheBehavior [ RunTime:0.000684s ]
INFO: [ app_begin ] --END-- [ RunTime:0.000721s ]
NOTIC: [2] Declaration of Admin\Logic\UserLogic::delete($uid) should be compatible with Think\Model::delete($options = Array) D:\360\www2\xianyu\Application\Admin\Logic\UserLogic.class.php 第 6 行.
NOTIC: [2] Declaration of Admin\Logic\UserLogic::find($uid) should be compatible with Think\Model::find($options = Array) D:\360\www2\xianyu\Application\Admin\Logic\UserLogic.class.php 第 6 行.
SQL: SHOW COLUMNS FROM `tp_user` [ RunTime:0.0189s ]
SQL: SHOW COLUMNS FROM `tp_user` [ RunTime:0.0064s ]
SQL: SELECT `uid`,`email`,`username` FROM `tp_user` WHERE ( `username` = '123' OR `tel` = '123' ) AND `password` = '123' LIMIT 1   [ RunTime:0.0005s ]

[ 2020-02-19T16:06:34+08:00 ] 127.0.0.1 /Admin/index/index
INFO: [ app_init ] --START--
INFO: Run Behavior\BuildLiteBehavior [ RunTime:0.000007s ]
INFO: [ app_init ] --END-- [ RunTime:0.000471s ]
INFO: [ app_begin ] --START--
INFO: Run Behavior\ReadHtmlCacheBehavior [ RunTime:0.000700s ]
INFO: [ app_begin ] --END-- [ RunTime:0.000736s ]
SQL: SHOW COLUMNS FROM `tp_item` [ RunTime:0.0106s ]
SQL: SHOW COLUMNS FROM `tp_comment` [ RunTime:0.0123s ]
SQL: SHOW COLUMNS FROM `tp_user` [ RunTime:0.0068s ]
SQL: SELECT COUNT(*) AS tp_count FROM `tp_item` LIMIT 1   [ RunTime:0.0005s ]
SQL: SELECT COUNT(*) AS tp_count FROM `tp_comment` LIMIT 1   [ RunTime:0.0002s ]
SQL: SELECT COUNT(*) AS tp_count FROM `tp_user` LIMIT 1   [ RunTime:0.0002s ]
SQL: SELECT * FROM `tp_item` ORDER BY id desc LIMIT 5   [ RunTime:0.0003s ]
INFO: [ view_parse ] --START--
INFO: [ template_filter ] --START--
INFO: Run Behavior\ContentReplaceBehavior [ RunTime:0.000045s ]
INFO: [ template_filter ] --END-- [ RunTime:0.000067s ]
INFO: Run Behavior\ParseTemplateBehavior [ RunTime:0.007330s ]
INFO: [ view_parse ] --END-- [ RunTime:0.007367s ]
INFO: [ view_filter ] --START--
INFO: Run Behavior\WriteHtmlCacheBehavior [ RunTime:0.000323s ]
INFO: [ view_filter ] --END-- [ RunTime:0.000349s ]
INFO: [ app_end ] --START--
INFO: Run Behavior\ShowPageTraceBehavior [ RunTime:0.000513s ]
INFO: [ app_end ] --END-- [ RunTime:0.000533s ]

[ 2020-02-19T16:06:36+08:00 ] 127.0.0.1 /Admin/item/all
INFO: [ app_init ] --START--
INFO: Run Behavior\BuildLiteBehavior [ RunTime:0.000014s ]
INFO: [ app_init ] --END-- [ RunTime:0.000817s ]
INFO: [ app_begin ] --START--
INFO: Run Behavior\ReadHtmlCacheBehavior [ RunTime:0.000615s ]
INFO: [ app_begin ] --END-- [ RunTime:0.000643s ]
NOTIC: [2] Declaration of Admin\Logic\ItemLogic::delete($id) should be compatible with Think\Model::delete($options = Array) D:\360\www2\xianyu\Application\Admin\Logic\ItemLogic.class.php 第 6 行.
NOTIC: [2] Declaration of Admin\Logic\ItemLogic::find($id) should be compatible with Think\Model::find($options = Array) D:\360\www2\xianyu\Application\Admin\Logic\ItemLogic.class.php 第 6 行.
SQL: SHOW COLUMNS FROM `tp_item` [ RunTime:0.0207s ]
SQL: SHOW COLUMNS FROM `tp_item` [ RunTime:0.0073s ]
SQL: SELECT COUNT(*) AS tp_count FROM `tp_item` WHERE `title` LIKE '%%' LIMIT 1   [ RunTime:0.0005s ]
SQL: SELECT * FROM `tp_item` WHERE `title` LIKE '%%' ORDER BY id LIMIT 0,12   [ RunTime:0.0007s ]
NOTIC: [8] Undefined index: count D:\360\www2\xianyu\Application\Admin\Controller\ItemController.class.php 第 16 行.
INFO: [ view_parse ] --START--
INFO: [ template_filter ] --START--
INFO: Run Behavior\ContentReplaceBehavior [ RunTime:0.000062s ]
INFO: [ template_filter ] --END-- [ RunTime:0.000093s ]
NOTIC: [8] Undefined index: kw D:\360\www2\xianyu\Application\Runtime\Cache\Admin\998512fefe810a0711e724b97a86868a.php 第 117 行.
INFO: Run Behavior\ParseTemplateBehavior [ RunTime:0.079838s ]
INFO: [ view_parse ] --END-- [ RunTime:0.079903s ]
INFO: [ view_filter ] --START--
INFO: Run Behavior\WriteHtmlCacheBehavior [ RunTime:0.000497s ]
INFO: [ view_filter ] --END-- [ RunTime:0.000525s ]
INFO: [ app_end ] --START--
INFO: Run Behavior\ShowPageTraceBehavior [ RunTime:0.000854s ]
INFO: [ app_end ] --END-- [ RunTime:0.000897s ]

[ 2020-02-19T16:06:36+08:00 ] 127.0.0.1 /Admin/item/_200x200.jpg
INFO: [ app_init ] --START--
INFO: Run Behavior\BuildLiteBehavior [ RunTime:0.000011s ]
INFO: [ app_init ] --END-- [ RunTime:0.000534s ]

[ 2020-02-19T16:06:38+08:00 ] 127.0.0.1 /Admin/item/view?id=1
INFO: [ app_init ] --START--
INFO: Run Behavior\BuildLiteBehavior [ RunTime:0.000006s ]
INFO: [ app_init ] --END-- [ RunTime:0.000376s ]
INFO: [ app_begin ] --START--
INFO: Run Behavior\ReadHtmlCacheBehavior [ RunTime:0.000417s ]
INFO: [ app_begin ] --END-- [ RunTime:0.000437s ]
NOTIC: [2] Declaration of Admin\Logic\ItemLogic::delete($id) should be compatible with Think\Model::delete($options = Array) D:\360\www2\xianyu\Application\Admin\Logic\ItemLogic.class.php 第 6 行.
NOTIC: [2] Declaration of Admin\Logic\ItemLogic::find($id) should be compatible with Think\Model::find($options = Array) D:\360\www2\xianyu\Application\Admin\Logic\ItemLogic.class.php 第 6 行.
SQL: SHOW COLUMNS FROM `tp_item` [ RunTime:0.0200s ]
NOTIC: [2] Declaration of Admin\Logic\PicLogic::delete($id) should be compatible with Think\Model::delete($options = Array) D:\360\www2\xianyu\Application\Admin\Logic\PicLogic.class.php 第 23 行.
SQL: SHOW COLUMNS FROM `tp_pic` [ RunTime:0.0132s ]
NOTIC: [2] Declaration of Admin\Logic\CommentLogic::delete($id) should be compatible with Think\Model::delete($options = Array) D:\360\www2\xianyu\Application\Admin\Logic\CommentLogic.class.php 第 33 行.
SQL: SHOW COLUMNS FROM `tp_comment` [ RunTime:0.0146s ]
SQL: SHOW COLUMNS FROM `tp_item` [ RunTime:0.0082s ]
SQL: SELECT * FROM `tp_item` WHERE `id` = 1 LIMIT 1   [ RunTime:0.0002s ]
SQL: SHOW COLUMNS FROM `tp_pic` [ RunTime:0.0094s ]
SQL: SELECT COUNT(*) AS tp_count FROM `tp_pic` WHERE `itemId` = 1 LIMIT 1   [ RunTime:0.0004s ]
NOTIC: [2] Division by zero D:\360\www2\xianyu\ThinkPHP\Library\Think\Page.class.php 第 84 行.
SQL: SELECT * FROM `tp_pic` WHERE `itemId` = 1 ORDER BY id  [ RunTime:0.0004s ]
SQL: SHOW COLUMNS FROM `tp_comment` [ RunTime:0.0051s ]
SQL: SELECT COUNT(*) AS tp_count FROM `tp_comment` WHERE `itemId` = 1 LIMIT 1   [ RunTime:0.0002s ]
SQL: SELECT * FROM `tp_comment` WHERE `itemId` = 1 ORDER BY id  [ RunTime:0.0002s ]
INFO: [ view_parse ] --START--
INFO: [ template_filter ] --START--
INFO: Run Behavior\ContentReplaceBehavior [ RunTime:0.000049s ]
INFO: [ template_filter ] --END-- [ RunTime:0.000073s ]
INFO: Run Behavior\ParseTemplateBehavior [ RunTime:0.084479s ]
INFO: [ view_parse ] --END-- [ RunTime:0.084506s ]
INFO: [ view_filter ] --START--
INFO: Run Behavior\WriteHtmlCacheBehavior [ RunTime:0.000333s ]
INFO: [ view_filter ] --END-- [ RunTime:0.000351s ]
INFO: [ app_end ] --START--
INFO: Run Behavior\ShowPageTraceBehavior [ RunTime:0.000478s ]
INFO: [ app_end ] --END-- [ RunTime:0.000495s ]

