[ 2020-02-15T13:20:53+08:00 ] 127.0.0.1 /admin/cate/all
ERR: 模板不存在:./Application/Admin/View/Cate_list.html

[ 2020-02-15T13:26:34+08:00 ] 127.0.0.1 /admin/cate/status?id=6&status=
ERR: 非法操作:status

[ 2020-02-15T13:33:08+08:00 ] 127.0.0.1 /admin/cate/all
ERR: 模板不存在:./Application/Admin/View/Cate_list.html

[ 2020-02-15T13:33:46+08:00 ] 127.0.0.1 /admin/cate/status?id=1&status=
ERR: 非法操作:status

[ 2020-02-15T17:45:36+08:00 ] 127.0.0.1 /admin/cate/admin-table.html
ERR: 非法操作:admin-table

[ 2020-02-15T20:22:01+08:00 ] 127.0.0.1 /admin/item/view?id=1
ERR: 非法操作:view

[ 2020-02-15T22:07:55+08:00 ] 127.0.0.1 /admin/item/view?id=1
ERR: Class 'Admin\Logic\PicLogic' not found

[ 2020-02-15T22:07:58+08:00 ] 127.0.0.1 /admin/item/view?id=1
ERR: Class 'Admin\Logic\PicLogic' not found

[ 2020-02-15T22:10:29+08:00 ] 127.0.0.1 /admin/item/view?id=1
ERR: Class 'Admin\Logic\PicLogic' not found

[ 2020-02-15T22:12:49+08:00 ] 127.0.0.1 /admin/item/view?id=1
ERR: Class 'Admin\Logic\PicLogic' not found

[ 2020-02-15T22:14:36+08:00 ] 127.0.0.1 /admin/item/view?id=1
ERR: Class 'Admin\Logic\PicLogic' not found

[ 2020-02-15T22:15:16+08:00 ] 127.0.0.1 /admin/item/all
INFO: [ app_init ] --START--
INFO: Run Behavior\BuildLiteBehavior [ RunTime:0.000008s ]
INFO: [ app_init ] --END-- [ RunTime:0.000674s ]
INFO: [ app_begin ] --START--
INFO: Run Behavior\ReadHtmlCacheBehavior [ RunTime:0.000964s ]
INFO: [ app_begin ] --END-- [ RunTime:0.000991s ]
NOTIC: [2] Declaration of Admin\Logic\ItemLogic::find($id) should be compatible with Think\Model::find($options = Array) D:\360\www2\xianyu\Application\Admin\Logic\ItemLogic.class.php 第 6 行.
SQL: SHOW COLUMNS FROM `tp_item` [ RunTime:0.0296s ]
SQL: SHOW COLUMNS FROM `tp_item` [ RunTime:0.0087s ]
SQL: SELECT COUNT(*) AS tp_count FROM `tp_item` WHERE `title` LIKE '%%' LIMIT 1   [ RunTime:0.0005s ]
SQL: SELECT * FROM `tp_item` WHERE `title` LIKE '%%' ORDER BY id LIMIT 0,12   [ RunTime:0.0005s ]
INFO: [ view_parse ] --START--
INFO: [ template_filter ] --START--
INFO: Run Behavior\ContentReplaceBehavior [ RunTime:0.000131s ]
INFO: [ template_filter ] --END-- [ RunTime:0.000172s ]
NOTIC: [8] Undefined index: kw D:\360\www2\xianyu\Application\Runtime\Cache\Admin\998512fefe810a0711e724b97a86868a.php 第 122 行.
INFO: Run Behavior\ParseTemplateBehavior [ RunTime:0.045845s ]
INFO: [ view_parse ] --END-- [ RunTime:0.045877s ]
INFO: [ view_filter ] --START--
INFO: Run Behavior\WriteHtmlCacheBehavior [ RunTime:0.000675s ]
INFO: [ view_filter ] --END-- [ RunTime:0.000694s ]
INFO: [ app_end ] --START--
INFO: Run Behavior\ShowPageTraceBehavior [ RunTime:0.024126s ]
INFO: [ app_end ] --END-- [ RunTime:0.024153s ]

[ 2020-02-15T22:15:16+08:00 ] 127.0.0.1 /Admin/item/view?id=1
INFO: [ app_init ] --START--
INFO: Run Behavior\BuildLiteBehavior [ RunTime:0.000004s ]
INFO: [ app_init ] --END-- [ RunTime:0.000287s ]
INFO: [ app_begin ] --START--
INFO: Run Behavior\ReadHtmlCacheBehavior [ RunTime:0.000372s ]
INFO: [ app_begin ] --END-- [ RunTime:0.000389s ]
NOTIC: [2] Declaration of Admin\Logic\ItemLogic::find($id) should be compatible with Think\Model::find($options = Array) D:\360\www2\xianyu\Application\Admin\Logic\ItemLogic.class.php 第 6 行.
SQL: SHOW COLUMNS FROM `tp_item` [ RunTime:0.0059s ]
ERR: Class 'Admin\Logic\PicLogic' not found

[ 2020-02-15T22:15:45+08:00 ] 127.0.0.1 /Admin/item/view?id=1
INFO: [ app_init ] --START--
INFO: Run Behavior\BuildLiteBehavior [ RunTime:0.000006s ]
INFO: [ app_init ] --END-- [ RunTime:0.000375s ]
INFO: [ app_begin ] --START--
INFO: Run Behavior\ReadHtmlCacheBehavior [ RunTime:0.000470s ]
INFO: [ app_begin ] --END-- [ RunTime:0.000492s ]
NOTIC: [2] Declaration of Admin\Logic\ItemLogic::find($id) should be compatible with Think\Model::find($options = Array) D:\360\www2\xianyu\Application\Admin\Logic\ItemLogic.class.php 第 6 行.
SQL: SHOW COLUMNS FROM `tp_item` [ RunTime:0.0130s ]
SQL: SHOW COLUMNS FROM `tp_pic` [ RunTime:0.0092s ]
SQL: SHOW COLUMNS FROM `tp_item` [ RunTime:0.0042s ]
SQL: SELECT * FROM `tp_item` WHERE `id` = 1 LIMIT 1   [ RunTime:0.0002s ]
SQL: SHOW COLUMNS FROM `tp_pic` [ RunTime:0.0042s ]
SQL: SELECT COUNT(*) AS tp_count FROM `tp_pic` WHERE `itemId` = 1 LIMIT 1   [ RunTime:0.0004s ]
NOTIC: [2] Division by zero D:\360\www2\xianyu\ThinkPHP\Library\Think\Page.class.php 第 84 行.
SQL: SELECT * FROM `tp_pic` WHERE `itemId` = 1 ORDER BY id  [ RunTime:0.0007s ]
INFO: [ view_parse ] --START--
INFO: [ template_filter ] --START--
INFO: Run Behavior\ContentReplaceBehavior [ RunTime:0.000092s ]
INFO: [ template_filter ] --END-- [ RunTime:0.000129s ]
NOTIC: [8] Undefined variable: comment_list D:\360\www2\xianyu\Application\Runtime\Cache\Admin\366b17ceea21e45320499466cc1d9653.php 第 108 行.
INFO: Run Behavior\ParseTemplateBehavior [ RunTime:0.039352s ]
INFO: [ view_parse ] --END-- [ RunTime:0.039379s ]
INFO: [ view_filter ] --START--
INFO: Run Behavior\WriteHtmlCacheBehavior [ RunTime:0.000246s ]
INFO: [ view_filter ] --END-- [ RunTime:0.000258s ]
INFO: [ app_end ] --START--
INFO: Run Behavior\ShowPageTraceBehavior [ RunTime:0.000555s ]
INFO: [ app_end ] --END-- [ RunTime:0.000569s ]

[ 2020-02-15T22:15:48+08:00 ] 127.0.0.1 /Admin/item/view?id=1
INFO: [ app_init ] --START--
INFO: Run Behavior\BuildLiteBehavior [ RunTime:0.000006s ]
INFO: [ app_init ] --END-- [ RunTime:0.000417s ]
INFO: [ app_begin ] --START--
INFO: Run Behavior\ReadHtmlCacheBehavior [ RunTime:0.000582s ]
INFO: [ app_begin ] --END-- [ RunTime:0.000609s ]
NOTIC: [2] Declaration of Admin\Logic\ItemLogic::find($id) should be compatible with Think\Model::find($options = Array) D:\360\www2\xianyu\Application\Admin\Logic\ItemLogic.class.php 第 6 行.
SQL: SHOW COLUMNS FROM `tp_item` [ RunTime:0.0118s ]
SQL: SHOW COLUMNS FROM `tp_pic` [ RunTime:0.0089s ]
SQL: SHOW COLUMNS FROM `tp_item` [ RunTime:0.0048s ]
SQL: SELECT * FROM `tp_item` WHERE `id` = 1 LIMIT 1   [ RunTime:0.0003s ]
SQL: SHOW COLUMNS FROM `tp_pic` [ RunTime:0.0057s ]
SQL: SELECT COUNT(*) AS tp_count FROM `tp_pic` WHERE `itemId` = 1 LIMIT 1   [ RunTime:0.0003s ]
NOTIC: [2] Division by zero D:\360\www2\xianyu\ThinkPHP\Library\Think\Page.class.php 第 84 行.
SQL: SELECT * FROM `tp_pic` WHERE `itemId` = 1 ORDER BY id  [ RunTime:0.0003s ]
INFO: [ view_parse ] --START--
INFO: [ template_filter ] --START--
INFO: Run Behavior\ContentReplaceBehavior [ RunTime:0.000045s ]
INFO: [ template_filter ] --END-- [ RunTime:0.000061s ]
NOTIC: [8] Undefined variable: comment_list D:\360\www2\xianyu\Application\Runtime\Cache\Admin\366b17ceea21e45320499466cc1d9653.php 第 108 行.
INFO: Run Behavior\ParseTemplateBehavior [ RunTime:0.005342s ]
INFO: [ view_parse ] --END-- [ RunTime:0.005359s ]
INFO: [ view_filter ] --START--
INFO: Run Behavior\WriteHtmlCacheBehavior [ RunTime:0.000239s ]
INFO: [ view_filter ] --END-- [ RunTime:0.000253s ]
INFO: [ app_end ] --START--
INFO: Run Behavior\ShowPageTraceBehavior [ RunTime:0.000417s ]
INFO: [ app_end ] --END-- [ RunTime:0.000431s ]

[ 2020-02-15T22:16:20+08:00 ] 127.0.0.1 /Admin/item/view?id=1
INFO: [ app_init ] --START--
INFO: Run Behavior\BuildLiteBehavior [ RunTime:0.000008s ]
INFO: [ app_init ] --END-- [ RunTime:0.000639s ]
INFO: [ app_begin ] --START--
INFO: Run Behavior\ReadHtmlCacheBehavior [ RunTime:0.001037s ]
INFO: [ app_begin ] --END-- [ RunTime:0.001068s ]
NOTIC: [2] Declaration of Admin\Logic\ItemLogic::find($id) should be compatible with Think\Model::find($options = Array) D:\360\www2\xianyu\Application\Admin\Logic\ItemLogic.class.php 第 6 行.
SQL: SHOW COLUMNS FROM `tp_item` [ RunTime:0.0158s ]
SQL: SHOW COLUMNS FROM `tp_pic` [ RunTime:0.0098s ]
SQL: SHOW COLUMNS FROM `tp_item` [ RunTime:0.0058s ]
SQL: SELECT * FROM `tp_item` WHERE `id` = 1 LIMIT 1   [ RunTime:0.0003s ]
SQL: SHOW COLUMNS FROM `tp_pic` [ RunTime:0.0063s ]
SQL: SELECT COUNT(*) AS tp_count FROM `tp_pic` WHERE `itemId` = 1 LIMIT 1   [ RunTime:0.0004s ]
NOTIC: [2] Division by zero D:\360\www2\xianyu\ThinkPHP\Library\Think\Page.class.php 第 84 行.
SQL: SELECT * FROM `tp_pic` WHERE `itemId` = 1 ORDER BY id  [ RunTime:0.0004s ]
INFO: [ view_parse ] --START--
INFO: [ template_filter ] --START--
INFO: Run Behavior\ContentReplaceBehavior [ RunTime:0.000061s ]
INFO: [ template_filter ] --END-- [ RunTime:0.000084s ]
NOTIC: [8] Undefined variable: comment_list D:\360\www2\xianyu\Application\Runtime\Cache\Admin\366b17ceea21e45320499466cc1d9653.php 第 108 行.
INFO: Run Behavior\ParseTemplateBehavior [ RunTime:0.008553s ]
INFO: [ view_parse ] --END-- [ RunTime:0.008574s ]
INFO: [ view_filter ] --START--
INFO: Run Behavior\WriteHtmlCacheBehavior [ RunTime:0.000599s ]
INFO: [ view_filter ] --END-- [ RunTime:0.000615s ]
INFO: [ app_end ] --START--
INFO: Run Behavior\ShowPageTraceBehavior [ RunTime:0.000754s ]
INFO: [ app_end ] --END-- [ RunTime:0.000770s ]

[ 2020-02-15T22:16:53+08:00 ] 127.0.0.1 /Admin/item/view?id=1
INFO: [ app_init ] --START--
INFO: Run Behavior\BuildLiteBehavior [ RunTime:0.000005s ]
INFO: [ app_init ] --END-- [ RunTime:0.000424s ]
INFO: [ app_begin ] --START--
INFO: Run Behavior\ReadHtmlCacheBehavior [ RunTime:0.000727s ]
INFO: [ app_begin ] --END-- [ RunTime:0.000746s ]
NOTIC: [2] Declaration of Admin\Logic\ItemLogic::find($id) should be compatible with Think\Model::find($options = Array) D:\360\www2\xianyu\Application\Admin\Logic\ItemLogic.class.php 第 6 行.
SQL: SHOW COLUMNS FROM `tp_item` [ RunTime:0.0124s ]
SQL: SHOW COLUMNS FROM `tp_pic` [ RunTime:0.0099s ]
SQL: SHOW COLUMNS FROM `tp_item` [ RunTime:0.0042s ]
SQL: SELECT * FROM `tp_item` WHERE `id` = 1 LIMIT 1   [ RunTime:0.0002s ]
SQL: SHOW COLUMNS FROM `tp_pic` [ RunTime:0.0046s ]
SQL: SELECT COUNT(*) AS tp_count FROM `tp_pic` WHERE `itemId` = 1 LIMIT 1   [ RunTime:0.0002s ]
NOTIC: [2] Division by zero D:\360\www2\xianyu\ThinkPHP\Library\Think\Page.class.php 第 84 行.
SQL: SELECT * FROM `tp_pic` WHERE `itemId` = 1 ORDER BY id  [ RunTime:0.0003s ]
INFO: [ view_parse ] --START--
INFO: [ template_filter ] --START--
INFO: Run Behavior\ContentReplaceBehavior [ RunTime:0.000047s ]
INFO: [ template_filter ] --END-- [ RunTime:0.000064s ]
NOTIC: [8] Undefined variable: comment_list D:\360\www2\xianyu\Application\Runtime\Cache\Admin\366b17ceea21e45320499466cc1d9653.php 第 108 行.
INFO: Run Behavior\ParseTemplateBehavior [ RunTime:0.026535s ]
INFO: [ view_parse ] --END-- [ RunTime:0.026555s ]
INFO: [ view_filter ] --START--
INFO: Run Behavior\WriteHtmlCacheBehavior [ RunTime:0.000579s ]
INFO: [ view_filter ] --END-- [ RunTime:0.000594s ]
INFO: [ app_end ] --START--
INFO: Run Behavior\ShowPageTraceBehavior [ RunTime:0.000789s ]
INFO: [ app_end ] --END-- [ RunTime:0.000805s ]

[ 2020-02-15T22:17:04+08:00 ] 127.0.0.1 /Admin/item/view?id=1
INFO: [ app_init ] --START--
INFO: Run Behavior\BuildLiteBehavior [ RunTime:0.000006s ]
INFO: [ app_init ] --END-- [ RunTime:0.000322s ]
INFO: [ app_begin ] --START--
INFO: Run Behavior\ReadHtmlCacheBehavior [ RunTime:0.000413s ]
INFO: [ app_begin ] --END-- [ RunTime:0.000433s ]
NOTIC: [2] Declaration of Admin\Logic\ItemLogic::find($id) should be compatible with Think\Model::find($options = Array) D:\360\www2\xianyu\Application\Admin\Logic\ItemLogic.class.php 第 6 行.
SQL: SHOW COLUMNS FROM `tp_item` [ RunTime:0.0141s ]
SQL: SHOW COLUMNS FROM `tp_pic` [ RunTime:0.0081s ]
SQL: SHOW COLUMNS FROM `tp_item` [ RunTime:0.0048s ]
SQL: SELECT * FROM `tp_item` WHERE `id` = 1 LIMIT 1   [ RunTime:0.0003s ]
SQL: SHOW COLUMNS FROM `tp_pic` [ RunTime:0.0051s ]
SQL: SELECT COUNT(*) AS tp_count FROM `tp_pic` WHERE `itemId` = 1 LIMIT 1   [ RunTime:0.0003s ]
NOTIC: [2] Division by zero D:\360\www2\xianyu\ThinkPHP\Library\Think\Page.class.php 第 84 行.
SQL: SELECT * FROM `tp_pic` WHERE `itemId` = 1 ORDER BY id  [ RunTime:0.0003s ]
INFO: [ view_parse ] --START--
INFO: [ template_filter ] --START--
INFO: Run Behavior\ContentReplaceBehavior [ RunTime:0.000049s ]
INFO: [ template_filter ] --END-- [ RunTime:0.000066s ]
NOTIC: [8] Undefined variable: comment_list D:\360\www2\xianyu\Application\Runtime\Cache\Admin\366b17ceea21e45320499466cc1d9653.php 第 108 行.
INFO: Run Behavior\ParseTemplateBehavior [ RunTime:0.024554s ]
INFO: [ view_parse ] --END-- [ RunTime:0.024573s ]
INFO: [ view_filter ] --START--
INFO: Run Behavior\WriteHtmlCacheBehavior [ RunTime:0.000324s ]
INFO: [ view_filter ] --END-- [ RunTime:0.000339s ]
INFO: [ app_end ] --START--
INFO: Run Behavior\ShowPageTraceBehavior [ RunTime:0.000435s ]
INFO: [ app_end ] --END-- [ RunTime:0.000450s ]

[ 2020-02-15T22:17:05+08:00 ] 127.0.0.1 /Admin/item/view?id=1
INFO: [ app_init ] --START--
INFO: Run Behavior\BuildLiteBehavior [ RunTime:0.000006s ]
INFO: [ app_init ] --END-- [ RunTime:0.000361s ]
INFO: [ app_begin ] --START--
INFO: Run Behavior\ReadHtmlCacheBehavior [ RunTime:0.000717s ]
INFO: [ app_begin ] --END-- [ RunTime:0.000745s ]
NOTIC: [2] Declaration of Admin\Logic\ItemLogic::find($id) should be compatible with Think\Model::find($options = Array) D:\360\www2\xianyu\Application\Admin\Logic\ItemLogic.class.php 第 6 行.
SQL: SHOW COLUMNS FROM `tp_item` [ RunTime:0.0130s ]
SQL: SHOW COLUMNS FROM `tp_pic` [ RunTime:0.0084s ]
SQL: SHOW COLUMNS FROM `tp_item` [ RunTime:0.0051s ]
SQL: SELECT * FROM `tp_item` WHERE `id` = 1 LIMIT 1   [ RunTime:0.0003s ]
SQL: SHOW COLUMNS FROM `tp_pic` [ RunTime:0.0048s ]
SQL: SELECT COUNT(*) AS tp_count FROM `tp_pic` WHERE `itemId` = 1 LIMIT 1   [ RunTime:0.0003s ]
NOTIC: [2] Division by zero D:\360\www2\xianyu\ThinkPHP\Library\Think\Page.class.php 第 84 行.
SQL: SELECT * FROM `tp_pic` WHERE `itemId` = 1 ORDER BY id  [ RunTime:0.0002s ]
INFO: [ view_parse ] --START--
INFO: [ template_filter ] --START--
INFO: Run Behavior\ContentReplaceBehavior [ RunTime:0.000058s ]
INFO: [ template_filter ] --END-- [ RunTime:0.000077s ]
NOTIC: [8] Undefined variable: comment_list D:\360\www2\xianyu\Application\Runtime\Cache\Admin\366b17ceea21e45320499466cc1d9653.php 第 108 行.
INFO: Run Behavior\ParseTemplateBehavior [ RunTime:0.005934s ]
INFO: [ view_parse ] --END-- [ RunTime:0.006005s ]
INFO: [ view_filter ] --START--
INFO: Run Behavior\WriteHtmlCacheBehavior [ RunTime:0.000303s ]
INFO: [ view_filter ] --END-- [ RunTime:0.000321s ]
INFO: [ app_end ] --START--
INFO: Run Behavior\ShowPageTraceBehavior [ RunTime:0.000678s ]
INFO: [ app_end ] --END-- [ RunTime:0.000700s ]

[ 2020-02-15T22:17:06+08:00 ] 127.0.0.1 /Admin/item/all
INFO: [ app_init ] --START--
INFO: Run Behavior\BuildLiteBehavior [ RunTime:0.000004s ]
INFO: [ app_init ] --END-- [ RunTime:0.000284s ]
INFO: [ app_begin ] --START--
INFO: Run Behavior\ReadHtmlCacheBehavior [ RunTime:0.000367s ]
INFO: [ app_begin ] --END-- [ RunTime:0.000385s ]
NOTIC: [2] Declaration of Admin\Logic\ItemLogic::find($id) should be compatible with Think\Model::find($options = Array) D:\360\www2\xianyu\Application\Admin\Logic\ItemLogic.class.php 第 6 行.
SQL: SHOW COLUMNS FROM `tp_item` [ RunTime:0.0124s ]
SQL: SHOW COLUMNS FROM `tp_item` [ RunTime:0.0046s ]
SQL: SELECT COUNT(*) AS tp_count FROM `tp_item` WHERE `title` LIKE '%%' LIMIT 1   [ RunTime:0.0003s ]
SQL: SELECT * FROM `tp_item` WHERE `title` LIKE '%%' ORDER BY id LIMIT 0,12   [ RunTime:0.0005s ]
INFO: [ view_parse ] --START--
INFO: [ template_filter ] --START--
INFO: Run Behavior\ContentReplaceBehavior [ RunTime:0.000051s ]
INFO: [ template_filter ] --END-- [ RunTime:0.000070s ]
NOTIC: [8] Undefined index: kw D:\360\www2\xianyu\Application\Runtime\Cache\Admin\998512fefe810a0711e724b97a86868a.php 第 122 行.
INFO: Run Behavior\ParseTemplateBehavior [ RunTime:0.022743s ]
INFO: [ view_parse ] --END-- [ RunTime:0.022770s ]
INFO: [ view_filter ] --START--
INFO: Run Behavior\WriteHtmlCacheBehavior [ RunTime:0.000249s ]
INFO: [ view_filter ] --END-- [ RunTime:0.000263s ]
INFO: [ app_end ] --START--
INFO: Run Behavior\ShowPageTraceBehavior [ RunTime:0.000437s ]
INFO: [ app_end ] --END-- [ RunTime:0.000454s ]

[ 2020-02-15T22:17:07+08:00 ] 127.0.0.1 /Admin/item/view?id=2
INFO: [ app_init ] --START--
INFO: Run Behavior\BuildLiteBehavior [ RunTime:0.000004s ]
INFO: [ app_init ] --END-- [ RunTime:0.000295s ]
INFO: [ app_begin ] --START--
INFO: Run Behavior\ReadHtmlCacheBehavior [ RunTime:0.000447s ]
INFO: [ app_begin ] --END-- [ RunTime:0.000464s ]
NOTIC: [2] Declaration of Admin\Logic\ItemLogic::find($id) should be compatible with Think\Model::find($options = Array) D:\360\www2\xianyu\Application\Admin\Logic\ItemLogic.class.php 第 6 行.
SQL: SHOW COLUMNS FROM `tp_item` [ RunTime:0.0121s ]
SQL: SHOW COLUMNS FROM `tp_pic` [ RunTime:0.0080s ]
SQL: SHOW COLUMNS FROM `tp_item` [ RunTime:0.0238s ]
SQL: SELECT * FROM `tp_item` WHERE `id` = 2 LIMIT 1   [ RunTime:0.0002s ]
SQL: SHOW COLUMNS FROM `tp_pic` [ RunTime:0.0049s ]
SQL: SELECT COUNT(*) AS tp_count FROM `tp_pic` WHERE `itemId` = 2 LIMIT 1   [ RunTime:0.0003s ]
NOTIC: [2] Division by zero D:\360\www2\xianyu\ThinkPHP\Library\Think\Page.class.php 第 84 行.
SQL: SELECT * FROM `tp_pic` WHERE `itemId` = 2 ORDER BY id  [ RunTime:0.0002s ]
INFO: [ view_parse ] --START--
INFO: [ template_filter ] --START--
INFO: Run Behavior\ContentReplaceBehavior [ RunTime:0.000045s ]
INFO: [ template_filter ] --END-- [ RunTime:0.000060s ]
NOTIC: [8] Undefined variable: comment_list D:\360\www2\xianyu\Application\Runtime\Cache\Admin\366b17ceea21e45320499466cc1d9653.php 第 108 行.
INFO: Run Behavior\ParseTemplateBehavior [ RunTime:0.004753s ]
INFO: [ view_parse ] --END-- [ RunTime:0.004770s ]
INFO: [ view_filter ] --START--
INFO: Run Behavior\WriteHtmlCacheBehavior [ RunTime:0.000239s ]
INFO: [ view_filter ] --END-- [ RunTime:0.000253s ]
INFO: [ app_end ] --START--
INFO: Run Behavior\ShowPageTraceBehavior [ RunTime:0.000414s ]
INFO: [ app_end ] --END-- [ RunTime:0.000430s ]

[ 2020-02-15T22:17:44+08:00 ] 127.0.0.1 /Admin/item/all
INFO: [ app_init ] --START--
INFO: Run Behavior\BuildLiteBehavior [ RunTime:0.000005s ]
INFO: [ app_init ] --END-- [ RunTime:0.000379s ]
INFO: [ app_begin ] --START--
INFO: Run Behavior\ReadHtmlCacheBehavior [ RunTime:0.000499s ]
INFO: [ app_begin ] --END-- [ RunTime:0.000516s ]
NOTIC: [2] Declaration of Admin\Logic\ItemLogic::find($id) should be compatible with Think\Model::find($options = Array) D:\360\www2\xianyu\Application\Admin\Logic\ItemLogic.class.php 第 6 行.
SQL: SHOW COLUMNS FROM `tp_item` [ RunTime:0.0119s ]
SQL: SHOW COLUMNS FROM `tp_item` [ RunTime:0.0050s ]
SQL: SELECT COUNT(*) AS tp_count FROM `tp_item` WHERE `title` LIKE '%%' LIMIT 1   [ RunTime:0.0003s ]
SQL: SELECT * FROM `tp_item` WHERE `title` LIKE '%%' ORDER BY id LIMIT 0,12   [ RunTime:0.0003s ]
INFO: [ view_parse ] --START--
INFO: [ template_filter ] --START--
INFO: Run Behavior\ContentReplaceBehavior [ RunTime:0.000051s ]
INFO: [ template_filter ] --END-- [ RunTime:0.000067s ]
NOTIC: [8] Undefined index: kw D:\360\www2\xianyu\Application\Runtime\Cache\Admin\998512fefe810a0711e724b97a86868a.php 第 122 行.
INFO: Run Behavior\ParseTemplateBehavior [ RunTime:0.021606s ]
INFO: [ view_parse ] --END-- [ RunTime:0.021626s ]
INFO: [ view_filter ] --START--
INFO: Run Behavior\WriteHtmlCacheBehavior [ RunTime:0.000251s ]
INFO: [ view_filter ] --END-- [ RunTime:0.000266s ]
INFO: [ app_end ] --START--
INFO: Run Behavior\ShowPageTraceBehavior [ RunTime:0.000492s ]
INFO: [ app_end ] --END-- [ RunTime:0.000508s ]

[ 2020-02-15T22:17:46+08:00 ] 127.0.0.1 /Admin/item/view?id=3
INFO: [ app_init ] --START--
INFO: Run Behavior\BuildLiteBehavior [ RunTime:0.000005s ]
INFO: [ app_init ] --END-- [ RunTime:0.000310s ]
INFO: [ app_begin ] --START--
INFO: Run Behavior\ReadHtmlCacheBehavior [ RunTime:0.000416s ]
INFO: [ app_begin ] --END-- [ RunTime:0.000436s ]
NOTIC: [2] Declaration of Admin\Logic\ItemLogic::find($id) should be compatible with Think\Model::find($options = Array) D:\360\www2\xianyu\Application\Admin\Logic\ItemLogic.class.php 第 6 行.
SQL: SHOW COLUMNS FROM `tp_item` [ RunTime:0.0112s ]
SQL: SHOW COLUMNS FROM `tp_pic` [ RunTime:0.0085s ]
SQL: SHOW COLUMNS FROM `tp_item` [ RunTime:0.0051s ]
SQL: SELECT * FROM `tp_item` WHERE `id` = 3 LIMIT 1   [ RunTime:0.0003s ]
SQL: SHOW COLUMNS FROM `tp_pic` [ RunTime:0.0047s ]
SQL: SELECT COUNT(*) AS tp_count FROM `tp_pic` WHERE `itemId` = 3 LIMIT 1   [ RunTime:0.0003s ]
SQL: SELECT * FROM `tp_pic` WHERE `itemId` = 3 ORDER BY id  [ RunTime:0.0003s ]
INFO: [ view_parse ] --START--
INFO: [ template_filter ] --START--
INFO: Run Behavior\ContentReplaceBehavior [ RunTime:0.000045s ]
INFO: [ template_filter ] --END-- [ RunTime:0.000062s ]
NOTIC: [8] Undefined variable: comment_list D:\360\www2\xianyu\Application\Runtime\Cache\Admin\366b17ceea21e45320499466cc1d9653.php 第 108 行.
INFO: Run Behavior\ParseTemplateBehavior [ RunTime:0.005212s ]
INFO: [ view_parse ] --END-- [ RunTime:0.005231s ]
INFO: [ view_filter ] --START--
INFO: Run Behavior\WriteHtmlCacheBehavior [ RunTime:0.000241s ]
INFO: [ view_filter ] --END-- [ RunTime:0.000255s ]
INFO: [ app_end ] --START--
INFO: Run Behavior\ShowPageTraceBehavior [ RunTime:0.000420s ]
INFO: [ app_end ] --END-- [ RunTime:0.000434s ]

[ 2020-02-15T22:17:48+08:00 ] 127.0.0.1 /Admin/item/all
INFO: [ app_init ] --START--
INFO: Run Behavior\BuildLiteBehavior [ RunTime:0.000005s ]
INFO: [ app_init ] --END-- [ RunTime:0.000337s ]
INFO: [ app_begin ] --START--
INFO: Run Behavior\ReadHtmlCacheBehavior [ RunTime:0.000447s ]
INFO: [ app_begin ] --END-- [ RunTime:0.000466s ]
NOTIC: [2] Declaration of Admin\Logic\ItemLogic::find($id) should be compatible with Think\Model::find($options = Array) D:\360\www2\xianyu\Application\Admin\Logic\ItemLogic.class.php 第 6 行.
SQL: SHOW COLUMNS FROM `tp_item` [ RunTime:0.0130s ]
SQL: SHOW COLUMNS FROM `tp_item` [ RunTime:0.0065s ]
SQL: SELECT COUNT(*) AS tp_count FROM `tp_item` WHERE `title` LIKE '%%' LIMIT 1   [ RunTime:0.0002s ]
SQL: SELECT * FROM `tp_item` WHERE `title` LIKE '%%' ORDER BY id LIMIT 0,12   [ RunTime:0.0004s ]
INFO: [ view_parse ] --START--
INFO: [ template_filter ] --START--
INFO: Run Behavior\ContentReplaceBehavior [ RunTime:0.000052s ]
INFO: [ template_filter ] --END-- [ RunTime:0.000068s ]
NOTIC: [8] Undefined index: kw D:\360\www2\xianyu\Application\Runtime\Cache\Admin\998512fefe810a0711e724b97a86868a.php 第 122 行.
INFO: Run Behavior\ParseTemplateBehavior [ RunTime:0.024135s ]
INFO: [ view_parse ] --END-- [ RunTime:0.024156s ]
INFO: [ view_filter ] --START--
INFO: Run Behavior\WriteHtmlCacheBehavior [ RunTime:0.000253s ]
INFO: [ view_filter ] --END-- [ RunTime:0.000268s ]
INFO: [ app_end ] --START--
INFO: Run Behavior\ShowPageTraceBehavior [ RunTime:0.000478s ]
INFO: [ app_end ] --END-- [ RunTime:0.000514s ]

[ 2020-02-15T22:17:48+08:00 ] 127.0.0.1 /Admin/item/view?id=4
INFO: [ app_init ] --START--
INFO: Run Behavior\BuildLiteBehavior [ RunTime:0.000004s ]
INFO: [ app_init ] --END-- [ RunTime:0.000343s ]
INFO: [ app_begin ] --START--
INFO: Run Behavior\ReadHtmlCacheBehavior [ RunTime:0.000367s ]
INFO: [ app_begin ] --END-- [ RunTime:0.000384s ]
NOTIC: [2] Declaration of Admin\Logic\ItemLogic::find($id) should be compatible with Think\Model::find($options = Array) D:\360\www2\xianyu\Application\Admin\Logic\ItemLogic.class.php 第 6 行.
SQL: SHOW COLUMNS FROM `tp_item` [ RunTime:0.0051s ]
SQL: SHOW COLUMNS FROM `tp_pic` [ RunTime:0.0094s ]
SQL: SHOW COLUMNS FROM `tp_item` [ RunTime:0.0055s ]
SQL: SELECT * FROM `tp_item` WHERE `id` = 4 LIMIT 1   [ RunTime:0.0002s ]
SQL: SHOW COLUMNS FROM `tp_pic` [ RunTime:0.0045s ]
SQL: SELECT COUNT(*) AS tp_count FROM `tp_pic` WHERE `itemId` = 4 LIMIT 1   [ RunTime:0.0002s ]
SQL: SELECT * FROM `tp_pic` WHERE `itemId` = 4 ORDER BY id  [ RunTime:0.0004s ]
INFO: [ view_parse ] --START--
INFO: [ template_filter ] --START--
INFO: Run Behavior\ContentReplaceBehavior [ RunTime:0.000088s ]
INFO: [ template_filter ] --END-- [ RunTime:0.000119s ]
NOTIC: [8] Undefined variable: comment_list D:\360\www2\xianyu\Application\Runtime\Cache\Admin\366b17ceea21e45320499466cc1d9653.php 第 108 行.
INFO: Run Behavior\ParseTemplateBehavior [ RunTime:0.009629s ]
INFO: [ view_parse ] --END-- [ RunTime:0.009679s ]
INFO: [ view_filter ] --START--
INFO: Run Behavior\WriteHtmlCacheBehavior [ RunTime:0.000613s ]
INFO: [ view_filter ] --END-- [ RunTime:0.000661s ]
INFO: [ app_end ] --START--
INFO: Run Behavior\ShowPageTraceBehavior [ RunTime:0.000841s ]
INFO: [ app_end ] --END-- [ RunTime:0.000872s ]

[ 2020-02-15T22:17:50+08:00 ] 127.0.0.1 /Admin/item/all
INFO: [ app_init ] --START--
INFO: Run Behavior\BuildLiteBehavior [ RunTime:0.000005s ]
INFO: [ app_init ] --END-- [ RunTime:0.000290s ]
INFO: [ app_begin ] --START--
INFO: Run Behavior\ReadHtmlCacheBehavior [ RunTime:0.000369s ]
INFO: [ app_begin ] --END-- [ RunTime:0.000387s ]
NOTIC: [2] Declaration of Admin\Logic\ItemLogic::find($id) should be compatible with Think\Model::find($options = Array) D:\360\www2\xianyu\Application\Admin\Logic\ItemLogic.class.php 第 6 行.
SQL: SHOW COLUMNS FROM `tp_item` [ RunTime:0.0122s ]
SQL: SHOW COLUMNS FROM `tp_item` [ RunTime:0.0061s ]
SQL: SELECT COUNT(*) AS tp_count FROM `tp_item` WHERE `title` LIKE '%%' LIMIT 1   [ RunTime:0.0003s ]
SQL: SELECT * FROM `tp_item` WHERE `title` LIKE '%%' ORDER BY id LIMIT 0,12   [ RunTime:0.0003s ]
INFO: [ view_parse ] --START--
INFO: [ template_filter ] --START--
INFO: Run Behavior\ContentReplaceBehavior [ RunTime:0.000052s ]
INFO: [ template_filter ] --END-- [ RunTime:0.000066s ]
NOTIC: [8] Undefined index: kw D:\360\www2\xianyu\Application\Runtime\Cache\Admin\998512fefe810a0711e724b97a86868a.php 第 122 行.
INFO: Run Behavior\ParseTemplateBehavior [ RunTime:0.027034s ]
INFO: [ view_parse ] --END-- [ RunTime:0.027055s ]
INFO: [ view_filter ] --START--
INFO: Run Behavior\WriteHtmlCacheBehavior [ RunTime:0.000245s ]
INFO: [ view_filter ] --END-- [ RunTime:0.000259s ]
INFO: [ app_end ] --START--
INFO: Run Behavior\ShowPageTraceBehavior [ RunTime:0.000534s ]
INFO: [ app_end ] --END-- [ RunTime:0.000554s ]

[ 2020-02-15T22:18:28+08:00 ] 127.0.0.1 /Admin/item/all
INFO: [ app_init ] --START--
INFO: Run Behavior\BuildLiteBehavior [ RunTime:0.000009s ]
INFO: [ app_init ] --END-- [ RunTime:0.000828s ]
INFO: [ app_begin ] --START--
INFO: Run Behavior\ReadHtmlCacheBehavior [ RunTime:0.000738s ]
INFO: [ app_begin ] --END-- [ RunTime:0.000760s ]
NOTIC: [2] Declaration of Admin\Logic\ItemLogic::find($id) should be compatible with Think\Model::find($options = Array) D:\360\www2\xianyu\Application\Admin\Logic\ItemLogic.class.php 第 6 行.
SQL: SHOW COLUMNS FROM `tp_item` [ RunTime:0.0133s ]
SQL: SHOW COLUMNS FROM `tp_item` [ RunTime:0.0050s ]
SQL: SELECT COUNT(*) AS tp_count FROM `tp_item` WHERE `title` LIKE '%%' LIMIT 1   [ RunTime:0.0003s ]
SQL: SELECT * FROM `tp_item` WHERE `title` LIKE '%%' ORDER BY id LIMIT 0,12   [ RunTime:0.0003s ]
INFO: [ view_parse ] --START--
INFO: [ template_filter ] --START--
INFO: Run Behavior\ContentReplaceBehavior [ RunTime:0.000051s ]
INFO: [ template_filter ] --END-- [ RunTime:0.000067s ]
NOTIC: [8] Undefined index: kw D:\360\www2\xianyu\Application\Runtime\Cache\Admin\998512fefe810a0711e724b97a86868a.php 第 122 行.
INFO: Run Behavior\ParseTemplateBehavior [ RunTime:0.022588s ]
INFO: [ view_parse ] --END-- [ RunTime:0.022608s ]
INFO: [ view_filter ] --START--
INFO: Run Behavior\WriteHtmlCacheBehavior [ RunTime:0.000582s ]
INFO: [ view_filter ] --END-- [ RunTime:0.000597s ]
INFO: [ app_end ] --START--
INFO: Run Behavior\ShowPageTraceBehavior [ RunTime:0.001399s ]
INFO: [ app_end ] --END-- [ RunTime:0.001470s ]

[ 2020-02-15T22:18:28+08:00 ] 127.0.0.1 /Admin/item/view?id=1
INFO: [ app_init ] --START--
INFO: Run Behavior\BuildLiteBehavior [ RunTime:0.000004s ]
INFO: [ app_init ] --END-- [ RunTime:0.000283s ]
INFO: [ app_begin ] --START--
INFO: Run Behavior\ReadHtmlCacheBehavior [ RunTime:0.000366s ]
INFO: [ app_begin ] --END-- [ RunTime:0.000383s ]
NOTIC: [2] Declaration of Admin\Logic\ItemLogic::find($id) should be compatible with Think\Model::find($options = Array) D:\360\www2\xianyu\Application\Admin\Logic\ItemLogic.class.php 第 6 行.
SQL: SHOW COLUMNS FROM `tp_item` [ RunTime:0.0048s ]
SQL: SHOW COLUMNS FROM `tp_pic` [ RunTime:0.0087s ]
SQL: SHOW COLUMNS FROM `tp_item` [ RunTime:0.0043s ]
SQL: SELECT * FROM `tp_item` WHERE `id` = 1 LIMIT 1   [ RunTime:0.0003s ]
SQL: SHOW COLUMNS FROM `tp_pic` [ RunTime:0.0043s ]
SQL: SELECT COUNT(*) AS tp_count FROM `tp_pic` WHERE `itemId` = 1 LIMIT 1   [ RunTime:0.0003s ]
NOTIC: [2] Division by zero D:\360\www2\xianyu\ThinkPHP\Library\Think\Page.class.php 第 84 行.
SQL: SELECT * FROM `tp_pic` WHERE `itemId` = 1 ORDER BY id  [ RunTime:0.0004s ]
INFO: [ view_parse ] --START--
INFO: [ template_filter ] --START--
INFO: Run Behavior\ContentReplaceBehavior [ RunTime:0.000047s ]
INFO: [ template_filter ] --END-- [ RunTime:0.000064s ]
NOTIC: [8] Undefined variable: comment_list D:\360\www2\xianyu\Application\Runtime\Cache\Admin\366b17ceea21e45320499466cc1d9653.php 第 108 行.
INFO: Run Behavior\ParseTemplateBehavior [ RunTime:0.005141s ]
INFO: [ view_parse ] --END-- [ RunTime:0.005162s ]
INFO: [ view_filter ] --START--
INFO: Run Behavior\WriteHtmlCacheBehavior [ RunTime:0.000242s ]
INFO: [ view_filter ] --END-- [ RunTime:0.000256s ]
INFO: [ app_end ] --START--
INFO: Run Behavior\ShowPageTraceBehavior [ RunTime:0.000558s ]
INFO: [ app_end ] --END-- [ RunTime:0.000591s ]

[ 2020-02-15T22:19:16+08:00 ] 127.0.0.1 /Admin/item/view?id=1
INFO: [ app_init ] --START--
INFO: Run Behavior\BuildLiteBehavior [ RunTime:0.000004s ]
INFO: [ app_init ] --END-- [ RunTime:0.000278s ]
INFO: [ app_begin ] --START--
INFO: Run Behavior\ReadHtmlCacheBehavior [ RunTime:0.000756s ]
INFO: [ app_begin ] --END-- [ RunTime:0.000776s ]
NOTIC: [2] Declaration of Admin\Logic\ItemLogic::find($id) should be compatible with Think\Model::find($options = Array) D:\360\www2\xianyu\Application\Admin\Logic\ItemLogic.class.php 第 6 行.
SQL: SHOW COLUMNS FROM `tp_item` [ RunTime:0.0135s ]
SQL: SHOW COLUMNS FROM `tp_pic` [ RunTime:0.0091s ]
SQL: SHOW COLUMNS FROM `tp_item` [ RunTime:0.0045s ]
SQL: SELECT * FROM `tp_item` WHERE `id` = 1 LIMIT 1   [ RunTime:0.0003s ]
SQL: SHOW COLUMNS FROM `tp_pic` [ RunTime:0.0049s ]
SQL: SELECT COUNT(*) AS tp_count FROM `tp_pic` WHERE `itemId` = 1 LIMIT 1   [ RunTime:0.0003s ]
NOTIC: [2] Division by zero D:\360\www2\xianyu\ThinkPHP\Library\Think\Page.class.php 第 84 行.
SQL: SELECT * FROM `tp_pic` WHERE `itemId` = 1 ORDER BY id  [ RunTime:0.0003s ]
INFO: [ view_parse ] --START--
INFO: [ template_filter ] --START--
INFO: Run Behavior\ContentReplaceBehavior [ RunTime:0.000045s ]
INFO: [ template_filter ] --END-- [ RunTime:0.000061s ]
INFO: Run Behavior\ParseTemplateBehavior [ RunTime:0.024654s ]
INFO: [ view_parse ] --END-- [ RunTime:0.024676s ]
INFO: [ view_filter ] --START--
INFO: Run Behavior\WriteHtmlCacheBehavior [ RunTime:0.000239s ]
INFO: [ view_filter ] --END-- [ RunTime:0.000253s ]
INFO: [ app_end ] --START--
INFO: Run Behavior\ShowPageTraceBehavior [ RunTime:0.000515s ]
INFO: [ app_end ] --END-- [ RunTime:0.000529s ]

[ 2020-02-15T22:19:30+08:00 ] 127.0.0.1 /Admin/item/view?id=1
INFO: [ app_init ] --START--
INFO: Run Behavior\BuildLiteBehavior [ RunTime:0.000005s ]
INFO: [ app_init ] --END-- [ RunTime:0.000442s ]
INFO: [ app_begin ] --START--
INFO: Run Behavior\ReadHtmlCacheBehavior [ RunTime:0.001113s ]
INFO: [ app_begin ] --END-- [ RunTime:0.001164s ]
NOTIC: [2] Declaration of Admin\Logic\ItemLogic::find($id) should be compatible with Think\Model::find($options = Array) D:\360\www2\xianyu\Application\Admin\Logic\ItemLogic.class.php 第 6 行.
SQL: SHOW COLUMNS FROM `tp_item` [ RunTime:0.0127s ]
SQL: SHOW COLUMNS FROM `tp_pic` [ RunTime:0.0098s ]
SQL: SHOW COLUMNS FROM `tp_item` [ RunTime:0.0050s ]
SQL: SELECT * FROM `tp_item` WHERE `id` = 1 LIMIT 1   [ RunTime:0.0003s ]
SQL: SHOW COLUMNS FROM `tp_pic` [ RunTime:0.0049s ]
SQL: SELECT COUNT(*) AS tp_count FROM `tp_pic` WHERE `itemId` = 1 LIMIT 1   [ RunTime:0.0003s ]
NOTIC: [2] Division by zero D:\360\www2\xianyu\ThinkPHP\Library\Think\Page.class.php 第 84 行.
SQL: SELECT * FROM `tp_pic` WHERE `itemId` = 1 ORDER BY id  [ RunTime:0.0005s ]
INFO: [ view_parse ] --START--
INFO: [ template_filter ] --START--
INFO: Run Behavior\ContentReplaceBehavior [ RunTime:0.000046s ]
INFO: [ template_filter ] --END-- [ RunTime:0.000066s ]
INFO: Run Behavior\ParseTemplateBehavior [ RunTime:0.029290s ]
INFO: [ view_parse ] --END-- [ RunTime:0.029333s ]
INFO: [ view_filter ] --START--
INFO: Run Behavior\WriteHtmlCacheBehavior [ RunTime:0.000624s ]
INFO: [ view_filter ] --END-- [ RunTime:0.000658s ]
INFO: [ app_end ] --START--
INFO: Run Behavior\ShowPageTraceBehavior [ RunTime:0.001512s ]
INFO: [ app_end ] --END-- [ RunTime:0.001557s ]

[ 2020-02-15T22:19:49+08:00 ] 127.0.0.1 /Admin/item/view?id=1
INFO: [ app_init ] --START--
INFO: Run Behavior\BuildLiteBehavior [ RunTime:0.000008s ]
INFO: [ app_init ] --END-- [ RunTime:0.000522s ]
INFO: [ app_begin ] --START--
INFO: Run Behavior\ReadHtmlCacheBehavior [ RunTime:0.000800s ]
INFO: [ app_begin ] --END-- [ RunTime:0.000825s ]
NOTIC: [2] Declaration of Admin\Logic\ItemLogic::find($id) should be compatible with Think\Model::find($options = Array) D:\360\www2\xianyu\Application\Admin\Logic\ItemLogic.class.php 第 6 行.
SQL: SHOW COLUMNS FROM `tp_item` [ RunTime:0.0143s ]
SQL: SHOW COLUMNS FROM `tp_pic` [ RunTime:0.0088s ]
SQL: SHOW COLUMNS FROM `tp_item` [ RunTime:0.0054s ]
SQL: SELECT * FROM `tp_item` WHERE `id` = 1 LIMIT 1   [ RunTime:0.0003s ]
SQL: SHOW COLUMNS FROM `tp_pic` [ RunTime:0.0045s ]
SQL: SELECT COUNT(*) AS tp_count FROM `tp_pic` WHERE `itemId` = 1 LIMIT 1   [ RunTime:0.0003s ]
NOTIC: [2] Division by zero D:\360\www2\xianyu\ThinkPHP\Library\Think\Page.class.php 第 84 行.
SQL: SELECT * FROM `tp_pic` WHERE `itemId` = 1 ORDER BY id  [ RunTime:0.0003s ]
INFO: [ view_parse ] --START--
INFO: [ template_filter ] --START--
INFO: Run Behavior\ContentReplaceBehavior [ RunTime:0.000046s ]
INFO: [ template_filter ] --END-- [ RunTime:0.000065s ]
INFO: Run Behavior\ParseTemplateBehavior [ RunTime:0.027135s ]
INFO: [ view_parse ] --END-- [ RunTime:0.027159s ]
INFO: [ view_filter ] --START--
INFO: Run Behavior\WriteHtmlCacheBehavior [ RunTime:0.000558s ]
INFO: [ view_filter ] --END-- [ RunTime:0.000572s ]
INFO: [ app_end ] --START--
INFO: Run Behavior\ShowPageTraceBehavior [ RunTime:0.000752s ]
INFO: [ app_end ] --END-- [ RunTime:0.000767s ]

[ 2020-02-15T22:29:57+08:00 ] 127.0.0.1 /Admin/item/view?id=1
INFO: [ app_init ] --START--
INFO: Run Behavior\BuildLiteBehavior [ RunTime:0.000005s ]
INFO: [ app_init ] --END-- [ RunTime:0.000513s ]
INFO: [ app_begin ] --START--
INFO: Run Behavior\ReadHtmlCacheBehavior [ RunTime:0.000882s ]
INFO: [ app_begin ] --END-- [ RunTime:0.000905s ]
NOTIC: [2] Declaration of Admin\Logic\ItemLogic::find($id) should be compatible with Think\Model::find($options = Array) D:\360\www2\xianyu\Application\Admin\Logic\ItemLogic.class.php 第 6 行.
SQL: SHOW COLUMNS FROM `tp_item` [ RunTime:0.0115s ]
SQL: SHOW COLUMNS FROM `tp_pic` [ RunTime:0.0098s ]
SQL: SHOW COLUMNS FROM `tp_comment` [ RunTime:0.0087s ]
SQL: SHOW COLUMNS FROM `tp_item` [ RunTime:0.0046s ]
SQL: SELECT * FROM `tp_item` WHERE `id` = 1 LIMIT 1   [ RunTime:0.0003s ]
SQL: SHOW COLUMNS FROM `tp_pic` [ RunTime:0.0046s ]
SQL: SELECT COUNT(*) AS tp_count FROM `tp_pic` WHERE `itemId` = 1 LIMIT 1   [ RunTime:0.0003s ]
NOTIC: [2] Division by zero D:\360\www2\xianyu\ThinkPHP\Library\Think\Page.class.php 第 84 行.
SQL: SELECT * FROM `tp_pic` WHERE `itemId` = 1 ORDER BY id  [ RunTime:0.0003s ]
SQL: SHOW COLUMNS FROM `tp_comment` [ RunTime:0.0057s ]
SQL: SELECT COUNT(*) AS tp_count FROM `tp_comment` WHERE `itemId` = 1 LIMIT 1   [ RunTime:0.0003s ]
NOTIC: [2] Division by zero D:\360\www2\xianyu\ThinkPHP\Library\Think\Page.class.php 第 84 行.
SQL: SELECT * FROM `tp_comment` WHERE `itemId` = 1 ORDER BY id  [ RunTime:0.0003s ]
INFO: [ view_parse ] --START--
INFO: [ template_filter ] --START--
INFO: Run Behavior\ContentReplaceBehavior [ RunTime:0.000049s ]
INFO: [ template_filter ] --END-- [ RunTime:0.000067s ]
INFO: Run Behavior\ParseTemplateBehavior [ RunTime:0.035550s ]
INFO: [ view_parse ] --END-- [ RunTime:0.035574s ]
INFO: [ view_filter ] --START--
INFO: Run Behavior\WriteHtmlCacheBehavior [ RunTime:0.000603s ]
INFO: [ view_filter ] --END-- [ RunTime:0.000618s ]
INFO: [ app_end ] --START--
INFO: Run Behavior\ShowPageTraceBehavior [ RunTime:0.000891s ]
INFO: [ app_end ] --END-- [ RunTime:0.000909s ]

[ 2020-02-15T22:30:58+08:00 ] 127.0.0.1 /Admin/item/view?id=1
INFO: [ app_init ] --START--
INFO: Run Behavior\BuildLiteBehavior [ RunTime:0.000005s ]
INFO: [ app_init ] --END-- [ RunTime:0.000423s ]
INFO: [ app_begin ] --START--
INFO: Run Behavior\ReadHtmlCacheBehavior [ RunTime:0.000628s ]
INFO: [ app_begin ] --END-- [ RunTime:0.000648s ]
NOTIC: [2] Declaration of Admin\Logic\ItemLogic::find($id) should be compatible with Think\Model::find($options = Array) D:\360\www2\xianyu\Application\Admin\Logic\ItemLogic.class.php 第 6 行.
SQL: SHOW COLUMNS FROM `tp_item` [ RunTime:0.0134s ]
SQL: SHOW COLUMNS FROM `tp_pic` [ RunTime:0.0079s ]
SQL: SHOW COLUMNS FROM `tp_comment` [ RunTime:0.0091s ]
SQL: SHOW COLUMNS FROM `tp_item` [ RunTime:0.0138s ]
SQL: SELECT * FROM `tp_item` WHERE `id` = 1 LIMIT 1   [ RunTime:0.0003s ]
SQL: SHOW COLUMNS FROM `tp_pic` [ RunTime:0.0088s ]
SQL: SELECT COUNT(*) AS tp_count FROM `tp_pic` WHERE `itemId` = 1 LIMIT 1   [ RunTime:0.0002s ]
NOTIC: [2] Division by zero D:\360\www2\xianyu\ThinkPHP\Library\Think\Page.class.php 第 84 行.
SQL: SELECT * FROM `tp_pic` WHERE `itemId` = 1 ORDER BY id  [ RunTime:0.0003s ]
SQL: SHOW COLUMNS FROM `tp_comment` [ RunTime:0.0094s ]
SQL: SELECT COUNT(*) AS tp_count FROM `tp_comment` WHERE `itemId` = 1 LIMIT 1   [ RunTime:0.0003s ]
NOTIC: [2] Division by zero D:\360\www2\xianyu\ThinkPHP\Library\Think\Page.class.php 第 84 行.
SQL: SELECT * FROM `tp_comment` WHERE `itemId` = 1 ORDER BY id  [ RunTime:0.0002s ]
INFO: [ view_parse ] --START--
INFO: [ template_filter ] --START--
INFO: Run Behavior\ContentReplaceBehavior [ RunTime:0.000043s ]
INFO: [ template_filter ] --END-- [ RunTime:0.000060s ]
NOTIC: [8] Undefined variable: pic D:\360\www2\xianyu\Application\Runtime\Cache\Admin\366b17ceea21e45320499466cc1d9653.php 第 112 行.
NOTIC: [8] Undefined variable: pic D:\360\www2\xianyu\Application\Runtime\Cache\Admin\366b17ceea21e45320499466cc1d9653.php 第 112 行.
NOTIC: [8] Undefined variable: pic D:\360\www2\xianyu\Application\Runtime\Cache\Admin\366b17ceea21e45320499466cc1d9653.php 第 112 行.
NOTIC: [8] Undefined variable: pic D:\360\www2\xianyu\Application\Runtime\Cache\Admin\366b17ceea21e45320499466cc1d9653.php 第 112 行.
NOTIC: [8] Undefined variable: pic D:\360\www2\xianyu\Application\Runtime\Cache\Admin\366b17ceea21e45320499466cc1d9653.php 第 112 行.
NOTIC: [8] Undefined variable: pic D:\360\www2\xianyu\Application\Runtime\Cache\Admin\366b17ceea21e45320499466cc1d9653.php 第 112 行.
NOTIC: [8] Undefined variable: pic D:\360\www2\xianyu\Application\Runtime\Cache\Admin\366b17ceea21e45320499466cc1d9653.php 第 112 行.
NOTIC: [8] Undefined variable: pic D:\360\www2\xianyu\Application\Runtime\Cache\Admin\366b17ceea21e45320499466cc1d9653.php 第 112 行.
INFO: Run Behavior\ParseTemplateBehavior [ RunTime:0.022794s ]
INFO: [ view_parse ] --END-- [ RunTime:0.022814s ]
INFO: [ view_filter ] --START--
INFO: Run Behavior\WriteHtmlCacheBehavior [ RunTime:0.000568s ]
INFO: [ view_filter ] --END-- [ RunTime:0.000583s ]
INFO: [ app_end ] --START--
INFO: Run Behavior\ShowPageTraceBehavior [ RunTime:0.000675s ]
INFO: [ app_end ] --END-- [ RunTime:0.000690s ]

[ 2020-02-15T22:31:18+08:00 ] 127.0.0.1 /Admin/item/view?id=1
INFO: [ app_init ] --START--
INFO: Run Behavior\BuildLiteBehavior [ RunTime:0.000008s ]
INFO: [ app_init ] --END-- [ RunTime:0.000630s ]
INFO: [ app_begin ] --START--
INFO: Run Behavior\ReadHtmlCacheBehavior [ RunTime:0.001105s ]
INFO: [ app_begin ] --END-- [ RunTime:0.001148s ]
NOTIC: [2] Declaration of Admin\Logic\ItemLogic::find($id) should be compatible with Think\Model::find($options = Array) D:\360\www2\xianyu\Application\Admin\Logic\ItemLogic.class.php 第 6 行.
SQL: SHOW COLUMNS FROM `tp_item` [ RunTime:0.0136s ]
SQL: SHOW COLUMNS FROM `tp_pic` [ RunTime:0.0076s ]
SQL: SHOW COLUMNS FROM `tp_comment` [ RunTime:0.0098s ]
SQL: SHOW COLUMNS FROM `tp_item` [ RunTime:0.0052s ]
SQL: SELECT * FROM `tp_item` WHERE `id` = 1 LIMIT 1   [ RunTime:0.0002s ]
SQL: SHOW COLUMNS FROM `tp_pic` [ RunTime:0.0046s ]
SQL: SELECT COUNT(*) AS tp_count FROM `tp_pic` WHERE `itemId` = 1 LIMIT 1   [ RunTime:0.0003s ]
NOTIC: [2] Division by zero D:\360\www2\xianyu\ThinkPHP\Library\Think\Page.class.php 第 84 行.
SQL: SELECT * FROM `tp_pic` WHERE `itemId` = 1 ORDER BY id  [ RunTime:0.0005s ]
SQL: SHOW COLUMNS FROM `tp_comment` [ RunTime:0.0053s ]
SQL: SELECT COUNT(*) AS tp_count FROM `tp_comment` WHERE `itemId` = 1 LIMIT 1   [ RunTime:0.0002s ]
NOTIC: [2] Division by zero D:\360\www2\xianyu\ThinkPHP\Library\Think\Page.class.php 第 84 行.
SQL: SELECT * FROM `tp_comment` WHERE `itemId` = 1 ORDER BY id  [ RunTime:0.0002s ]
INFO: [ view_parse ] --START--
INFO: [ template_filter ] --START--
INFO: Run Behavior\ContentReplaceBehavior [ RunTime:0.000051s ]
INFO: [ template_filter ] --END-- [ RunTime:0.000071s ]
INFO: Run Behavior\ParseTemplateBehavior [ RunTime:0.005855s ]
INFO: [ view_parse ] --END-- [ RunTime:0.005905s ]
INFO: [ view_filter ] --START--
INFO: Run Behavior\WriteHtmlCacheBehavior [ RunTime:0.000274s ]
INFO: [ view_filter ] --END-- [ RunTime:0.000290s ]
INFO: [ app_end ] --START--
INFO: Run Behavior\ShowPageTraceBehavior [ RunTime:0.000730s ]
INFO: [ app_end ] --END-- [ RunTime:0.000748s ]

[ 2020-02-15T22:31:47+08:00 ] 127.0.0.1 /Admin/item/view?id=1
INFO: [ app_init ] --START--
INFO: Run Behavior\BuildLiteBehavior [ RunTime:0.000005s ]
INFO: [ app_init ] --END-- [ RunTime:0.000436s ]
INFO: [ app_begin ] --START--
INFO: Run Behavior\ReadHtmlCacheBehavior [ RunTime:0.000633s ]
INFO: [ app_begin ] --END-- [ RunTime:0.000651s ]
NOTIC: [2] Declaration of Admin\Logic\ItemLogic::find($id) should be compatible with Think\Model::find($options = Array) D:\360\www2\xianyu\Application\Admin\Logic\ItemLogic.class.php 第 6 行.
SQL: SHOW COLUMNS FROM `tp_item` [ RunTime:0.0130s ]
SQL: SHOW COLUMNS FROM `tp_pic` [ RunTime:0.0086s ]
SQL: SHOW COLUMNS FROM `tp_comment` [ RunTime:0.0094s ]
SQL: SHOW COLUMNS FROM `tp_item` [ RunTime:0.0047s ]
SQL: SELECT * FROM `tp_item` WHERE `id` = 1 LIMIT 1   [ RunTime:0.0003s ]
SQL: SHOW COLUMNS FROM `tp_pic` [ RunTime:0.0048s ]
SQL: SELECT COUNT(*) AS tp_count FROM `tp_pic` WHERE `itemId` = 1 LIMIT 1   [ RunTime:0.0003s ]
NOTIC: [2] Division by zero D:\360\www2\xianyu\ThinkPHP\Library\Think\Page.class.php 第 84 行.
SQL: SELECT * FROM `tp_pic` WHERE `itemId` = 1 ORDER BY id  [ RunTime:0.0004s ]
SQL: SHOW COLUMNS FROM `tp_comment` [ RunTime:0.0053s ]
SQL: SELECT COUNT(*) AS tp_count FROM `tp_comment` WHERE `itemId` = 1 LIMIT 1   [ RunTime:0.0003s ]
NOTIC: [2] Division by zero D:\360\www2\xianyu\ThinkPHP\Library\Think\Page.class.php 第 84 行.
SQL: SELECT * FROM `tp_comment` WHERE `itemId` = 1 ORDER BY id  [ RunTime:0.0003s ]
INFO: [ view_parse ] --START--
INFO: [ template_filter ] --START--
INFO: Run Behavior\ContentReplaceBehavior [ RunTime:0.000046s ]
INFO: [ template_filter ] --END-- [ RunTime:0.000062s ]
INFO: Run Behavior\ParseTemplateBehavior [ RunTime:0.006502s ]
INFO: [ view_parse ] --END-- [ RunTime:0.006523s ]
INFO: [ view_filter ] --START--
INFO: Run Behavior\WriteHtmlCacheBehavior [ RunTime:0.000586s ]
INFO: [ view_filter ] --END-- [ RunTime:0.000600s ]
INFO: [ app_end ] --START--
INFO: Run Behavior\ShowPageTraceBehavior [ RunTime:0.000780s ]
INFO: [ app_end ] --END-- [ RunTime:0.000800s ]

[ 2020-02-15T22:33:34+08:00 ] 127.0.0.1 /Admin/item/view?id=1
INFO: [ app_init ] --START--
INFO: Run Behavior\BuildLiteBehavior [ RunTime:0.000009s ]
INFO: [ app_init ] --END-- [ RunTime:0.000726s ]
INFO: [ app_begin ] --START--
INFO: Run Behavior\ReadHtmlCacheBehavior [ RunTime:0.000994s ]
INFO: [ app_begin ] --END-- [ RunTime:0.001035s ]
NOTIC: [2] Declaration of Admin\Logic\ItemLogic::find($id) should be compatible with Think\Model::find($options = Array) D:\360\www2\xianyu\Application\Admin\Logic\ItemLogic.class.php 第 6 行.
SQL: SHOW COLUMNS FROM `tp_item` [ RunTime:0.0370s ]
SQL: SHOW COLUMNS FROM `tp_pic` [ RunTime:0.0075s ]
SQL: SHOW COLUMNS FROM `tp_comment` [ RunTime:0.0080s ]
SQL: SHOW COLUMNS FROM `tp_item` [ RunTime:0.0047s ]
SQL: SELECT * FROM `tp_item` WHERE `id` = 1 LIMIT 1   [ RunTime:0.0002s ]
SQL: SHOW COLUMNS FROM `tp_pic` [ RunTime:0.0045s ]
SQL: SELECT COUNT(*) AS tp_count FROM `tp_pic` WHERE `itemId` = 1 LIMIT 1   [ RunTime:0.0003s ]
NOTIC: [2] Division by zero D:\360\www2\xianyu\ThinkPHP\Library\Think\Page.class.php 第 84 行.
SQL: SELECT * FROM `tp_pic` WHERE `itemId` = 1 ORDER BY id  [ RunTime:0.0003s ]
SQL: SHOW COLUMNS FROM `tp_comment` [ RunTime:0.0060s ]
SQL: SELECT COUNT(*) AS tp_count FROM `tp_comment` WHERE `itemId` = 1 LIMIT 1   [ RunTime:0.0002s ]
NOTIC: [2] Division by zero D:\360\www2\xianyu\ThinkPHP\Library\Think\Page.class.php 第 84 行.
SQL: SELECT * FROM `tp_comment` WHERE `itemId` = 1 ORDER BY id  [ RunTime:0.0002s ]
INFO: [ view_parse ] --START--
INFO: [ template_filter ] --START--
INFO: Run Behavior\ContentReplaceBehavior [ RunTime:0.000046s ]
INFO: [ template_filter ] --END-- [ RunTime:0.000064s ]
INFO: Run Behavior\ParseTemplateBehavior [ RunTime:0.034588s ]
INFO: [ view_parse ] --END-- [ RunTime:0.034611s ]
INFO: [ view_filter ] --START--
INFO: Run Behavior\WriteHtmlCacheBehavior [ RunTime:0.000547s ]
INFO: [ view_filter ] --END-- [ RunTime:0.000562s ]
INFO: [ app_end ] --START--
INFO: Run Behavior\ShowPageTraceBehavior [ RunTime:0.001073s ]
INFO: [ app_end ] --END-- [ RunTime:0.001091s ]

[ 2020-02-15T22:34:00+08:00 ] 127.0.0.1 /Admin/item/view?id=1
INFO: [ app_init ] --START--
INFO: Run Behavior\BuildLiteBehavior [ RunTime:0.000007s ]
INFO: [ app_init ] --END-- [ RunTime:0.000574s ]
INFO: [ app_begin ] --START--
INFO: Run Behavior\ReadHtmlCacheBehavior [ RunTime:0.000875s ]
INFO: [ app_begin ] --END-- [ RunTime:0.000900s ]
NOTIC: [2] Declaration of Admin\Logic\ItemLogic::find($id) should be compatible with Think\Model::find($options = Array) D:\360\www2\xianyu\Application\Admin\Logic\ItemLogic.class.php 第 6 行.
SQL: SHOW COLUMNS FROM `tp_item` [ RunTime:0.0126s ]
SQL: SHOW COLUMNS FROM `tp_pic` [ RunTime:0.0087s ]
SQL: SHOW COLUMNS FROM `tp_comment` [ RunTime:0.0080s ]
SQL: SHOW COLUMNS FROM `tp_item` [ RunTime:0.0054s ]
SQL: SELECT * FROM `tp_item` WHERE `id` = 1 LIMIT 1   [ RunTime:0.0003s ]
SQL: SHOW COLUMNS FROM `tp_pic` [ RunTime:0.0046s ]
SQL: SELECT COUNT(*) AS tp_count FROM `tp_pic` WHERE `itemId` = 1 LIMIT 1   [ RunTime:0.0003s ]
NOTIC: [2] Division by zero D:\360\www2\xianyu\ThinkPHP\Library\Think\Page.class.php 第 84 行.
SQL: SELECT * FROM `tp_pic` WHERE `itemId` = 1 ORDER BY id  [ RunTime:0.0003s ]
SQL: SHOW COLUMNS FROM `tp_comment` [ RunTime:0.0044s ]
SQL: SELECT COUNT(*) AS tp_count FROM `tp_comment` WHERE `itemId` = 1 LIMIT 1   [ RunTime:0.0003s ]
NOTIC: [2] Division by zero D:\360\www2\xianyu\ThinkPHP\Library\Think\Page.class.php 第 84 行.
SQL: SELECT * FROM `tp_comment` WHERE `itemId` = 1 ORDER BY id  [ RunTime:0.0003s ]
INFO: [ view_parse ] --START--
INFO: [ template_filter ] --START--
INFO: Run Behavior\ContentReplaceBehavior [ RunTime:0.000040s ]
INFO: [ template_filter ] --END-- [ RunTime:0.000059s ]
INFO: Run Behavior\ParseTemplateBehavior [ RunTime:0.013886s ]
INFO: [ view_parse ] --END-- [ RunTime:0.013909s ]
INFO: [ view_filter ] --START--
INFO: Run Behavior\WriteHtmlCacheBehavior [ RunTime:0.000614s ]
INFO: [ view_filter ] --END-- [ RunTime:0.000631s ]
INFO: [ app_end ] --START--
INFO: Run Behavior\ShowPageTraceBehavior [ RunTime:0.000696s ]
INFO: [ app_end ] --END-- [ RunTime:0.000712s ]

[ 2020-02-15T22:34:40+08:00 ] 127.0.0.1 /Admin/item/view?id=1
INFO: [ app_init ] --START--
INFO: Run Behavior\BuildLiteBehavior [ RunTime:0.000005s ]
INFO: [ app_init ] --END-- [ RunTime:0.000315s ]
INFO: [ app_begin ] --START--
INFO: Run Behavior\ReadHtmlCacheBehavior [ RunTime:0.000395s ]
INFO: [ app_begin ] --END-- [ RunTime:0.000412s ]
NOTIC: [2] Declaration of Admin\Logic\ItemLogic::find($id) should be compatible with Think\Model::find($options = Array) D:\360\www2\xianyu\Application\Admin\Logic\ItemLogic.class.php 第 6 行.
SQL: SHOW COLUMNS FROM `tp_item` [ RunTime:0.0130s ]
SQL: SHOW COLUMNS FROM `tp_pic` [ RunTime:0.0097s ]
SQL: SHOW COLUMNS FROM `tp_comment` [ RunTime:0.0085s ]
SQL: SHOW COLUMNS FROM `tp_item` [ RunTime:0.0048s ]
SQL: SELECT * FROM `tp_item` WHERE `id` = 1 LIMIT 1   [ RunTime:0.0003s ]
SQL: SHOW COLUMNS FROM `tp_pic` [ RunTime:0.0048s ]
SQL: SELECT COUNT(*) AS tp_count FROM `tp_pic` WHERE `itemId` = 1 LIMIT 1   [ RunTime:0.0002s ]
NOTIC: [2] Division by zero D:\360\www2\xianyu\ThinkPHP\Library\Think\Page.class.php 第 84 行.
SQL: SELECT * FROM `tp_pic` WHERE `itemId` = 1 ORDER BY id  [ RunTime:0.0002s ]
SQL: SHOW COLUMNS FROM `tp_comment` [ RunTime:0.0056s ]
SQL: SELECT COUNT(*) AS tp_count FROM `tp_comment` WHERE `itemId` = 1 LIMIT 1   [ RunTime:0.0002s ]
NOTIC: [2] Division by zero D:\360\www2\xianyu\ThinkPHP\Library\Think\Page.class.php 第 84 行.
SQL: SELECT * FROM `tp_comment` WHERE `itemId` = 1 ORDER BY id  [ RunTime:0.0002s ]
INFO: [ view_parse ] --START--
INFO: [ template_filter ] --START--
INFO: Run Behavior\ContentReplaceBehavior [ RunTime:0.000048s ]
INFO: [ template_filter ] --END-- [ RunTime:0.000066s ]
INFO: Run Behavior\ParseTemplateBehavior [ RunTime:0.035022s ]
INFO: [ view_parse ] --END-- [ RunTime:0.035044s ]
INFO: [ view_filter ] --START--
INFO: Run Behavior\WriteHtmlCacheBehavior [ RunTime:0.000248s ]
INFO: [ view_filter ] --END-- [ RunTime:0.000262s ]
INFO: [ app_end ] --START--
INFO: Run Behavior\ShowPageTraceBehavior [ RunTime:0.000435s ]
INFO: [ app_end ] --END-- [ RunTime:0.000479s ]

[ 2020-02-15T22:34:57+08:00 ] 127.0.0.1 /Admin/item/view?id=1
INFO: [ app_init ] --START--
INFO: Run Behavior\BuildLiteBehavior [ RunTime:0.000008s ]
INFO: [ app_init ] --END-- [ RunTime:0.000460s ]
INFO: [ app_begin ] --START--
INFO: Run Behavior\ReadHtmlCacheBehavior [ RunTime:0.000599s ]
INFO: [ app_begin ] --END-- [ RunTime:0.000626s ]
NOTIC: [2] Declaration of Admin\Logic\ItemLogic::find($id) should be compatible with Think\Model::find($options = Array) D:\360\www2\xianyu\Application\Admin\Logic\ItemLogic.class.php 第 6 行.
SQL: SHOW COLUMNS FROM `tp_item` [ RunTime:0.0124s ]
SQL: SHOW COLUMNS FROM `tp_pic` [ RunTime:0.0078s ]
SQL: SHOW COLUMNS FROM `tp_comment` [ RunTime:0.0083s ]
SQL: SHOW COLUMNS FROM `tp_item` [ RunTime:0.0047s ]
SQL: SELECT * FROM `tp_item` WHERE `id` = 1 LIMIT 1   [ RunTime:0.0003s ]
SQL: SHOW COLUMNS FROM `tp_pic` [ RunTime:0.0045s ]
SQL: SELECT COUNT(*) AS tp_count FROM `tp_pic` WHERE `itemId` = 1 LIMIT 1   [ RunTime:0.0003s ]
NOTIC: [2] Division by zero D:\360\www2\xianyu\ThinkPHP\Library\Think\Page.class.php 第 84 行.
SQL: SELECT * FROM `tp_pic` WHERE `itemId` = 1 ORDER BY id  [ RunTime:0.0002s ]
SQL: SHOW COLUMNS FROM `tp_comment` [ RunTime:0.0049s ]
SQL: SELECT COUNT(*) AS tp_count FROM `tp_comment` WHERE `itemId` = 1 LIMIT 1   [ RunTime:0.0002s ]
NOTIC: [2] Division by zero D:\360\www2\xianyu\ThinkPHP\Library\Think\Page.class.php 第 84 行.
SQL: SELECT * FROM `tp_comment` WHERE `itemId` = 1 ORDER BY id  [ RunTime:0.0002s ]
INFO: [ view_parse ] --START--
INFO: [ template_filter ] --START--
INFO: Run Behavior\ContentReplaceBehavior [ RunTime:0.000046s ]
INFO: [ template_filter ] --END-- [ RunTime:0.000062s ]
INFO: Run Behavior\ParseTemplateBehavior [ RunTime:0.034539s ]
INFO: [ view_parse ] --END-- [ RunTime:0.034623s ]
INFO: [ view_filter ] --START--
INFO: Run Behavior\WriteHtmlCacheBehavior [ RunTime:0.000595s ]
INFO: [ view_filter ] --END-- [ RunTime:0.000612s ]
INFO: [ app_end ] --START--
INFO: Run Behavior\ShowPageTraceBehavior [ RunTime:0.000958s ]
INFO: [ app_end ] --END-- [ RunTime:0.000991s ]

[ 2020-02-15T22:35:10+08:00 ] 127.0.0.1 /Admin/item/all
INFO: [ app_init ] --START--
INFO: Run Behavior\BuildLiteBehavior [ RunTime:0.000005s ]
INFO: [ app_init ] --END-- [ RunTime:0.000428s ]
INFO: [ app_begin ] --START--
INFO: Run Behavior\ReadHtmlCacheBehavior [ RunTime:0.000749s ]
INFO: [ app_begin ] --END-- [ RunTime:0.000768s ]
NOTIC: [2] Declaration of Admin\Logic\ItemLogic::find($id) should be compatible with Think\Model::find($options = Array) D:\360\www2\xianyu\Application\Admin\Logic\ItemLogic.class.php 第 6 行.
SQL: SHOW COLUMNS FROM `tp_item` [ RunTime:0.0149s ]
SQL: SHOW COLUMNS FROM `tp_item` [ RunTime:0.0049s ]
SQL: SELECT COUNT(*) AS tp_count FROM `tp_item` WHERE `title` LIKE '%%' LIMIT 1   [ RunTime:0.0003s ]
SQL: SELECT * FROM `tp_item` WHERE `title` LIKE '%%' ORDER BY id LIMIT 0,12   [ RunTime:0.0003s ]
INFO: [ view_parse ] --START--
INFO: [ template_filter ] --START--
INFO: Run Behavior\ContentReplaceBehavior [ RunTime:0.000053s ]
INFO: [ template_filter ] --END-- [ RunTime:0.000075s ]
NOTIC: [8] Undefined index: kw D:\360\www2\xianyu\Application\Runtime\Cache\Admin\998512fefe810a0711e724b97a86868a.php 第 122 行.
INFO: Run Behavior\ParseTemplateBehavior [ RunTime:0.026061s ]
INFO: [ view_parse ] --END-- [ RunTime:0.026081s ]
INFO: [ view_filter ] --START--
INFO: Run Behavior\WriteHtmlCacheBehavior [ RunTime:0.000623s ]
INFO: [ view_filter ] --END-- [ RunTime:0.000638s ]
INFO: [ app_end ] --START--
INFO: Run Behavior\ShowPageTraceBehavior [ RunTime:0.000785s ]
INFO: [ app_end ] --END-- [ RunTime:0.000804s ]

[ 2020-02-15T22:36:03+08:00 ] 127.0.0.1 /Admin/user/all
INFO: [ app_init ] --START--
INFO: Run Behavior\BuildLiteBehavior [ RunTime:0.000005s ]
INFO: [ app_init ] --END-- [ RunTime:0.000286s ]
INFO: [ app_begin ] --START--
INFO: Run Behavior\ReadHtmlCacheBehavior [ RunTime:0.000702s ]
INFO: [ app_begin ] --END-- [ RunTime:0.000728s ]
NOTIC: [2] Declaration of Admin\Logic\UserLogic::delete($uid) should be compatible with Think\Model::delete($options = Array) D:\360\www2\xianyu\Application\Admin\Logic\UserLogic.class.php 第 7 行.
NOTIC: [2] Declaration of Admin\Logic\UserLogic::find($uid) should be compatible with Think\Model::find($options = Array) D:\360\www2\xianyu\Application\Admin\Logic\UserLogic.class.php 第 7 行.
SQL: SHOW COLUMNS FROM `tp_user` [ RunTime:0.0277s ]
SQL: SHOW COLUMNS FROM `tp_user` [ RunTime:0.0081s ]
SQL: SELECT COUNT(*) AS tp_count FROM `tp_user` LIMIT 1   [ RunTime:0.0003s ]
SQL: SELECT * FROM `tp_user` ORDER BY uid LIMIT 0,10   [ RunTime:0.0003s ]
INFO: [ view_parse ] --START--
INFO: [ template_filter ] --START--
INFO: Run Behavior\ContentReplaceBehavior [ RunTime:0.000069s ]
INFO: [ template_filter ] --END-- [ RunTime:0.000092s ]
INFO: Run Behavior\ParseTemplateBehavior [ RunTime:0.059239s ]
INFO: [ view_parse ] --END-- [ RunTime:0.059266s ]
INFO: [ view_filter ] --START--
INFO: Run Behavior\WriteHtmlCacheBehavior [ RunTime:0.000278s ]
INFO: [ view_filter ] --END-- [ RunTime:0.000302s ]
INFO: [ app_end ] --START--
INFO: Run Behavior\ShowPageTraceBehavior [ RunTime:0.000467s ]
INFO: [ app_end ] --END-- [ RunTime:0.000485s ]

[ 2020-02-15T22:36:05+08:00 ] 127.0.0.1 /Admin/cate/all
INFO: [ app_init ] --START--
INFO: Run Behavior\BuildLiteBehavior [ RunTime:0.000005s ]
INFO: [ app_init ] --END-- [ RunTime:0.000306s ]
INFO: [ app_begin ] --START--
INFO: Run Behavior\ReadHtmlCacheBehavior [ RunTime:0.000387s ]
INFO: [ app_begin ] --END-- [ RunTime:0.000405s ]
NOTIC: [2] Declaration of Admin\Logic\CateLogic::delete($id) should be compatible with Think\Model::delete($options = Array) D:\360\www2\xianyu\Application\Admin\Logic\CateLogic.class.php 第 6 行.
NOTIC: [2] Declaration of Admin\Logic\CateLogic::find($id) should be compatible with Think\Model::find($options = Array) D:\360\www2\xianyu\Application\Admin\Logic\CateLogic.class.php 第 6 行.
SQL: SHOW COLUMNS FROM `tp_cate` [ RunTime:0.0116s ]
SQL: SHOW COLUMNS FROM `tp_cate` [ RunTime:0.0048s ]
SQL: SELECT * FROM `tp_cate` WHERE ( tid=0 )  [ RunTime:0.0003s ]
SQL: SELECT * FROM `tp_cate` WHERE ( tid=1 )  [ RunTime:0.0003s ]
SQL: SELECT * FROM `tp_cate` WHERE ( tid=9 )  [ RunTime:0.0003s ]
INFO: [ view_parse ] --START--
INFO: [ template_filter ] --START--
INFO: Run Behavior\ContentReplaceBehavior [ RunTime:0.000058s ]
INFO: [ template_filter ] --END-- [ RunTime:0.000079s ]
NOTIC: [8] Undefined variable: count D:\360\www2\xianyu\Application\Runtime\Cache\Admin\03307506721e8bbfb8d5fcfe621c1fe3.php 第 151 行.
NOTIC: [8] Undefined variable: msg D:\360\www2\xianyu\Application\Runtime\Cache\Admin\03307506721e8bbfb8d5fcfe621c1fe3.php 第 151 行.
NOTIC: [8] Undefined variable: pageBar D:\360\www2\xianyu\Application\Runtime\Cache\Admin\03307506721e8bbfb8d5fcfe621c1fe3.php 第 155 行.
NOTIC: [8] Undefined variable: show D:\360\www2\xianyu\Application\Runtime\Cache\Admin\03307506721e8bbfb8d5fcfe621c1fe3.php 第 175 行.
INFO: Run Behavior\ParseTemplateBehavior [ RunTime:0.060273s ]
INFO: [ view_parse ] --END-- [ RunTime:0.060293s ]
INFO: [ view_filter ] --START--
INFO: Run Behavior\WriteHtmlCacheBehavior [ RunTime:0.000236s ]
INFO: [ view_filter ] --END-- [ RunTime:0.000250s ]
INFO: [ app_end ] --START--
INFO: Run Behavior\ShowPageTraceBehavior [ RunTime:0.000471s ]
INFO: [ app_end ] --END-- [ RunTime:0.000488s ]

[ 2020-02-15T22:36:07+08:00 ] 127.0.0.1 /Admin/
INFO: [ app_init ] --START--
INFO: Run Behavior\BuildLiteBehavior [ RunTime:0.000005s ]
INFO: [ app_init ] --END-- [ RunTime:0.000360s ]
INFO: [ app_begin ] --START--
INFO: Run Behavior\ReadHtmlCacheBehavior [ RunTime:0.000496s ]
INFO: [ app_begin ] --END-- [ RunTime:0.000515s ]
INFO: [ view_parse ] --START--
INFO: [ template_filter ] --START--
INFO: Run Behavior\ContentReplaceBehavior [ RunTime:0.000048s ]
INFO: [ template_filter ] --END-- [ RunTime:0.000070s ]
INFO: Run Behavior\ParseTemplateBehavior [ RunTime:0.023340s ]
INFO: [ view_parse ] --END-- [ RunTime:0.023366s ]
INFO: [ view_filter ] --START--
INFO: Run Behavior\WriteHtmlCacheBehavior [ RunTime:0.000323s ]
INFO: [ view_filter ] --END-- [ RunTime:0.000340s ]
INFO: [ app_end ] --START--
INFO: Run Behavior\ShowPageTraceBehavior [ RunTime:0.000562s ]
INFO: [ app_end ] --END-- [ RunTime:0.000583s ]

[ 2020-02-15T22:36:26+08:00 ] 127.0.0.1 /Admin/item/all
INFO: [ app_init ] --START--
INFO: Run Behavior\BuildLiteBehavior [ RunTime:0.000006s ]
INFO: [ app_init ] --END-- [ RunTime:0.000380s ]
INFO: [ app_begin ] --START--
INFO: Run Behavior\ReadHtmlCacheBehavior [ RunTime:0.000386s ]
INFO: [ app_begin ] --END-- [ RunTime:0.000403s ]
NOTIC: [2] Declaration of Admin\Logic\ItemLogic::find($id) should be compatible with Think\Model::find($options = Array) D:\360\www2\xianyu\Application\Admin\Logic\ItemLogic.class.php 第 6 行.
SQL: SHOW COLUMNS FROM `tp_item` [ RunTime:0.0124s ]
SQL: SHOW COLUMNS FROM `tp_item` [ RunTime:0.0054s ]
SQL: SELECT COUNT(*) AS tp_count FROM `tp_item` WHERE `title` LIKE '%%' LIMIT 1   [ RunTime:0.0003s ]
SQL: SELECT * FROM `tp_item` WHERE `title` LIKE '%%' ORDER BY id LIMIT 0,12   [ RunTime:0.0003s ]
INFO: [ view_parse ] --START--
INFO: [ template_filter ] --START--
INFO: Run Behavior\ContentReplaceBehavior [ RunTime:0.000051s ]
INFO: [ template_filter ] --END-- [ RunTime:0.000067s ]
NOTIC: [8] Undefined index: kw D:\360\www2\xianyu\Application\Runtime\Cache\Admin\998512fefe810a0711e724b97a86868a.php 第 122 行.
INFO: Run Behavior\ParseTemplateBehavior [ RunTime:0.022395s ]
INFO: [ view_parse ] --END-- [ RunTime:0.022416s ]
INFO: [ view_filter ] --START--
INFO: Run Behavior\WriteHtmlCacheBehavior [ RunTime:0.000248s ]
INFO: [ view_filter ] --END-- [ RunTime:0.000263s ]
INFO: [ app_end ] --START--
INFO: Run Behavior\ShowPageTraceBehavior [ RunTime:0.000499s ]
INFO: [ app_end ] --END-- [ RunTime:0.000517s ]

[ 2020-02-15T22:36:28+08:00 ] 127.0.0.1 /Admin/item/view?id=2
INFO: [ app_init ] --START--
INFO: Run Behavior\BuildLiteBehavior [ RunTime:0.000006s ]
INFO: [ app_init ] --END-- [ RunTime:0.000448s ]
INFO: [ app_begin ] --START--
INFO: Run Behavior\ReadHtmlCacheBehavior [ RunTime:0.000395s ]
INFO: [ app_begin ] --END-- [ RunTime:0.000412s ]
NOTIC: [2] Declaration of Admin\Logic\ItemLogic::find($id) should be compatible with Think\Model::find($options = Array) D:\360\www2\xianyu\Application\Admin\Logic\ItemLogic.class.php 第 6 行.
SQL: SHOW COLUMNS FROM `tp_item` [ RunTime:0.0136s ]
SQL: SHOW COLUMNS FROM `tp_pic` [ RunTime:0.0085s ]
SQL: SHOW COLUMNS FROM `tp_comment` [ RunTime:0.0114s ]
SQL: SHOW COLUMNS FROM `tp_item` [ RunTime:0.0095s ]
SQL: SELECT * FROM `tp_item` WHERE `id` = 2 LIMIT 1   [ RunTime:0.0002s ]
SQL: SHOW COLUMNS FROM `tp_pic` [ RunTime:0.0076s ]
SQL: SELECT COUNT(*) AS tp_count FROM `tp_pic` WHERE `itemId` = 2 LIMIT 1   [ RunTime:0.0004s ]
NOTIC: [2] Division by zero D:\360\www2\xianyu\ThinkPHP\Library\Think\Page.class.php 第 84 行.
SQL: SELECT * FROM `tp_pic` WHERE `itemId` = 2 ORDER BY id  [ RunTime:0.0003s ]
SQL: SHOW COLUMNS FROM `tp_comment` [ RunTime:0.0047s ]
SQL: SELECT COUNT(*) AS tp_count FROM `tp_comment` WHERE `itemId` = 2 LIMIT 1   [ RunTime:0.0002s ]
SQL: SELECT * FROM `tp_comment` WHERE `itemId` = 2 ORDER BY id  [ RunTime:0.0002s ]
INFO: [ view_parse ] --START--
INFO: [ template_filter ] --START--
INFO: Run Behavior\ContentReplaceBehavior [ RunTime:0.000053s ]
INFO: [ template_filter ] --END-- [ RunTime:0.000068s ]
INFO: Run Behavior\ParseTemplateBehavior [ RunTime:0.005167s ]
INFO: [ view_parse ] --END-- [ RunTime:0.005186s ]
INFO: [ view_filter ] --START--
INFO: Run Behavior\WriteHtmlCacheBehavior [ RunTime:0.000297s ]
INFO: [ view_filter ] --END-- [ RunTime:0.000312s ]
INFO: [ app_end ] --START--
INFO: Run Behavior\ShowPageTraceBehavior [ RunTime:0.000424s ]
INFO: [ app_end ] --END-- [ RunTime:0.000439s ]

[ 2020-02-15T22:36:29+08:00 ] 127.0.0.1 /Admin/item/all
INFO: [ app_init ] --START--
INFO: Run Behavior\BuildLiteBehavior [ RunTime:0.000005s ]
INFO: [ app_init ] --END-- [ RunTime:0.000312s ]
INFO: [ app_begin ] --START--
INFO: Run Behavior\ReadHtmlCacheBehavior [ RunTime:0.000396s ]
INFO: [ app_begin ] --END-- [ RunTime:0.000416s ]
NOTIC: [2] Declaration of Admin\Logic\ItemLogic::find($id) should be compatible with Think\Model::find($options = Array) D:\360\www2\xianyu\Application\Admin\Logic\ItemLogic.class.php 第 6 行.
SQL: SHOW COLUMNS FROM `tp_item` [ RunTime:0.0154s ]
SQL: SHOW COLUMNS FROM `tp_item` [ RunTime:0.0044s ]
SQL: SELECT COUNT(*) AS tp_count FROM `tp_item` WHERE `title` LIKE '%%' LIMIT 1   [ RunTime:0.0002s ]
SQL: SELECT * FROM `tp_item` WHERE `title` LIKE '%%' ORDER BY id LIMIT 0,12   [ RunTime:0.0004s ]
INFO: [ view_parse ] --START--
INFO: [ template_filter ] --START--
INFO: Run Behavior\ContentReplaceBehavior [ RunTime:0.000053s ]
INFO: [ template_filter ] --END-- [ RunTime:0.000077s ]
NOTIC: [8] Undefined index: kw D:\360\www2\xianyu\Application\Runtime\Cache\Admin\998512fefe810a0711e724b97a86868a.php 第 122 行.
INFO: Run Behavior\ParseTemplateBehavior [ RunTime:0.025044s ]
INFO: [ view_parse ] --END-- [ RunTime:0.025066s ]
INFO: [ view_filter ] --START--
INFO: Run Behavior\WriteHtmlCacheBehavior [ RunTime:0.000244s ]
INFO: [ view_filter ] --END-- [ RunTime:0.000259s ]
INFO: [ app_end ] --START--
INFO: Run Behavior\ShowPageTraceBehavior [ RunTime:0.000483s ]
INFO: [ app_end ] --END-- [ RunTime:0.000504s ]

[ 2020-02-15T22:36:30+08:00 ] 127.0.0.1 /Admin/item/view?id=1
INFO: [ app_init ] --START--
INFO: Run Behavior\BuildLiteBehavior [ RunTime:0.000005s ]
INFO: [ app_init ] --END-- [ RunTime:0.000289s ]
INFO: [ app_begin ] --START--
INFO: Run Behavior\ReadHtmlCacheBehavior [ RunTime:0.000451s ]
INFO: [ app_begin ] --END-- [ RunTime:0.000468s ]
NOTIC: [2] Declaration of Admin\Logic\ItemLogic::find($id) should be compatible with Think\Model::find($options = Array) D:\360\www2\xianyu\Application\Admin\Logic\ItemLogic.class.php 第 6 行.
SQL: SHOW COLUMNS FROM `tp_item` [ RunTime:0.0126s ]
SQL: SHOW COLUMNS FROM `tp_pic` [ RunTime:0.0089s ]
SQL: SHOW COLUMNS FROM `tp_comment` [ RunTime:0.0077s ]
SQL: SHOW COLUMNS FROM `tp_item` [ RunTime:0.0057s ]
SQL: SELECT * FROM `tp_item` WHERE `id` = 1 LIMIT 1   [ RunTime:0.0003s ]
SQL: SHOW COLUMNS FROM `tp_pic` [ RunTime:0.0049s ]
SQL: SELECT COUNT(*) AS tp_count FROM `tp_pic` WHERE `itemId` = 1 LIMIT 1   [ RunTime:0.0002s ]
NOTIC: [2] Division by zero D:\360\www2\xianyu\ThinkPHP\Library\Think\Page.class.php 第 84 行.
SQL: SELECT * FROM `tp_pic` WHERE `itemId` = 1 ORDER BY id  [ RunTime:0.0002s ]
SQL: SHOW COLUMNS FROM `tp_comment` [ RunTime:0.0044s ]
SQL: SELECT COUNT(*) AS tp_count FROM `tp_comment` WHERE `itemId` = 1 LIMIT 1   [ RunTime:0.0003s ]
NOTIC: [2] Division by zero D:\360\www2\xianyu\ThinkPHP\Library\Think\Page.class.php 第 84 行.
SQL: SELECT * FROM `tp_comment` WHERE `itemId` = 1 ORDER BY id  [ RunTime:0.0003s ]
INFO: [ view_parse ] --START--
INFO: [ template_filter ] --START--
INFO: Run Behavior\ContentReplaceBehavior [ RunTime:0.000058s ]
INFO: [ template_filter ] --END-- [ RunTime:0.000086s ]
INFO: Run Behavior\ParseTemplateBehavior [ RunTime:0.005489s ]
INFO: [ view_parse ] --END-- [ RunTime:0.005513s ]
INFO: [ view_filter ] --START--
INFO: Run Behavior\WriteHtmlCacheBehavior [ RunTime:0.000248s ]
INFO: [ view_filter ] --END-- [ RunTime:0.000263s ]
INFO: [ app_end ] --START--
INFO: Run Behavior\ShowPageTraceBehavior [ RunTime:0.000452s ]
INFO: [ app_end ] --END-- [ RunTime:0.000470s ]

[ 2020-02-15T22:37:58+08:00 ] 127.0.0.1 /Admin/cate/all
INFO: [ app_init ] --START--
INFO: Run Behavior\BuildLiteBehavior [ RunTime:0.000007s ]
INFO: [ app_init ] --END-- [ RunTime:0.000566s ]
INFO: [ app_begin ] --START--
INFO: Run Behavior\ReadHtmlCacheBehavior [ RunTime:0.000771s ]
INFO: [ app_begin ] --END-- [ RunTime:0.000791s ]
NOTIC: [2] Declaration of Admin\Logic\CateLogic::delete($id) should be compatible with Think\Model::delete($options = Array) D:\360\www2\xianyu\Application\Admin\Logic\CateLogic.class.php 第 6 行.
NOTIC: [2] Declaration of Admin\Logic\CateLogic::find($id) should be compatible with Think\Model::find($options = Array) D:\360\www2\xianyu\Application\Admin\Logic\CateLogic.class.php 第 6 行.
SQL: SHOW COLUMNS FROM `tp_cate` [ RunTime:0.0132s ]
SQL: SHOW COLUMNS FROM `tp_cate` [ RunTime:0.0048s ]
SQL: SELECT * FROM `tp_cate` WHERE ( tid=0 )  [ RunTime:0.0003s ]
SQL: SELECT * FROM `tp_cate` WHERE ( tid=1 )  [ RunTime:0.0003s ]
SQL: SELECT * FROM `tp_cate` WHERE ( tid=9 )  [ RunTime:0.0002s ]
INFO: [ view_parse ] --START--
INFO: [ template_filter ] --START--
INFO: Run Behavior\ContentReplaceBehavior [ RunTime:0.000057s ]
INFO: [ template_filter ] --END-- [ RunTime:0.000075s ]
NOTIC: [8] Undefined variable: count D:\360\www2\xianyu\Application\Runtime\Cache\Admin\03307506721e8bbfb8d5fcfe621c1fe3.php 第 151 行.
NOTIC: [8] Undefined variable: msg D:\360\www2\xianyu\Application\Runtime\Cache\Admin\03307506721e8bbfb8d5fcfe621c1fe3.php 第 151 行.
NOTIC: [8] Undefined variable: pageBar D:\360\www2\xianyu\Application\Runtime\Cache\Admin\03307506721e8bbfb8d5fcfe621c1fe3.php 第 155 行.
NOTIC: [8] Undefined variable: show D:\360\www2\xianyu\Application\Runtime\Cache\Admin\03307506721e8bbfb8d5fcfe621c1fe3.php 第 175 行.
INFO: Run Behavior\ParseTemplateBehavior [ RunTime:0.045753s ]
INFO: [ view_parse ] --END-- [ RunTime:0.045780s ]
INFO: [ view_filter ] --START--
INFO: Run Behavior\WriteHtmlCacheBehavior [ RunTime:0.000877s ]
INFO: [ view_filter ] --END-- [ RunTime:0.000910s ]
INFO: [ app_end ] --START--
INFO: Run Behavior\ShowPageTraceBehavior [ RunTime:0.000817s ]
INFO: [ app_end ] --END-- [ RunTime:0.000838s ]

